[2020-04-26T08:18:13.811] [ERROR] app - 401
[2020-04-26T08:18:13.814] [ERROR] app - 401
[2020-04-26T08:18:30.946] [ERROR] app - 401
[2020-04-26T08:18:30.948] [ERROR] app - 401
[2020-04-26T08:18:47.303] [ERROR] app - 401
[2020-04-26T08:18:47.305] [ERROR] app - 401
[2020-04-26T08:27:38.573] [ERROR] app - 401
[2020-04-26T08:50:04.389] [INFO] app - *** SYSTEM STARTUP on PORT (5858) ***
[2020-04-26T13:41:31.746] [ERROR] app - Request without token
[2020-04-26T13:41:31.748] [ERROR] app - 没有访问权限
[2020-04-26T14:12:00.121] [INFO] app - *** SYSTEM STARTUP on PORT (5858) ***
[2020-04-26T14:12:22.526] [ERROR] app - 401
[2020-04-26T14:13:31.184] [INFO] app - API_METHOD_UNDEFINED:object=files,method=Get
[2020-04-26T14:13:50.840] [ERROR] app - Request without token
[2020-04-26T14:13:50.842] [ERROR] app - 没有访问权限
[2020-04-26T14:13:50.895] [ERROR] app - Request without token
[2020-04-26T14:13:50.896] [ERROR] app - 没有访问权限
[2020-04-26T14:14:15.042] [ERROR] app - Request without token
[2020-04-26T14:14:15.043] [ERROR] app - 没有访问权限
[2020-04-26T14:14:15.076] [ERROR] app - Request without token
[2020-04-26T14:14:15.077] [ERROR] app - 没有访问权限
[2020-04-26T14:17:20.459] [INFO] app - *** SYSTEM STARTUP on PORT (5858) ***
[2020-04-26T14:17:22.238] [ERROR] app - Request without token
[2020-04-26T14:17:22.241] [ERROR] app - 没有访问权限
[2020-04-26T14:17:22.285] [INFO] app - API_VERSION_MISSED
[2020-04-26T14:18:12.191] [INFO] app - *** SYSTEM STARTUP on PORT (5858) ***
[2020-04-26T14:18:14.234] [ERROR] app - Request without token
[2020-04-26T14:18:14.237] [ERROR] app - 没有访问权限
[2020-04-26T14:18:14.296] [INFO] app - API_OBJECT_UNDEFINED:object=favicon.ico
[2020-04-26T14:20:12.284] [INFO] app - *** SYSTEM STARTUP on PORT (5858) ***
[2020-04-26T14:20:14.893] [ERROR] app - Request without token
[2020-04-26T14:20:14.910] [ERROR] app - 没有访问权限
[2020-04-26T14:20:14.968] [INFO] app - API_OBJECT_UNDEFINED:object=favicon.ico
[2020-04-26T14:21:06.737] [INFO] app - *** SYSTEM STARTUP on PORT (5858) ***
[2020-04-26T14:21:10.065] [ERROR] app - Request without token
[2020-04-26T14:21:10.068] [ERROR] app - 没有访问权限
[2020-04-26T14:21:10.129] [INFO] app - API_OBJECT_UNDEFINED:object=favicon.ico
[2020-04-26T14:21:31.687] [INFO] app - *** SYSTEM STARTUP on PORT (5858) ***
[2020-04-26T14:21:34.695] [ERROR] app - Request without token
[2020-04-26T14:21:34.698] [ERROR] app - 没有访问权限
[2020-04-26T14:21:34.770] [INFO] app - API_OBJECT_UNDEFINED:object=favicon.ico
[2020-04-26T14:22:03.907] [INFO] app - *** SYSTEM STARTUP on PORT (5858) ***
[2020-04-26T14:22:04.893] [ERROR] app - Request without token
[2020-04-26T14:22:04.896] [ERROR] app - 没有访问权限
[2020-04-26T14:22:04.949] [INFO] app - API_OBJECT_UNDEFINED:object=favicon.ico
[2020-04-26T14:22:53.553] [INFO] app - *** SYSTEM STARTUP on PORT (5858) ***
[2020-04-26T14:23:01.461] [INFO] app - *** SYSTEM STARTUP on PORT (5858) ***
[2020-04-26T14:23:05.158] [ERROR] app - Request without token
[2020-04-26T14:23:05.160] [ERROR] app - 没有访问权限
[2020-04-26T14:23:05.216] [INFO] app - API_OBJECT_UNDEFINED:object=favicon.ico
[2020-04-26T14:23:18.582] [INFO] app - *** SYSTEM STARTUP on PORT (5858) ***
[2020-04-26T14:23:23.936] [ERROR] app - Request without token
[2020-04-26T14:23:23.938] [ERROR] app - 没有访问权限
[2020-04-26T14:23:23.993] [INFO] app - API_OBJECT_UNDEFINED:object=favicon.ico
[2020-04-26T14:24:00.084] [INFO] app - *** SYSTEM STARTUP on PORT (5858) ***
[2020-04-26T14:24:01.286] [ERROR] app - Request without token
[2020-04-26T14:24:01.303] [ERROR] app - 没有访问权限
[2020-04-26T14:24:01.367] [INFO] app - API_OBJECT_UNDEFINED:object=favicon.ico
[2020-04-26T14:24:28.601] [INFO] app - *** SYSTEM STARTUP on PORT (5858) ***
[2020-04-26T14:25:55.772] [INFO] app - *** SYSTEM STARTUP on PORT (5858) ***
[2020-04-26T14:28:30.738] [INFO] app - *** SYSTEM STARTUP on PORT (5858) ***
[2020-04-26T14:28:40.230] [INFO] app - *** SYSTEM STARTUP on PORT (5858) ***
[2020-04-26T14:57:20.768] [INFO] app - *** SYSTEM STARTUP on PORT (5858) ***
[2020-04-26T14:59:32.875] [INFO] app - *** SYSTEM STARTUP on PORT (5858) ***
[2020-04-26T15:02:14.287] [INFO] app - *** SYSTEM STARTUP on PORT (5858) ***
[2020-04-26T15:12:44.401] [ERROR] app - TypeError: util.moment is not a function
    at Object.Post (D:\able_project\CloudServer\restful\v0\files.js:19:20)
    at RestfulAPIMethods.(anonymous function) (D:\able_project\CloudServer\routes\restful.js:32:60)
    at dispatch (D:\able_project\CloudServer\node_modules\koa-router\node_modules\koa-compose\index.js:44:32)
    at next (D:\able_project\CloudServer\node_modules\koa-router\node_modules\koa-compose\index.js:45:18)
    at D:\able_project\CloudServer\node_modules\koa-router\lib\router.js:346:16
    at dispatch (D:\able_project\CloudServer\node_modules\koa-router\node_modules\koa-compose\index.js:44:32)
    at next (D:\able_project\CloudServer\node_modules\koa-router\node_modules\koa-compose\index.js:45:18)
    at route.use (D:\able_project\CloudServer\routes\restful.js:97:19)
    at dispatch (D:\able_project\CloudServer\node_modules\koa-router\node_modules\koa-compose\index.js:44:32)
    at next (D:\able_project\CloudServer\node_modules\koa-router\node_modules\koa-compose\index.js:45:18)
    at D:\able_project\CloudServer\node_modules\koa-router\lib\router.js:346:16
    at dispatch (D:\able_project\CloudServer\node_modules\koa-router\node_modules\koa-compose\index.js:44:32)
    at D:\able_project\CloudServer\node_modules\koa-router\node_modules\koa-compose\index.js:36:12
    at dispatch (D:\able_project\CloudServer\node_modules\koa-router\lib\router.js:351:31)
    at dispatch (D:\able_project\CloudServer\node_modules\koa-compose\index.js:42:32)
    at module.exports (D:\able_project\CloudServer\middlewares\auth.js:59:9)
[2020-04-26T15:13:23.017] [INFO] app - *** SYSTEM STARTUP on PORT (5858) ***
[2020-04-27T09:10:48.059] [INFO] app - *** SYSTEM STARTUP on PORT (5858) ***
[2020-04-27T09:12:14.839] [INFO] app - *** SYSTEM STARTUP on PORT (5858) ***
