[2020-03-27T09:21:43.269] [ERROR] app - 401
[2020-03-27T09:38:14.668] [ERROR] app - 401
[2020-03-27T09:39:40.575] [ERROR] app - 401
[2020-03-27T09:58:40.787] [ERROR] app - 401
[2020-03-27T10:57:51.855] [ERROR] app - 401
[2020-03-27T11:00:17.258] [ERROR] app - 401
[2020-03-27T13:31:08.552] [ERROR] app - 401
[2020-03-27T13:40:07.584] [ERROR] app - 401
[2020-03-27T13:42:15.598] [ERROR] app - 401
[2020-03-27T13:42:18.828] [ERROR] app - 401
[2020-03-27T13:57:12.239] [ERROR] app - 401
[2020-03-27T14:14:31.524] [ERROR] app - 401
[2020-03-27T14:14:31.526] [ERROR] app - 401
[2020-03-27T14:14:31.529] [ERROR] app - 401
[2020-03-27T14:15:03.430] [ERROR] app - 401
[2020-03-27T14:18:01.315] [ERROR] app - 401
[2020-03-27T14:18:01.318] [ERROR] app - 401
[2020-03-27T14:18:01.321] [ERROR] app - 401
[2020-03-27T14:18:42.106] [ERROR] app - 401
[2020-03-27T14:19:16.079] [ERROR] app - 401
[2020-03-27T14:39:35.931] [ERROR] app - 401
[2020-03-27T14:48:08.116] [ERROR] app - { NotFoundError: 我竭尽全力也没找到你要的API
    at Object.throw (D:\able_project\CloudServer\node_modules\koa\lib\context.js:96:11)
    at route.all (D:\able_project\CloudServer\routes\restful.js:119:22)
    at dispatch (D:\able_project\CloudServer\node_modules\koa-router\node_modules\koa-compose\index.js:44:32)
    at next (D:\able_project\CloudServer\node_modules\koa-router\node_modules\koa-compose\index.js:45:18)
    at D:\able_project\CloudServer\node_modules\koa-router\lib\router.js:346:16
    at dispatch (D:\able_project\CloudServer\node_modules\koa-router\node_modules\koa-compose\index.js:44:32)
    at next (D:\able_project\CloudServer\node_modules\koa-router\node_modules\koa-compose\index.js:45:18)
    at Nest (D:\able_project\CloudServer\routes\restful.js:67:11)
    at dispatch (D:\able_project\CloudServer\node_modules\koa-router\node_modules\koa-compose\index.js:44:32)
    at next (D:\able_project\CloudServer\node_modules\koa-router\node_modules\koa-compose\index.js:45:18)
    at D:\able_project\CloudServer\node_modules\koa-router\lib\router.js:346:16
    at dispatch (D:\able_project\CloudServer\node_modules\koa-router\node_modules\koa-compose\index.js:44:32)
    at next (D:\able_project\CloudServer\node_modules\koa-router\node_modules\koa-compose\index.js:45:18)
    at route.all (D:\able_project\CloudServer\routes\restful.js:116:49)
    at dispatch (D:\able_project\CloudServer\node_modules\koa-router\node_modules\koa-compose\index.js:44:32)
    at next (D:\able_project\CloudServer\node_modules\koa-router\node_modules\koa-compose\index.js:45:18) message: '我竭尽全力也没找到你要的API' }
[2020-03-27T14:48:10.193] [ERROR] app - { NotFoundError: 我竭尽全力也没找到你要的API
    at Object.throw (D:\able_project\CloudServer\node_modules\koa\lib\context.js:96:11)
    at route.all (D:\able_project\CloudServer\routes\restful.js:119:22)
    at dispatch (D:\able_project\CloudServer\node_modules\koa-router\node_modules\koa-compose\index.js:44:32)
    at next (D:\able_project\CloudServer\node_modules\koa-router\node_modules\koa-compose\index.js:45:18)
    at D:\able_project\CloudServer\node_modules\koa-router\lib\router.js:346:16
    at dispatch (D:\able_project\CloudServer\node_modules\koa-router\node_modules\koa-compose\index.js:44:32)
    at next (D:\able_project\CloudServer\node_modules\koa-router\node_modules\koa-compose\index.js:45:18)
    at Nest (D:\able_project\CloudServer\routes\restful.js:67:11)
    at dispatch (D:\able_project\CloudServer\node_modules\koa-router\node_modules\koa-compose\index.js:44:32)
    at next (D:\able_project\CloudServer\node_modules\koa-router\node_modules\koa-compose\index.js:45:18)
    at D:\able_project\CloudServer\node_modules\koa-router\lib\router.js:346:16
    at dispatch (D:\able_project\CloudServer\node_modules\koa-router\node_modules\koa-compose\index.js:44:32)
    at next (D:\able_project\CloudServer\node_modules\koa-router\node_modules\koa-compose\index.js:45:18)
    at route.all (D:\able_project\CloudServer\routes\restful.js:116:49)
    at dispatch (D:\able_project\CloudServer\node_modules\koa-router\node_modules\koa-compose\index.js:44:32)
    at next (D:\able_project\CloudServer\node_modules\koa-router\node_modules\koa-compose\index.js:45:18) message: '我竭尽全力也没找到你要的API' }
[2020-03-27T14:52:57.191] [ERROR] app - 401
[2020-03-27T16:16:30.753] [ERROR] app - 401
[2020-03-27T16:27:15.534] [ERROR] app - 401
[2020-03-27T16:35:22.008] [ERROR] app - 401
[2020-03-27T16:37:32.415] [ERROR] app - 401
[2020-03-27T16:38:06.660] [ERROR] app - 401
[2020-03-27T16:46:06.479] [ERROR] app - 401
[2020-03-27T16:48:04.223] [ERROR] app - 401
[2020-03-27T16:49:20.394] [ERROR] app - 401
[2020-03-27T16:49:22.133] [ERROR] app - 401
[2020-03-27T16:49:26.566] [ERROR] app - 401
[2020-03-27T16:50:16.207] [ERROR] app - 401
[2020-03-27T16:50:16.236] [ERROR] app - 401
[2020-03-27T17:00:09.478] [ERROR] app - 401
[2020-03-27T17:00:30.345] [ERROR] app - 401
[2020-03-27T17:07:31.923] [ERROR] app - 401
[2020-03-27T17:08:28.006] [ERROR] app - 401
[2020-03-27T17:08:32.853] [ERROR] app - 401
[2020-03-27T17:41:33.001] [ERROR] app - 401
