[2020-08-28T09:51:27.528] [ERROR] app - 用户名不存在
[2020-08-28T09:51:32.462] [ERROR] app - 用户名不存在
[2020-08-28T09:51:36.483] [ERROR] app - 密码错误
[2020-08-28T09:51:39.264] [ERROR] app - 密码错误
[2020-08-28T09:51:46.508] [ERROR] app - 没有访问权限
[2020-08-28T09:52:00.833] [ERROR] app - 没有访问权限
[2020-08-28T09:52:00.837] [ERROR] app - 没有访问权限
[2020-08-28T09:52:10.558] [ERROR] app - 没有访问权限
[2020-08-28T09:54:14.613] [ERROR] app - 没有访问权限
[2020-08-28T09:54:14.636] [ERROR] app - 没有访问权限
[2020-08-28T09:54:15.085] [ERROR] app - 没有访问权限
[2020-08-28T09:54:22.891] [ERROR] app - 没有访问权限
[2020-08-28T13:30:50.771] [ERROR] app - 没有访问权限
[2020-08-28T13:45:36.206] [ERROR] app - 数据传输错误,请联系管理员
[2020-08-28T13:45:45.400] [ERROR] app - 数据传输错误,请联系管理员
[2020-08-28T13:48:51.355] [ERROR] app - 数据传输错误,请联系管理员
[2020-08-28T13:49:54.809] [ERROR] app - 数据传输错误,请联系管理员
[2020-08-28T13:51:21.490] [ERROR] app - Error: Undefined binding(s) detected when compiling SELECT. Undefined column(s): [user.id] query: select `avatar`, `phone`, `name`, `user` from `user` where `user`.`id` = ? limit ?
    at QueryCompiler_MySQL.toSQL (C:\Users\BIM02\Desktop\ServerKT\node_modules\knex\lib\query\compiler.js:99:13)
    at Builder.toSQL (C:\Users\BIM02\Desktop\ServerKT\node_modules\knex\lib\query\builder.js:72:44)
    at C:\Users\BIM02\Desktop\ServerKT\node_modules\knex\lib\runner.js:31:36
    at C:\Users\BIM02\Desktop\ServerKT\node_modules\knex\lib\runner.js:260:24
    at processTicksAndRejections (internal/process/task_queues.js:93:5)
From previous event:
    at processImmediate (internal/timers.js:458:21)
From previous event:
    at Sync.<anonymous> (C:\Users\BIM02\Desktop\ServerKT\node_modules\bookshelf\lib\sync.js:204:8)
From previous event:
    at Sync.<anonymous> (C:\Users\BIM02\Desktop\ServerKT\node_modules\bookshelf\lib\sync.js:66:17)
    at Child.<anonymous> (C:\Users\BIM02\Desktop\ServerKT\node_modules\bookshelf\lib\model.js:713:12)
    at Child.fetch (C:\Users\BIM02\Desktop\ServerKT\node_modules\bookshelf\lib\model.js:702:19)
    at GetUserInfo (C:\Users\BIM02\Desktop\ServerKT\restful\v0\sessions.js:179:6)
    at Object.out.Get (C:\Users\BIM02\Desktop\ServerKT\restful\v0\sessions.js:216:22)
    at RestfulAPIMethods.<computed> (C:\Users\BIM02\Desktop\ServerKT\routes\restful.js:32:60)
    at dispatch (C:\Users\BIM02\Desktop\ServerKT\node_modules\koa-router\node_modules\koa-compose\index.js:44:32)
    at next (C:\Users\BIM02\Desktop\ServerKT\node_modules\koa-router\node_modules\koa-compose\index.js:45:18)
    at module.exports (C:\Users\BIM02\Desktop\ServerKT\middlewares\authRouter.js:13:10)
    at dispatch (C:\Users\BIM02\Desktop\ServerKT\node_modules\koa-router\node_modules\koa-compose\index.js:44:32)
    at next (C:\Users\BIM02\Desktop\ServerKT\node_modules\koa-router\node_modules\koa-compose\index.js:45:18)
    at C:\Users\BIM02\Desktop\ServerKT\node_modules\koa-router\lib\router.js:346:16
    at dispatch (C:\Users\BIM02\Desktop\ServerKT\node_modules\koa-router\node_modules\koa-compose\index.js:44:32)
    at next (C:\Users\BIM02\Desktop\ServerKT\node_modules\koa-router\node_modules\koa-compose\index.js:45:18)
    at C:\Users\BIM02\Desktop\ServerKT\routes\restful.js:97:19
From previous event:
    at Child.<anonymous> (C:\Users\BIM02\Desktop\ServerKT\node_modules\bookshelf\lib\model.js:713:12)
From previous event:
    at Child.fetch (C:\Users\BIM02\Desktop\ServerKT\node_modules\bookshelf\lib\model.js:702:19)
    at GetUserInfo (C:\Users\BIM02\Desktop\ServerKT\restful\v0\sessions.js:179:6)
    at Object.out.Get (C:\Users\BIM02\Desktop\ServerKT\restful\v0\sessions.js:216:22)
    at RestfulAPIMethods.<computed> (C:\Users\BIM02\Desktop\ServerKT\routes\restful.js:32:60)
    at dispatch (C:\Users\BIM02\Desktop\ServerKT\node_modules\koa-router\node_modules\koa-compose\index.js:44:32)
    at next (C:\Users\BIM02\Desktop\ServerKT\node_modules\koa-router\node_modules\koa-compose\index.js:45:18)
    at module.exports (C:\Users\BIM02\Desktop\ServerKT\middlewares\authRouter.js:13:10)
    at dispatch (C:\Users\BIM02\Desktop\ServerKT\node_modules\koa-router\node_modules\koa-compose\index.js:44:32)
    at next (C:\Users\BIM02\Desktop\ServerKT\node_modules\koa-router\node_modules\koa-compose\index.js:45:18)
    at C:\Users\BIM02\Desktop\ServerKT\node_modules\koa-router\lib\router.js:346:16
    at dispatch (C:\Users\BIM02\Desktop\ServerKT\node_modules\koa-router\node_modules\koa-compose\index.js:44:32)
    at next (C:\Users\BIM02\Desktop\ServerKT\node_modules\koa-router\node_modules\koa-compose\index.js:45:18)
    at C:\Users\BIM02\Desktop\ServerKT\routes\restful.js:97:19
    at dispatch (C:\Users\BIM02\Desktop\ServerKT\node_modules\koa-router\node_modules\koa-compose\index.js:44:32)
    at next (C:\Users\BIM02\Desktop\ServerKT\node_modules\koa-router\node_modules\koa-compose\index.js:45:18)
    at C:\Users\BIM02\Desktop\ServerKT\node_modules\koa-router\lib\router.js:346:16
    at dispatch (C:\Users\BIM02\Desktop\ServerKT\node_modules\koa-router\node_modules\koa-compose\index.js:44:32)
    at C:\Users\BIM02\Desktop\ServerKT\node_modules\koa-router\node_modules\koa-compose\index.js:36:12
    at dispatch (C:\Users\BIM02\Desktop\ServerKT\node_modules\koa-router\lib\router.js:351:31)
    at dispatch (C:\Users\BIM02\Desktop\ServerKT\node_modules\koa-compose\index.js:42:32)
[2020-08-28T13:53:47.979] [ERROR] app - Error: Undefined binding(s) detected when compiling SELECT. Undefined column(s): [user.id] query: select `avatar`, `phone`, `name`, `user` from `user` where `user`.`id` = ? limit ?
    at QueryCompiler_MySQL.toSQL (C:\Users\BIM02\Desktop\ServerKT\node_modules\knex\lib\query\compiler.js:99:13)
    at Builder.toSQL (C:\Users\BIM02\Desktop\ServerKT\node_modules\knex\lib\query\builder.js:72:44)
    at C:\Users\BIM02\Desktop\ServerKT\node_modules\knex\lib\runner.js:31:36
    at C:\Users\BIM02\Desktop\ServerKT\node_modules\knex\lib\runner.js:260:24
    at processTicksAndRejections (internal/process/task_queues.js:93:5)
From previous event:
    at processImmediate (internal/timers.js:458:21)
From previous event:
    at Sync.<anonymous> (C:\Users\BIM02\Desktop\ServerKT\node_modules\bookshelf\lib\sync.js:204:8)
From previous event:
    at Sync.<anonymous> (C:\Users\BIM02\Desktop\ServerKT\node_modules\bookshelf\lib\sync.js:66:17)
    at Child.<anonymous> (C:\Users\BIM02\Desktop\ServerKT\node_modules\bookshelf\lib\model.js:713:12)
    at Child.fetch (C:\Users\BIM02\Desktop\ServerKT\node_modules\bookshelf\lib\model.js:702:19)
    at GetUserInfo (C:\Users\BIM02\Desktop\ServerKT\restful\v0\sessions.js:179:6)
    at Object.out.Get (C:\Users\BIM02\Desktop\ServerKT\restful\v0\sessions.js:216:22)
    at RestfulAPIMethods.<computed> (C:\Users\BIM02\Desktop\ServerKT\routes\restful.js:32:60)
    at dispatch (C:\Users\BIM02\Desktop\ServerKT\node_modules\koa-router\node_modules\koa-compose\index.js:44:32)
    at next (C:\Users\BIM02\Desktop\ServerKT\node_modules\koa-router\node_modules\koa-compose\index.js:45:18)
    at module.exports (C:\Users\BIM02\Desktop\ServerKT\middlewares\authRouter.js:13:10)
    at dispatch (C:\Users\BIM02\Desktop\ServerKT\node_modules\koa-router\node_modules\koa-compose\index.js:44:32)
    at next (C:\Users\BIM02\Desktop\ServerKT\node_modules\koa-router\node_modules\koa-compose\index.js:45:18)
    at C:\Users\BIM02\Desktop\ServerKT\node_modules\koa-router\lib\router.js:346:16
    at dispatch (C:\Users\BIM02\Desktop\ServerKT\node_modules\koa-router\node_modules\koa-compose\index.js:44:32)
    at next (C:\Users\BIM02\Desktop\ServerKT\node_modules\koa-router\node_modules\koa-compose\index.js:45:18)
    at C:\Users\BIM02\Desktop\ServerKT\routes\restful.js:97:19
From previous event:
    at Child.<anonymous> (C:\Users\BIM02\Desktop\ServerKT\node_modules\bookshelf\lib\model.js:713:12)
From previous event:
    at Child.fetch (C:\Users\BIM02\Desktop\ServerKT\node_modules\bookshelf\lib\model.js:702:19)
    at GetUserInfo (C:\Users\BIM02\Desktop\ServerKT\restful\v0\sessions.js:179:6)
    at Object.out.Get (C:\Users\BIM02\Desktop\ServerKT\restful\v0\sessions.js:216:22)
    at RestfulAPIMethods.<computed> (C:\Users\BIM02\Desktop\ServerKT\routes\restful.js:32:60)
    at dispatch (C:\Users\BIM02\Desktop\ServerKT\node_modules\koa-router\node_modules\koa-compose\index.js:44:32)
    at next (C:\Users\BIM02\Desktop\ServerKT\node_modules\koa-router\node_modules\koa-compose\index.js:45:18)
    at module.exports (C:\Users\BIM02\Desktop\ServerKT\middlewares\authRouter.js:13:10)
    at dispatch (C:\Users\BIM02\Desktop\ServerKT\node_modules\koa-router\node_modules\koa-compose\index.js:44:32)
    at next (C:\Users\BIM02\Desktop\ServerKT\node_modules\koa-router\node_modules\koa-compose\index.js:45:18)
    at C:\Users\BIM02\Desktop\ServerKT\node_modules\koa-router\lib\router.js:346:16
    at dispatch (C:\Users\BIM02\Desktop\ServerKT\node_modules\koa-router\node_modules\koa-compose\index.js:44:32)
    at next (C:\Users\BIM02\Desktop\ServerKT\node_modules\koa-router\node_modules\koa-compose\index.js:45:18)
    at C:\Users\BIM02\Desktop\ServerKT\routes\restful.js:97:19
    at dispatch (C:\Users\BIM02\Desktop\ServerKT\node_modules\koa-router\node_modules\koa-compose\index.js:44:32)
    at next (C:\Users\BIM02\Desktop\ServerKT\node_modules\koa-router\node_modules\koa-compose\index.js:45:18)
    at C:\Users\BIM02\Desktop\ServerKT\node_modules\koa-router\lib\router.js:346:16
    at dispatch (C:\Users\BIM02\Desktop\ServerKT\node_modules\koa-router\node_modules\koa-compose\index.js:44:32)
    at C:\Users\BIM02\Desktop\ServerKT\node_modules\koa-router\node_modules\koa-compose\index.js:36:12
    at dispatch (C:\Users\BIM02\Desktop\ServerKT\node_modules\koa-router\lib\router.js:351:31)
    at dispatch (C:\Users\BIM02\Desktop\ServerKT\node_modules\koa-compose\index.js:42:32)
[2020-08-28T14:08:43.417] [ERROR] app - Error: Undefined binding(s) detected when compiling SELECT. Undefined column(s): [user.id] query: select `avatar`, `phone`, `name`, `user` from `user` where `user`.`id` = ? limit ?
    at QueryCompiler_MySQL.toSQL (C:\Users\BIM02\Desktop\ServerKT\node_modules\knex\lib\query\compiler.js:99:13)
    at Builder.toSQL (C:\Users\BIM02\Desktop\ServerKT\node_modules\knex\lib\query\builder.js:72:44)
    at C:\Users\BIM02\Desktop\ServerKT\node_modules\knex\lib\runner.js:31:36
    at C:\Users\BIM02\Desktop\ServerKT\node_modules\knex\lib\runner.js:260:24
    at processTicksAndRejections (internal/process/task_queues.js:93:5)
From previous event:
    at processImmediate (internal/timers.js:458:21)
From previous event:
    at Sync.<anonymous> (C:\Users\BIM02\Desktop\ServerKT\node_modules\bookshelf\lib\sync.js:204:8)
From previous event:
    at Sync.<anonymous> (C:\Users\BIM02\Desktop\ServerKT\node_modules\bookshelf\lib\sync.js:66:17)
    at Child.<anonymous> (C:\Users\BIM02\Desktop\ServerKT\node_modules\bookshelf\lib\model.js:713:12)
    at Child.fetch (C:\Users\BIM02\Desktop\ServerKT\node_modules\bookshelf\lib\model.js:702:19)
    at GetUserInfo (C:\Users\BIM02\Desktop\ServerKT\restful\v0\sessions.js:179:6)
    at Object.out.Get (C:\Users\BIM02\Desktop\ServerKT\restful\v0\sessions.js:216:22)
    at RestfulAPIMethods.<computed> (C:\Users\BIM02\Desktop\ServerKT\routes\restful.js:32:60)
    at dispatch (C:\Users\BIM02\Desktop\ServerKT\node_modules\koa-router\node_modules\koa-compose\index.js:44:32)
    at next (C:\Users\BIM02\Desktop\ServerKT\node_modules\koa-router\node_modules\koa-compose\index.js:45:18)
    at module.exports (C:\Users\BIM02\Desktop\ServerKT\middlewares\authRouter.js:13:10)
    at dispatch (C:\Users\BIM02\Desktop\ServerKT\node_modules\koa-router\node_modules\koa-compose\index.js:44:32)
    at next (C:\Users\BIM02\Desktop\ServerKT\node_modules\koa-router\node_modules\koa-compose\index.js:45:18)
    at C:\Users\BIM02\Desktop\ServerKT\node_modules\koa-router\lib\router.js:346:16
    at dispatch (C:\Users\BIM02\Desktop\ServerKT\node_modules\koa-router\node_modules\koa-compose\index.js:44:32)
    at next (C:\Users\BIM02\Desktop\ServerKT\node_modules\koa-router\node_modules\koa-compose\index.js:45:18)
    at C:\Users\BIM02\Desktop\ServerKT\routes\restful.js:97:19
From previous event:
    at Child.<anonymous> (C:\Users\BIM02\Desktop\ServerKT\node_modules\bookshelf\lib\model.js:713:12)
From previous event:
    at Child.fetch (C:\Users\BIM02\Desktop\ServerKT\node_modules\bookshelf\lib\model.js:702:19)
    at GetUserInfo (C:\Users\BIM02\Desktop\ServerKT\restful\v0\sessions.js:179:6)
    at Object.out.Get (C:\Users\BIM02\Desktop\ServerKT\restful\v0\sessions.js:216:22)
    at RestfulAPIMethods.<computed> (C:\Users\BIM02\Desktop\ServerKT\routes\restful.js:32:60)
    at dispatch (C:\Users\BIM02\Desktop\ServerKT\node_modules\koa-router\node_modules\koa-compose\index.js:44:32)
    at next (C:\Users\BIM02\Desktop\ServerKT\node_modules\koa-router\node_modules\koa-compose\index.js:45:18)
    at module.exports (C:\Users\BIM02\Desktop\ServerKT\middlewares\authRouter.js:13:10)
    at dispatch (C:\Users\BIM02\Desktop\ServerKT\node_modules\koa-router\node_modules\koa-compose\index.js:44:32)
    at next (C:\Users\BIM02\Desktop\ServerKT\node_modules\koa-router\node_modules\koa-compose\index.js:45:18)
    at C:\Users\BIM02\Desktop\ServerKT\node_modules\koa-router\lib\router.js:346:16
    at dispatch (C:\Users\BIM02\Desktop\ServerKT\node_modules\koa-router\node_modules\koa-compose\index.js:44:32)
    at next (C:\Users\BIM02\Desktop\ServerKT\node_modules\koa-router\node_modules\koa-compose\index.js:45:18)
    at C:\Users\BIM02\Desktop\ServerKT\routes\restful.js:97:19
    at dispatch (C:\Users\BIM02\Desktop\ServerKT\node_modules\koa-router\node_modules\koa-compose\index.js:44:32)
    at next (C:\Users\BIM02\Desktop\ServerKT\node_modules\koa-router\node_modules\koa-compose\index.js:45:18)
    at C:\Users\BIM02\Desktop\ServerKT\node_modules\koa-router\lib\router.js:346:16
    at dispatch (C:\Users\BIM02\Desktop\ServerKT\node_modules\koa-router\node_modules\koa-compose\index.js:44:32)
    at C:\Users\BIM02\Desktop\ServerKT\node_modules\koa-router\node_modules\koa-compose\index.js:36:12
    at dispatch (C:\Users\BIM02\Desktop\ServerKT\node_modules\koa-router\lib\router.js:351:31)
    at dispatch (C:\Users\BIM02\Desktop\ServerKT\node_modules\koa-compose\index.js:42:32)
[2020-08-28T14:09:01.959] [ERROR] app - Error: Undefined binding(s) detected when compiling SELECT. Undefined column(s): [user.id] query: select `avatar`, `phone`, `name`, `user` from `user` where `user`.`id` = ? limit ?
    at QueryCompiler_MySQL.toSQL (C:\Users\BIM02\Desktop\ServerKT\node_modules\knex\lib\query\compiler.js:99:13)
    at Builder.toSQL (C:\Users\BIM02\Desktop\ServerKT\node_modules\knex\lib\query\builder.js:72:44)
    at C:\Users\BIM02\Desktop\ServerKT\node_modules\knex\lib\runner.js:31:36
    at C:\Users\BIM02\Desktop\ServerKT\node_modules\knex\lib\runner.js:260:24
From previous event:
    at processImmediate (internal/timers.js:458:21)
From previous event:
    at Sync.<anonymous> (C:\Users\BIM02\Desktop\ServerKT\node_modules\bookshelf\lib\sync.js:204:8)
From previous event:
    at Sync.<anonymous> (C:\Users\BIM02\Desktop\ServerKT\node_modules\bookshelf\lib\sync.js:66:17)
    at Child.<anonymous> (C:\Users\BIM02\Desktop\ServerKT\node_modules\bookshelf\lib\model.js:713:12)
    at Child.fetch (C:\Users\BIM02\Desktop\ServerKT\node_modules\bookshelf\lib\model.js:702:19)
    at GetUserInfo (C:\Users\BIM02\Desktop\ServerKT\restful\v0\sessions.js:179:6)
    at Object.out.Get (C:\Users\BIM02\Desktop\ServerKT\restful\v0\sessions.js:216:22)
    at RestfulAPIMethods.<computed> (C:\Users\BIM02\Desktop\ServerKT\routes\restful.js:32:60)
    at dispatch (C:\Users\BIM02\Desktop\ServerKT\node_modules\koa-router\node_modules\koa-compose\index.js:44:32)
    at next (C:\Users\BIM02\Desktop\ServerKT\node_modules\koa-router\node_modules\koa-compose\index.js:45:18)
    at module.exports (C:\Users\BIM02\Desktop\ServerKT\middlewares\authRouter.js:13:10)
    at dispatch (C:\Users\BIM02\Desktop\ServerKT\node_modules\koa-router\node_modules\koa-compose\index.js:44:32)
    at next (C:\Users\BIM02\Desktop\ServerKT\node_modules\koa-router\node_modules\koa-compose\index.js:45:18)
    at C:\Users\BIM02\Desktop\ServerKT\node_modules\koa-router\lib\router.js:346:16
    at dispatch (C:\Users\BIM02\Desktop\ServerKT\node_modules\koa-router\node_modules\koa-compose\index.js:44:32)
    at next (C:\Users\BIM02\Desktop\ServerKT\node_modules\koa-router\node_modules\koa-compose\index.js:45:18)
    at C:\Users\BIM02\Desktop\ServerKT\routes\restful.js:97:19
From previous event:
    at Child.<anonymous> (C:\Users\BIM02\Desktop\ServerKT\node_modules\bookshelf\lib\model.js:713:12)
From previous event:
    at Child.fetch (C:\Users\BIM02\Desktop\ServerKT\node_modules\bookshelf\lib\model.js:702:19)
    at GetUserInfo (C:\Users\BIM02\Desktop\ServerKT\restful\v0\sessions.js:179:6)
    at Object.out.Get (C:\Users\BIM02\Desktop\ServerKT\restful\v0\sessions.js:216:22)
    at RestfulAPIMethods.<computed> (C:\Users\BIM02\Desktop\ServerKT\routes\restful.js:32:60)
    at dispatch (C:\Users\BIM02\Desktop\ServerKT\node_modules\koa-router\node_modules\koa-compose\index.js:44:32)
    at next (C:\Users\BIM02\Desktop\ServerKT\node_modules\koa-router\node_modules\koa-compose\index.js:45:18)
    at module.exports (C:\Users\BIM02\Desktop\ServerKT\middlewares\authRouter.js:13:10)
    at dispatch (C:\Users\BIM02\Desktop\ServerKT\node_modules\koa-router\node_modules\koa-compose\index.js:44:32)
    at next (C:\Users\BIM02\Desktop\ServerKT\node_modules\koa-router\node_modules\koa-compose\index.js:45:18)
    at C:\Users\BIM02\Desktop\ServerKT\node_modules\koa-router\lib\router.js:346:16
    at dispatch (C:\Users\BIM02\Desktop\ServerKT\node_modules\koa-router\node_modules\koa-compose\index.js:44:32)
    at next (C:\Users\BIM02\Desktop\ServerKT\node_modules\koa-router\node_modules\koa-compose\index.js:45:18)
    at C:\Users\BIM02\Desktop\ServerKT\routes\restful.js:97:19
    at dispatch (C:\Users\BIM02\Desktop\ServerKT\node_modules\koa-router\node_modules\koa-compose\index.js:44:32)
    at next (C:\Users\BIM02\Desktop\ServerKT\node_modules\koa-router\node_modules\koa-compose\index.js:45:18)
    at C:\Users\BIM02\Desktop\ServerKT\node_modules\koa-router\lib\router.js:346:16
    at dispatch (C:\Users\BIM02\Desktop\ServerKT\node_modules\koa-router\node_modules\koa-compose\index.js:44:32)
    at C:\Users\BIM02\Desktop\ServerKT\node_modules\koa-router\node_modules\koa-compose\index.js:36:12
    at dispatch (C:\Users\BIM02\Desktop\ServerKT\node_modules\koa-router\lib\router.js:351:31)
    at dispatch (C:\Users\BIM02\Desktop\ServerKT\node_modules\koa-compose\index.js:42:32)
[2020-08-28T14:09:35.607] [ERROR] app - Error: Undefined binding(s) detected when compiling SELECT. Undefined column(s): [user.id] query: select `avatar`, `phone`, `name`, `user` from `user` where `user`.`id` = ? limit ?
    at QueryCompiler_MySQL.toSQL (C:\Users\BIM02\Desktop\ServerKT\node_modules\knex\lib\query\compiler.js:99:13)
    at Builder.toSQL (C:\Users\BIM02\Desktop\ServerKT\node_modules\knex\lib\query\builder.js:72:44)
    at C:\Users\BIM02\Desktop\ServerKT\node_modules\knex\lib\runner.js:31:36
    at C:\Users\BIM02\Desktop\ServerKT\node_modules\knex\lib\runner.js:260:24
    at processTicksAndRejections (internal/process/task_queues.js:93:5)
From previous event:
    at processImmediate (internal/timers.js:458:21)
From previous event:
    at Sync.<anonymous> (C:\Users\BIM02\Desktop\ServerKT\node_modules\bookshelf\lib\sync.js:204:8)
From previous event:
    at Sync.<anonymous> (C:\Users\BIM02\Desktop\ServerKT\node_modules\bookshelf\lib\sync.js:66:17)
    at Child.<anonymous> (C:\Users\BIM02\Desktop\ServerKT\node_modules\bookshelf\lib\model.js:713:12)
    at Child.fetch (C:\Users\BIM02\Desktop\ServerKT\node_modules\bookshelf\lib\model.js:702:19)
    at GetUserInfo (C:\Users\BIM02\Desktop\ServerKT\restful\v0\sessions.js:179:6)
    at Object.out.Get (C:\Users\BIM02\Desktop\ServerKT\restful\v0\sessions.js:216:22)
    at RestfulAPIMethods.<computed> (C:\Users\BIM02\Desktop\ServerKT\routes\restful.js:32:60)
    at dispatch (C:\Users\BIM02\Desktop\ServerKT\node_modules\koa-router\node_modules\koa-compose\index.js:44:32)
    at next (C:\Users\BIM02\Desktop\ServerKT\node_modules\koa-router\node_modules\koa-compose\index.js:45:18)
    at module.exports (C:\Users\BIM02\Desktop\ServerKT\middlewares\authRouter.js:13:10)
    at dispatch (C:\Users\BIM02\Desktop\ServerKT\node_modules\koa-router\node_modules\koa-compose\index.js:44:32)
    at next (C:\Users\BIM02\Desktop\ServerKT\node_modules\koa-router\node_modules\koa-compose\index.js:45:18)
    at C:\Users\BIM02\Desktop\ServerKT\node_modules\koa-router\lib\router.js:346:16
    at dispatch (C:\Users\BIM02\Desktop\ServerKT\node_modules\koa-router\node_modules\koa-compose\index.js:44:32)
    at next (C:\Users\BIM02\Desktop\ServerKT\node_modules\koa-router\node_modules\koa-compose\index.js:45:18)
    at C:\Users\BIM02\Desktop\ServerKT\routes\restful.js:97:19
From previous event:
    at Child.<anonymous> (C:\Users\BIM02\Desktop\ServerKT\node_modules\bookshelf\lib\model.js:713:12)
From previous event:
    at Child.fetch (C:\Users\BIM02\Desktop\ServerKT\node_modules\bookshelf\lib\model.js:702:19)
    at GetUserInfo (C:\Users\BIM02\Desktop\ServerKT\restful\v0\sessions.js:179:6)
    at Object.out.Get (C:\Users\BIM02\Desktop\ServerKT\restful\v0\sessions.js:216:22)
    at RestfulAPIMethods.<computed> (C:\Users\BIM02\Desktop\ServerKT\routes\restful.js:32:60)
    at dispatch (C:\Users\BIM02\Desktop\ServerKT\node_modules\koa-router\node_modules\koa-compose\index.js:44:32)
    at next (C:\Users\BIM02\Desktop\ServerKT\node_modules\koa-router\node_modules\koa-compose\index.js:45:18)
    at module.exports (C:\Users\BIM02\Desktop\ServerKT\middlewares\authRouter.js:13:10)
    at dispatch (C:\Users\BIM02\Desktop\ServerKT\node_modules\koa-router\node_modules\koa-compose\index.js:44:32)
    at next (C:\Users\BIM02\Desktop\ServerKT\node_modules\koa-router\node_modules\koa-compose\index.js:45:18)
    at C:\Users\BIM02\Desktop\ServerKT\node_modules\koa-router\lib\router.js:346:16
    at dispatch (C:\Users\BIM02\Desktop\ServerKT\node_modules\koa-router\node_modules\koa-compose\index.js:44:32)
    at next (C:\Users\BIM02\Desktop\ServerKT\node_modules\koa-router\node_modules\koa-compose\index.js:45:18)
    at C:\Users\BIM02\Desktop\ServerKT\routes\restful.js:97:19
    at dispatch (C:\Users\BIM02\Desktop\ServerKT\node_modules\koa-router\node_modules\koa-compose\index.js:44:32)
    at next (C:\Users\BIM02\Desktop\ServerKT\node_modules\koa-router\node_modules\koa-compose\index.js:45:18)
    at C:\Users\BIM02\Desktop\ServerKT\node_modules\koa-router\lib\router.js:346:16
    at dispatch (C:\Users\BIM02\Desktop\ServerKT\node_modules\koa-router\node_modules\koa-compose\index.js:44:32)
    at C:\Users\BIM02\Desktop\ServerKT\node_modules\koa-router\node_modules\koa-compose\index.js:36:12
    at dispatch (C:\Users\BIM02\Desktop\ServerKT\node_modules\koa-router\lib\router.js:351:31)
    at dispatch (C:\Users\BIM02\Desktop\ServerKT\node_modules\koa-compose\index.js:42:32)
[2020-08-28T14:19:32.781] [ERROR] app - Error: Undefined binding(s) detected when compiling SELECT. Undefined column(s): [user.id] query: select `avatar`, `phone`, `name`, `user` from `user` where `user`.`id` = ? limit ?
    at QueryCompiler_MySQL.toSQL (C:\Users\BIM02\Desktop\ServerKT\node_modules\knex\lib\query\compiler.js:99:13)
    at Builder.toSQL (C:\Users\BIM02\Desktop\ServerKT\node_modules\knex\lib\query\builder.js:72:44)
    at C:\Users\BIM02\Desktop\ServerKT\node_modules\knex\lib\runner.js:31:36
    at C:\Users\BIM02\Desktop\ServerKT\node_modules\knex\lib\runner.js:260:24
    at processTicksAndRejections (internal/process/task_queues.js:93:5)
From previous event:
    at processImmediate (internal/timers.js:458:21)
From previous event:
    at Sync.<anonymous> (C:\Users\BIM02\Desktop\ServerKT\node_modules\bookshelf\lib\sync.js:204:8)
From previous event:
    at Sync.<anonymous> (C:\Users\BIM02\Desktop\ServerKT\node_modules\bookshelf\lib\sync.js:66:17)
    at Child.<anonymous> (C:\Users\BIM02\Desktop\ServerKT\node_modules\bookshelf\lib\model.js:713:12)
    at Child.fetch (C:\Users\BIM02\Desktop\ServerKT\node_modules\bookshelf\lib\model.js:702:19)
    at GetUserInfo (C:\Users\BIM02\Desktop\ServerKT\restful\v0\sessions.js:179:6)
    at Object.out.Get (C:\Users\BIM02\Desktop\ServerKT\restful\v0\sessions.js:216:22)
    at RestfulAPIMethods.<computed> (C:\Users\BIM02\Desktop\ServerKT\routes\restful.js:32:60)
    at dispatch (C:\Users\BIM02\Desktop\ServerKT\node_modules\koa-router\node_modules\koa-compose\index.js:44:32)
    at next (C:\Users\BIM02\Desktop\ServerKT\node_modules\koa-router\node_modules\koa-compose\index.js:45:18)
    at module.exports (C:\Users\BIM02\Desktop\ServerKT\middlewares\authRouter.js:13:10)
    at dispatch (C:\Users\BIM02\Desktop\ServerKT\node_modules\koa-router\node_modules\koa-compose\index.js:44:32)
    at next (C:\Users\BIM02\Desktop\ServerKT\node_modules\koa-router\node_modules\koa-compose\index.js:45:18)
    at C:\Users\BIM02\Desktop\ServerKT\node_modules\koa-router\lib\router.js:346:16
    at dispatch (C:\Users\BIM02\Desktop\ServerKT\node_modules\koa-router\node_modules\koa-compose\index.js:44:32)
    at next (C:\Users\BIM02\Desktop\ServerKT\node_modules\koa-router\node_modules\koa-compose\index.js:45:18)
    at C:\Users\BIM02\Desktop\ServerKT\routes\restful.js:97:19
From previous event:
    at Child.<anonymous> (C:\Users\BIM02\Desktop\ServerKT\node_modules\bookshelf\lib\model.js:713:12)
From previous event:
    at Child.fetch (C:\Users\BIM02\Desktop\ServerKT\node_modules\bookshelf\lib\model.js:702:19)
    at GetUserInfo (C:\Users\BIM02\Desktop\ServerKT\restful\v0\sessions.js:179:6)
    at Object.out.Get (C:\Users\BIM02\Desktop\ServerKT\restful\v0\sessions.js:216:22)
    at RestfulAPIMethods.<computed> (C:\Users\BIM02\Desktop\ServerKT\routes\restful.js:32:60)
    at dispatch (C:\Users\BIM02\Desktop\ServerKT\node_modules\koa-router\node_modules\koa-compose\index.js:44:32)
    at next (C:\Users\BIM02\Desktop\ServerKT\node_modules\koa-router\node_modules\koa-compose\index.js:45:18)
    at module.exports (C:\Users\BIM02\Desktop\ServerKT\middlewares\authRouter.js:13:10)
    at dispatch (C:\Users\BIM02\Desktop\ServerKT\node_modules\koa-router\node_modules\koa-compose\index.js:44:32)
    at next (C:\Users\BIM02\Desktop\ServerKT\node_modules\koa-router\node_modules\koa-compose\index.js:45:18)
    at C:\Users\BIM02\Desktop\ServerKT\node_modules\koa-router\lib\router.js:346:16
    at dispatch (C:\Users\BIM02\Desktop\ServerKT\node_modules\koa-router\node_modules\koa-compose\index.js:44:32)
    at next (C:\Users\BIM02\Desktop\ServerKT\node_modules\koa-router\node_modules\koa-compose\index.js:45:18)
    at C:\Users\BIM02\Desktop\ServerKT\routes\restful.js:97:19
    at dispatch (C:\Users\BIM02\Desktop\ServerKT\node_modules\koa-router\node_modules\koa-compose\index.js:44:32)
    at next (C:\Users\BIM02\Desktop\ServerKT\node_modules\koa-router\node_modules\koa-compose\index.js:45:18)
    at C:\Users\BIM02\Desktop\ServerKT\node_modules\koa-router\lib\router.js:346:16
    at dispatch (C:\Users\BIM02\Desktop\ServerKT\node_modules\koa-router\node_modules\koa-compose\index.js:44:32)
    at C:\Users\BIM02\Desktop\ServerKT\node_modules\koa-router\node_modules\koa-compose\index.js:36:12
    at dispatch (C:\Users\BIM02\Desktop\ServerKT\node_modules\koa-router\lib\router.js:351:31)
    at dispatch (C:\Users\BIM02\Desktop\ServerKT\node_modules\koa-compose\index.js:42:32)
[2020-08-28T14:38:07.542] [ERROR] app - 没有访问权限
[2020-08-28T14:38:14.641] [ERROR] app - 没有访问权限
