[2020-06-30T08:22:41.554] [ERROR] app - Error: Undefined binding(s) detected when compiling WHERE. Undefined column(s): [phone] query: where `phone` = ?
    at QueryCompiler_MySQL.toSQL (C:\Users\BIM02\Desktop\ServerKT\node_modules\knex\lib\query\compiler.js:99:13)
    at Formatter.compileCallback (C:\Users\BIM02\Desktop\ServerKT\node_modules\knex\lib\formatter.js:228:21)
    at Formatter.rawOrFn (C:\Users\BIM02\Desktop\ServerKT\node_modules\knex\lib\formatter.js:167:36)
    at QueryCompiler_MySQL.whereWrapped (C:\Users\BIM02\Desktop\ServerKT\node_modules\knex\lib\query\compiler.js:683:32)
    at QueryCompiler_MySQL.where (C:\Users\BIM02\Desktop\ServerKT\node_modules\knex\lib\query\compiler.js:383:34)
    at components.map (C:\Users\BIM02\Desktop\ServerKT\node_modules\knex\lib\query\compiler.js:116:69)
    at Array.map (<anonymous>)
    at QueryCompiler_MySQL.select (C:\Users\BIM02\Desktop\ServerKT\node_modules\knex\lib\query\compiler.js:116:35)
    at QueryCompiler_MySQL.toSQL (C:\Users\BIM02\Desktop\ServerKT\node_modules\knex\lib\query\compiler.js:62:29)
    at Builder.toSQL (C:\Users\BIM02\Desktop\ServerKT\node_modules\knex\lib\query\builder.js:72:44)
    at C:\Users\BIM02\Desktop\ServerKT\node_modules\knex\lib\runner.js:31:36
    at client.acquireConnection.catch.then (C:\Users\BIM02\Desktop\ServerKT\node_modules\knex\lib\runner.js:260:24)
    at process._tickCallback (internal/process/next_tick.js:68:7)
From previous event:
    at runCallback (timers.js:694:18)
    at tryOnImmediate (timers.js:665:5)
    at processImmediate (timers.js:647:5)
From previous event:
    at Sync.<anonymous> (C:\Users\BIM02\Desktop\ServerKT\node_modules\bookshelf\lib\sync.js:204:8)
    at Sync.<anonymous> (C:\Users\BIM02\Desktop\ServerKT\node_modules\bookshelf\lib\sync.js:66:17)
    at Child.<anonymous> (C:\Users\BIM02\Desktop\ServerKT\node_modules\bookshelf\lib\model.js:713:12)
    at Child.fetch (C:\Users\BIM02\Desktop\ServerKT\node_modules\bookshelf\lib\model.js:702:19)
    at Object.out.Post (C:\Users\BIM02\Desktop\ServerKT\restful\v0\sessions.js:37:8)
    at RestfulAPIMethods.(anonymous function) (C:\Users\BIM02\Desktop\ServerKT\routes\restful.js:32:60)
    at dispatch (C:\Users\BIM02\Desktop\ServerKT\node_modules\koa-router\node_modules\koa-compose\index.js:44:32)
    at next (C:\Users\BIM02\Desktop\ServerKT\node_modules\koa-router\node_modules\koa-compose\index.js:45:18)
    at C:\Users\BIM02\Desktop\ServerKT\node_modules\koa-router\lib\router.js:346:16
    at dispatch (C:\Users\BIM02\Desktop\ServerKT\node_modules\koa-router\node_modules\koa-compose\index.js:44:32)
    at next (C:\Users\BIM02\Desktop\ServerKT\node_modules\koa-router\node_modules\koa-compose\index.js:45:18)
    at route.use (C:\Users\BIM02\Desktop\ServerKT\routes\restful.js:97:19)
From previous event:
    at Sync.<anonymous> (C:\Users\BIM02\Desktop\ServerKT\node_modules\bookshelf\lib\sync.js:66:17)
From previous event:
    at Child.<anonymous> (C:\Users\BIM02\Desktop\ServerKT\node_modules\bookshelf\lib\model.js:713:12)
From previous event:
    at Child.fetch (C:\Users\BIM02\Desktop\ServerKT\node_modules\bookshelf\lib\model.js:702:19)
    at Object.out.Post (C:\Users\BIM02\Desktop\ServerKT\restful\v0\sessions.js:37:8)
    at RestfulAPIMethods.(anonymous function) (C:\Users\BIM02\Desktop\ServerKT\routes\restful.js:32:60)
    at dispatch (C:\Users\BIM02\Desktop\ServerKT\node_modules\koa-router\node_modules\koa-compose\index.js:44:32)
    at next (C:\Users\BIM02\Desktop\ServerKT\node_modules\koa-router\node_modules\koa-compose\index.js:45:18)
    at C:\Users\BIM02\Desktop\ServerKT\node_modules\koa-router\lib\router.js:346:16
    at dispatch (C:\Users\BIM02\Desktop\ServerKT\node_modules\koa-router\node_modules\koa-compose\index.js:44:32)
    at next (C:\Users\BIM02\Desktop\ServerKT\node_modules\koa-router\node_modules\koa-compose\index.js:45:18)
    at route.use (C:\Users\BIM02\Desktop\ServerKT\routes\restful.js:97:19)
    at dispatch (C:\Users\BIM02\Desktop\ServerKT\node_modules\koa-router\node_modules\koa-compose\index.js:44:32)
    at next (C:\Users\BIM02\Desktop\ServerKT\node_modules\koa-router\node_modules\koa-compose\index.js:45:18)
    at C:\Users\BIM02\Desktop\ServerKT\node_modules\koa-router\lib\router.js:346:16
    at dispatch (C:\Users\BIM02\Desktop\ServerKT\node_modules\koa-router\node_modules\koa-compose\index.js:44:32)
    at C:\Users\BIM02\Desktop\ServerKT\node_modules\koa-router\node_modules\koa-compose\index.js:36:12
    at dispatch (C:\Users\BIM02\Desktop\ServerKT\node_modules\koa-router\lib\router.js:351:31)
    at dispatch (C:\Users\BIM02\Desktop\ServerKT\node_modules\koa-compose\index.js:42:32)
    at parseBody.then.body (C:\Users\BIM02\Desktop\ServerKT\node_modules\koa-bodyparser\index.js:74:14)
    at process._tickCallback (internal/process/next_tick.js:68:7)
