[2020-07-16T10:01:35.551] [ERROR] app - 没有访问权限
[2020-07-16T16:26:29.215] [ERROR] app - 登录已过期
[2020-07-16T16:33:00.605] [ERROR] app - 登录已过期
[2020-07-16T16:33:07.951] [ERROR] app - 登录已过期
[2020-07-16T16:33:07.957] [ERROR] app - 登录已过期
[2020-07-16T16:33:07.962] [ERROR] app - 登录已过期
[2020-07-16T16:33:08.580] [ERROR] app - 登录已过期
[2020-07-16T16:40:47.873] [ERROR] app - 登录已过期
[2020-07-16T16:40:52.408] [ERROR] app - 登录已过期
[2020-07-16T16:40:52.415] [ERROR] app - 登录已过期
[2020-07-16T16:41:04.545] [ERROR] app - { Error: ENOENT: no such file or directory, open 'C:\Users\BIM02\Desktop\ServerKT\logs/[object Object]'
    at Object.openSync (fs.js:436:3)
    at Object.readFileSync (fs.js:341:35)
    at Object.out.Get (C:\Users\BIM02\Desktop\ServerKT\restful\v0\logs.js:17:17)
    at RestfulAPIMethods.(anonymous function) (C:\Users\BIM02\Desktop\ServerKT\routes\restful.js:32:60)
    at dispatch (C:\Users\BIM02\Desktop\ServerKT\node_modules\koa-router\node_modules\koa-compose\index.js:44:32)
    at next (C:\Users\BIM02\Desktop\ServerKT\node_modules\koa-router\node_modules\koa-compose\index.js:45:18)
    at C:\Users\BIM02\Desktop\ServerKT\node_modules\koa-router\lib\router.js:346:16
    at dispatch (C:\Users\BIM02\Desktop\ServerKT\node_modules\koa-router\node_modules\koa-compose\index.js:44:32)
    at next (C:\Users\BIM02\Desktop\ServerKT\node_modules\koa-router\node_modules\koa-compose\index.js:45:18)
    at route.use (C:\Users\BIM02\Desktop\ServerKT\routes\restful.js:97:19)
    at dispatch (C:\Users\BIM02\Desktop\ServerKT\node_modules\koa-router\node_modules\koa-compose\index.js:44:32)
    at next (C:\Users\BIM02\Desktop\ServerKT\node_modules\koa-router\node_modules\koa-compose\index.js:45:18)
    at C:\Users\BIM02\Desktop\ServerKT\node_modules\koa-router\lib\router.js:346:16
    at dispatch (C:\Users\BIM02\Desktop\ServerKT\node_modules\koa-router\node_modules\koa-compose\index.js:44:32)
    at C:\Users\BIM02\Desktop\ServerKT\node_modules\koa-router\node_modules\koa-compose\index.js:36:12
    at dispatch (C:\Users\BIM02\Desktop\ServerKT\node_modules\koa-router\lib\router.js:351:31)
  errno: -4058,
  syscall: 'open',
  code: 'ENOENT',
  path: 'C:\\Users\\BIM02\\Desktop\\ServerKT\\logs/[object Object]' }
[2020-07-16T16:41:04.569] [ERROR] app - { Error: ENOENT: no such file or directory, open 'C:\Users\BIM02\Desktop\ServerKT\logs/[object Object]'
    at Object.openSync (fs.js:436:3)
    at Object.readFileSync (fs.js:341:35)
    at Object.out.Get (C:\Users\BIM02\Desktop\ServerKT\restful\v0\logs.js:17:17)
    at RestfulAPIMethods.(anonymous function) (C:\Users\BIM02\Desktop\ServerKT\routes\restful.js:32:60)
    at dispatch (C:\Users\BIM02\Desktop\ServerKT\node_modules\koa-router\node_modules\koa-compose\index.js:44:32)
    at next (C:\Users\BIM02\Desktop\ServerKT\node_modules\koa-router\node_modules\koa-compose\index.js:45:18)
    at C:\Users\BIM02\Desktop\ServerKT\node_modules\koa-router\lib\router.js:346:16
    at dispatch (C:\Users\BIM02\Desktop\ServerKT\node_modules\koa-router\node_modules\koa-compose\index.js:44:32)
    at next (C:\Users\BIM02\Desktop\ServerKT\node_modules\koa-router\node_modules\koa-compose\index.js:45:18)
    at route.use (C:\Users\BIM02\Desktop\ServerKT\routes\restful.js:97:19)
    at dispatch (C:\Users\BIM02\Desktop\ServerKT\node_modules\koa-router\node_modules\koa-compose\index.js:44:32)
    at next (C:\Users\BIM02\Desktop\ServerKT\node_modules\koa-router\node_modules\koa-compose\index.js:45:18)
    at C:\Users\BIM02\Desktop\ServerKT\node_modules\koa-router\lib\router.js:346:16
    at dispatch (C:\Users\BIM02\Desktop\ServerKT\node_modules\koa-router\node_modules\koa-compose\index.js:44:32)
    at C:\Users\BIM02\Desktop\ServerKT\node_modules\koa-router\node_modules\koa-compose\index.js:36:12
    at dispatch (C:\Users\BIM02\Desktop\ServerKT\node_modules\koa-router\lib\router.js:351:31)
  errno: -4058,
  syscall: 'open',
  code: 'ENOENT',
  path: 'C:\\Users\\BIM02\\Desktop\\ServerKT\\logs/[object Object]' }
[2020-07-16T16:41:05.324] [ERROR] app - { Error: ENOENT: no such file or directory, open 'C:\Users\BIM02\Desktop\ServerKT\logs/[object Object]'
    at Object.openSync (fs.js:436:3)
    at Object.readFileSync (fs.js:341:35)
    at Object.out.Get (C:\Users\BIM02\Desktop\ServerKT\restful\v0\logs.js:17:17)
    at RestfulAPIMethods.(anonymous function) (C:\Users\BIM02\Desktop\ServerKT\routes\restful.js:32:60)
    at dispatch (C:\Users\BIM02\Desktop\ServerKT\node_modules\koa-router\node_modules\koa-compose\index.js:44:32)
    at next (C:\Users\BIM02\Desktop\ServerKT\node_modules\koa-router\node_modules\koa-compose\index.js:45:18)
    at C:\Users\BIM02\Desktop\ServerKT\node_modules\koa-router\lib\router.js:346:16
    at dispatch (C:\Users\BIM02\Desktop\ServerKT\node_modules\koa-router\node_modules\koa-compose\index.js:44:32)
    at next (C:\Users\BIM02\Desktop\ServerKT\node_modules\koa-router\node_modules\koa-compose\index.js:45:18)
    at route.use (C:\Users\BIM02\Desktop\ServerKT\routes\restful.js:97:19)
    at dispatch (C:\Users\BIM02\Desktop\ServerKT\node_modules\koa-router\node_modules\koa-compose\index.js:44:32)
    at next (C:\Users\BIM02\Desktop\ServerKT\node_modules\koa-router\node_modules\koa-compose\index.js:45:18)
    at C:\Users\BIM02\Desktop\ServerKT\node_modules\koa-router\lib\router.js:346:16
    at dispatch (C:\Users\BIM02\Desktop\ServerKT\node_modules\koa-router\node_modules\koa-compose\index.js:44:32)
    at C:\Users\BIM02\Desktop\ServerKT\node_modules\koa-router\node_modules\koa-compose\index.js:36:12
    at dispatch (C:\Users\BIM02\Desktop\ServerKT\node_modules\koa-router\lib\router.js:351:31)
  errno: -4058,
  syscall: 'open',
  code: 'ENOENT',
  path: 'C:\\Users\\BIM02\\Desktop\\ServerKT\\logs/[object Object]' }
[2020-07-16T16:41:05.341] [ERROR] app - { Error: ENOENT: no such file or directory, open 'C:\Users\BIM02\Desktop\ServerKT\logs/[object Object]'
    at Object.openSync (fs.js:436:3)
    at Object.readFileSync (fs.js:341:35)
    at Object.out.Get (C:\Users\BIM02\Desktop\ServerKT\restful\v0\logs.js:17:17)
    at RestfulAPIMethods.(anonymous function) (C:\Users\BIM02\Desktop\ServerKT\routes\restful.js:32:60)
    at dispatch (C:\Users\BIM02\Desktop\ServerKT\node_modules\koa-router\node_modules\koa-compose\index.js:44:32)
    at next (C:\Users\BIM02\Desktop\ServerKT\node_modules\koa-router\node_modules\koa-compose\index.js:45:18)
    at C:\Users\BIM02\Desktop\ServerKT\node_modules\koa-router\lib\router.js:346:16
    at dispatch (C:\Users\BIM02\Desktop\ServerKT\node_modules\koa-router\node_modules\koa-compose\index.js:44:32)
    at next (C:\Users\BIM02\Desktop\ServerKT\node_modules\koa-router\node_modules\koa-compose\index.js:45:18)
    at route.use (C:\Users\BIM02\Desktop\ServerKT\routes\restful.js:97:19)
    at dispatch (C:\Users\BIM02\Desktop\ServerKT\node_modules\koa-router\node_modules\koa-compose\index.js:44:32)
    at next (C:\Users\BIM02\Desktop\ServerKT\node_modules\koa-router\node_modules\koa-compose\index.js:45:18)
    at C:\Users\BIM02\Desktop\ServerKT\node_modules\koa-router\lib\router.js:346:16
    at dispatch (C:\Users\BIM02\Desktop\ServerKT\node_modules\koa-router\node_modules\koa-compose\index.js:44:32)
    at C:\Users\BIM02\Desktop\ServerKT\node_modules\koa-router\node_modules\koa-compose\index.js:36:12
    at dispatch (C:\Users\BIM02\Desktop\ServerKT\node_modules\koa-router\lib\router.js:351:31)
  errno: -4058,
  syscall: 'open',
  code: 'ENOENT',
  path: 'C:\\Users\\BIM02\\Desktop\\ServerKT\\logs/[object Object]' }
[2020-07-16T16:41:06.032] [ERROR] app - { Error: ENOENT: no such file or directory, open 'C:\Users\BIM02\Desktop\ServerKT\logs/[object Object]'
    at Object.openSync (fs.js:436:3)
    at Object.readFileSync (fs.js:341:35)
    at Object.out.Get (C:\Users\BIM02\Desktop\ServerKT\restful\v0\logs.js:17:17)
    at RestfulAPIMethods.(anonymous function) (C:\Users\BIM02\Desktop\ServerKT\routes\restful.js:32:60)
    at dispatch (C:\Users\BIM02\Desktop\ServerKT\node_modules\koa-router\node_modules\koa-compose\index.js:44:32)
    at next (C:\Users\BIM02\Desktop\ServerKT\node_modules\koa-router\node_modules\koa-compose\index.js:45:18)
    at C:\Users\BIM02\Desktop\ServerKT\node_modules\koa-router\lib\router.js:346:16
    at dispatch (C:\Users\BIM02\Desktop\ServerKT\node_modules\koa-router\node_modules\koa-compose\index.js:44:32)
    at next (C:\Users\BIM02\Desktop\ServerKT\node_modules\koa-router\node_modules\koa-compose\index.js:45:18)
    at route.use (C:\Users\BIM02\Desktop\ServerKT\routes\restful.js:97:19)
    at dispatch (C:\Users\BIM02\Desktop\ServerKT\node_modules\koa-router\node_modules\koa-compose\index.js:44:32)
    at next (C:\Users\BIM02\Desktop\ServerKT\node_modules\koa-router\node_modules\koa-compose\index.js:45:18)
    at C:\Users\BIM02\Desktop\ServerKT\node_modules\koa-router\lib\router.js:346:16
    at dispatch (C:\Users\BIM02\Desktop\ServerKT\node_modules\koa-router\node_modules\koa-compose\index.js:44:32)
    at C:\Users\BIM02\Desktop\ServerKT\node_modules\koa-router\node_modules\koa-compose\index.js:36:12
    at dispatch (C:\Users\BIM02\Desktop\ServerKT\node_modules\koa-router\lib\router.js:351:31)
  errno: -4058,
  syscall: 'open',
  code: 'ENOENT',
  path: 'C:\\Users\\BIM02\\Desktop\\ServerKT\\logs/[object Object]' }
[2020-07-16T16:41:06.054] [ERROR] app - { Error: ENOENT: no such file or directory, open 'C:\Users\BIM02\Desktop\ServerKT\logs/[object Object]'
    at Object.openSync (fs.js:436:3)
    at Object.readFileSync (fs.js:341:35)
    at Object.out.Get (C:\Users\BIM02\Desktop\ServerKT\restful\v0\logs.js:17:17)
    at RestfulAPIMethods.(anonymous function) (C:\Users\BIM02\Desktop\ServerKT\routes\restful.js:32:60)
    at dispatch (C:\Users\BIM02\Desktop\ServerKT\node_modules\koa-router\node_modules\koa-compose\index.js:44:32)
    at next (C:\Users\BIM02\Desktop\ServerKT\node_modules\koa-router\node_modules\koa-compose\index.js:45:18)
    at C:\Users\BIM02\Desktop\ServerKT\node_modules\koa-router\lib\router.js:346:16
    at dispatch (C:\Users\BIM02\Desktop\ServerKT\node_modules\koa-router\node_modules\koa-compose\index.js:44:32)
    at next (C:\Users\BIM02\Desktop\ServerKT\node_modules\koa-router\node_modules\koa-compose\index.js:45:18)
    at route.use (C:\Users\BIM02\Desktop\ServerKT\routes\restful.js:97:19)
    at dispatch (C:\Users\BIM02\Desktop\ServerKT\node_modules\koa-router\node_modules\koa-compose\index.js:44:32)
    at next (C:\Users\BIM02\Desktop\ServerKT\node_modules\koa-router\node_modules\koa-compose\index.js:45:18)
    at C:\Users\BIM02\Desktop\ServerKT\node_modules\koa-router\lib\router.js:346:16
    at dispatch (C:\Users\BIM02\Desktop\ServerKT\node_modules\koa-router\node_modules\koa-compose\index.js:44:32)
    at C:\Users\BIM02\Desktop\ServerKT\node_modules\koa-router\node_modules\koa-compose\index.js:36:12
    at dispatch (C:\Users\BIM02\Desktop\ServerKT\node_modules\koa-router\lib\router.js:351:31)
  errno: -4058,
  syscall: 'open',
  code: 'ENOENT',
  path: 'C:\\Users\\BIM02\\Desktop\\ServerKT\\logs/[object Object]' }
[2020-07-16T16:41:06.867] [ERROR] app - { Error: ENOENT: no such file or directory, open 'C:\Users\BIM02\Desktop\ServerKT\logs/[object Object]'
    at Object.openSync (fs.js:436:3)
    at Object.readFileSync (fs.js:341:35)
    at Object.out.Get (C:\Users\BIM02\Desktop\ServerKT\restful\v0\logs.js:17:17)
    at RestfulAPIMethods.(anonymous function) (C:\Users\BIM02\Desktop\ServerKT\routes\restful.js:32:60)
    at dispatch (C:\Users\BIM02\Desktop\ServerKT\node_modules\koa-router\node_modules\koa-compose\index.js:44:32)
    at next (C:\Users\BIM02\Desktop\ServerKT\node_modules\koa-router\node_modules\koa-compose\index.js:45:18)
    at C:\Users\BIM02\Desktop\ServerKT\node_modules\koa-router\lib\router.js:346:16
    at dispatch (C:\Users\BIM02\Desktop\ServerKT\node_modules\koa-router\node_modules\koa-compose\index.js:44:32)
    at next (C:\Users\BIM02\Desktop\ServerKT\node_modules\koa-router\node_modules\koa-compose\index.js:45:18)
    at route.use (C:\Users\BIM02\Desktop\ServerKT\routes\restful.js:97:19)
    at dispatch (C:\Users\BIM02\Desktop\ServerKT\node_modules\koa-router\node_modules\koa-compose\index.js:44:32)
    at next (C:\Users\BIM02\Desktop\ServerKT\node_modules\koa-router\node_modules\koa-compose\index.js:45:18)
    at C:\Users\BIM02\Desktop\ServerKT\node_modules\koa-router\lib\router.js:346:16
    at dispatch (C:\Users\BIM02\Desktop\ServerKT\node_modules\koa-router\node_modules\koa-compose\index.js:44:32)
    at C:\Users\BIM02\Desktop\ServerKT\node_modules\koa-router\node_modules\koa-compose\index.js:36:12
    at dispatch (C:\Users\BIM02\Desktop\ServerKT\node_modules\koa-router\lib\router.js:351:31)
  errno: -4058,
  syscall: 'open',
  code: 'ENOENT',
  path: 'C:\\Users\\BIM02\\Desktop\\ServerKT\\logs/[object Object]' }
[2020-07-16T16:41:06.901] [ERROR] app - { Error: ENOENT: no such file or directory, open 'C:\Users\BIM02\Desktop\ServerKT\logs/[object Object]'
    at Object.openSync (fs.js:436:3)
    at Object.readFileSync (fs.js:341:35)
    at Object.out.Get (C:\Users\BIM02\Desktop\ServerKT\restful\v0\logs.js:17:17)
    at RestfulAPIMethods.(anonymous function) (C:\Users\BIM02\Desktop\ServerKT\routes\restful.js:32:60)
    at dispatch (C:\Users\BIM02\Desktop\ServerKT\node_modules\koa-router\node_modules\koa-compose\index.js:44:32)
    at next (C:\Users\BIM02\Desktop\ServerKT\node_modules\koa-router\node_modules\koa-compose\index.js:45:18)
    at C:\Users\BIM02\Desktop\ServerKT\node_modules\koa-router\lib\router.js:346:16
    at dispatch (C:\Users\BIM02\Desktop\ServerKT\node_modules\koa-router\node_modules\koa-compose\index.js:44:32)
    at next (C:\Users\BIM02\Desktop\ServerKT\node_modules\koa-router\node_modules\koa-compose\index.js:45:18)
    at route.use (C:\Users\BIM02\Desktop\ServerKT\routes\restful.js:97:19)
    at dispatch (C:\Users\BIM02\Desktop\ServerKT\node_modules\koa-router\node_modules\koa-compose\index.js:44:32)
    at next (C:\Users\BIM02\Desktop\ServerKT\node_modules\koa-router\node_modules\koa-compose\index.js:45:18)
    at C:\Users\BIM02\Desktop\ServerKT\node_modules\koa-router\lib\router.js:346:16
    at dispatch (C:\Users\BIM02\Desktop\ServerKT\node_modules\koa-router\node_modules\koa-compose\index.js:44:32)
    at C:\Users\BIM02\Desktop\ServerKT\node_modules\koa-router\node_modules\koa-compose\index.js:36:12
    at dispatch (C:\Users\BIM02\Desktop\ServerKT\node_modules\koa-router\lib\router.js:351:31)
  errno: -4058,
  syscall: 'open',
  code: 'ENOENT',
  path: 'C:\\Users\\BIM02\\Desktop\\ServerKT\\logs/[object Object]' }
[2020-07-16T16:41:11.375] [ERROR] app - { Error: ENOENT: no such file or directory, open 'C:\Users\BIM02\Desktop\ServerKT\logs/[object Object]'
    at Object.openSync (fs.js:436:3)
    at Object.readFileSync (fs.js:341:35)
    at Object.out.Get (C:\Users\BIM02\Desktop\ServerKT\restful\v0\logs.js:17:17)
    at RestfulAPIMethods.(anonymous function) (C:\Users\BIM02\Desktop\ServerKT\routes\restful.js:32:60)
    at dispatch (C:\Users\BIM02\Desktop\ServerKT\node_modules\koa-router\node_modules\koa-compose\index.js:44:32)
    at next (C:\Users\BIM02\Desktop\ServerKT\node_modules\koa-router\node_modules\koa-compose\index.js:45:18)
    at C:\Users\BIM02\Desktop\ServerKT\node_modules\koa-router\lib\router.js:346:16
    at dispatch (C:\Users\BIM02\Desktop\ServerKT\node_modules\koa-router\node_modules\koa-compose\index.js:44:32)
    at next (C:\Users\BIM02\Desktop\ServerKT\node_modules\koa-router\node_modules\koa-compose\index.js:45:18)
    at route.use (C:\Users\BIM02\Desktop\ServerKT\routes\restful.js:97:19)
    at dispatch (C:\Users\BIM02\Desktop\ServerKT\node_modules\koa-router\node_modules\koa-compose\index.js:44:32)
    at next (C:\Users\BIM02\Desktop\ServerKT\node_modules\koa-router\node_modules\koa-compose\index.js:45:18)
    at C:\Users\BIM02\Desktop\ServerKT\node_modules\koa-router\lib\router.js:346:16
    at dispatch (C:\Users\BIM02\Desktop\ServerKT\node_modules\koa-router\node_modules\koa-compose\index.js:44:32)
    at C:\Users\BIM02\Desktop\ServerKT\node_modules\koa-router\node_modules\koa-compose\index.js:36:12
    at dispatch (C:\Users\BIM02\Desktop\ServerKT\node_modules\koa-router\lib\router.js:351:31)
  errno: -4058,
  syscall: 'open',
  code: 'ENOENT',
  path: 'C:\\Users\\BIM02\\Desktop\\ServerKT\\logs/[object Object]' }
[2020-07-16T16:41:11.409] [ERROR] app - { Error: ENOENT: no such file or directory, open 'C:\Users\BIM02\Desktop\ServerKT\logs/[object Object]'
    at Object.openSync (fs.js:436:3)
    at Object.readFileSync (fs.js:341:35)
    at Object.out.Get (C:\Users\BIM02\Desktop\ServerKT\restful\v0\logs.js:17:17)
    at RestfulAPIMethods.(anonymous function) (C:\Users\BIM02\Desktop\ServerKT\routes\restful.js:32:60)
    at dispatch (C:\Users\BIM02\Desktop\ServerKT\node_modules\koa-router\node_modules\koa-compose\index.js:44:32)
    at next (C:\Users\BIM02\Desktop\ServerKT\node_modules\koa-router\node_modules\koa-compose\index.js:45:18)
    at C:\Users\BIM02\Desktop\ServerKT\node_modules\koa-router\lib\router.js:346:16
    at dispatch (C:\Users\BIM02\Desktop\ServerKT\node_modules\koa-router\node_modules\koa-compose\index.js:44:32)
    at next (C:\Users\BIM02\Desktop\ServerKT\node_modules\koa-router\node_modules\koa-compose\index.js:45:18)
    at route.use (C:\Users\BIM02\Desktop\ServerKT\routes\restful.js:97:19)
    at dispatch (C:\Users\BIM02\Desktop\ServerKT\node_modules\koa-router\node_modules\koa-compose\index.js:44:32)
    at next (C:\Users\BIM02\Desktop\ServerKT\node_modules\koa-router\node_modules\koa-compose\index.js:45:18)
    at C:\Users\BIM02\Desktop\ServerKT\node_modules\koa-router\lib\router.js:346:16
    at dispatch (C:\Users\BIM02\Desktop\ServerKT\node_modules\koa-router\node_modules\koa-compose\index.js:44:32)
    at C:\Users\BIM02\Desktop\ServerKT\node_modules\koa-router\node_modules\koa-compose\index.js:36:12
    at dispatch (C:\Users\BIM02\Desktop\ServerKT\node_modules\koa-router\lib\router.js:351:31)
  errno: -4058,
  syscall: 'open',
  code: 'ENOENT',
  path: 'C:\\Users\\BIM02\\Desktop\\ServerKT\\logs/[object Object]' }
[2020-07-16T16:41:12.862] [ERROR] app - { Error: ENOENT: no such file or directory, open 'C:\Users\BIM02\Desktop\ServerKT\logs/[object Object]'
    at Object.openSync (fs.js:436:3)
    at Object.readFileSync (fs.js:341:35)
    at Object.out.Get (C:\Users\BIM02\Desktop\ServerKT\restful\v0\logs.js:17:17)
    at RestfulAPIMethods.(anonymous function) (C:\Users\BIM02\Desktop\ServerKT\routes\restful.js:32:60)
    at dispatch (C:\Users\BIM02\Desktop\ServerKT\node_modules\koa-router\node_modules\koa-compose\index.js:44:32)
    at next (C:\Users\BIM02\Desktop\ServerKT\node_modules\koa-router\node_modules\koa-compose\index.js:45:18)
    at C:\Users\BIM02\Desktop\ServerKT\node_modules\koa-router\lib\router.js:346:16
    at dispatch (C:\Users\BIM02\Desktop\ServerKT\node_modules\koa-router\node_modules\koa-compose\index.js:44:32)
    at next (C:\Users\BIM02\Desktop\ServerKT\node_modules\koa-router\node_modules\koa-compose\index.js:45:18)
    at route.use (C:\Users\BIM02\Desktop\ServerKT\routes\restful.js:97:19)
    at dispatch (C:\Users\BIM02\Desktop\ServerKT\node_modules\koa-router\node_modules\koa-compose\index.js:44:32)
    at next (C:\Users\BIM02\Desktop\ServerKT\node_modules\koa-router\node_modules\koa-compose\index.js:45:18)
    at C:\Users\BIM02\Desktop\ServerKT\node_modules\koa-router\lib\router.js:346:16
    at dispatch (C:\Users\BIM02\Desktop\ServerKT\node_modules\koa-router\node_modules\koa-compose\index.js:44:32)
    at C:\Users\BIM02\Desktop\ServerKT\node_modules\koa-router\node_modules\koa-compose\index.js:36:12
    at dispatch (C:\Users\BIM02\Desktop\ServerKT\node_modules\koa-router\lib\router.js:351:31)
  errno: -4058,
  syscall: 'open',
  code: 'ENOENT',
  path: 'C:\\Users\\BIM02\\Desktop\\ServerKT\\logs/[object Object]' }
[2020-07-16T16:41:12.879] [ERROR] app - { Error: ENOENT: no such file or directory, open 'C:\Users\BIM02\Desktop\ServerKT\logs/[object Object]'
    at Object.openSync (fs.js:436:3)
    at Object.readFileSync (fs.js:341:35)
    at Object.out.Get (C:\Users\BIM02\Desktop\ServerKT\restful\v0\logs.js:17:17)
    at RestfulAPIMethods.(anonymous function) (C:\Users\BIM02\Desktop\ServerKT\routes\restful.js:32:60)
    at dispatch (C:\Users\BIM02\Desktop\ServerKT\node_modules\koa-router\node_modules\koa-compose\index.js:44:32)
    at next (C:\Users\BIM02\Desktop\ServerKT\node_modules\koa-router\node_modules\koa-compose\index.js:45:18)
    at C:\Users\BIM02\Desktop\ServerKT\node_modules\koa-router\lib\router.js:346:16
    at dispatch (C:\Users\BIM02\Desktop\ServerKT\node_modules\koa-router\node_modules\koa-compose\index.js:44:32)
    at next (C:\Users\BIM02\Desktop\ServerKT\node_modules\koa-router\node_modules\koa-compose\index.js:45:18)
    at route.use (C:\Users\BIM02\Desktop\ServerKT\routes\restful.js:97:19)
    at dispatch (C:\Users\BIM02\Desktop\ServerKT\node_modules\koa-router\node_modules\koa-compose\index.js:44:32)
    at next (C:\Users\BIM02\Desktop\ServerKT\node_modules\koa-router\node_modules\koa-compose\index.js:45:18)
    at C:\Users\BIM02\Desktop\ServerKT\node_modules\koa-router\lib\router.js:346:16
    at dispatch (C:\Users\BIM02\Desktop\ServerKT\node_modules\koa-router\node_modules\koa-compose\index.js:44:32)
    at C:\Users\BIM02\Desktop\ServerKT\node_modules\koa-router\node_modules\koa-compose\index.js:36:12
    at dispatch (C:\Users\BIM02\Desktop\ServerKT\node_modules\koa-router\lib\router.js:351:31)
  errno: -4058,
  syscall: 'open',
  code: 'ENOENT',
  path: 'C:\\Users\\BIM02\\Desktop\\ServerKT\\logs/[object Object]' }
[2020-07-16T16:41:13.625] [ERROR] app - { Error: ENOENT: no such file or directory, open 'C:\Users\BIM02\Desktop\ServerKT\logs/[object Object]'
    at Object.openSync (fs.js:436:3)
    at Object.readFileSync (fs.js:341:35)
    at Object.out.Get (C:\Users\BIM02\Desktop\ServerKT\restful\v0\logs.js:17:17)
    at RestfulAPIMethods.(anonymous function) (C:\Users\BIM02\Desktop\ServerKT\routes\restful.js:32:60)
    at dispatch (C:\Users\BIM02\Desktop\ServerKT\node_modules\koa-router\node_modules\koa-compose\index.js:44:32)
    at next (C:\Users\BIM02\Desktop\ServerKT\node_modules\koa-router\node_modules\koa-compose\index.js:45:18)
    at C:\Users\BIM02\Desktop\ServerKT\node_modules\koa-router\lib\router.js:346:16
    at dispatch (C:\Users\BIM02\Desktop\ServerKT\node_modules\koa-router\node_modules\koa-compose\index.js:44:32)
    at next (C:\Users\BIM02\Desktop\ServerKT\node_modules\koa-router\node_modules\koa-compose\index.js:45:18)
    at route.use (C:\Users\BIM02\Desktop\ServerKT\routes\restful.js:97:19)
    at dispatch (C:\Users\BIM02\Desktop\ServerKT\node_modules\koa-router\node_modules\koa-compose\index.js:44:32)
    at next (C:\Users\BIM02\Desktop\ServerKT\node_modules\koa-router\node_modules\koa-compose\index.js:45:18)
    at C:\Users\BIM02\Desktop\ServerKT\node_modules\koa-router\lib\router.js:346:16
    at dispatch (C:\Users\BIM02\Desktop\ServerKT\node_modules\koa-router\node_modules\koa-compose\index.js:44:32)
    at C:\Users\BIM02\Desktop\ServerKT\node_modules\koa-router\node_modules\koa-compose\index.js:36:12
    at dispatch (C:\Users\BIM02\Desktop\ServerKT\node_modules\koa-router\lib\router.js:351:31)
  errno: -4058,
  syscall: 'open',
  code: 'ENOENT',
  path: 'C:\\Users\\BIM02\\Desktop\\ServerKT\\logs/[object Object]' }
[2020-07-16T16:41:13.658] [ERROR] app - { Error: ENOENT: no such file or directory, open 'C:\Users\BIM02\Desktop\ServerKT\logs/[object Object]'
    at Object.openSync (fs.js:436:3)
    at Object.readFileSync (fs.js:341:35)
    at Object.out.Get (C:\Users\BIM02\Desktop\ServerKT\restful\v0\logs.js:17:17)
    at RestfulAPIMethods.(anonymous function) (C:\Users\BIM02\Desktop\ServerKT\routes\restful.js:32:60)
    at dispatch (C:\Users\BIM02\Desktop\ServerKT\node_modules\koa-router\node_modules\koa-compose\index.js:44:32)
    at next (C:\Users\BIM02\Desktop\ServerKT\node_modules\koa-router\node_modules\koa-compose\index.js:45:18)
    at C:\Users\BIM02\Desktop\ServerKT\node_modules\koa-router\lib\router.js:346:16
    at dispatch (C:\Users\BIM02\Desktop\ServerKT\node_modules\koa-router\node_modules\koa-compose\index.js:44:32)
    at next (C:\Users\BIM02\Desktop\ServerKT\node_modules\koa-router\node_modules\koa-compose\index.js:45:18)
    at route.use (C:\Users\BIM02\Desktop\ServerKT\routes\restful.js:97:19)
    at dispatch (C:\Users\BIM02\Desktop\ServerKT\node_modules\koa-router\node_modules\koa-compose\index.js:44:32)
    at next (C:\Users\BIM02\Desktop\ServerKT\node_modules\koa-router\node_modules\koa-compose\index.js:45:18)
    at C:\Users\BIM02\Desktop\ServerKT\node_modules\koa-router\lib\router.js:346:16
    at dispatch (C:\Users\BIM02\Desktop\ServerKT\node_modules\koa-router\node_modules\koa-compose\index.js:44:32)
    at C:\Users\BIM02\Desktop\ServerKT\node_modules\koa-router\node_modules\koa-compose\index.js:36:12
    at dispatch (C:\Users\BIM02\Desktop\ServerKT\node_modules\koa-router\lib\router.js:351:31)
  errno: -4058,
  syscall: 'open',
  code: 'ENOENT',
  path: 'C:\\Users\\BIM02\\Desktop\\ServerKT\\logs/[object Object]' }
[2020-07-16T16:41:16.651] [ERROR] app - { Error: ENOENT: no such file or directory, open 'C:\Users\BIM02\Desktop\ServerKT\logs/[object Object]'
    at Object.openSync (fs.js:436:3)
    at Object.readFileSync (fs.js:341:35)
    at Object.out.Get (C:\Users\BIM02\Desktop\ServerKT\restful\v0\logs.js:17:17)
    at RestfulAPIMethods.(anonymous function) (C:\Users\BIM02\Desktop\ServerKT\routes\restful.js:32:60)
    at dispatch (C:\Users\BIM02\Desktop\ServerKT\node_modules\koa-router\node_modules\koa-compose\index.js:44:32)
    at next (C:\Users\BIM02\Desktop\ServerKT\node_modules\koa-router\node_modules\koa-compose\index.js:45:18)
    at C:\Users\BIM02\Desktop\ServerKT\node_modules\koa-router\lib\router.js:346:16
    at dispatch (C:\Users\BIM02\Desktop\ServerKT\node_modules\koa-router\node_modules\koa-compose\index.js:44:32)
    at next (C:\Users\BIM02\Desktop\ServerKT\node_modules\koa-router\node_modules\koa-compose\index.js:45:18)
    at route.use (C:\Users\BIM02\Desktop\ServerKT\routes\restful.js:97:19)
    at dispatch (C:\Users\BIM02\Desktop\ServerKT\node_modules\koa-router\node_modules\koa-compose\index.js:44:32)
    at next (C:\Users\BIM02\Desktop\ServerKT\node_modules\koa-router\node_modules\koa-compose\index.js:45:18)
    at C:\Users\BIM02\Desktop\ServerKT\node_modules\koa-router\lib\router.js:346:16
    at dispatch (C:\Users\BIM02\Desktop\ServerKT\node_modules\koa-router\node_modules\koa-compose\index.js:44:32)
    at C:\Users\BIM02\Desktop\ServerKT\node_modules\koa-router\node_modules\koa-compose\index.js:36:12
    at dispatch (C:\Users\BIM02\Desktop\ServerKT\node_modules\koa-router\lib\router.js:351:31)
  errno: -4058,
  syscall: 'open',
  code: 'ENOENT',
  path: 'C:\\Users\\BIM02\\Desktop\\ServerKT\\logs/[object Object]' }
[2020-07-16T16:41:16.669] [ERROR] app - { Error: ENOENT: no such file or directory, open 'C:\Users\BIM02\Desktop\ServerKT\logs/[object Object]'
    at Object.openSync (fs.js:436:3)
    at Object.readFileSync (fs.js:341:35)
    at Object.out.Get (C:\Users\BIM02\Desktop\ServerKT\restful\v0\logs.js:17:17)
    at RestfulAPIMethods.(anonymous function) (C:\Users\BIM02\Desktop\ServerKT\routes\restful.js:32:60)
    at dispatch (C:\Users\BIM02\Desktop\ServerKT\node_modules\koa-router\node_modules\koa-compose\index.js:44:32)
    at next (C:\Users\BIM02\Desktop\ServerKT\node_modules\koa-router\node_modules\koa-compose\index.js:45:18)
    at C:\Users\BIM02\Desktop\ServerKT\node_modules\koa-router\lib\router.js:346:16
    at dispatch (C:\Users\BIM02\Desktop\ServerKT\node_modules\koa-router\node_modules\koa-compose\index.js:44:32)
    at next (C:\Users\BIM02\Desktop\ServerKT\node_modules\koa-router\node_modules\koa-compose\index.js:45:18)
    at route.use (C:\Users\BIM02\Desktop\ServerKT\routes\restful.js:97:19)
    at dispatch (C:\Users\BIM02\Desktop\ServerKT\node_modules\koa-router\node_modules\koa-compose\index.js:44:32)
    at next (C:\Users\BIM02\Desktop\ServerKT\node_modules\koa-router\node_modules\koa-compose\index.js:45:18)
    at C:\Users\BIM02\Desktop\ServerKT\node_modules\koa-router\lib\router.js:346:16
    at dispatch (C:\Users\BIM02\Desktop\ServerKT\node_modules\koa-router\node_modules\koa-compose\index.js:44:32)
    at C:\Users\BIM02\Desktop\ServerKT\node_modules\koa-router\node_modules\koa-compose\index.js:36:12
    at dispatch (C:\Users\BIM02\Desktop\ServerKT\node_modules\koa-router\lib\router.js:351:31)
  errno: -4058,
  syscall: 'open',
  code: 'ENOENT',
  path: 'C:\\Users\\BIM02\\Desktop\\ServerKT\\logs/[object Object]' }
[2020-07-16T16:41:30.855] [ERROR] app - { Error: ENOENT: no such file or directory, open 'C:\Users\BIM02\Desktop\ServerKT\logs/[object Object]'
    at Object.openSync (fs.js:436:3)
    at Object.readFileSync (fs.js:341:35)
    at Object.out.Get (C:\Users\BIM02\Desktop\ServerKT\restful\v0\logs.js:17:17)
    at RestfulAPIMethods.(anonymous function) (C:\Users\BIM02\Desktop\ServerKT\routes\restful.js:32:60)
    at dispatch (C:\Users\BIM02\Desktop\ServerKT\node_modules\koa-router\node_modules\koa-compose\index.js:44:32)
    at next (C:\Users\BIM02\Desktop\ServerKT\node_modules\koa-router\node_modules\koa-compose\index.js:45:18)
    at C:\Users\BIM02\Desktop\ServerKT\node_modules\koa-router\lib\router.js:346:16
    at dispatch (C:\Users\BIM02\Desktop\ServerKT\node_modules\koa-router\node_modules\koa-compose\index.js:44:32)
    at next (C:\Users\BIM02\Desktop\ServerKT\node_modules\koa-router\node_modules\koa-compose\index.js:45:18)
    at route.use (C:\Users\BIM02\Desktop\ServerKT\routes\restful.js:97:19)
    at dispatch (C:\Users\BIM02\Desktop\ServerKT\node_modules\koa-router\node_modules\koa-compose\index.js:44:32)
    at next (C:\Users\BIM02\Desktop\ServerKT\node_modules\koa-router\node_modules\koa-compose\index.js:45:18)
    at C:\Users\BIM02\Desktop\ServerKT\node_modules\koa-router\lib\router.js:346:16
    at dispatch (C:\Users\BIM02\Desktop\ServerKT\node_modules\koa-router\node_modules\koa-compose\index.js:44:32)
    at C:\Users\BIM02\Desktop\ServerKT\node_modules\koa-router\node_modules\koa-compose\index.js:36:12
    at dispatch (C:\Users\BIM02\Desktop\ServerKT\node_modules\koa-router\lib\router.js:351:31)
  errno: -4058,
  syscall: 'open',
  code: 'ENOENT',
  path: 'C:\\Users\\BIM02\\Desktop\\ServerKT\\logs/[object Object]' }
[2020-07-16T16:41:30.872] [ERROR] app - { Error: ENOENT: no such file or directory, open 'C:\Users\BIM02\Desktop\ServerKT\logs/[object Object]'
    at Object.openSync (fs.js:436:3)
    at Object.readFileSync (fs.js:341:35)
    at Object.out.Get (C:\Users\BIM02\Desktop\ServerKT\restful\v0\logs.js:17:17)
    at RestfulAPIMethods.(anonymous function) (C:\Users\BIM02\Desktop\ServerKT\routes\restful.js:32:60)
    at dispatch (C:\Users\BIM02\Desktop\ServerKT\node_modules\koa-router\node_modules\koa-compose\index.js:44:32)
    at next (C:\Users\BIM02\Desktop\ServerKT\node_modules\koa-router\node_modules\koa-compose\index.js:45:18)
    at C:\Users\BIM02\Desktop\ServerKT\node_modules\koa-router\lib\router.js:346:16
    at dispatch (C:\Users\BIM02\Desktop\ServerKT\node_modules\koa-router\node_modules\koa-compose\index.js:44:32)
    at next (C:\Users\BIM02\Desktop\ServerKT\node_modules\koa-router\node_modules\koa-compose\index.js:45:18)
    at route.use (C:\Users\BIM02\Desktop\ServerKT\routes\restful.js:97:19)
    at dispatch (C:\Users\BIM02\Desktop\ServerKT\node_modules\koa-router\node_modules\koa-compose\index.js:44:32)
    at next (C:\Users\BIM02\Desktop\ServerKT\node_modules\koa-router\node_modules\koa-compose\index.js:45:18)
    at C:\Users\BIM02\Desktop\ServerKT\node_modules\koa-router\lib\router.js:346:16
    at dispatch (C:\Users\BIM02\Desktop\ServerKT\node_modules\koa-router\node_modules\koa-compose\index.js:44:32)
    at C:\Users\BIM02\Desktop\ServerKT\node_modules\koa-router\node_modules\koa-compose\index.js:36:12
    at dispatch (C:\Users\BIM02\Desktop\ServerKT\node_modules\koa-router\lib\router.js:351:31)
  errno: -4058,
  syscall: 'open',
  code: 'ENOENT',
  path: 'C:\\Users\\BIM02\\Desktop\\ServerKT\\logs/[object Object]' }
[2020-07-16T16:41:31.889] [ERROR] app - { Error: ENOENT: no such file or directory, open 'C:\Users\BIM02\Desktop\ServerKT\logs/[object Object]'
    at Object.openSync (fs.js:436:3)
    at Object.readFileSync (fs.js:341:35)
    at Object.out.Get (C:\Users\BIM02\Desktop\ServerKT\restful\v0\logs.js:17:17)
    at RestfulAPIMethods.(anonymous function) (C:\Users\BIM02\Desktop\ServerKT\routes\restful.js:32:60)
    at dispatch (C:\Users\BIM02\Desktop\ServerKT\node_modules\koa-router\node_modules\koa-compose\index.js:44:32)
    at next (C:\Users\BIM02\Desktop\ServerKT\node_modules\koa-router\node_modules\koa-compose\index.js:45:18)
    at C:\Users\BIM02\Desktop\ServerKT\node_modules\koa-router\lib\router.js:346:16
    at dispatch (C:\Users\BIM02\Desktop\ServerKT\node_modules\koa-router\node_modules\koa-compose\index.js:44:32)
    at next (C:\Users\BIM02\Desktop\ServerKT\node_modules\koa-router\node_modules\koa-compose\index.js:45:18)
    at route.use (C:\Users\BIM02\Desktop\ServerKT\routes\restful.js:97:19)
    at dispatch (C:\Users\BIM02\Desktop\ServerKT\node_modules\koa-router\node_modules\koa-compose\index.js:44:32)
    at next (C:\Users\BIM02\Desktop\ServerKT\node_modules\koa-router\node_modules\koa-compose\index.js:45:18)
    at C:\Users\BIM02\Desktop\ServerKT\node_modules\koa-router\lib\router.js:346:16
    at dispatch (C:\Users\BIM02\Desktop\ServerKT\node_modules\koa-router\node_modules\koa-compose\index.js:44:32)
    at C:\Users\BIM02\Desktop\ServerKT\node_modules\koa-router\node_modules\koa-compose\index.js:36:12
    at dispatch (C:\Users\BIM02\Desktop\ServerKT\node_modules\koa-router\lib\router.js:351:31)
  errno: -4058,
  syscall: 'open',
  code: 'ENOENT',
  path: 'C:\\Users\\BIM02\\Desktop\\ServerKT\\logs/[object Object]' }
[2020-07-16T16:41:31.916] [ERROR] app - { Error: ENOENT: no such file or directory, open 'C:\Users\BIM02\Desktop\ServerKT\logs/[object Object]'
    at Object.openSync (fs.js:436:3)
    at Object.readFileSync (fs.js:341:35)
    at Object.out.Get (C:\Users\BIM02\Desktop\ServerKT\restful\v0\logs.js:17:17)
    at RestfulAPIMethods.(anonymous function) (C:\Users\BIM02\Desktop\ServerKT\routes\restful.js:32:60)
    at dispatch (C:\Users\BIM02\Desktop\ServerKT\node_modules\koa-router\node_modules\koa-compose\index.js:44:32)
    at next (C:\Users\BIM02\Desktop\ServerKT\node_modules\koa-router\node_modules\koa-compose\index.js:45:18)
    at C:\Users\BIM02\Desktop\ServerKT\node_modules\koa-router\lib\router.js:346:16
    at dispatch (C:\Users\BIM02\Desktop\ServerKT\node_modules\koa-router\node_modules\koa-compose\index.js:44:32)
    at next (C:\Users\BIM02\Desktop\ServerKT\node_modules\koa-router\node_modules\koa-compose\index.js:45:18)
    at route.use (C:\Users\BIM02\Desktop\ServerKT\routes\restful.js:97:19)
    at dispatch (C:\Users\BIM02\Desktop\ServerKT\node_modules\koa-router\node_modules\koa-compose\index.js:44:32)
    at next (C:\Users\BIM02\Desktop\ServerKT\node_modules\koa-router\node_modules\koa-compose\index.js:45:18)
    at C:\Users\BIM02\Desktop\ServerKT\node_modules\koa-router\lib\router.js:346:16
    at dispatch (C:\Users\BIM02\Desktop\ServerKT\node_modules\koa-router\node_modules\koa-compose\index.js:44:32)
    at C:\Users\BIM02\Desktop\ServerKT\node_modules\koa-router\node_modules\koa-compose\index.js:36:12
    at dispatch (C:\Users\BIM02\Desktop\ServerKT\node_modules\koa-router\lib\router.js:351:31)
  errno: -4058,
  syscall: 'open',
  code: 'ENOENT',
  path: 'C:\\Users\\BIM02\\Desktop\\ServerKT\\logs/[object Object]' }
[2020-07-16T16:41:33.090] [ERROR] app - { Error: ENOENT: no such file or directory, open 'C:\Users\BIM02\Desktop\ServerKT\logs/[object Object]'
    at Object.openSync (fs.js:436:3)
    at Object.readFileSync (fs.js:341:35)
    at Object.out.Get (C:\Users\BIM02\Desktop\ServerKT\restful\v0\logs.js:17:17)
    at RestfulAPIMethods.(anonymous function) (C:\Users\BIM02\Desktop\ServerKT\routes\restful.js:32:60)
    at dispatch (C:\Users\BIM02\Desktop\ServerKT\node_modules\koa-router\node_modules\koa-compose\index.js:44:32)
    at next (C:\Users\BIM02\Desktop\ServerKT\node_modules\koa-router\node_modules\koa-compose\index.js:45:18)
    at C:\Users\BIM02\Desktop\ServerKT\node_modules\koa-router\lib\router.js:346:16
    at dispatch (C:\Users\BIM02\Desktop\ServerKT\node_modules\koa-router\node_modules\koa-compose\index.js:44:32)
    at next (C:\Users\BIM02\Desktop\ServerKT\node_modules\koa-router\node_modules\koa-compose\index.js:45:18)
    at route.use (C:\Users\BIM02\Desktop\ServerKT\routes\restful.js:97:19)
    at dispatch (C:\Users\BIM02\Desktop\ServerKT\node_modules\koa-router\node_modules\koa-compose\index.js:44:32)
    at next (C:\Users\BIM02\Desktop\ServerKT\node_modules\koa-router\node_modules\koa-compose\index.js:45:18)
    at C:\Users\BIM02\Desktop\ServerKT\node_modules\koa-router\lib\router.js:346:16
    at dispatch (C:\Users\BIM02\Desktop\ServerKT\node_modules\koa-router\node_modules\koa-compose\index.js:44:32)
    at C:\Users\BIM02\Desktop\ServerKT\node_modules\koa-router\node_modules\koa-compose\index.js:36:12
    at dispatch (C:\Users\BIM02\Desktop\ServerKT\node_modules\koa-router\lib\router.js:351:31)
  errno: -4058,
  syscall: 'open',
  code: 'ENOENT',
  path: 'C:\\Users\\BIM02\\Desktop\\ServerKT\\logs/[object Object]' }
[2020-07-16T16:41:33.116] [ERROR] app - { Error: ENOENT: no such file or directory, open 'C:\Users\BIM02\Desktop\ServerKT\logs/[object Object]'
    at Object.openSync (fs.js:436:3)
    at Object.readFileSync (fs.js:341:35)
    at Object.out.Get (C:\Users\BIM02\Desktop\ServerKT\restful\v0\logs.js:17:17)
    at RestfulAPIMethods.(anonymous function) (C:\Users\BIM02\Desktop\ServerKT\routes\restful.js:32:60)
    at dispatch (C:\Users\BIM02\Desktop\ServerKT\node_modules\koa-router\node_modules\koa-compose\index.js:44:32)
    at next (C:\Users\BIM02\Desktop\ServerKT\node_modules\koa-router\node_modules\koa-compose\index.js:45:18)
    at C:\Users\BIM02\Desktop\ServerKT\node_modules\koa-router\lib\router.js:346:16
    at dispatch (C:\Users\BIM02\Desktop\ServerKT\node_modules\koa-router\node_modules\koa-compose\index.js:44:32)
    at next (C:\Users\BIM02\Desktop\ServerKT\node_modules\koa-router\node_modules\koa-compose\index.js:45:18)
    at route.use (C:\Users\BIM02\Desktop\ServerKT\routes\restful.js:97:19)
    at dispatch (C:\Users\BIM02\Desktop\ServerKT\node_modules\koa-router\node_modules\koa-compose\index.js:44:32)
    at next (C:\Users\BIM02\Desktop\ServerKT\node_modules\koa-router\node_modules\koa-compose\index.js:45:18)
    at C:\Users\BIM02\Desktop\ServerKT\node_modules\koa-router\lib\router.js:346:16
    at dispatch (C:\Users\BIM02\Desktop\ServerKT\node_modules\koa-router\node_modules\koa-compose\index.js:44:32)
    at C:\Users\BIM02\Desktop\ServerKT\node_modules\koa-router\node_modules\koa-compose\index.js:36:12
    at dispatch (C:\Users\BIM02\Desktop\ServerKT\node_modules\koa-router\lib\router.js:351:31)
  errno: -4058,
  syscall: 'open',
  code: 'ENOENT',
  path: 'C:\\Users\\BIM02\\Desktop\\ServerKT\\logs/[object Object]' }
[2020-07-16T16:41:33.458] [ERROR] app - { Error: ENOENT: no such file or directory, open 'C:\Users\BIM02\Desktop\ServerKT\logs/[object Object]'
    at Object.openSync (fs.js:436:3)
    at Object.readFileSync (fs.js:341:35)
    at Object.out.Get (C:\Users\BIM02\Desktop\ServerKT\restful\v0\logs.js:17:17)
    at RestfulAPIMethods.(anonymous function) (C:\Users\BIM02\Desktop\ServerKT\routes\restful.js:32:60)
    at dispatch (C:\Users\BIM02\Desktop\ServerKT\node_modules\koa-router\node_modules\koa-compose\index.js:44:32)
    at next (C:\Users\BIM02\Desktop\ServerKT\node_modules\koa-router\node_modules\koa-compose\index.js:45:18)
    at C:\Users\BIM02\Desktop\ServerKT\node_modules\koa-router\lib\router.js:346:16
    at dispatch (C:\Users\BIM02\Desktop\ServerKT\node_modules\koa-router\node_modules\koa-compose\index.js:44:32)
    at next (C:\Users\BIM02\Desktop\ServerKT\node_modules\koa-router\node_modules\koa-compose\index.js:45:18)
    at route.use (C:\Users\BIM02\Desktop\ServerKT\routes\restful.js:97:19)
    at dispatch (C:\Users\BIM02\Desktop\ServerKT\node_modules\koa-router\node_modules\koa-compose\index.js:44:32)
    at next (C:\Users\BIM02\Desktop\ServerKT\node_modules\koa-router\node_modules\koa-compose\index.js:45:18)
    at C:\Users\BIM02\Desktop\ServerKT\node_modules\koa-router\lib\router.js:346:16
    at dispatch (C:\Users\BIM02\Desktop\ServerKT\node_modules\koa-router\node_modules\koa-compose\index.js:44:32)
    at C:\Users\BIM02\Desktop\ServerKT\node_modules\koa-router\node_modules\koa-compose\index.js:36:12
    at dispatch (C:\Users\BIM02\Desktop\ServerKT\node_modules\koa-router\lib\router.js:351:31)
  errno: -4058,
  syscall: 'open',
  code: 'ENOENT',
  path: 'C:\\Users\\BIM02\\Desktop\\ServerKT\\logs/[object Object]' }
[2020-07-16T16:41:33.474] [ERROR] app - { Error: ENOENT: no such file or directory, open 'C:\Users\BIM02\Desktop\ServerKT\logs/[object Object]'
    at Object.openSync (fs.js:436:3)
    at Object.readFileSync (fs.js:341:35)
    at Object.out.Get (C:\Users\BIM02\Desktop\ServerKT\restful\v0\logs.js:17:17)
    at RestfulAPIMethods.(anonymous function) (C:\Users\BIM02\Desktop\ServerKT\routes\restful.js:32:60)
    at dispatch (C:\Users\BIM02\Desktop\ServerKT\node_modules\koa-router\node_modules\koa-compose\index.js:44:32)
    at next (C:\Users\BIM02\Desktop\ServerKT\node_modules\koa-router\node_modules\koa-compose\index.js:45:18)
    at C:\Users\BIM02\Desktop\ServerKT\node_modules\koa-router\lib\router.js:346:16
    at dispatch (C:\Users\BIM02\Desktop\ServerKT\node_modules\koa-router\node_modules\koa-compose\index.js:44:32)
    at next (C:\Users\BIM02\Desktop\ServerKT\node_modules\koa-router\node_modules\koa-compose\index.js:45:18)
    at route.use (C:\Users\BIM02\Desktop\ServerKT\routes\restful.js:97:19)
    at dispatch (C:\Users\BIM02\Desktop\ServerKT\node_modules\koa-router\node_modules\koa-compose\index.js:44:32)
    at next (C:\Users\BIM02\Desktop\ServerKT\node_modules\koa-router\node_modules\koa-compose\index.js:45:18)
    at C:\Users\BIM02\Desktop\ServerKT\node_modules\koa-router\lib\router.js:346:16
    at dispatch (C:\Users\BIM02\Desktop\ServerKT\node_modules\koa-router\node_modules\koa-compose\index.js:44:32)
    at C:\Users\BIM02\Desktop\ServerKT\node_modules\koa-router\node_modules\koa-compose\index.js:36:12
    at dispatch (C:\Users\BIM02\Desktop\ServerKT\node_modules\koa-router\lib\router.js:351:31)
  errno: -4058,
  syscall: 'open',
  code: 'ENOENT',
  path: 'C:\\Users\\BIM02\\Desktop\\ServerKT\\logs/[object Object]' }
[2020-07-16T16:41:34.039] [ERROR] app - { Error: ENOENT: no such file or directory, open 'C:\Users\BIM02\Desktop\ServerKT\logs/[object Object]'
    at Object.openSync (fs.js:436:3)
    at Object.readFileSync (fs.js:341:35)
    at Object.out.Get (C:\Users\BIM02\Desktop\ServerKT\restful\v0\logs.js:17:17)
    at RestfulAPIMethods.(anonymous function) (C:\Users\BIM02\Desktop\ServerKT\routes\restful.js:32:60)
    at dispatch (C:\Users\BIM02\Desktop\ServerKT\node_modules\koa-router\node_modules\koa-compose\index.js:44:32)
    at next (C:\Users\BIM02\Desktop\ServerKT\node_modules\koa-router\node_modules\koa-compose\index.js:45:18)
    at C:\Users\BIM02\Desktop\ServerKT\node_modules\koa-router\lib\router.js:346:16
    at dispatch (C:\Users\BIM02\Desktop\ServerKT\node_modules\koa-router\node_modules\koa-compose\index.js:44:32)
    at next (C:\Users\BIM02\Desktop\ServerKT\node_modules\koa-router\node_modules\koa-compose\index.js:45:18)
    at route.use (C:\Users\BIM02\Desktop\ServerKT\routes\restful.js:97:19)
    at dispatch (C:\Users\BIM02\Desktop\ServerKT\node_modules\koa-router\node_modules\koa-compose\index.js:44:32)
    at next (C:\Users\BIM02\Desktop\ServerKT\node_modules\koa-router\node_modules\koa-compose\index.js:45:18)
    at C:\Users\BIM02\Desktop\ServerKT\node_modules\koa-router\lib\router.js:346:16
    at dispatch (C:\Users\BIM02\Desktop\ServerKT\node_modules\koa-router\node_modules\koa-compose\index.js:44:32)
    at C:\Users\BIM02\Desktop\ServerKT\node_modules\koa-router\node_modules\koa-compose\index.js:36:12
    at dispatch (C:\Users\BIM02\Desktop\ServerKT\node_modules\koa-router\lib\router.js:351:31)
  errno: -4058,
  syscall: 'open',
  code: 'ENOENT',
  path: 'C:\\Users\\BIM02\\Desktop\\ServerKT\\logs/[object Object]' }
[2020-07-16T16:41:34.055] [ERROR] app - { Error: ENOENT: no such file or directory, open 'C:\Users\BIM02\Desktop\ServerKT\logs/[object Object]'
    at Object.openSync (fs.js:436:3)
    at Object.readFileSync (fs.js:341:35)
    at Object.out.Get (C:\Users\BIM02\Desktop\ServerKT\restful\v0\logs.js:17:17)
    at RestfulAPIMethods.(anonymous function) (C:\Users\BIM02\Desktop\ServerKT\routes\restful.js:32:60)
    at dispatch (C:\Users\BIM02\Desktop\ServerKT\node_modules\koa-router\node_modules\koa-compose\index.js:44:32)
    at next (C:\Users\BIM02\Desktop\ServerKT\node_modules\koa-router\node_modules\koa-compose\index.js:45:18)
    at C:\Users\BIM02\Desktop\ServerKT\node_modules\koa-router\lib\router.js:346:16
    at dispatch (C:\Users\BIM02\Desktop\ServerKT\node_modules\koa-router\node_modules\koa-compose\index.js:44:32)
    at next (C:\Users\BIM02\Desktop\ServerKT\node_modules\koa-router\node_modules\koa-compose\index.js:45:18)
    at route.use (C:\Users\BIM02\Desktop\ServerKT\routes\restful.js:97:19)
    at dispatch (C:\Users\BIM02\Desktop\ServerKT\node_modules\koa-router\node_modules\koa-compose\index.js:44:32)
    at next (C:\Users\BIM02\Desktop\ServerKT\node_modules\koa-router\node_modules\koa-compose\index.js:45:18)
    at C:\Users\BIM02\Desktop\ServerKT\node_modules\koa-router\lib\router.js:346:16
    at dispatch (C:\Users\BIM02\Desktop\ServerKT\node_modules\koa-router\node_modules\koa-compose\index.js:44:32)
    at C:\Users\BIM02\Desktop\ServerKT\node_modules\koa-router\node_modules\koa-compose\index.js:36:12
    at dispatch (C:\Users\BIM02\Desktop\ServerKT\node_modules\koa-router\lib\router.js:351:31)
  errno: -4058,
  syscall: 'open',
  code: 'ENOENT',
  path: 'C:\\Users\\BIM02\\Desktop\\ServerKT\\logs/[object Object]' }
[2020-07-16T16:42:23.832] [ERROR] app - 没有访问权限
[2020-07-16T16:42:23.839] [ERROR] app - 没有访问权限
[2020-07-16T16:42:25.398] [ERROR] app - 没有访问权限
[2020-07-16T16:42:25.420] [ERROR] app - 没有访问权限
[2020-07-16T16:42:25.923] [ERROR] app - 没有访问权限
[2020-07-16T16:42:31.599] [ERROR] app - 没有访问权限
[2020-07-16T16:42:31.606] [ERROR] app - 没有访问权限
[2020-07-16T16:42:32.503] [ERROR] app - 没有访问权限
[2020-07-16T16:42:33.496] [ERROR] app - 没有访问权限
[2020-07-16T16:42:35.458] [ERROR] app - 没有访问权限
