[2020-04-06T08:49:30.276] [ERROR] app - TypeError: Cannot read property 'formatter' of undefined
    at Object.Get (D:\able_project\CloudServer\models\kernel.js:184:49)
    at process._tickCallback (internal/process/next_tick.js:68:7)
[2020-04-06T08:49:30.318] [ERROR] app - TypeError: Cannot read property 'formatter' of undefined
    at Object.Get (D:\able_project\CloudServer\models\kernel.js:184:49)
    at process._tickCallback (internal/process/next_tick.js:68:7)
[2020-04-06T08:49:55.879] [ERROR] app - 401
[2020-04-06T08:49:55.882] [ERROR] app - 401
[2020-04-06T08:50:17.187] [ERROR] app - TypeError: Cannot read property 'formatter' of undefined
    at Object.Get (D:\able_project\CloudServer\models\kernel.js:184:49)
    at process._tickCallback (internal/process/next_tick.js:68:7)
[2020-04-06T08:51:12.052] [ERROR] app - TypeError: Cannot read property 'formatter' of undefined
    at Object.Get (D:\able_project\CloudServer\models\kernel.js:184:49)
    at process._tickCallback (internal/process/next_tick.js:68:7)
[2020-04-06T08:51:12.115] [ERROR] app - TypeError: Cannot read property 'formatter' of undefined
    at Object.Get (D:\able_project\CloudServer\models\kernel.js:184:49)
    at process._tickCallback (internal/process/next_tick.js:68:7)
[2020-04-06T08:51:24.040] [ERROR] app - 401
[2020-04-06T08:51:24.042] [ERROR] app - 401
[2020-04-06T08:51:24.058] [ERROR] app - 401
[2020-04-06T08:51:24.062] [ERROR] app - 401
[2020-04-06T08:54:15.633] [ERROR] app - TypeError: Cannot read property 'formatter' of undefined
    at Object.Get (D:\able_project\CloudServer\models\kernel.js:184:49)
    at process._tickCallback (internal/process/next_tick.js:68:7)
[2020-04-06T08:56:03.754] [INFO] app - *** SYSTEM STARTUP on PORT (5858) ***
[2020-04-06T08:58:44.713] [ERROR] app - 401
[2020-04-06T08:58:44.731] [ERROR] app - 401
[2020-04-06T08:58:44.734] [ERROR] app - 401
[2020-04-06T08:58:44.739] [ERROR] app - 401
[2020-04-06T09:05:14.380] [ERROR] app - 401
[2020-04-06T09:05:32.965] [ERROR] app - 401
[2020-04-06T09:06:06.538] [ERROR] app - 401
[2020-04-06T09:13:51.637] [ERROR] app - 401
[2020-04-06T09:15:31.607] [ERROR] app - 401
[2020-04-06T09:22:55.696] [ERROR] app - 401
[2020-04-06T09:27:07.944] [ERROR] app - 401
[2020-04-06T09:27:56.531] [ERROR] app - { Error: ER_BAD_FIELD_ERROR: Unknown column '_index' in 'field list'
    at Query.Sequence._packetToError (D:\able_project\CloudServer\node_modules\mysql\lib\protocol\sequences\Sequence.js:47:14)
    at Query.ErrorPacket (D:\able_project\CloudServer\node_modules\mysql\lib\protocol\sequences\Query.js:77:18)
    at Protocol._parsePacket (D:\able_project\CloudServer\node_modules\mysql\lib\protocol\Protocol.js:278:23)
    at Parser.write (D:\able_project\CloudServer\node_modules\mysql\lib\protocol\Parser.js:76:12)
    at Protocol.write (D:\able_project\CloudServer\node_modules\mysql\lib\protocol\Protocol.js:38:16)
    at Socket.<anonymous> (D:\able_project\CloudServer\node_modules\mysql\lib\Connection.js:91:28)
    at Socket.<anonymous> (D:\able_project\CloudServer\node_modules\mysql\lib\Connection.js:502:10)
    at Socket.emit (events.js:182:13)
    at addChunk (_stream_readable.js:283:12)
    at readableAddChunk (_stream_readable.js:264:11)
    at Socket.Readable.push (_stream_readable.js:219:10)
    at TCP.onStreamRead [as onread] (internal/stream_base_commons.js:94:17)
    at Protocol._enqueue (D:\able_project\CloudServer\node_modules\mysql\lib\protocol\Protocol.js:144:48)
    at Connection.query (D:\able_project\CloudServer\node_modules\mysql\lib\Connection.js:200:25)
    at D:\able_project\CloudServer\node_modules\knex\lib\dialects\mysql\index.js:152:18
From previous event:
    at Client_MySQL._query (D:\able_project\CloudServer\node_modules\knex\lib\dialects\mysql\index.js:146:12)
    at Client_MySQL.query (D:\able_project\CloudServer\node_modules\knex\lib\client.js:197:17)
    at Runner.<anonymous> (D:\able_project\CloudServer\node_modules\knex\lib\runner.js:146:36)
From previous event:
    at D:\able_project\CloudServer\node_modules\knex\lib\runner.js:65:21
    at runCallback (timers.js:694:18)
    at tryOnImmediate (timers.js:665:5)
From previous event:
    at Runner.run (D:\able_project\CloudServer\node_modules\knex\lib\runner.js:51:31)
    at Builder.Target.then (D:\able_project\CloudServer\node_modules\knex\lib\interface.js:35:43)
    at process._tickCallback (internal/process/next_tick.js:68:7)
  code: 'ER_BAD_FIELD_ERROR',
  errno: 1054,
  sqlMessage: 'Unknown column \'_index\' in \'field list\'',
  sqlState: '42S22',
  index: 0,
  sql:
   'update `order` set `_index` = 2, `_rowKey` = 8, `content` = \'123123422\', `inputTime` = \'2020-03-19T05:05:37.000Z\', `inputor` = \'0\', `name` = \'发解决方法2\', `state` = NULL, `type_id` = \'适用性需求\', `updateTime` = \'2020-04-06T09:27:56+08:00\', `updator` = \'UID00000001\' where `id` = \'order000000000VL\'' }
[2020-04-06T09:28:21.024] [ERROR] app - 401
[2020-04-06T09:31:21.717] [ERROR] app - 401
[2020-04-06T10:05:37.155] [ERROR] app - 401
[2020-04-06T10:06:09.220] [ERROR] app - 401
[2020-04-06T10:06:30.515] [ERROR] app - 401
[2020-04-06T10:27:21.923] [INFO] app - *** SYSTEM STARTUP on PORT (5858) ***
[2020-04-06T10:30:35.053] [ERROR] app - 401
[2020-04-06T10:31:05.463] [ERROR] app - 401
[2020-04-06T10:31:14.634] [ERROR] app - 403
[2020-04-06T10:33:53.115] [ERROR] app - 403
[2020-04-06T10:33:58.859] [INFO] app - UNREISGTERED_ACCOUNT: root
[2020-04-06T10:33:58.860] [ERROR] app - 账户不存在，可能该用户未注册
[2020-04-06T10:35:45.029] [ERROR] app - 401
[2020-04-06T10:35:45.032] [ERROR] app - 401
[2020-04-06T10:35:56.411] [ERROR] app - 401
[2020-04-06T10:35:56.413] [ERROR] app - 401
[2020-04-06T10:49:06.865] [ERROR] app - 403
[2020-04-06T11:15:25.193] [ERROR] app - 401
[2020-04-06T11:16:17.041] [ERROR] app - 401
[2020-04-06T11:16:17.043] [ERROR] app - 401
[2020-04-06T11:16:17.046] [ERROR] app - 401
[2020-04-06T12:35:13.533] [ERROR] app - 401
[2020-04-06T12:36:20.959] [ERROR] app - 401
[2020-04-06T12:38:29.114] [ERROR] app - 401
[2020-04-06T12:40:05.035] [ERROR] app - 401
[2020-04-06T12:40:39.736] [ERROR] app - 401
[2020-04-06T12:41:08.135] [ERROR] app - 401
[2020-04-06T12:42:59.578] [ERROR] app - 401
[2020-04-06T12:43:45.584] [ERROR] app - 401
[2020-04-06T12:54:41.386] [ERROR] app - 401
[2020-04-06T12:54:47.021] [ERROR] app - 401
[2020-04-06T13:02:39.858] [ERROR] app - 401
[2020-04-06T13:02:39.861] [ERROR] app - 401
[2020-04-06T13:08:29.878] [ERROR] app - 401
[2020-04-06T13:08:29.880] [ERROR] app - 401
[2020-04-06T13:09:06.651] [ERROR] app - 401
[2020-04-06T13:09:09.533] [ERROR] app - 401
[2020-04-06T13:09:24.812] [ERROR] app - 403
[2020-04-06T13:10:20.076] [ERROR] app - 401
[2020-04-06T13:10:20.077] [ERROR] app - 401
[2020-04-06T13:10:20.082] [ERROR] app - 401
[2020-04-06T13:16:01.275] [ERROR] app - 401
[2020-04-06T13:16:07.749] [ERROR] app - 401
[2020-04-06T17:39:10.369] [ERROR] app - 401
[2020-04-06T18:34:06.656] [ERROR] app - 401
[2020-04-06T18:46:46.406] [ERROR] app - 401
[2020-04-06T18:48:22.623] [ERROR] app - 401
[2020-04-06T19:26:55.909] [ERROR] app - 401
[2020-04-06T19:26:55.912] [ERROR] app - 401
[2020-04-06T19:26:56.155] [ERROR] app - 401
[2020-04-06T19:26:56.158] [ERROR] app - 401
[2020-04-06T19:27:02.094] [ERROR] app - 401
[2020-04-06T19:27:02.097] [ERROR] app - 401
[2020-04-06T19:27:02.860] [ERROR] app - 401
[2020-04-06T19:27:04.209] [ERROR] app - 401
[2020-04-06T19:27:04.213] [ERROR] app - 401
[2020-04-06T19:27:05.714] [ERROR] app - 401
[2020-04-06T19:27:07.645] [ERROR] app - 401
[2020-04-06T19:27:07.661] [ERROR] app - 401
[2020-04-06T19:27:09.934] [ERROR] app - 401
[2020-04-06T19:27:09.937] [ERROR] app - 401
[2020-04-06T19:27:11.042] [ERROR] app - 401
[2020-04-06T19:27:11.046] [ERROR] app - 401
[2020-04-06T21:48:38.139] [ERROR] app - 401
[2020-04-06T21:49:16.143] [ERROR] app - 401
[2020-04-06T21:49:16.145] [ERROR] app - 401
[2020-04-06T21:49:22.594] [ERROR] app - 401
[2020-04-06T21:49:22.596] [ERROR] app - 401
[2020-04-06T21:53:10.013] [ERROR] app - 401
[2020-04-06T21:53:10.016] [ERROR] app - 401
[2020-04-06T21:53:10.038] [ERROR] app - 401
[2020-04-06T21:53:10.043] [ERROR] app - 401
[2020-04-06T21:53:10.045] [ERROR] app - 401
[2020-04-06T21:53:10.047] [ERROR] app - 401
[2020-04-06T21:53:10.064] [ERROR] app - 401
[2020-04-06T21:53:10.067] [ERROR] app - 401
