[2020-03-12T17:15:12.834] [ERROR] app - Request without token
[2020-03-12T17:15:12.836] [ERROR] app - 没有访问权限
[2020-03-12T17:15:12.839] [ERROR] app - Request without token
[2020-03-12T17:15:12.840] [ERROR] app - 没有访问权限
[2020-03-12T17:15:12.865] [ERROR] app - Request without token
[2020-03-12T17:15:12.867] [ERROR] app - 没有访问权限
[2020-03-16T08:15:28.447] [INFO] app - *** SYSTEM STARTUP on PORT (5858) ***
[2020-03-16T08:15:56.163] [INFO] app - *** SYSTEM STARTUP on PORT (5858) ***
[2020-03-16T08:18:51.134] [INFO] app - *** SYSTEM STARTUP on PORT (5858) ***
[2020-03-16T08:19:02.497] [INFO] app - *** SYSTEM STARTUP on PORT (5858) ***
[2020-03-16T08:26:56.041] [INFO] app - *** SYSTEM STARTUP on PORT (5858) ***
[2020-03-16T08:27:47.181] [INFO] app - *** SYSTEM STARTUP on PORT (5858) ***
[2020-03-16T08:35:01.494] [INFO] app - *** SYSTEM STARTUP on PORT (5858) ***
[2020-03-16T08:35:08.404] [INFO] app - *** SYSTEM STARTUP on PORT (5858) ***
[2020-03-16T08:35:50.119] [INFO] app - *** SYSTEM STARTUP on PORT (5858) ***
[2020-03-16T08:35:54.393] [INFO] app - *** SYSTEM STARTUP on PORT (5858) ***
[2020-03-16T09:20:40.184] [INFO] app - API_OBJECT_UNDEFINED:object=requirements
[2020-03-16T09:20:40.209] [INFO] app - API_OBJECT_UNDEFINED:object=requirements
[2020-03-16T09:20:41.287] [INFO] app - API_OBJECT_UNDEFINED:object=bugreports
[2020-03-16T09:20:41.295] [INFO] app - API_OBJECT_UNDEFINED:object=bugreports
[2020-03-16T09:20:42.115] [INFO] app - API_OBJECT_UNDEFINED:object=requirements
[2020-03-16T09:20:42.123] [INFO] app - API_OBJECT_UNDEFINED:object=requirements
[2020-03-16T09:20:42.949] [INFO] app - API_OBJECT_UNDEFINED:object=bugreports
[2020-03-16T09:20:42.957] [INFO] app - API_OBJECT_UNDEFINED:object=bugreports
[2020-03-16T09:20:44.694] [INFO] app - API_OBJECT_UNDEFINED:object=requirements
[2020-03-16T09:20:44.716] [INFO] app - API_OBJECT_UNDEFINED:object=requirements
[2020-03-16T09:26:02.073] [INFO] app - API_OBJECT_UNDEFINED:object=requirements
[2020-03-16T09:26:02.079] [INFO] app - API_OBJECT_UNDEFINED:object=requirements
[2020-03-16T09:38:25.724] [INFO] app - API_OBJECT_UNDEFINED:object=bugreports
[2020-03-16T09:38:25.747] [INFO] app - API_OBJECT_UNDEFINED:object=bugreports
[2020-03-16T09:38:27.241] [INFO] app - API_OBJECT_UNDEFINED:object=requirements
[2020-03-16T09:38:27.248] [INFO] app - API_OBJECT_UNDEFINED:object=requirements
[2020-03-16T09:38:27.890] [INFO] app - API_OBJECT_UNDEFINED:object=bugreports
[2020-03-16T09:38:27.897] [INFO] app - API_OBJECT_UNDEFINED:object=bugreports
[2020-03-16T09:38:29.591] [INFO] app - API_OBJECT_UNDEFINED:object=requirements
[2020-03-16T09:38:29.599] [INFO] app - API_OBJECT_UNDEFINED:object=requirements
[2020-03-16T10:02:21.734] [INFO] app - *** SYSTEM STARTUP on PORT (5858) ***
[2020-03-16T10:02:26.474] [INFO] app - *** SYSTEM STARTUP on PORT (5858) ***
[2020-03-16T10:02:42.899] [INFO] app - API_OBJECT_UNDEFINED:object=bugreports
[2020-03-16T10:02:42.907] [INFO] app - API_OBJECT_UNDEFINED:object=bugreports
[2020-03-16T10:02:43.660] [INFO] app - API_OBJECT_UNDEFINED:object=requirements
[2020-03-16T10:02:43.684] [INFO] app - API_OBJECT_UNDEFINED:object=requirements
[2020-03-16T10:02:57.305] [INFO] app - API_OBJECT_UNDEFINED:object=order
[2020-03-16T10:02:57.312] [INFO] app - API_OBJECT_UNDEFINED:object=order
[2020-03-16T10:02:58.287] [INFO] app - API_OBJECT_UNDEFINED:object=requirements
[2020-03-16T10:02:58.294] [INFO] app - API_OBJECT_UNDEFINED:object=requirements
[2020-03-16T10:03:02.070] [ERROR] app - Request without token
[2020-03-16T10:03:02.072] [ERROR] app - 没有访问权限
[2020-03-16T10:03:02.075] [ERROR] app - Request without token
[2020-03-16T10:03:02.076] [ERROR] app - 没有访问权限
[2020-03-16T10:04:59.967] [INFO] app - API_OBJECT_UNDEFINED:object=requirements
[2020-03-16T10:04:59.976] [INFO] app - API_OBJECT_UNDEFINED:object=requirements
[2020-03-16T10:05:00.172] [INFO] app - API_OBJECT_UNDEFINED:object=requirements
[2020-03-16T10:05:00.198] [INFO] app - API_OBJECT_UNDEFINED:object=requirements
[2020-03-16T10:05:00.815] [INFO] app - API_OBJECT_UNDEFINED:object=order
[2020-03-16T10:05:00.822] [INFO] app - API_OBJECT_UNDEFINED:object=order
[2020-03-16T10:05:44.354] [INFO] app - API_OBJECT_UNDEFINED:object=requirements
[2020-03-16T10:05:44.360] [INFO] app - API_OBJECT_UNDEFINED:object=requirements
[2020-03-16T10:06:15.855] [ERROR] app - { Error: ER_BAD_FIELD_ERROR: Unknown column 'type' in 'field list'
    at Query.Sequence._packetToError (D:\able_project\CloudServer\node_modules\mysql\lib\protocol\sequences\Sequence.js:47:14)
    at Query.ErrorPacket (D:\able_project\CloudServer\node_modules\mysql\lib\protocol\sequences\Query.js:77:18)
    at Protocol._parsePacket (D:\able_project\CloudServer\node_modules\mysql\lib\protocol\Protocol.js:278:23)
    at Parser.write (D:\able_project\CloudServer\node_modules\mysql\lib\protocol\Parser.js:76:12)
    at Protocol.write (D:\able_project\CloudServer\node_modules\mysql\lib\protocol\Protocol.js:38:16)
    at Socket.<anonymous> (D:\able_project\CloudServer\node_modules\mysql\lib\Connection.js:91:28)
    at Socket.<anonymous> (D:\able_project\CloudServer\node_modules\mysql\lib\Connection.js:502:10)
    at Socket.emit (events.js:182:13)
    at addChunk (_stream_readable.js:283:12)
    at readableAddChunk (_stream_readable.js:264:11)
    at Socket.Readable.push (_stream_readable.js:219:10)
    at TCP.onStreamRead [as onread] (internal/stream_base_commons.js:94:17)
    at Protocol._enqueue (D:\able_project\CloudServer\node_modules\mysql\lib\protocol\Protocol.js:144:48)
    at Connection.query (D:\able_project\CloudServer\node_modules\mysql\lib\Connection.js:200:25)
    at D:\able_project\CloudServer\node_modules\knex\lib\dialects\mysql\index.js:152:18
From previous event:
    at Client_MySQL._query (D:\able_project\CloudServer\node_modules\knex\lib\dialects\mysql\index.js:146:12)
    at Client_MySQL.query (D:\able_project\CloudServer\node_modules\knex\lib\client.js:197:17)
    at Runner.<anonymous> (D:\able_project\CloudServer\node_modules\knex\lib\runner.js:146:36)
From previous event:
    at D:\able_project\CloudServer\node_modules\knex\lib\runner.js:65:21
    at runCallback (timers.js:694:18)
    at tryOnImmediate (timers.js:665:5)
    at processImmediate (timers.js:647:5)
From previous event:
    at Runner.run (D:\able_project\CloudServer\node_modules\knex\lib\runner.js:51:31)
    at Builder.Target.then (D:\able_project\CloudServer\node_modules\knex\lib\interface.js:35:43)
    at process._tickCallback (internal/process/next_tick.js:68:7)
  code: 'ER_BAD_FIELD_ERROR',
  errno: 1054,
  sqlMessage: 'Unknown column \'type\' in \'field list\'',
  sqlState: '42S22',
  index: 0,
  sql:
   'insert into `order` (`content`, `id`, `name`, `type`) values (\'不知道怎么他就发生了![NBGZ带通道.png](1)\', \'order000000000V8\', \'访问项目库时页面崩溃\', 0)' }
[2020-03-16T10:07:35.410] [INFO] app - API_OBJECT_UNDEFINED:object=requirements
[2020-03-16T10:07:35.417] [INFO] app - API_OBJECT_UNDEFINED:object=requirements
[2020-03-16T10:14:36.496] [INFO] app - API_OBJECT_UNDEFINED:object=requirements
[2020-03-16T10:14:36.506] [INFO] app - API_OBJECT_UNDEFINED:object=requirements
[2020-03-16T10:14:38.557] [INFO] app - API_OBJECT_UNDEFINED:object=requirements
[2020-03-16T10:14:38.576] [INFO] app - API_OBJECT_UNDEFINED:object=requirements
[2020-03-16T10:14:41.708] [INFO] app - API_OBJECT_UNDEFINED:object=requirements
[2020-03-16T10:14:41.717] [INFO] app - API_OBJECT_UNDEFINED:object=requirements
[2020-03-16T10:33:07.876] [INFO] app - API_OBJECT_UNDEFINED:object=requirements
[2020-03-16T10:33:07.896] [INFO] app - API_OBJECT_UNDEFINED:object=requirements
[2020-03-16T10:33:08.778] [INFO] app - API_OBJECT_UNDEFINED:object=requirements
[2020-03-16T10:33:08.788] [INFO] app - API_OBJECT_UNDEFINED:object=requirements
[2020-03-16T10:37:20.325] [INFO] app - API_OBJECT_UNDEFINED:object=requirements
[2020-03-16T10:37:20.332] [INFO] app - API_OBJECT_UNDEFINED:object=requirements
[2020-03-16T10:37:55.657] [INFO] app - API_OBJECT_UNDEFINED:object=requirements
[2020-03-16T10:37:55.664] [INFO] app - API_OBJECT_UNDEFINED:object=requirements
[2020-03-16T10:38:30.279] [INFO] app - API_OBJECT_UNDEFINED:object=requirements
[2020-03-16T10:38:30.285] [INFO] app - API_OBJECT_UNDEFINED:object=requirements
[2020-03-16T10:39:03.197] [INFO] app - API_OBJECT_UNDEFINED:object=requirements
[2020-03-16T10:39:03.203] [INFO] app - API_OBJECT_UNDEFINED:object=requirements
[2020-03-16T10:39:41.530] [INFO] app - API_OBJECT_UNDEFINED:object=requirements
[2020-03-16T10:39:41.553] [INFO] app - API_OBJECT_UNDEFINED:object=requirements
[2020-03-16T10:39:59.059] [INFO] app - API_OBJECT_UNDEFINED:object=requirements
[2020-03-16T10:39:59.065] [INFO] app - API_OBJECT_UNDEFINED:object=requirements
[2020-03-16T10:46:07.739] [INFO] app - API_OBJECT_UNDEFINED:object=requirements
[2020-03-16T10:46:07.749] [INFO] app - API_OBJECT_UNDEFINED:object=requirements
[2020-03-16T10:50:52.029] [INFO] app - API_OBJECT_UNDEFINED:object=requirements
[2020-03-16T10:50:52.039] [INFO] app - API_OBJECT_UNDEFINED:object=requirements
[2020-03-16T10:51:43.556] [INFO] app - API_OBJECT_UNDEFINED:object=requirements
[2020-03-16T10:51:43.564] [INFO] app - API_OBJECT_UNDEFINED:object=requirements
[2020-03-16T10:55:22.463] [INFO] app - API_OBJECT_UNDEFINED:object=requirements
[2020-03-16T10:55:22.470] [INFO] app - API_OBJECT_UNDEFINED:object=requirements
[2020-03-16T10:57:53.331] [INFO] app - API_OBJECT_UNDEFINED:object=requirements
[2020-03-16T10:57:53.340] [INFO] app - API_OBJECT_UNDEFINED:object=requirements
[2020-03-16T10:58:24.107] [INFO] app - API_OBJECT_UNDEFINED:object=requirements
[2020-03-16T10:58:24.115] [INFO] app - API_OBJECT_UNDEFINED:object=requirements
[2020-03-16T10:58:50.507] [INFO] app - API_OBJECT_UNDEFINED:object=requirements
[2020-03-16T10:58:50.523] [INFO] app - API_OBJECT_UNDEFINED:object=requirements
[2020-03-16T11:01:15.469] [INFO] app - API_OBJECT_UNDEFINED:object=requirements
[2020-03-16T11:01:15.477] [INFO] app - API_OBJECT_UNDEFINED:object=requirements
[2020-03-16T11:10:46.730] [INFO] app - API_OBJECT_UNDEFINED:object=requirements
[2020-03-16T11:10:46.737] [INFO] app - API_OBJECT_UNDEFINED:object=requirements
[2020-03-16T11:10:47.906] [INFO] app - API_OBJECT_UNDEFINED:object=requirements
[2020-03-16T11:10:47.925] [INFO] app - API_OBJECT_UNDEFINED:object=requirements
[2020-03-16T11:13:12.437] [INFO] app - API_OBJECT_UNDEFINED:object=requirements
[2020-03-16T11:13:12.446] [INFO] app - API_OBJECT_UNDEFINED:object=requirements
[2020-03-16T13:36:38.609] [INFO] app - API_OBJECT_UNDEFINED:object=requirements
[2020-03-16T13:36:38.618] [INFO] app - API_OBJECT_UNDEFINED:object=requirements
[2020-03-16T13:37:26.511] [INFO] app - API_OBJECT_UNDEFINED:object=requirements
[2020-03-16T13:37:26.520] [INFO] app - API_OBJECT_UNDEFINED:object=requirements
[2020-03-16T14:18:43.304] [INFO] app - API_OBJECT_UNDEFINED:object=requirements
[2020-03-16T14:18:43.313] [INFO] app - API_OBJECT_UNDEFINED:object=requirements
[2020-03-16T15:19:27.859] [INFO] app - API_OBJECT_UNDEFINED:object=requirements
[2020-03-16T15:19:27.868] [INFO] app - API_OBJECT_UNDEFINED:object=requirements
[2020-03-16T15:25:19.633] [INFO] app - API_OBJECT_UNDEFINED:object=requirements
[2020-03-16T15:25:19.651] [INFO] app - API_OBJECT_UNDEFINED:object=requirements
[2020-03-16T16:58:29.153] [INFO] app - API_OBJECT_UNDEFINED:object=requirements
[2020-03-16T16:58:29.187] [INFO] app - API_OBJECT_UNDEFINED:object=requirements
[2020-03-16T16:59:27.091] [INFO] app - API_OBJECT_UNDEFINED:object=requirements
[2020-03-16T16:59:27.103] [INFO] app - API_OBJECT_UNDEFINED:object=requirements
