[2020-06-27T21:51:32.747] [INFO] app - API_VERSION_UNDEFINED:api-version=v0,exception=[object Object]
[2020-06-27T22:10:47.171] [INFO] app - API_VERSION_UNDEFINED:api-version=v0,exception=[object Object]
[2020-06-27T22:10:57.675] [ERROR] app - ReferenceError: debug is not defined
    at Function.Login (C:\Users\racky\Desktop\Server - ORM\models\index.js:27:9)
    at Object.out.Post (C:\Users\racky\Desktop\Server - ORM\restful\v0\sessions.js:8:27)
    at RestfulAPIMethods.<computed> (C:\Users\racky\Desktop\Server - ORM\routes\restful.js:32:60)
    at dispatch (C:\Users\racky\Desktop\Server - ORM\node_modules\koa-router\node_modules\koa-compose\index.js:44:32)
    at next (C:\Users\racky\Desktop\Server - ORM\node_modules\koa-router\node_modules\koa-compose\index.js:45:18)
    at C:\Users\racky\Desktop\Server - ORM\node_modules\koa-router\lib\router.js:346:16
    at dispatch (C:\Users\racky\Desktop\Server - ORM\node_modules\koa-router\node_modules\koa-compose\index.js:44:32)
    at next (C:\Users\racky\Desktop\Server - ORM\node_modules\koa-router\node_modules\koa-compose\index.js:45:18)
    at C:\Users\racky\Desktop\Server - ORM\routes\restful.js:97:19
    at dispatch (C:\Users\racky\Desktop\Server - ORM\node_modules\koa-router\node_modules\koa-compose\index.js:44:32)
    at next (C:\Users\racky\Desktop\Server - ORM\node_modules\koa-router\node_modules\koa-compose\index.js:45:18)
    at C:\Users\racky\Desktop\Server - ORM\node_modules\koa-router\lib\router.js:346:16
    at dispatch (C:\Users\racky\Desktop\Server - ORM\node_modules\koa-router\node_modules\koa-compose\index.js:44:32)
    at C:\Users\racky\Desktop\Server - ORM\node_modules\koa-router\node_modules\koa-compose\index.js:36:12
    at dispatch (C:\Users\racky\Desktop\Server - ORM\node_modules\koa-router\lib\router.js:351:31)
    at dispatch (C:\Users\racky\Desktop\Server - ORM\node_modules\koa-compose\index.js:42:32)
[2020-06-27T22:11:45.920] [ERROR] app - TypeError: this.forge is not a function
    at Function.Login (C:\Users\racky\Desktop\Server - ORM\models\index.js:31:21)
    at Object.out.Post (C:\Users\racky\Desktop\Server - ORM\restful\v0\sessions.js:8:27)
    at RestfulAPIMethods.<computed> (C:\Users\racky\Desktop\Server - ORM\routes\restful.js:32:60)
    at dispatch (C:\Users\racky\Desktop\Server - ORM\node_modules\koa-router\node_modules\koa-compose\index.js:44:32)
    at next (C:\Users\racky\Desktop\Server - ORM\node_modules\koa-router\node_modules\koa-compose\index.js:45:18)
    at C:\Users\racky\Desktop\Server - ORM\node_modules\koa-router\lib\router.js:346:16
    at dispatch (C:\Users\racky\Desktop\Server - ORM\node_modules\koa-router\node_modules\koa-compose\index.js:44:32)
    at next (C:\Users\racky\Desktop\Server - ORM\node_modules\koa-router\node_modules\koa-compose\index.js:45:18)
    at C:\Users\racky\Desktop\Server - ORM\routes\restful.js:97:19
    at dispatch (C:\Users\racky\Desktop\Server - ORM\node_modules\koa-router\node_modules\koa-compose\index.js:44:32)
    at next (C:\Users\racky\Desktop\Server - ORM\node_modules\koa-router\node_modules\koa-compose\index.js:45:18)
    at C:\Users\racky\Desktop\Server - ORM\node_modules\koa-router\lib\router.js:346:16
    at dispatch (C:\Users\racky\Desktop\Server - ORM\node_modules\koa-router\node_modules\koa-compose\index.js:44:32)
    at C:\Users\racky\Desktop\Server - ORM\node_modules\koa-router\node_modules\koa-compose\index.js:36:12
    at dispatch (C:\Users\racky\Desktop\Server - ORM\node_modules\koa-router\lib\router.js:351:31)
    at dispatch (C:\Users\racky\Desktop\Server - ORM\node_modules\koa-compose\index.js:42:32)
[2020-06-27T22:12:32.015] [ERROR] app - User has not been registered
[2020-06-27T22:16:05.074] [ERROR] app - SyntaxError: Unexpected token r in JSON at position 38
    at JSON.parse (<anonymous>)
    at parse (C:\Users\racky\Desktop\Server - ORM\node_modules\co-body\lib\json.js:57:17)
    at C:\Users\racky\Desktop\Server - ORM\node_modules\co-body\lib\json.js:41:16
    at processTicksAndRejections (internal/process/task_queues.js:97:5)
    at async module.exports (C:\Users\racky\Desktop\Server - ORM\middlewares\response.js:12:9)
    at async cors (C:\Users\racky\Desktop\Server - ORM\node_modules\koa2-cors\dist\index.js:91:9) {
  status: 400,
  body: '{\r\n    "user":"root",\r\n    "password":root\r\n}'
}
[2020-06-27T22:17:17.775] [ERROR] app - ReferenceError: id is not defined
    at Object.out.Post (C:\Users\racky\Desktop\Server - ORM\restful\v0\sessions.js:11:5)
    at async RestfulAPIMethods.<computed> (C:\Users\racky\Desktop\Server - ORM\routes\restful.js:32:34)
    at async C:\Users\racky\Desktop\Server - ORM\routes\restful.js:97:13
    at async module.exports (C:\Users\racky\Desktop\Server - ORM\middlewares\response.js:12:9)
    at async cors (C:\Users\racky\Desktop\Server - ORM\node_modules\koa2-cors\dist\index.js:91:9)
[2020-06-27T22:37:52.450] [ERROR] app - ReferenceError: id is not defined
    at Object.out.Post (C:\Users\racky\Desktop\Server - ORM\restful\v0\sessions.js:11:5)
    at async RestfulAPIMethods.<computed> (C:\Users\racky\Desktop\Server - ORM\routes\restful.js:32:34)
    at async C:\Users\racky\Desktop\Server - ORM\routes\restful.js:97:13
    at async module.exports (C:\Users\racky\Desktop\Server - ORM\middlewares\response.js:12:9)
    at async cors (C:\Users\racky\Desktop\Server - ORM\node_modules\koa2-cors\dist\index.js:91:9)
[2020-06-27T22:48:33.038] [ERROR] app - ReferenceError: id is not defined
    at Object.out.Post (C:\Users\racky\Desktop\Server - ORM\restful\v0\sessions.js:19:5)
    at async RestfulAPIMethods.<computed> (C:\Users\racky\Desktop\Server - ORM\routes\restful.js:32:34)
    at async C:\Users\racky\Desktop\Server - ORM\routes\restful.js:97:13
    at async module.exports (C:\Users\racky\Desktop\Server - ORM\middlewares\response.js:12:9)
    at async cors (C:\Users\racky\Desktop\Server - ORM\node_modules\koa2-cors\dist\index.js:91:9)
[2020-06-27T22:59:52.198] [ERROR] app - TypeError: util.getIP is not a function
    at Object.out.Post (C:\Users\racky\Desktop\Server - ORM\restful\v0\sessions.js:10:19)
    at async RestfulAPIMethods.<computed> (C:\Users\racky\Desktop\Server - ORM\routes\restful.js:32:34)
    at async C:\Users\racky\Desktop\Server - ORM\routes\restful.js:97:13
    at async module.exports (C:\Users\racky\Desktop\Server - ORM\middlewares\response.js:12:9)
    at async cors (C:\Users\racky\Desktop\Server - ORM\node_modules\koa2-cors\dist\index.js:91:9)
[2020-06-27T23:00:02.029] [ERROR] app - ReferenceError: logger is not defined
    at C:\Users\racky\Desktop\Server - ORM\routes\restful.js:92:17
    at dispatch (C:\Users\racky\Desktop\Server - ORM\node_modules\koa-router\node_modules\koa-compose\index.js:44:32)
    at next (C:\Users\racky\Desktop\Server - ORM\node_modules\koa-router\node_modules\koa-compose\index.js:45:18)
    at C:\Users\racky\Desktop\Server - ORM\node_modules\koa-router\lib\router.js:346:16
    at dispatch (C:\Users\racky\Desktop\Server - ORM\node_modules\koa-router\node_modules\koa-compose\index.js:44:32)
    at C:\Users\racky\Desktop\Server - ORM\node_modules\koa-router\node_modules\koa-compose\index.js:36:12
    at dispatch (C:\Users\racky\Desktop\Server - ORM\node_modules\koa-router\lib\router.js:351:31)
    at dispatch (C:\Users\racky\Desktop\Server - ORM\node_modules\koa-compose\index.js:42:32)
    at C:\Users\racky\Desktop\Server - ORM\node_modules\koa-bodyparser\index.js:74:14
    at processTicksAndRejections (internal/process/task_queues.js:97:5)
    at async module.exports (C:\Users\racky\Desktop\Server - ORM\middlewares\response.js:12:9)
    at async cors (C:\Users\racky\Desktop\Server - ORM\node_modules\koa2-cors\dist\index.js:91:9)
