[2020-04-07T08:17:40.444] [ERROR] app - 401
[2020-04-07T08:17:54.240] [ERROR] app - 401
[2020-04-07T08:17:54.246] [ERROR] app - 401
[2020-04-07T08:17:54.248] [ERROR] app - 401
[2020-04-07T08:17:54.251] [ERROR] app - 401
[2020-04-07T08:18:16.825] [ERROR] app - 401
[2020-04-07T08:21:08.835] [ERROR] app - 403
[2020-04-07T08:49:31.784] [ERROR] app - 401
[2020-04-07T09:30:27.335] [ERROR] app - Request without token
[2020-04-07T09:30:27.336] [ERROR] app - 没有访问权限
[2020-04-07T09:30:27.341] [ERROR] app - 401
[2020-04-07T09:30:27.345] [ERROR] app - 401
[2020-04-07T09:30:27.348] [ERROR] app - 401
[2020-04-07T09:30:28.545] [ERROR] app - Request without token
[2020-04-07T09:30:28.546] [ERROR] app - 没有访问权限
[2020-04-07T09:30:28.551] [ERROR] app - 401
[2020-04-07T09:30:28.553] [ERROR] app - 401
[2020-04-07T09:30:28.556] [ERROR] app - 401
[2020-04-07T09:32:07.077] [ERROR] app - 401
[2020-04-07T09:32:07.084] [ERROR] app - 401
[2020-04-07T09:32:16.946] [ERROR] app - 401
[2020-04-07T09:32:16.951] [ERROR] app - 401
[2020-04-07T09:32:45.081] [ERROR] app - 401
[2020-04-07T09:32:45.084] [ERROR] app - 401
[2020-04-07T09:32:56.465] [ERROR] app - 401
[2020-04-07T09:32:56.469] [ERROR] app - 401
[2020-04-07T09:33:10.498] [ERROR] app - 401
[2020-04-07T09:33:10.501] [ERROR] app - 401
[2020-04-07T09:33:59.079] [ERROR] app - 401
[2020-04-07T09:33:59.083] [ERROR] app - 401
[2020-04-07T09:34:08.814] [ERROR] app - 401
[2020-04-07T09:34:08.817] [ERROR] app - 401
[2020-04-07T09:34:23.477] [ERROR] app - 401
[2020-04-07T09:34:23.481] [ERROR] app - 401
[2020-04-07T09:35:33.130] [ERROR] app - 401
[2020-04-07T09:35:33.135] [ERROR] app - 401
[2020-04-07T09:35:38.569] [ERROR] app - 401
[2020-04-07T09:35:38.573] [ERROR] app - 401
[2020-04-07T11:36:34.109] [ERROR] app - 401
[2020-04-07T11:36:55.340] [ERROR] app - 401
[2020-04-07T11:37:18.655] [ERROR] app - Request without token
[2020-04-07T11:37:18.656] [ERROR] app - 没有访问权限
[2020-04-07T11:37:18.659] [ERROR] app - 401
[2020-04-07T11:37:18.665] [ERROR] app - 401
[2020-04-07T11:37:18.668] [ERROR] app - 401
[2020-04-07T12:04:03.608] [ERROR] app - Request without token
[2020-04-07T12:04:03.609] [ERROR] app - 没有访问权限
[2020-04-07T12:05:50.668] [ERROR] app - Request without token
[2020-04-07T12:05:50.669] [ERROR] app - 没有访问权限
[2020-04-07T12:07:34.897] [ERROR] app - Request without token
[2020-04-07T12:07:34.899] [ERROR] app - 没有访问权限
[2020-04-07T12:08:33.015] [ERROR] app - Request without token
[2020-04-07T12:08:33.017] [ERROR] app - 没有访问权限
[2020-04-07T12:12:41.484] [ERROR] app - Request without token
[2020-04-07T12:12:41.486] [ERROR] app - 没有访问权限
[2020-04-07T13:34:08.617] [ERROR] app - Request without token
[2020-04-07T13:34:08.619] [ERROR] app - 没有访问权限
[2020-04-07T13:34:08.622] [ERROR] app - 401
[2020-04-07T13:34:08.624] [ERROR] app - 401
[2020-04-07T13:34:08.627] [ERROR] app - 401
[2020-04-07T13:34:18.694] [ERROR] app - 401
[2020-04-07T13:34:18.700] [ERROR] app - 401
[2020-04-07T13:34:20.313] [ERROR] app - Request without token
[2020-04-07T13:34:20.314] [ERROR] app - 没有访问权限
[2020-04-07T13:34:20.317] [ERROR] app - 401
[2020-04-07T13:34:20.320] [ERROR] app - 401
[2020-04-07T13:34:20.323] [ERROR] app - 401
[2020-04-07T13:36:13.202] [ERROR] app - Request without token
[2020-04-07T13:36:13.203] [ERROR] app - 没有访问权限
[2020-04-07T13:36:41.607] [ERROR] app - Request without token
[2020-04-07T13:36:41.608] [ERROR] app - 没有访问权限
[2020-04-07T14:36:38.822] [ERROR] app - Request without token
[2020-04-07T14:36:38.823] [ERROR] app - 没有访问权限
[2020-04-07T14:36:39.900] [ERROR] app - Request without token
[2020-04-07T14:36:39.902] [ERROR] app - 没有访问权限
[2020-04-07T14:38:20.839] [ERROR] app - Request without token
[2020-04-07T14:38:20.840] [ERROR] app - 没有访问权限
[2020-04-07T14:38:22.083] [ERROR] app - Request without token
[2020-04-07T14:38:22.084] [ERROR] app - 没有访问权限
[2020-04-07T14:38:48.818] [ERROR] app - Request without token
[2020-04-07T14:38:48.819] [ERROR] app - 没有访问权限
[2020-04-07T14:40:34.902] [ERROR] app - Request without token
[2020-04-07T14:40:34.903] [ERROR] app - 没有访问权限
[2020-04-07T14:41:59.823] [ERROR] app - Request without token
[2020-04-07T14:41:59.825] [ERROR] app - 没有访问权限
[2020-04-07T14:42:45.747] [ERROR] app - Request without token
[2020-04-07T14:42:45.748] [ERROR] app - 没有访问权限
[2020-04-07T14:53:50.264] [ERROR] app - Request without token
[2020-04-07T14:53:50.265] [ERROR] app - 没有访问权限
[2020-04-07T15:01:24.288] [ERROR] app - Request without token
[2020-04-07T15:01:24.289] [ERROR] app - 没有访问权限
[2020-04-07T15:03:23.763] [ERROR] app - Request without token
[2020-04-07T15:03:23.764] [ERROR] app - 没有访问权限
[2020-04-07T15:03:50.207] [ERROR] app - Request without token
[2020-04-07T15:03:50.208] [ERROR] app - 没有访问权限
[2020-04-07T16:16:23.255] [ERROR] app - Request without token
[2020-04-07T16:16:23.256] [ERROR] app - 没有访问权限
[2020-04-07T16:16:24.832] [ERROR] app - Request without token
[2020-04-07T16:16:24.833] [ERROR] app - 没有访问权限
[2020-04-07T16:28:45.599] [ERROR] app - { Error: ER_BAD_FIELD_ERROR: Unknown column 'charger' in 'field list'
    at Query.Sequence._packetToError (D:\able_project\CloudServer\node_modules\mysql\lib\protocol\sequences\Sequence.js:47:14)
    at Query.ErrorPacket (D:\able_project\CloudServer\node_modules\mysql\lib\protocol\sequences\Query.js:77:18)
    at Protocol._parsePacket (D:\able_project\CloudServer\node_modules\mysql\lib\protocol\Protocol.js:278:23)
    at Parser.write (D:\able_project\CloudServer\node_modules\mysql\lib\protocol\Parser.js:76:12)
    at Protocol.write (D:\able_project\CloudServer\node_modules\mysql\lib\protocol\Protocol.js:38:16)
    at Socket.<anonymous> (D:\able_project\CloudServer\node_modules\mysql\lib\Connection.js:91:28)
    at Socket.<anonymous> (D:\able_project\CloudServer\node_modules\mysql\lib\Connection.js:502:10)
    at Socket.emit (events.js:182:13)
    at addChunk (_stream_readable.js:283:12)
    at readableAddChunk (_stream_readable.js:264:11)
    at Socket.Readable.push (_stream_readable.js:219:10)
    at TCP.onStreamRead [as onread] (internal/stream_base_commons.js:94:17)
    at Protocol._enqueue (D:\able_project\CloudServer\node_modules\mysql\lib\protocol\Protocol.js:144:48)
    at Connection.query (D:\able_project\CloudServer\node_modules\mysql\lib\Connection.js:200:25)
    at D:\able_project\CloudServer\node_modules\knex\lib\dialects\mysql\index.js:152:18
From previous event:
    at Client_MySQL._query (D:\able_project\CloudServer\node_modules\knex\lib\dialects\mysql\index.js:146:12)
    at Client_MySQL.query (D:\able_project\CloudServer\node_modules\knex\lib\client.js:197:17)
    at Runner.<anonymous> (D:\able_project\CloudServer\node_modules\knex\lib\runner.js:146:36)
From previous event:
    at D:\able_project\CloudServer\node_modules\knex\lib\runner.js:65:21
    at runCallback (timers.js:694:18)
    at tryOnImmediate (timers.js:665:5)
From previous event:
    at Runner.run (D:\able_project\CloudServer\node_modules\knex\lib\runner.js:51:31)
    at Builder.Target.then (D:\able_project\CloudServer\node_modules\knex\lib\interface.js:35:43)
    at process._tickCallback (internal/process/next_tick.js:68:7)
  code: 'ER_BAD_FIELD_ERROR',
  errno: 1054,
  sqlMessage: 'Unknown column \'charger\' in \'field list\'',
  sqlState: '42S22',
  index: 0,
  sql:
   'insert into `order` (`charger`, `id`, `inputTime`, `inputor`, `name`, `startDate`, `stype`, `type_id`) values (\'UID00000001\', \'order000000000VR\', \'2020-04-07T16:28:45+08:00\', \'UID00000001\', \'简介简介或胡\', \'2020-04-15\', \'requirement\', \'common\')' }
