[2020-04-02T08:59:29.583] [ERROR] app - 401
[2020-04-02T09:12:14.968] [INFO] app - API_OBJECT_UNDEFINED:object=workflow
[2020-04-02T09:12:32.351] [INFO] app - API_OBJECT_UNDEFINED:object=workflow
[2020-04-02T09:12:34.589] [INFO] app - API_OBJECT_UNDEFINED:object=workflow
[2020-04-02T09:13:06.173] [ERROR] app - { Error: ER_PARSE_ERROR: You have an error in your SQL syntax; check the manual that corresponds to your MySQL server version for the right syntax to use near ''[object Object]', '[object Object]', '[object Object]', '[object Object]', '[ob' at line 1
    at Query.Sequence._packetToError (D:\able_project\CloudServer\node_modules\mysql\lib\protocol\sequences\Sequence.js:47:14)
    at Query.ErrorPacket (D:\able_project\CloudServer\node_modules\mysql\lib\protocol\sequences\Query.js:77:18)
    at Protocol._parsePacket (D:\able_project\CloudServer\node_modules\mysql\lib\protocol\Protocol.js:278:23)
    at Parser.write (D:\able_project\CloudServer\node_modules\mysql\lib\protocol\Parser.js:76:12)
    at Protocol.write (D:\able_project\CloudServer\node_modules\mysql\lib\protocol\Protocol.js:38:16)
    at Socket.<anonymous> (D:\able_project\CloudServer\node_modules\mysql\lib\Connection.js:91:28)
    at Socket.<anonymous> (D:\able_project\CloudServer\node_modules\mysql\lib\Connection.js:502:10)
    at Socket.emit (events.js:182:13)
    at addChunk (_stream_readable.js:283:12)
    at readableAddChunk (_stream_readable.js:264:11)
    at Socket.Readable.push (_stream_readable.js:219:10)
    at TCP.onStreamRead [as onread] (internal/stream_base_commons.js:94:17)
    at Protocol._enqueue (D:\able_project\CloudServer\node_modules\mysql\lib\protocol\Protocol.js:144:48)
    at Connection.query (D:\able_project\CloudServer\node_modules\mysql\lib\Connection.js:200:25)
    at D:\able_project\CloudServer\node_modules\knex\lib\dialects\mysql\index.js:152:18
From previous event:
    at Client_MySQL._query (D:\able_project\CloudServer\node_modules\knex\lib\dialects\mysql\index.js:146:12)
    at Client_MySQL.query (D:\able_project\CloudServer\node_modules\knex\lib\client.js:197:17)
    at Runner.<anonymous> (D:\able_project\CloudServer\node_modules\knex\lib\runner.js:146:36)
From previous event:
    at D:\able_project\CloudServer\node_modules\knex\lib\runner.js:65:21
    at runCallback (timers.js:694:18)
    at tryOnImmediate (timers.js:665:5)
From previous event:
    at Runner.run (D:\able_project\CloudServer\node_modules\knex\lib\runner.js:51:31)
    at Builder.Target.then (D:\able_project\CloudServer\node_modules\knex\lib\interface.js:35:43)
    at process._tickCallback (internal/process/next_tick.js:68:7)
  code: 'ER_PARSE_ERROR',
  errno: 1064,
  sqlMessage:
   'You have an error in your SQL syntax; check the manual that corresponds to your MySQL server version for the right syntax to use near \'\'[object Object]\', \'[object Object]\', \'[object Object]\', \'[object Object]\', \'[ob\' at line 1',
  sqlState: '42000',
  index: 0,
  sql:
   'update `workflow` set `_index` = 0, `_rowKey` = 28, `actions` = \'[object Object]\', \'[object Object]\', \'[object Object]\', \'[object Object]\', \'[object Object]\', \'[object Object]\', \'[object Object]\', \'[object Object]\', `code` = \'W001\', `data` = `inputor` = \'[object Object]\', `inputorDep` = \'[object Object]\', `type` = \'[object Object]\', `date` = \'[object Object]\', `bills` = \'[object Object]\', `files` = \'[object Object]\', `amount` = \'[object Object]\', `desc` = \'[object Object]\', `accquiredTime` = \'[object Object]\', `checkor` = \'[object Object]\', `cc` = \'[object Object]\', `desc` = \'事业部员工的报销需要由事业部经理审核(同时抄送综合部)，审核通过后由总公司审核后交于财务室处理\', `name` = \'事业部标准报销流程\', `nodes` = \'[object Object]\', \'[object Object]\', \'[object Object]\', \'[object Object]\', \'[object Object]\', \'[object Object]\', `type` = \'综合\', `views` = \'[object Object]\' where `id` = \'W001\'' }
[2020-04-02T09:49:53.235] [INFO] app - *** SYSTEM STARTUP on PORT (5858) ***
[2020-04-02T09:50:05.812] [ERROR] app - { Error: ER_PARSE_ERROR: You have an error in your SQL syntax; check the manual that corresponds to your MySQL server version for the right syntax to use near ''[object Object]', '[object Object]', '[object Object]', '[object Object]', '[ob' at line 1
    at Query.Sequence._packetToError (D:\able_project\CloudServer\node_modules\mysql\lib\protocol\sequences\Sequence.js:47:14)
    at Query.ErrorPacket (D:\able_project\CloudServer\node_modules\mysql\lib\protocol\sequences\Query.js:77:18)
    at Protocol._parsePacket (D:\able_project\CloudServer\node_modules\mysql\lib\protocol\Protocol.js:278:23)
    at Parser.write (D:\able_project\CloudServer\node_modules\mysql\lib\protocol\Parser.js:76:12)
    at Protocol.write (D:\able_project\CloudServer\node_modules\mysql\lib\protocol\Protocol.js:38:16)
    at Socket.<anonymous> (D:\able_project\CloudServer\node_modules\mysql\lib\Connection.js:91:28)
    at Socket.<anonymous> (D:\able_project\CloudServer\node_modules\mysql\lib\Connection.js:502:10)
    at Socket.emit (events.js:182:13)
    at addChunk (_stream_readable.js:283:12)
    at readableAddChunk (_stream_readable.js:264:11)
    at Socket.Readable.push (_stream_readable.js:219:10)
    at TCP.onStreamRead [as onread] (internal/stream_base_commons.js:94:17)
    at Protocol._enqueue (D:\able_project\CloudServer\node_modules\mysql\lib\protocol\Protocol.js:144:48)
    at Connection.query (D:\able_project\CloudServer\node_modules\mysql\lib\Connection.js:200:25)
    at D:\able_project\CloudServer\node_modules\knex\lib\dialects\mysql\index.js:152:18
From previous event:
    at Client_MySQL._query (D:\able_project\CloudServer\node_modules\knex\lib\dialects\mysql\index.js:146:12)
    at Client_MySQL.query (D:\able_project\CloudServer\node_modules\knex\lib\client.js:197:17)
    at Runner.<anonymous> (D:\able_project\CloudServer\node_modules\knex\lib\runner.js:146:36)
From previous event:
    at D:\able_project\CloudServer\node_modules\knex\lib\runner.js:65:21
    at runCallback (timers.js:694:18)
    at tryOnImmediate (timers.js:665:5)
From previous event:
    at Runner.run (D:\able_project\CloudServer\node_modules\knex\lib\runner.js:51:31)
    at Builder.Target.then (D:\able_project\CloudServer\node_modules\knex\lib\interface.js:35:43)
    at process._tickCallback (internal/process/next_tick.js:68:7)
  code: 'ER_PARSE_ERROR',
  errno: 1064,
  sqlMessage:
   'You have an error in your SQL syntax; check the manual that corresponds to your MySQL server version for the right syntax to use near \'\'[object Object]\', \'[object Object]\', \'[object Object]\', \'[object Object]\', \'[ob\' at line 1',
  sqlState: '42000',
  index: 0,
  sql:
   'update `workflow` set `_index` = 0, `_rowKey` = 28, `actions` = \'[object Object]\', \'[object Object]\', \'[object Object]\', \'[object Object]\', \'[object Object]\', \'[object Object]\', \'[object Object]\', \'[object Object]\', `code` = \'W001\', `data` = `inputor` = \'[object Object]\', `inputorDep` = \'[object Object]\', `type` = \'[object Object]\', `date` = \'[object Object]\', `bills` = \'[object Object]\', `files` = \'[object Object]\', `amount` = \'[object Object]\', `desc` = \'[object Object]\', `accquiredTime` = \'[object Object]\', `checkor` = \'[object Object]\', `cc` = \'[object Object]\', `desc` = \'事业部员工的报销需要由事业部经理审核(同时抄送综合部)，审核通过后由总公司审核后交于财务室处理\', `name` = \'事业部标准报销流程\', `nodes` = \'[object Object]\', \'[object Object]\', \'[object Object]\', \'[object Object]\', \'[object Object]\', \'[object Object]\', `type` = \'综合\', `views` = \'[object Object]\' where `id` = \'W001\'' }
[2020-04-02T09:51:07.280] [INFO] app - *** SYSTEM STARTUP on PORT (5858) ***
[2020-04-02T09:51:08.757] [INFO] app - API_METHOD_UNDEFINED:object=workflows,method=Patch
[2020-04-02T09:51:50.845] [INFO] app - *** SYSTEM STARTUP on PORT (5858) ***
[2020-04-02T09:52:02.335] [INFO] app - API_METHOD_UNDEFINED:object=workflows,method=Patch
[2020-04-02T09:56:30.851] [INFO] app - *** SYSTEM STARTUP on PORT (5858) ***
[2020-04-02T09:56:33.525] [INFO] app - API_VERSION_UNDEFINED:api-version=v0,exception=[object Object]
[2020-04-02T09:56:55.737] [INFO] app - *** SYSTEM STARTUP on PORT (5858) ***
[2020-04-02T09:57:01.287] [INFO] app - API_VERSION_UNDEFINED:api-version=v0,exception=[object Object]
[2020-04-02T09:57:14.565] [INFO] app - *** SYSTEM STARTUP on PORT (5858) ***
[2020-04-02T09:57:16.767] [ERROR] app - TypeError: ctx.debug is not a function
    at Object.Patch (D:\able_project\CloudServer\restful\v0\workflows.js:31:9)
    at RestfulAPIMethods.(anonymous function) (D:\able_project\CloudServer\routes\restful.js:32:60)
    at dispatch (D:\able_project\CloudServer\node_modules\koa-router\node_modules\koa-compose\index.js:44:32)
    at next (D:\able_project\CloudServer\node_modules\koa-router\node_modules\koa-compose\index.js:45:18)
    at module.exports (D:\able_project\CloudServer\middlewares\authRouter.js:13:10)
    at dispatch (D:\able_project\CloudServer\node_modules\koa-router\node_modules\koa-compose\index.js:44:32)
    at next (D:\able_project\CloudServer\node_modules\koa-router\node_modules\koa-compose\index.js:45:18)
    at D:\able_project\CloudServer\node_modules\koa-router\lib\router.js:346:16
    at dispatch (D:\able_project\CloudServer\node_modules\koa-router\node_modules\koa-compose\index.js:44:32)
    at next (D:\able_project\CloudServer\node_modules\koa-router\node_modules\koa-compose\index.js:45:18)
    at route.use (D:\able_project\CloudServer\routes\restful.js:97:19)
    at dispatch (D:\able_project\CloudServer\node_modules\koa-router\node_modules\koa-compose\index.js:44:32)
    at next (D:\able_project\CloudServer\node_modules\koa-router\node_modules\koa-compose\index.js:45:18)
    at D:\able_project\CloudServer\node_modules\koa-router\lib\router.js:346:16
    at dispatch (D:\able_project\CloudServer\node_modules\koa-router\node_modules\koa-compose\index.js:44:32)
    at D:\able_project\CloudServer\node_modules\koa-router\node_modules\koa-compose\index.js:36:12
[2020-04-02T09:58:05.240] [INFO] app - *** SYSTEM STARTUP on PORT (5858) ***
[2020-04-02T09:58:36.264] [INFO] app - *** SYSTEM STARTUP on PORT (5858) ***
[2020-04-02T09:58:37.930] [ERROR] app - 调试成功:PATCH
[2020-04-02T10:00:37.547] [ERROR] app - 调试成功:PATCH
[2020-04-02T10:01:54.032] [ERROR] app - 调试成功:PATCH
[2020-04-02T10:02:19.058] [ERROR] app - 调试成功:PATCH
[2020-04-02T10:02:52.419] [ERROR] app - 调试成功:PATCH
[2020-04-02T10:03:12.169] [ERROR] app - 调试成功:PATCH
[2020-04-02T10:03:23.635] [ERROR] app - 调试成功:PATCH
[2020-04-02T10:03:50.931] [ERROR] app - 调试成功:PATCH
[2020-04-02T10:07:42.130] [ERROR] app - 401
[2020-04-02T10:07:44.702] [ERROR] app - 调试成功:PATCH
[2020-04-02T10:26:31.742] [ERROR] app - 调试成功:PATCH
[2020-04-02T14:19:47.168] [ERROR] app - 401
[2020-04-02T14:23:24.634] [ERROR] app - 401
[2020-04-02T14:23:24.637] [ERROR] app - 401
[2020-04-02T14:23:46.017] [ERROR] app - 401
[2020-04-02T14:23:46.019] [ERROR] app - 401
[2020-04-02T14:25:07.576] [ERROR] app - 401
[2020-04-02T14:25:07.579] [ERROR] app - 401
[2020-04-02T14:25:11.435] [ERROR] app - 401
[2020-04-02T14:26:06.401] [ERROR] app - 401
[2020-04-02T14:26:06.403] [ERROR] app - 401
[2020-04-02T14:26:06.405] [ERROR] app - 401
[2020-04-02T14:43:08.269] [ERROR] app - 401
[2020-04-02T14:43:08.536] [ERROR] app - 401
[2020-04-02T14:43:08.553] [ERROR] app - 401
[2020-04-02T14:43:20.675] [ERROR] app - 401
[2020-04-02T14:43:21.216] [ERROR] app - 401
[2020-04-02T14:43:21.235] [ERROR] app - 401
[2020-04-02T14:53:18.497] [ERROR] app - 401
[2020-04-02T14:58:12.733] [ERROR] app - 401
[2020-04-02T14:58:12.735] [ERROR] app - 401
[2020-04-02T14:58:12.742] [ERROR] app - 401
[2020-04-02T14:58:13.012] [ERROR] app - 401
[2020-04-02T14:58:13.018] [ERROR] app - 401
[2020-04-02T15:15:22.228] [ERROR] app - 401
[2020-04-02T15:18:39.790] [ERROR] app - 401
[2020-04-02T15:18:40.973] [ERROR] app - 401
[2020-04-02T15:19:57.271] [ERROR] app - 401
[2020-04-02T15:20:23.196] [ERROR] app - 401
[2020-04-02T15:22:08.157] [ERROR] app - 401
[2020-04-02T15:44:08.935] [ERROR] app - 401
[2020-04-02T15:44:45.721] [ERROR] app - 401
[2020-04-02T15:44:53.859] [ERROR] app - 401
[2020-04-02T15:52:55.127] [ERROR] app - 401
[2020-04-02T16:00:49.774] [ERROR] app - 401
[2020-04-02T16:01:06.193] [ERROR] app - 401
[2020-04-02T16:03:26.952] [ERROR] app - 401
[2020-04-02T16:03:47.982] [ERROR] app - 401
[2020-04-02T16:03:59.239] [ERROR] app - 401
[2020-04-02T16:04:58.365] [ERROR] app - 401
[2020-04-02T16:07:54.938] [ERROR] app - 401
[2020-04-02T16:08:00.004] [ERROR] app - 401
