[2020-07-25T08:24:23.130] [ERROR] app - 登录已过期
[2020-07-25T08:24:23.138] [ERROR] app - 登录已过期
[2020-07-25T08:28:07.895] [ERROR] app - 登录已过期
[2020-07-25T08:28:07.898] [ERROR] app - 登录已过期
[2020-07-25T08:28:35.440] [ERROR] app - 登录已过期
[2020-07-25T08:28:35.444] [ERROR] app - 登录已过期
[2020-07-25T08:29:41.096] [ERROR] app - 登录已过期
[2020-07-25T08:29:41.100] [ERROR] app - 登录已过期
[2020-07-25T08:30:48.277] [ERROR] app - 登录已过期
[2020-07-25T08:30:48.285] [ERROR] app - 登录已过期
[2020-07-25T08:36:22.541] [ERROR] app - 登录已过期
[2020-07-25T09:29:30.591] [ERROR] app - 登录已过期
[2020-07-25T09:29:30.612] [ERROR] app - 登录已过期
[2020-07-25T09:30:41.864] [ERROR] app - 登录已过期
[2020-07-25T09:30:41.886] [ERROR] app - 登录已过期
[2020-07-25T09:31:12.899] [ERROR] app - 登录已过期
[2020-07-25T09:31:12.903] [ERROR] app - 登录已过期
[2020-07-25T09:32:05.825] [ERROR] app - 登录已过期
[2020-07-25T09:32:05.830] [ERROR] app - 登录已过期
[2020-07-25T09:32:23.832] [ERROR] app - 登录已过期
[2020-07-25T09:32:23.836] [ERROR] app - 登录已过期
[2020-07-25T09:32:42.026] [ERROR] app - 登录已过期
[2020-07-25T09:32:42.047] [ERROR] app - 登录已过期
[2020-07-25T09:32:53.999] [ERROR] app - 登录已过期
[2020-07-25T09:32:54.012] [ERROR] app - 登录已过期
[2020-07-25T09:36:19.018] [ERROR] app - 登录已过期
[2020-07-25T09:36:24.560] [ERROR] app - 用户未登录
[2020-07-25T09:50:46.365] [ERROR] app - 登录已过期
[2020-07-25T09:50:46.374] [ERROR] app - 登录已过期
[2020-07-25T09:51:51.699] [ERROR] app - 登录已过期
[2020-07-25T09:51:51.748] [ERROR] app - 登录已过期
[2020-07-25T09:52:58.068] [ERROR] app - 登录已过期
[2020-07-25T09:52:58.193] [ERROR] app - 登录已过期
[2020-07-25T10:44:39.817] [ERROR] app - { Error: insert into `dep` (`color`, `name`) values ('#333333', '512') - ER_DUP_ENTRY: Duplicate entry '0' for key 'PRIMARY'
    at Query.Sequence._packetToError (C:\Users\BIM02\Desktop\ServerKT\node_modules\mysql\lib\protocol\sequences\Sequence.js:47:14)
    at Query.ErrorPacket (C:\Users\BIM02\Desktop\ServerKT\node_modules\mysql\lib\protocol\sequences\Query.js:79:18)
    at Protocol._parsePacket (C:\Users\BIM02\Desktop\ServerKT\node_modules\mysql\lib\protocol\Protocol.js:291:23)
    at Parser._parsePacket (C:\Users\BIM02\Desktop\ServerKT\node_modules\mysql\lib\protocol\Parser.js:433:10)
    at Parser.write (C:\Users\BIM02\Desktop\ServerKT\node_modules\mysql\lib\protocol\Parser.js:43:10)
    at Protocol.write (C:\Users\BIM02\Desktop\ServerKT\node_modules\mysql\lib\protocol\Protocol.js:38:16)
    at Socket.<anonymous> (C:\Users\BIM02\Desktop\ServerKT\node_modules\mysql\lib\Connection.js:88:28)
    at Socket.<anonymous> (C:\Users\BIM02\Desktop\ServerKT\node_modules\mysql\lib\Connection.js:526:10)
    at Socket.emit (events.js:182:13)
    at addChunk (_stream_readable.js:283:12)
    at readableAddChunk (_stream_readable.js:264:11)
    at Socket.Readable.push (_stream_readable.js:219:10)
    at TCP.onStreamRead [as onread] (internal/stream_base_commons.js:94:17)
    at Protocol._enqueue (C:\Users\BIM02\Desktop\ServerKT\node_modules\mysql\lib\protocol\Protocol.js:144:48)
    at Connection.query (C:\Users\BIM02\Desktop\ServerKT\node_modules\mysql\lib\Connection.js:198:25)
    at C:\Users\BIM02\Desktop\ServerKT\node_modules\knex\lib\dialects\mysql\index.js:135:18
    at new Promise (<anonymous>)
    at Client_MySQL._query (C:\Users\BIM02\Desktop\ServerKT\node_modules\knex\lib\dialects\mysql\index.js:129:12)
    at Client_MySQL.query (C:\Users\BIM02\Desktop\ServerKT\node_modules\knex\lib\client.js:169:17)
    at Runner.query (C:\Users\BIM02\Desktop\ServerKT\node_modules\knex\lib\runner.js:134:36)
    at C:\Users\BIM02\Desktop\ServerKT\node_modules\knex\lib\runner.js:40:23
    at client.acquireConnection.catch.then (C:\Users\BIM02\Desktop\ServerKT\node_modules\knex\lib\runner.js:260:24)
From previous event:
    at Child.<anonymous> (C:\Users\BIM02\Desktop\ServerKT\node_modules\bookshelf\lib\model.js:1160:42)
From previous event:
    at Child.<anonymous> (C:\Users\BIM02\Desktop\ServerKT\node_modules\bookshelf\lib\model.js:1159:14)
    at runCallback (timers.js:694:18)
    at tryOnImmediate (timers.js:665:5)
    at processImmediate (timers.js:647:5)
From previous event:
    at Child.<anonymous> (C:\Users\BIM02\Desktop\ServerKT\node_modules\bookshelf\lib\model.js:1060:10)
From previous event:
    at Object.out.Post (C:\Users\BIM02\Desktop\ServerKT\restful\v0\deps.js:17:37)
    at RestfulAPIMethods.(anonymous function) (C:\Users\BIM02\Desktop\ServerKT\routes\restful.js:32:60)
    at dispatch (C:\Users\BIM02\Desktop\ServerKT\node_modules\koa-router\node_modules\koa-compose\index.js:44:32)
    at next (C:\Users\BIM02\Desktop\ServerKT\node_modules\koa-router\node_modules\koa-compose\index.js:45:18)
    at C:\Users\BIM02\Desktop\ServerKT\node_modules\koa-router\lib\router.js:346:16
    at dispatch (C:\Users\BIM02\Desktop\ServerKT\node_modules\koa-router\node_modules\koa-compose\index.js:44:32)
    at next (C:\Users\BIM02\Desktop\ServerKT\node_modules\koa-router\node_modules\koa-compose\index.js:45:18)
    at route.use (C:\Users\BIM02\Desktop\ServerKT\routes\restful.js:97:19)
    at dispatch (C:\Users\BIM02\Desktop\ServerKT\node_modules\koa-router\node_modules\koa-compose\index.js:44:32)
    at next (C:\Users\BIM02\Desktop\ServerKT\node_modules\koa-router\node_modules\koa-compose\index.js:45:18)
    at C:\Users\BIM02\Desktop\ServerKT\node_modules\koa-router\lib\router.js:346:16
    at dispatch (C:\Users\BIM02\Desktop\ServerKT\node_modules\koa-router\node_modules\koa-compose\index.js:44:32)
    at C:\Users\BIM02\Desktop\ServerKT\node_modules\koa-router\node_modules\koa-compose\index.js:36:12
    at dispatch (C:\Users\BIM02\Desktop\ServerKT\node_modules\koa-router\lib\router.js:351:31)
    at dispatch (C:\Users\BIM02\Desktop\ServerKT\node_modules\koa-compose\index.js:42:32)
    at module.exports (C:\Users\BIM02\Desktop\ServerKT\middlewares\auth.js:84:9)
  code: 'ER_DUP_ENTRY',
  errno: 1062,
  sqlMessage: 'Duplicate entry \'0\' for key \'PRIMARY\'',
  sqlState: '23000',
  index: 0,
  sql:
   'insert into `dep` (`color`, `name`) values (\'#333333\', \'512\')' }
[2020-07-25T10:46:38.444] [WARN] app - { Error: ER_PARSE_ERROR: You have an error in your SQL syntax; check the manual that corresponds to your MySQL server version for the right syntax to use near ' `count` = '0人', 'sys_root'), (`id` = 15, `parent_id` = 1, `name` = '技术部' at line 1
    at Query.Sequence._packetToError (C:\Users\BIM02\Desktop\ServerKT\node_modules\mysql\lib\protocol\sequences\Sequence.js:47:14)
    at Query.ErrorPacket (C:\Users\BIM02\Desktop\ServerKT\node_modules\mysql\lib\protocol\sequences\Query.js:79:18)
    at Protocol._parsePacket (C:\Users\BIM02\Desktop\ServerKT\node_modules\mysql\lib\protocol\Protocol.js:291:23)
    at Parser._parsePacket (C:\Users\BIM02\Desktop\ServerKT\node_modules\mysql\lib\protocol\Parser.js:433:10)
    at Parser.write (C:\Users\BIM02\Desktop\ServerKT\node_modules\mysql\lib\protocol\Parser.js:43:10)
    at Protocol.write (C:\Users\BIM02\Desktop\ServerKT\node_modules\mysql\lib\protocol\Protocol.js:38:16)
    at Socket.<anonymous> (C:\Users\BIM02\Desktop\ServerKT\node_modules\mysql\lib\Connection.js:88:28)
    at Socket.<anonymous> (C:\Users\BIM02\Desktop\ServerKT\node_modules\mysql\lib\Connection.js:526:10)
    at Socket.emit (events.js:182:13)
    at addChunk (_stream_readable.js:283:12)
    at readableAddChunk (_stream_readable.js:264:11)
    at Socket.Readable.push (_stream_readable.js:219:10)
    at TCP.onStreamRead [as onread] (internal/stream_base_commons.js:94:17)
    --------------------
    at Protocol._enqueue (C:\Users\BIM02\Desktop\ServerKT\node_modules\mysql\lib\protocol\Protocol.js:144:48)
    at Connection.query (C:\Users\BIM02\Desktop\ServerKT\node_modules\mysql\lib\Connection.js:198:25)
    at C:\Users\BIM02\Desktop\ServerKT\node_modules\knex\lib\dialects\mysql\index.js:135:18
    at new Promise (<anonymous>)
    at Client_MySQL._query (C:\Users\BIM02\Desktop\ServerKT\node_modules\knex\lib\dialects\mysql\index.js:129:12)
    at Client_MySQL.query (C:\Users\BIM02\Desktop\ServerKT\node_modules\knex\lib\client.js:169:17)
    at C:\Users\BIM02\Desktop\ServerKT\node_modules\knex\lib\transaction.js:321:24
    at new Promise (<anonymous>)
    at Client_MySQL.trxClient.query (C:\Users\BIM02\Desktop\ServerKT\node_modules\knex\lib\transaction.js:316:12)
    at Runner.query (C:\Users\BIM02\Desktop\ServerKT\node_modules\knex\lib\runner.js:134:36)
    at C:\Users\BIM02\Desktop\ServerKT\node_modules\knex\lib\runner.js:40:23
    at client.acquireConnection.catch.then (C:\Users\BIM02\Desktop\ServerKT\node_modules\knex\lib\runner.js:260:24)
    at process._tickCallback (internal/process/next_tick.js:68:7)
  code: 'ER_PARSE_ERROR',
  errno: 1064,
  sqlMessage:
   'You have an error in your SQL syntax; check the manual that corresponds to your MySQL server version for the right syntax to use near \' `count` = \'0人\', \'sys_root\'), (`id` = 15, `parent_id` = 1, `name` = \'技术部\' at line 1',
  sqlState: '42000',
  index: 0,
  sql:
   'insert into `dep_user` (`dep_id`, `user_id`) values (`id` = 1, `parent_id` = NULL, `name` = \'我的企业\', `color` = \'#333\', `data` = \'\', `users` = \'[object Object]\', `count` = 10, \'sys_root\'), (`id` = 2, `parent_id` = NULL, `name` = \'外部公司\', `color` = \'#333\', `data` = \'\', `users` = \'[object Object]\', `count` = \'1人\', \'sys_root\'), (`id` = 11, `parent_id` = 1, `name` = \'领导层\', `color` = \'#red\', `data` = \'\', `users` = \'[object Object]\', `count` = \'1人\', \'sys_root\'), (`id` = 12, `parent_id` = 1, `name` = \'财务室\', `color` = \'blue\', `data` = \'\', `users` = \'[object Object]\', `count` = \'1人\', \'sys_root\'), (`id` = 13, `parent_id` = 1, `name` = \'总师室\', `color` = \'orange\', `data` = \'\', `users` = \'[object Object]\', `count` = \'1人\', \'sys_root\'), (`id` = 14, `parent_id` = 1, `name` = \'前期部\', `color` = \'#333\', `data` = \'\', `users` = , `count` = \'0人\', \'sys_root\'), (`id` = 15, `parent_id` = 1, `name` = \'技术部\', `color` = \'#333\', `data` = \'\', `users` = , `count` = \'0人\', \'sys_root\'), (`id` = 16, `parent_id` = 1, `name` = \'项目管理部\', `color` = \'#333\', `data` = \'\', `users` = , `count` = \'0人\', \'sys_root\'), (`id` = 17, `parent_id` = 1, `name` = \'合约部\', `color` = \'#333\', `data` = \'\', `users` = , `count` = \'0人\', \'sys_root\'), (`id` = 18, `parent_id` = 1, `name` = \'招标部\', `color` = \'#333\', `data` = \'\', `users` = , `count` = \'0人\', \'sys_root\'), (`id` = 19, `parent_id` = 1, `name` = \'投标部\', `color` = \'#333\', `data` = \'\', `users` = , `count` = \'0人\', \'sys_root\'), (`id` = 20, `parent_id` = 1, `name` = \'办公室\', `color` = \'#333\', `data` = \'\', `users` = , `count` = \'0人\', \'sys_root\'), (2, 1, \'sys_root\')' }
[2020-07-25T10:46:38.448] [ERROR] app - { Error: ER_PARSE_ERROR: You have an error in your SQL syntax; check the manual that corresponds to your MySQL server version for the right syntax to use near ' `count` = '0人', 'sys_root'), (`id` = 15, `parent_id` = 1, `name` = '技术部' at line 1
    at Query.Sequence._packetToError (C:\Users\BIM02\Desktop\ServerKT\node_modules\mysql\lib\protocol\sequences\Sequence.js:47:14)
    at Query.ErrorPacket (C:\Users\BIM02\Desktop\ServerKT\node_modules\mysql\lib\protocol\sequences\Query.js:79:18)
    at Protocol._parsePacket (C:\Users\BIM02\Desktop\ServerKT\node_modules\mysql\lib\protocol\Protocol.js:291:23)
    at Parser._parsePacket (C:\Users\BIM02\Desktop\ServerKT\node_modules\mysql\lib\protocol\Parser.js:433:10)
    at Parser.write (C:\Users\BIM02\Desktop\ServerKT\node_modules\mysql\lib\protocol\Parser.js:43:10)
    at Protocol.write (C:\Users\BIM02\Desktop\ServerKT\node_modules\mysql\lib\protocol\Protocol.js:38:16)
    at Socket.<anonymous> (C:\Users\BIM02\Desktop\ServerKT\node_modules\mysql\lib\Connection.js:88:28)
    at Socket.<anonymous> (C:\Users\BIM02\Desktop\ServerKT\node_modules\mysql\lib\Connection.js:526:10)
    at Socket.emit (events.js:182:13)
    at addChunk (_stream_readable.js:283:12)
    at readableAddChunk (_stream_readable.js:264:11)
    at Socket.Readable.push (_stream_readable.js:219:10)
    at TCP.onStreamRead [as onread] (internal/stream_base_commons.js:94:17)
    --------------------
    at Protocol._enqueue (C:\Users\BIM02\Desktop\ServerKT\node_modules\mysql\lib\protocol\Protocol.js:144:48)
    at Connection.query (C:\Users\BIM02\Desktop\ServerKT\node_modules\mysql\lib\Connection.js:198:25)
    at C:\Users\BIM02\Desktop\ServerKT\node_modules\knex\lib\dialects\mysql\index.js:135:18
    at new Promise (<anonymous>)
    at Client_MySQL._query (C:\Users\BIM02\Desktop\ServerKT\node_modules\knex\lib\dialects\mysql\index.js:129:12)
    at Client_MySQL.query (C:\Users\BIM02\Desktop\ServerKT\node_modules\knex\lib\client.js:169:17)
    at C:\Users\BIM02\Desktop\ServerKT\node_modules\knex\lib\transaction.js:321:24
    at new Promise (<anonymous>)
    at Client_MySQL.trxClient.query (C:\Users\BIM02\Desktop\ServerKT\node_modules\knex\lib\transaction.js:316:12)
    at Runner.query (C:\Users\BIM02\Desktop\ServerKT\node_modules\knex\lib\runner.js:134:36)
    at C:\Users\BIM02\Desktop\ServerKT\node_modules\knex\lib\runner.js:40:23
    at client.acquireConnection.catch.then (C:\Users\BIM02\Desktop\ServerKT\node_modules\knex\lib\runner.js:260:24)
    at process._tickCallback (internal/process/next_tick.js:68:7)
  code: 'ER_PARSE_ERROR',
  errno: 1064,
  sqlMessage:
   'You have an error in your SQL syntax; check the manual that corresponds to your MySQL server version for the right syntax to use near \' `count` = \'0人\', \'sys_root\'), (`id` = 15, `parent_id` = 1, `name` = \'技术部\' at line 1',
  sqlState: '42000',
  index: 0,
  sql:
   'insert into `dep_user` (`dep_id`, `user_id`) values (`id` = 1, `parent_id` = NULL, `name` = \'我的企业\', `color` = \'#333\', `data` = \'\', `users` = \'[object Object]\', `count` = 10, \'sys_root\'), (`id` = 2, `parent_id` = NULL, `name` = \'外部公司\', `color` = \'#333\', `data` = \'\', `users` = \'[object Object]\', `count` = \'1人\', \'sys_root\'), (`id` = 11, `parent_id` = 1, `name` = \'领导层\', `color` = \'#red\', `data` = \'\', `users` = \'[object Object]\', `count` = \'1人\', \'sys_root\'), (`id` = 12, `parent_id` = 1, `name` = \'财务室\', `color` = \'blue\', `data` = \'\', `users` = \'[object Object]\', `count` = \'1人\', \'sys_root\'), (`id` = 13, `parent_id` = 1, `name` = \'总师室\', `color` = \'orange\', `data` = \'\', `users` = \'[object Object]\', `count` = \'1人\', \'sys_root\'), (`id` = 14, `parent_id` = 1, `name` = \'前期部\', `color` = \'#333\', `data` = \'\', `users` = , `count` = \'0人\', \'sys_root\'), (`id` = 15, `parent_id` = 1, `name` = \'技术部\', `color` = \'#333\', `data` = \'\', `users` = , `count` = \'0人\', \'sys_root\'), (`id` = 16, `parent_id` = 1, `name` = \'项目管理部\', `color` = \'#333\', `data` = \'\', `users` = , `count` = \'0人\', \'sys_root\'), (`id` = 17, `parent_id` = 1, `name` = \'合约部\', `color` = \'#333\', `data` = \'\', `users` = , `count` = \'0人\', \'sys_root\'), (`id` = 18, `parent_id` = 1, `name` = \'招标部\', `color` = \'#333\', `data` = \'\', `users` = , `count` = \'0人\', \'sys_root\'), (`id` = 19, `parent_id` = 1, `name` = \'投标部\', `color` = \'#333\', `data` = \'\', `users` = , `count` = \'0人\', \'sys_root\'), (`id` = 20, `parent_id` = 1, `name` = \'办公室\', `color` = \'#333\', `data` = \'\', `users` = , `count` = \'0人\', \'sys_root\'), (2, 1, \'sys_root\')' }
[2020-07-25T10:46:38.659] [WARN] app - { Error: ER_PARSE_ERROR: You have an error in your SQL syntax; check the manual that corresponds to your MySQL server version for the right syntax to use near ' `count` = '0人', 'sys_root'), (`id` = 15, `parent_id` = 1, `name` = '技术部' at line 1
    at Query.Sequence._packetToError (C:\Users\BIM02\Desktop\ServerKT\node_modules\mysql\lib\protocol\sequences\Sequence.js:47:14)
    at Query.ErrorPacket (C:\Users\BIM02\Desktop\ServerKT\node_modules\mysql\lib\protocol\sequences\Query.js:79:18)
    at Protocol._parsePacket (C:\Users\BIM02\Desktop\ServerKT\node_modules\mysql\lib\protocol\Protocol.js:291:23)
    at Parser._parsePacket (C:\Users\BIM02\Desktop\ServerKT\node_modules\mysql\lib\protocol\Parser.js:433:10)
    at Parser.write (C:\Users\BIM02\Desktop\ServerKT\node_modules\mysql\lib\protocol\Parser.js:43:10)
    at Protocol.write (C:\Users\BIM02\Desktop\ServerKT\node_modules\mysql\lib\protocol\Protocol.js:38:16)
    at Socket.<anonymous> (C:\Users\BIM02\Desktop\ServerKT\node_modules\mysql\lib\Connection.js:88:28)
    at Socket.<anonymous> (C:\Users\BIM02\Desktop\ServerKT\node_modules\mysql\lib\Connection.js:526:10)
    at Socket.emit (events.js:182:13)
    at addChunk (_stream_readable.js:283:12)
    at readableAddChunk (_stream_readable.js:264:11)
    at Socket.Readable.push (_stream_readable.js:219:10)
    at TCP.onStreamRead [as onread] (internal/stream_base_commons.js:94:17)
    --------------------
    at Protocol._enqueue (C:\Users\BIM02\Desktop\ServerKT\node_modules\mysql\lib\protocol\Protocol.js:144:48)
    at Connection.query (C:\Users\BIM02\Desktop\ServerKT\node_modules\mysql\lib\Connection.js:198:25)
    at C:\Users\BIM02\Desktop\ServerKT\node_modules\knex\lib\dialects\mysql\index.js:135:18
    at new Promise (<anonymous>)
    at Client_MySQL._query (C:\Users\BIM02\Desktop\ServerKT\node_modules\knex\lib\dialects\mysql\index.js:129:12)
    at Client_MySQL.query (C:\Users\BIM02\Desktop\ServerKT\node_modules\knex\lib\client.js:169:17)
    at C:\Users\BIM02\Desktop\ServerKT\node_modules\knex\lib\transaction.js:321:24
    at new Promise (<anonymous>)
    at Client_MySQL.trxClient.query (C:\Users\BIM02\Desktop\ServerKT\node_modules\knex\lib\transaction.js:316:12)
    at Runner.query (C:\Users\BIM02\Desktop\ServerKT\node_modules\knex\lib\runner.js:134:36)
    at C:\Users\BIM02\Desktop\ServerKT\node_modules\knex\lib\runner.js:40:23
    at client.acquireConnection.catch.then (C:\Users\BIM02\Desktop\ServerKT\node_modules\knex\lib\runner.js:260:24)
    at process._tickCallback (internal/process/next_tick.js:68:7)
  code: 'ER_PARSE_ERROR',
  errno: 1064,
  sqlMessage:
   'You have an error in your SQL syntax; check the manual that corresponds to your MySQL server version for the right syntax to use near \' `count` = \'0人\', \'sys_root\'), (`id` = 15, `parent_id` = 1, `name` = \'技术部\' at line 1',
  sqlState: '42000',
  index: 0,
  sql:
   'insert into `dep_user` (`dep_id`, `user_id`) values (`id` = 1, `parent_id` = NULL, `name` = \'我的企业\', `color` = \'#333\', `data` = \'\', `users` = \'[object Object]\', `count` = 10, `subs` = \'[object Object]\', \'[object Object]\', \'[object Object]\', \'[object Object]\', \'[object Object]\', \'[object Object]\', \'[object Object]\', \'[object Object]\', \'[object Object]\', \'[object Object]\', \'sys_root\'), (`id` = 2, `parent_id` = NULL, `name` = \'外部公司\', `color` = \'#333\', `data` = \'\', `users` = \'[object Object]\', `count` = \'1人\', \'sys_root\'), (`id` = 11, `parent_id` = 1, `name` = \'领导层\', `color` = \'#red\', `data` = \'\', `users` = \'[object Object]\', `count` = \'1人\', \'sys_root\'), (`id` = 12, `parent_id` = 1, `name` = \'财务室\', `color` = \'blue\', `data` = \'\', `users` = \'[object Object]\', `count` = \'1人\', \'sys_root\'), (`id` = 13, `parent_id` = 1, `name` = \'总师室\', `color` = \'orange\', `data` = \'\', `users` = \'[object Object]\', `count` = \'1人\', \'sys_root\'), (`id` = 14, `parent_id` = 1, `name` = \'前期部\', `color` = \'#333\', `data` = \'\', `users` = , `count` = \'0人\', \'sys_root\'), (`id` = 15, `parent_id` = 1, `name` = \'技术部\', `color` = \'#333\', `data` = \'\', `users` = , `count` = \'0人\', \'sys_root\'), (`id` = 16, `parent_id` = 1, `name` = \'项目管理部\', `color` = \'#333\', `data` = \'\', `users` = , `count` = \'0人\', \'sys_root\'), (`id` = 17, `parent_id` = 1, `name` = \'合约部\', `color` = \'#333\', `data` = \'\', `users` = , `count` = \'0人\', \'sys_root\'), (`id` = 18, `parent_id` = 1, `name` = \'招标部\', `color` = \'#333\', `data` = \'\', `users` = , `count` = \'0人\', \'sys_root\'), (`id` = 19, `parent_id` = 1, `name` = \'投标部\', `color` = \'#333\', `data` = \'\', `users` = , `count` = \'0人\', \'sys_root\'), (`id` = 20, `parent_id` = 1, `name` = \'办公室\', `color` = \'#333\', `data` = \'\', `users` = , `count` = \'0人\', \'sys_root\'), (2, 1, \'sys_root\')' }
[2020-07-25T10:46:38.662] [ERROR] app - { Error: ER_PARSE_ERROR: You have an error in your SQL syntax; check the manual that corresponds to your MySQL server version for the right syntax to use near ' `count` = '0人', 'sys_root'), (`id` = 15, `parent_id` = 1, `name` = '技术部' at line 1
    at Query.Sequence._packetToError (C:\Users\BIM02\Desktop\ServerKT\node_modules\mysql\lib\protocol\sequences\Sequence.js:47:14)
    at Query.ErrorPacket (C:\Users\BIM02\Desktop\ServerKT\node_modules\mysql\lib\protocol\sequences\Query.js:79:18)
    at Protocol._parsePacket (C:\Users\BIM02\Desktop\ServerKT\node_modules\mysql\lib\protocol\Protocol.js:291:23)
    at Parser._parsePacket (C:\Users\BIM02\Desktop\ServerKT\node_modules\mysql\lib\protocol\Parser.js:433:10)
    at Parser.write (C:\Users\BIM02\Desktop\ServerKT\node_modules\mysql\lib\protocol\Parser.js:43:10)
    at Protocol.write (C:\Users\BIM02\Desktop\ServerKT\node_modules\mysql\lib\protocol\Protocol.js:38:16)
    at Socket.<anonymous> (C:\Users\BIM02\Desktop\ServerKT\node_modules\mysql\lib\Connection.js:88:28)
    at Socket.<anonymous> (C:\Users\BIM02\Desktop\ServerKT\node_modules\mysql\lib\Connection.js:526:10)
    at Socket.emit (events.js:182:13)
    at addChunk (_stream_readable.js:283:12)
    at readableAddChunk (_stream_readable.js:264:11)
    at Socket.Readable.push (_stream_readable.js:219:10)
    at TCP.onStreamRead [as onread] (internal/stream_base_commons.js:94:17)
    --------------------
    at Protocol._enqueue (C:\Users\BIM02\Desktop\ServerKT\node_modules\mysql\lib\protocol\Protocol.js:144:48)
    at Connection.query (C:\Users\BIM02\Desktop\ServerKT\node_modules\mysql\lib\Connection.js:198:25)
    at C:\Users\BIM02\Desktop\ServerKT\node_modules\knex\lib\dialects\mysql\index.js:135:18
    at new Promise (<anonymous>)
    at Client_MySQL._query (C:\Users\BIM02\Desktop\ServerKT\node_modules\knex\lib\dialects\mysql\index.js:129:12)
    at Client_MySQL.query (C:\Users\BIM02\Desktop\ServerKT\node_modules\knex\lib\client.js:169:17)
    at C:\Users\BIM02\Desktop\ServerKT\node_modules\knex\lib\transaction.js:321:24
    at new Promise (<anonymous>)
    at Client_MySQL.trxClient.query (C:\Users\BIM02\Desktop\ServerKT\node_modules\knex\lib\transaction.js:316:12)
    at Runner.query (C:\Users\BIM02\Desktop\ServerKT\node_modules\knex\lib\runner.js:134:36)
    at C:\Users\BIM02\Desktop\ServerKT\node_modules\knex\lib\runner.js:40:23
    at client.acquireConnection.catch.then (C:\Users\BIM02\Desktop\ServerKT\node_modules\knex\lib\runner.js:260:24)
    at process._tickCallback (internal/process/next_tick.js:68:7)
  code: 'ER_PARSE_ERROR',
  errno: 1064,
  sqlMessage:
   'You have an error in your SQL syntax; check the manual that corresponds to your MySQL server version for the right syntax to use near \' `count` = \'0人\', \'sys_root\'), (`id` = 15, `parent_id` = 1, `name` = \'技术部\' at line 1',
  sqlState: '42000',
  index: 0,
  sql:
   'insert into `dep_user` (`dep_id`, `user_id`) values (`id` = 1, `parent_id` = NULL, `name` = \'我的企业\', `color` = \'#333\', `data` = \'\', `users` = \'[object Object]\', `count` = 10, `subs` = \'[object Object]\', \'[object Object]\', \'[object Object]\', \'[object Object]\', \'[object Object]\', \'[object Object]\', \'[object Object]\', \'[object Object]\', \'[object Object]\', \'[object Object]\', \'sys_root\'), (`id` = 2, `parent_id` = NULL, `name` = \'外部公司\', `color` = \'#333\', `data` = \'\', `users` = \'[object Object]\', `count` = \'1人\', \'sys_root\'), (`id` = 11, `parent_id` = 1, `name` = \'领导层\', `color` = \'#red\', `data` = \'\', `users` = \'[object Object]\', `count` = \'1人\', \'sys_root\'), (`id` = 12, `parent_id` = 1, `name` = \'财务室\', `color` = \'blue\', `data` = \'\', `users` = \'[object Object]\', `count` = \'1人\', \'sys_root\'), (`id` = 13, `parent_id` = 1, `name` = \'总师室\', `color` = \'orange\', `data` = \'\', `users` = \'[object Object]\', `count` = \'1人\', \'sys_root\'), (`id` = 14, `parent_id` = 1, `name` = \'前期部\', `color` = \'#333\', `data` = \'\', `users` = , `count` = \'0人\', \'sys_root\'), (`id` = 15, `parent_id` = 1, `name` = \'技术部\', `color` = \'#333\', `data` = \'\', `users` = , `count` = \'0人\', \'sys_root\'), (`id` = 16, `parent_id` = 1, `name` = \'项目管理部\', `color` = \'#333\', `data` = \'\', `users` = , `count` = \'0人\', \'sys_root\'), (`id` = 17, `parent_id` = 1, `name` = \'合约部\', `color` = \'#333\', `data` = \'\', `users` = , `count` = \'0人\', \'sys_root\'), (`id` = 18, `parent_id` = 1, `name` = \'招标部\', `color` = \'#333\', `data` = \'\', `users` = , `count` = \'0人\', \'sys_root\'), (`id` = 19, `parent_id` = 1, `name` = \'投标部\', `color` = \'#333\', `data` = \'\', `users` = , `count` = \'0人\', \'sys_root\'), (`id` = 20, `parent_id` = 1, `name` = \'办公室\', `color` = \'#333\', `data` = \'\', `users` = , `count` = \'0人\', \'sys_root\'), (2, 1, \'sys_root\')' }
[2020-07-25T10:46:41.004] [WARN] app - { Error: ER_PARSE_ERROR: You have an error in your SQL syntax; check the manual that corresponds to your MySQL server version for the right syntax to use near ' `count` = '0人', 'sys_root'), (`id` = 15, `parent_id` = 1, `name` = '技术部' at line 1
    at Query.Sequence._packetToError (C:\Users\BIM02\Desktop\ServerKT\node_modules\mysql\lib\protocol\sequences\Sequence.js:47:14)
    at Query.ErrorPacket (C:\Users\BIM02\Desktop\ServerKT\node_modules\mysql\lib\protocol\sequences\Query.js:79:18)
    at Protocol._parsePacket (C:\Users\BIM02\Desktop\ServerKT\node_modules\mysql\lib\protocol\Protocol.js:291:23)
    at Parser._parsePacket (C:\Users\BIM02\Desktop\ServerKT\node_modules\mysql\lib\protocol\Parser.js:433:10)
    at Parser.write (C:\Users\BIM02\Desktop\ServerKT\node_modules\mysql\lib\protocol\Parser.js:43:10)
    at Protocol.write (C:\Users\BIM02\Desktop\ServerKT\node_modules\mysql\lib\protocol\Protocol.js:38:16)
    at Socket.<anonymous> (C:\Users\BIM02\Desktop\ServerKT\node_modules\mysql\lib\Connection.js:88:28)
    at Socket.<anonymous> (C:\Users\BIM02\Desktop\ServerKT\node_modules\mysql\lib\Connection.js:526:10)
    at Socket.emit (events.js:182:13)
    at addChunk (_stream_readable.js:283:12)
    at readableAddChunk (_stream_readable.js:264:11)
    at Socket.Readable.push (_stream_readable.js:219:10)
    at TCP.onStreamRead [as onread] (internal/stream_base_commons.js:94:17)
    --------------------
    at Protocol._enqueue (C:\Users\BIM02\Desktop\ServerKT\node_modules\mysql\lib\protocol\Protocol.js:144:48)
    at Connection.query (C:\Users\BIM02\Desktop\ServerKT\node_modules\mysql\lib\Connection.js:198:25)
    at C:\Users\BIM02\Desktop\ServerKT\node_modules\knex\lib\dialects\mysql\index.js:135:18
    at new Promise (<anonymous>)
    at Client_MySQL._query (C:\Users\BIM02\Desktop\ServerKT\node_modules\knex\lib\dialects\mysql\index.js:129:12)
    at Client_MySQL.query (C:\Users\BIM02\Desktop\ServerKT\node_modules\knex\lib\client.js:169:17)
    at C:\Users\BIM02\Desktop\ServerKT\node_modules\knex\lib\transaction.js:321:24
    at new Promise (<anonymous>)
    at Client_MySQL.trxClient.query (C:\Users\BIM02\Desktop\ServerKT\node_modules\knex\lib\transaction.js:316:12)
    at Runner.query (C:\Users\BIM02\Desktop\ServerKT\node_modules\knex\lib\runner.js:134:36)
    at C:\Users\BIM02\Desktop\ServerKT\node_modules\knex\lib\runner.js:40:23
    at client.acquireConnection.catch.then (C:\Users\BIM02\Desktop\ServerKT\node_modules\knex\lib\runner.js:260:24)
    at process._tickCallback (internal/process/next_tick.js:68:7)
  code: 'ER_PARSE_ERROR',
  errno: 1064,
  sqlMessage:
   'You have an error in your SQL syntax; check the manual that corresponds to your MySQL server version for the right syntax to use near \' `count` = \'0人\', \'sys_root\'), (`id` = 15, `parent_id` = 1, `name` = \'技术部\' at line 1',
  sqlState: '42000',
  index: 0,
  sql:
   'insert into `dep_user` (`dep_id`, `user_id`) values (`id` = 1, `parent_id` = NULL, `name` = \'我的企业\', `color` = \'#333\', `data` = \'\', `users` = \'[object Object]\', `count` = 10, \'sys_root\'), (`id` = 2, `parent_id` = NULL, `name` = \'外部公司\', `color` = \'#333\', `data` = \'\', `users` = \'[object Object]\', `count` = \'1人\', \'sys_root\'), (`id` = 11, `parent_id` = 1, `name` = \'领导层\', `color` = \'#red\', `data` = \'\', `users` = \'[object Object]\', `count` = \'1人\', \'sys_root\'), (`id` = 12, `parent_id` = 1, `name` = \'财务室\', `color` = \'blue\', `data` = \'\', `users` = \'[object Object]\', `count` = \'1人\', \'sys_root\'), (`id` = 13, `parent_id` = 1, `name` = \'总师室\', `color` = \'orange\', `data` = \'\', `users` = \'[object Object]\', `count` = \'1人\', \'sys_root\'), (`id` = 14, `parent_id` = 1, `name` = \'前期部\', `color` = \'#333\', `data` = \'\', `users` = , `count` = \'0人\', \'sys_root\'), (`id` = 15, `parent_id` = 1, `name` = \'技术部\', `color` = \'#333\', `data` = \'\', `users` = , `count` = \'0人\', \'sys_root\'), (`id` = 16, `parent_id` = 1, `name` = \'项目管理部\', `color` = \'#333\', `data` = \'\', `users` = , `count` = \'0人\', \'sys_root\'), (`id` = 17, `parent_id` = 1, `name` = \'合约部\', `color` = \'#333\', `data` = \'\', `users` = , `count` = \'0人\', \'sys_root\'), (`id` = 18, `parent_id` = 1, `name` = \'招标部\', `color` = \'#333\', `data` = \'\', `users` = , `count` = \'0人\', \'sys_root\'), (`id` = 19, `parent_id` = 1, `name` = \'投标部\', `color` = \'#333\', `data` = \'\', `users` = , `count` = \'0人\', \'sys_root\'), (`id` = 20, `parent_id` = 1, `name` = \'办公室\', `color` = \'#333\', `data` = \'\', `users` = , `count` = \'0人\', \'sys_root\'), (2, 1, \'sys_root\')' }
[2020-07-25T10:46:41.007] [ERROR] app - { Error: ER_PARSE_ERROR: You have an error in your SQL syntax; check the manual that corresponds to your MySQL server version for the right syntax to use near ' `count` = '0人', 'sys_root'), (`id` = 15, `parent_id` = 1, `name` = '技术部' at line 1
    at Query.Sequence._packetToError (C:\Users\BIM02\Desktop\ServerKT\node_modules\mysql\lib\protocol\sequences\Sequence.js:47:14)
    at Query.ErrorPacket (C:\Users\BIM02\Desktop\ServerKT\node_modules\mysql\lib\protocol\sequences\Query.js:79:18)
    at Protocol._parsePacket (C:\Users\BIM02\Desktop\ServerKT\node_modules\mysql\lib\protocol\Protocol.js:291:23)
    at Parser._parsePacket (C:\Users\BIM02\Desktop\ServerKT\node_modules\mysql\lib\protocol\Parser.js:433:10)
    at Parser.write (C:\Users\BIM02\Desktop\ServerKT\node_modules\mysql\lib\protocol\Parser.js:43:10)
    at Protocol.write (C:\Users\BIM02\Desktop\ServerKT\node_modules\mysql\lib\protocol\Protocol.js:38:16)
    at Socket.<anonymous> (C:\Users\BIM02\Desktop\ServerKT\node_modules\mysql\lib\Connection.js:88:28)
    at Socket.<anonymous> (C:\Users\BIM02\Desktop\ServerKT\node_modules\mysql\lib\Connection.js:526:10)
    at Socket.emit (events.js:182:13)
    at addChunk (_stream_readable.js:283:12)
    at readableAddChunk (_stream_readable.js:264:11)
    at Socket.Readable.push (_stream_readable.js:219:10)
    at TCP.onStreamRead [as onread] (internal/stream_base_commons.js:94:17)
    --------------------
    at Protocol._enqueue (C:\Users\BIM02\Desktop\ServerKT\node_modules\mysql\lib\protocol\Protocol.js:144:48)
    at Connection.query (C:\Users\BIM02\Desktop\ServerKT\node_modules\mysql\lib\Connection.js:198:25)
    at C:\Users\BIM02\Desktop\ServerKT\node_modules\knex\lib\dialects\mysql\index.js:135:18
    at new Promise (<anonymous>)
    at Client_MySQL._query (C:\Users\BIM02\Desktop\ServerKT\node_modules\knex\lib\dialects\mysql\index.js:129:12)
    at Client_MySQL.query (C:\Users\BIM02\Desktop\ServerKT\node_modules\knex\lib\client.js:169:17)
    at C:\Users\BIM02\Desktop\ServerKT\node_modules\knex\lib\transaction.js:321:24
    at new Promise (<anonymous>)
    at Client_MySQL.trxClient.query (C:\Users\BIM02\Desktop\ServerKT\node_modules\knex\lib\transaction.js:316:12)
    at Runner.query (C:\Users\BIM02\Desktop\ServerKT\node_modules\knex\lib\runner.js:134:36)
    at C:\Users\BIM02\Desktop\ServerKT\node_modules\knex\lib\runner.js:40:23
    at client.acquireConnection.catch.then (C:\Users\BIM02\Desktop\ServerKT\node_modules\knex\lib\runner.js:260:24)
    at process._tickCallback (internal/process/next_tick.js:68:7)
  code: 'ER_PARSE_ERROR',
  errno: 1064,
  sqlMessage:
   'You have an error in your SQL syntax; check the manual that corresponds to your MySQL server version for the right syntax to use near \' `count` = \'0人\', \'sys_root\'), (`id` = 15, `parent_id` = 1, `name` = \'技术部\' at line 1',
  sqlState: '42000',
  index: 0,
  sql:
   'insert into `dep_user` (`dep_id`, `user_id`) values (`id` = 1, `parent_id` = NULL, `name` = \'我的企业\', `color` = \'#333\', `data` = \'\', `users` = \'[object Object]\', `count` = 10, \'sys_root\'), (`id` = 2, `parent_id` = NULL, `name` = \'外部公司\', `color` = \'#333\', `data` = \'\', `users` = \'[object Object]\', `count` = \'1人\', \'sys_root\'), (`id` = 11, `parent_id` = 1, `name` = \'领导层\', `color` = \'#red\', `data` = \'\', `users` = \'[object Object]\', `count` = \'1人\', \'sys_root\'), (`id` = 12, `parent_id` = 1, `name` = \'财务室\', `color` = \'blue\', `data` = \'\', `users` = \'[object Object]\', `count` = \'1人\', \'sys_root\'), (`id` = 13, `parent_id` = 1, `name` = \'总师室\', `color` = \'orange\', `data` = \'\', `users` = \'[object Object]\', `count` = \'1人\', \'sys_root\'), (`id` = 14, `parent_id` = 1, `name` = \'前期部\', `color` = \'#333\', `data` = \'\', `users` = , `count` = \'0人\', \'sys_root\'), (`id` = 15, `parent_id` = 1, `name` = \'技术部\', `color` = \'#333\', `data` = \'\', `users` = , `count` = \'0人\', \'sys_root\'), (`id` = 16, `parent_id` = 1, `name` = \'项目管理部\', `color` = \'#333\', `data` = \'\', `users` = , `count` = \'0人\', \'sys_root\'), (`id` = 17, `parent_id` = 1, `name` = \'合约部\', `color` = \'#333\', `data` = \'\', `users` = , `count` = \'0人\', \'sys_root\'), (`id` = 18, `parent_id` = 1, `name` = \'招标部\', `color` = \'#333\', `data` = \'\', `users` = , `count` = \'0人\', \'sys_root\'), (`id` = 19, `parent_id` = 1, `name` = \'投标部\', `color` = \'#333\', `data` = \'\', `users` = , `count` = \'0人\', \'sys_root\'), (`id` = 20, `parent_id` = 1, `name` = \'办公室\', `color` = \'#333\', `data` = \'\', `users` = , `count` = \'0人\', \'sys_root\'), (2, 1, \'sys_root\')' }
