[2020-07-20T14:43:34.358] [ERROR] app - 登录已过期
[2020-07-20T14:45:44.301] [ERROR] app - 用户未登录
[2020-07-20T14:45:44.318] [ERROR] app - 登录已过期
[2020-07-20T14:45:50.464] [ERROR] app - 没有访问权限
[2020-07-20T14:45:50.470] [ERROR] app - 没有访问权限
[2020-07-20T14:58:23.442] [ERROR] app - 登录已过期
[2020-07-20T14:58:23.523] [ERROR] app - 登录已过期
[2020-07-20T15:34:59.997] [ERROR] app - 登录已过期
[2020-07-20T15:35:57.565] [ERROR] app - 登录已过期
[2020-07-20T15:36:56.327] [ERROR] app - 登录已过期
[2020-07-20T15:36:59.058] [ERROR] app - 登录已过期
[2020-07-20T15:38:20.747] [ERROR] app - 登录已过期
[2020-07-20T15:39:33.087] [ERROR] app - 登录已过期
[2020-07-20T15:40:14.582] [ERROR] app - 登录已过期
[2020-07-20T15:41:08.169] [ERROR] app - 登录已过期
[2020-07-20T15:41:38.780] [ERROR] app - 登录已过期
[2020-07-20T15:43:36.727] [ERROR] app - 登录已过期
[2020-07-20T15:46:40.974] [ERROR] app - 登录已过期
[2020-07-20T16:11:22.160] [ERROR] app - ReferenceError: ctx is not defined
    at HandleUserException (C:\Users\BIM02\Desktop\ServerKT\models\index.js:34:6)
    at process._tickCallback (internal/process/next_tick.js:68:7)
[2020-07-20T16:12:29.088] [WARN] app - ReferenceError: model is not defined
    at deps.map.v (C:\Users\BIM02\Desktop\ServerKT\models\index.js:97:20)
    at Array.map (<anonymous>)
    at Patch.B.transaction.t (C:\Users\BIM02\Desktop\ServerKT\models\index.js:96:27)
    at init.then.then (C:\Users\BIM02\Desktop\ServerKT\node_modules\knex\lib\transaction.js:184:22)
    at process._tickCallback (internal/process/next_tick.js:68:7)
[2020-07-20T16:12:29.090] [ERROR] app - ReferenceError: model is not defined
    at deps.map.v (C:\Users\BIM02\Desktop\ServerKT\models\index.js:97:20)
    at Array.map (<anonymous>)
    at Patch.B.transaction.t (C:\Users\BIM02\Desktop\ServerKT\models\index.js:96:27)
    at init.then.then (C:\Users\BIM02\Desktop\ServerKT\node_modules\knex\lib\transaction.js:184:22)
    at process._tickCallback (internal/process/next_tick.js:68:7)
[2020-07-20T16:12:51.487] [WARN] app - ReferenceError: model is not defined
    at Promise.all.then (C:\Users\BIM02\Desktop\ServerKT\models\index.js:120:60)
    at process._tickCallback (internal/process/next_tick.js:68:7)
[2020-07-20T16:12:51.489] [ERROR] app - ReferenceError: model is not defined
    at Promise.all.then (C:\Users\BIM02\Desktop\ServerKT\models\index.js:120:60)
    at process._tickCallback (internal/process/next_tick.js:68:7)
