[2020-05-20T10:02:58.038] [ERROR] app - 401
[2020-05-20T10:03:26.480] [ERROR] app - 401
[2020-05-20T10:03:33.566] [ERROR] app - 401
[2020-05-20T10:03:33.584] [ERROR] app - 401
[2020-05-20T10:04:38.867] [ERROR] app - 401
[2020-05-20T10:04:38.869] [ERROR] app - 401
[2020-05-20T17:00:38.883] [ERROR] app - 401
[2020-05-20T17:02:05.401] [ERROR] app - 403
[2020-05-20T22:13:23.236] [INFO] app - API_VERSION_UNDEFINED:api-version=v0,exception=[object Object]
[2020-05-20T22:13:23.258] [INFO] app - API_VERSION_UNDEFINED:api-version=v0,exception=[object Object]
[2020-05-20T22:13:23.301] [INFO] app - API_VERSION_UNDEFINED:api-version=v0,exception=[object Object]
[2020-05-20T22:13:23.585] [INFO] app - API_VERSION_UNDEFINED:api-version=v0,exception=[object Object]
[2020-05-20T22:13:23.678] [INFO] app - API_VERSION_UNDEFINED:api-version=v0,exception=[object Object]
[2020-05-20T22:13:30.853] [INFO] app - API_VERSION_UNDEFINED:api-version=v0,exception=[object Object]
[2020-05-20T22:14:01.414] [ERROR] app - TypeError: Cannot read property 'id' of undefined
    at Object.Get (D:\able_project\gzcloud2\Server\restful\v0\oa.js:110:21)
    at RestfulAPIMethods.(anonymous function) (D:\able_project\gzcloud2\Server\routes\restful.js:32:60)
    at dispatch (D:\able_project\gzcloud2\Server\node_modules\koa-router\node_modules\koa-compose\index.js:44:32)
    at next (D:\able_project\gzcloud2\Server\node_modules\koa-router\node_modules\koa-compose\index.js:45:18)
    at D:\able_project\gzcloud2\Server\node_modules\koa-router\lib\router.js:346:16
    at dispatch (D:\able_project\gzcloud2\Server\node_modules\koa-router\node_modules\koa-compose\index.js:44:32)
    at next (D:\able_project\gzcloud2\Server\node_modules\koa-router\node_modules\koa-compose\index.js:45:18)
    at route.use (D:\able_project\gzcloud2\Server\routes\restful.js:97:19)
    at dispatch (D:\able_project\gzcloud2\Server\node_modules\koa-router\node_modules\koa-compose\index.js:44:32)
    at next (D:\able_project\gzcloud2\Server\node_modules\koa-router\node_modules\koa-compose\index.js:45:18)
    at D:\able_project\gzcloud2\Server\node_modules\koa-router\lib\router.js:346:16
    at dispatch (D:\able_project\gzcloud2\Server\node_modules\koa-router\node_modules\koa-compose\index.js:44:32)
    at D:\able_project\gzcloud2\Server\node_modules\koa-router\node_modules\koa-compose\index.js:36:12
    at dispatch (D:\able_project\gzcloud2\Server\node_modules\koa-router\lib\router.js:351:31)
    at dispatch (D:\able_project\gzcloud2\Server\node_modules\koa-compose\index.js:42:32)
    at module.exports (D:\able_project\gzcloud2\Server\middlewares\auth.js:59:9)
    at process._tickCallback (internal/process/next_tick.js:68:7)
[2020-05-20T22:14:19.782] [ERROR] app - TypeError: Cannot read property 'id' of undefined
    at Object.Get (D:\able_project\gzcloud2\Server\restful\v0\oa.js:110:21)
    at RestfulAPIMethods.(anonymous function) (D:\able_project\gzcloud2\Server\routes\restful.js:32:60)
    at dispatch (D:\able_project\gzcloud2\Server\node_modules\koa-router\node_modules\koa-compose\index.js:44:32)
    at next (D:\able_project\gzcloud2\Server\node_modules\koa-router\node_modules\koa-compose\index.js:45:18)
    at D:\able_project\gzcloud2\Server\node_modules\koa-router\lib\router.js:346:16
    at dispatch (D:\able_project\gzcloud2\Server\node_modules\koa-router\node_modules\koa-compose\index.js:44:32)
    at next (D:\able_project\gzcloud2\Server\node_modules\koa-router\node_modules\koa-compose\index.js:45:18)
    at route.use (D:\able_project\gzcloud2\Server\routes\restful.js:97:19)
    at dispatch (D:\able_project\gzcloud2\Server\node_modules\koa-router\node_modules\koa-compose\index.js:44:32)
    at next (D:\able_project\gzcloud2\Server\node_modules\koa-router\node_modules\koa-compose\index.js:45:18)
    at D:\able_project\gzcloud2\Server\node_modules\koa-router\lib\router.js:346:16
    at dispatch (D:\able_project\gzcloud2\Server\node_modules\koa-router\node_modules\koa-compose\index.js:44:32)
    at D:\able_project\gzcloud2\Server\node_modules\koa-router\node_modules\koa-compose\index.js:36:12
    at dispatch (D:\able_project\gzcloud2\Server\node_modules\koa-router\lib\router.js:351:31)
    at dispatch (D:\able_project\gzcloud2\Server\node_modules\koa-compose\index.js:42:32)
    at module.exports (D:\able_project\gzcloud2\Server\middlewares\auth.js:59:9)
    at process._tickCallback (internal/process/next_tick.js:68:7)
[2020-05-20T22:15:48.622] [ERROR] app - TypeError: Cannot read property 'id' of undefined
    at Object.Get (D:\able_project\gzcloud2\Server\restful\v0\oa.js:110:21)
    at RestfulAPIMethods.(anonymous function) (D:\able_project\gzcloud2\Server\routes\restful.js:32:60)
    at dispatch (D:\able_project\gzcloud2\Server\node_modules\koa-router\node_modules\koa-compose\index.js:44:32)
    at next (D:\able_project\gzcloud2\Server\node_modules\koa-router\node_modules\koa-compose\index.js:45:18)
    at D:\able_project\gzcloud2\Server\node_modules\koa-router\lib\router.js:346:16
    at dispatch (D:\able_project\gzcloud2\Server\node_modules\koa-router\node_modules\koa-compose\index.js:44:32)
    at next (D:\able_project\gzcloud2\Server\node_modules\koa-router\node_modules\koa-compose\index.js:45:18)
    at route.use (D:\able_project\gzcloud2\Server\routes\restful.js:97:19)
    at dispatch (D:\able_project\gzcloud2\Server\node_modules\koa-router\node_modules\koa-compose\index.js:44:32)
    at next (D:\able_project\gzcloud2\Server\node_modules\koa-router\node_modules\koa-compose\index.js:45:18)
    at D:\able_project\gzcloud2\Server\node_modules\koa-router\lib\router.js:346:16
    at dispatch (D:\able_project\gzcloud2\Server\node_modules\koa-router\node_modules\koa-compose\index.js:44:32)
    at D:\able_project\gzcloud2\Server\node_modules\koa-router\node_modules\koa-compose\index.js:36:12
    at dispatch (D:\able_project\gzcloud2\Server\node_modules\koa-router\lib\router.js:351:31)
    at dispatch (D:\able_project\gzcloud2\Server\node_modules\koa-compose\index.js:42:32)
    at module.exports (D:\able_project\gzcloud2\Server\middlewares\auth.js:59:9)
    at process._tickCallback (internal/process/next_tick.js:68:7)
[2020-05-20T22:17:34.250] [ERROR] app - TypeError: Cannot read property 'id' of undefined
    at Object.Get (D:\able_project\gzcloud2\Server\restful\v0\oa.js:110:21)
    at RestfulAPIMethods.(anonymous function) (D:\able_project\gzcloud2\Server\routes\restful.js:32:60)
    at dispatch (D:\able_project\gzcloud2\Server\node_modules\koa-router\node_modules\koa-compose\index.js:44:32)
    at next (D:\able_project\gzcloud2\Server\node_modules\koa-router\node_modules\koa-compose\index.js:45:18)
    at D:\able_project\gzcloud2\Server\node_modules\koa-router\lib\router.js:346:16
    at dispatch (D:\able_project\gzcloud2\Server\node_modules\koa-router\node_modules\koa-compose\index.js:44:32)
    at next (D:\able_project\gzcloud2\Server\node_modules\koa-router\node_modules\koa-compose\index.js:45:18)
    at route.use (D:\able_project\gzcloud2\Server\routes\restful.js:97:19)
    at dispatch (D:\able_project\gzcloud2\Server\node_modules\koa-router\node_modules\koa-compose\index.js:44:32)
    at next (D:\able_project\gzcloud2\Server\node_modules\koa-router\node_modules\koa-compose\index.js:45:18)
    at D:\able_project\gzcloud2\Server\node_modules\koa-router\lib\router.js:346:16
    at dispatch (D:\able_project\gzcloud2\Server\node_modules\koa-router\node_modules\koa-compose\index.js:44:32)
    at D:\able_project\gzcloud2\Server\node_modules\koa-router\node_modules\koa-compose\index.js:36:12
    at dispatch (D:\able_project\gzcloud2\Server\node_modules\koa-router\lib\router.js:351:31)
    at dispatch (D:\able_project\gzcloud2\Server\node_modules\koa-compose\index.js:42:32)
    at module.exports (D:\able_project\gzcloud2\Server\middlewares\auth.js:59:9)
[2020-05-20T22:18:16.069] [ERROR] app - TypeError: Cannot read property 'contract' of undefined
    at Object.Get (D:\able_project\gzcloud2\Server\restful\v0\oa.js:111:26)
    at RestfulAPIMethods.(anonymous function) (D:\able_project\gzcloud2\Server\routes\restful.js:32:60)
    at dispatch (D:\able_project\gzcloud2\Server\node_modules\koa-router\node_modules\koa-compose\index.js:44:32)
    at next (D:\able_project\gzcloud2\Server\node_modules\koa-router\node_modules\koa-compose\index.js:45:18)
    at D:\able_project\gzcloud2\Server\node_modules\koa-router\lib\router.js:346:16
    at dispatch (D:\able_project\gzcloud2\Server\node_modules\koa-router\node_modules\koa-compose\index.js:44:32)
    at next (D:\able_project\gzcloud2\Server\node_modules\koa-router\node_modules\koa-compose\index.js:45:18)
    at route.use (D:\able_project\gzcloud2\Server\routes\restful.js:97:19)
    at dispatch (D:\able_project\gzcloud2\Server\node_modules\koa-router\node_modules\koa-compose\index.js:44:32)
    at next (D:\able_project\gzcloud2\Server\node_modules\koa-router\node_modules\koa-compose\index.js:45:18)
    at D:\able_project\gzcloud2\Server\node_modules\koa-router\lib\router.js:346:16
    at dispatch (D:\able_project\gzcloud2\Server\node_modules\koa-router\node_modules\koa-compose\index.js:44:32)
    at D:\able_project\gzcloud2\Server\node_modules\koa-router\node_modules\koa-compose\index.js:36:12
    at dispatch (D:\able_project\gzcloud2\Server\node_modules\koa-router\lib\router.js:351:31)
    at dispatch (D:\able_project\gzcloud2\Server\node_modules\koa-compose\index.js:42:32)
    at module.exports (D:\able_project\gzcloud2\Server\middlewares\auth.js:59:9)
[2020-05-20T22:19:06.889] [ERROR] app - TypeError: mysql is not a function
    at Object.get (D:\able_project\gzcloud2\Server\models\oa_old.js:623:21)
    at Object.Get (D:\able_project\gzcloud2\Server\restful\v0\oa.js:111:34)
    at RestfulAPIMethods.(anonymous function) (D:\able_project\gzcloud2\Server\routes\restful.js:32:60)
    at dispatch (D:\able_project\gzcloud2\Server\node_modules\koa-router\node_modules\koa-compose\index.js:44:32)
    at next (D:\able_project\gzcloud2\Server\node_modules\koa-router\node_modules\koa-compose\index.js:45:18)
    at D:\able_project\gzcloud2\Server\node_modules\koa-router\lib\router.js:346:16
    at dispatch (D:\able_project\gzcloud2\Server\node_modules\koa-router\node_modules\koa-compose\index.js:44:32)
    at next (D:\able_project\gzcloud2\Server\node_modules\koa-router\node_modules\koa-compose\index.js:45:18)
    at route.use (D:\able_project\gzcloud2\Server\routes\restful.js:97:19)
    at dispatch (D:\able_project\gzcloud2\Server\node_modules\koa-router\node_modules\koa-compose\index.js:44:32)
    at next (D:\able_project\gzcloud2\Server\node_modules\koa-router\node_modules\koa-compose\index.js:45:18)
    at D:\able_project\gzcloud2\Server\node_modules\koa-router\lib\router.js:346:16
    at dispatch (D:\able_project\gzcloud2\Server\node_modules\koa-router\node_modules\koa-compose\index.js:44:32)
    at D:\able_project\gzcloud2\Server\node_modules\koa-router\node_modules\koa-compose\index.js:36:12
    at dispatch (D:\able_project\gzcloud2\Server\node_modules\koa-router\lib\router.js:351:31)
    at dispatch (D:\able_project\gzcloud2\Server\node_modules\koa-compose\index.js:42:32)
[2020-05-20T22:19:54.809] [ERROR] app - 合约id(contract000000V9)不存在
[2020-05-20T22:21:30.107] [ERROR] app - TypeError: Cannot read property 'Contract' of undefined
    at Object.get (D:\able_project\gzcloud2\Server\models\oa_old.js:636:43)
    at process._tickCallback (internal/process/next_tick.js:68:7)
[2020-05-20T22:21:44.359] [ERROR] app - TypeError: Cannot read property 'Contract' of undefined
    at Object.get (D:\able_project\gzcloud2\Server\models\oa_old.js:636:43)
    at process._tickCallback (internal/process/next_tick.js:68:7)
