[2020-03-09T09:32:23.998] [INFO] app - *** SYSTEM STARTUP on PORT (5858) ***
[2020-03-09T09:46:13.034] [INFO] app - *** SYSTEM STARTUP on PORT (5858) ***
[2020-03-09T09:47:09.031] [INFO] app - *** SYSTEM STARTUP on PORT (5858) ***
[2020-03-09T09:48:36.512] [INFO] app - *** SYSTEM STARTUP on PORT (5858) ***
[2020-03-09T09:49:00.848] [INFO] app - *** SYSTEM STARTUP on PORT (5858) ***
[2020-03-09T10:06:31.510] [INFO] app - *** SYSTEM STARTUP on PORT (5858) ***
[2020-03-09T16:12:12.084] [INFO] app - *** SYSTEM STARTUP on PORT (5858) ***
[2020-03-09T16:16:38.060] [INFO] app - *** SYSTEM STARTUP on PORT (5858) ***
[2020-03-09T16:16:46.646] [INFO] app - *** SYSTEM STARTUP on PORT (5858) ***
[2020-03-09T16:17:35.931] [INFO] app - *** SYSTEM STARTUP on PORT (5858) ***
[2020-03-10T09:43:55.486] [INFO] app - *** SYSTEM STARTUP on PORT (5858) ***
[2020-03-10T09:43:59.466] [INFO] app - *** SYSTEM STARTUP on PORT (5858) ***
[2020-03-10T09:44:07.989] [ERROR] app - TypeError: ctx.debug is not a function
    at Object.Get (D:\able_project\CloudServer\restful\v0\projects.js:9:9)
    at RestfulAPIMethods.(anonymous function) (D:\able_project\CloudServer\routes\restful.js:32:60)
    at dispatch (D:\able_project\CloudServer\node_modules\koa-router\node_modules\koa-compose\index.js:44:32)
    at next (D:\able_project\CloudServer\node_modules\koa-router\node_modules\koa-compose\index.js:45:18)
    at D:\able_project\CloudServer\node_modules\koa-router\lib\router.js:346:16
    at dispatch (D:\able_project\CloudServer\node_modules\koa-router\node_modules\koa-compose\index.js:44:32)
    at next (D:\able_project\CloudServer\node_modules\koa-router\node_modules\koa-compose\index.js:45:18)
    at route.use (D:\able_project\CloudServer\routes\restful.js:97:19)
    at dispatch (D:\able_project\CloudServer\node_modules\koa-router\node_modules\koa-compose\index.js:44:32)
    at next (D:\able_project\CloudServer\node_modules\koa-router\node_modules\koa-compose\index.js:45:18)
    at D:\able_project\CloudServer\node_modules\koa-router\lib\router.js:346:16
    at dispatch (D:\able_project\CloudServer\node_modules\koa-router\node_modules\koa-compose\index.js:44:32)
    at D:\able_project\CloudServer\node_modules\koa-router\node_modules\koa-compose\index.js:36:12
    at dispatch (D:\able_project\CloudServer\node_modules\koa-router\lib\router.js:351:31)
    at dispatch (D:\able_project\CloudServer\node_modules\koa-compose\index.js:42:32)
    at module.exports (D:\able_project\CloudServer\middlewares\auth.js:50:9)
    at process._tickCallback (internal/process/next_tick.js:68:7)
[2020-03-10T09:44:18.721] [INFO] app - *** SYSTEM STARTUP on PORT (5858) ***
[2020-03-10T09:46:07.442] [INFO] app - *** SYSTEM STARTUP on PORT (5858) ***
[2020-03-10T09:52:51.139] [ERROR] app - Request without token
[2020-03-10T09:52:51.143] [ERROR] app - 没有访问权限
