[2020-07-29T08:47:07.845] [ERROR] app - 用户未登录
[2020-07-29T08:47:07.930] [ERROR] app - 用户未登录
[2020-07-29T08:47:07.944] [ERROR] app - 用户未登录
[2020-07-29T08:47:07.976] [ERROR] app - 用户未登录
[2020-07-29T08:47:08.027] [ERROR] app - 用户未登录
[2020-07-29T08:47:08.098] [ERROR] app - 用户未登录
[2020-07-29T08:47:08.106] [ERROR] app - 用户未登录
[2020-07-29T08:47:08.108] [ERROR] app - 用户未登录
[2020-07-29T08:47:09.660] [ERROR] app - 用户未登录
[2020-07-29T08:47:09.702] [ERROR] app - 用户未登录
[2020-07-29T08:47:09.721] [ERROR] app - 用户未登录
[2020-07-29T08:47:09.730] [ERROR] app - 用户未登录
[2020-07-29T09:10:17.681] [ERROR] app - { Error: ER_BAD_FIELD_ERROR: Unknown column 'abstract' in 'field list'
    at Query.Sequence._packetToError (C:\Users\BIM02\Desktop\ServerKT\node_modules\mysql\lib\protocol\sequences\Sequence.js:47:14)
    at Query.ErrorPacket (C:\Users\BIM02\Desktop\ServerKT\node_modules\mysql\lib\protocol\sequences\Query.js:79:18)
    at Protocol._parsePacket (C:\Users\BIM02\Desktop\ServerKT\node_modules\mysql\lib\protocol\Protocol.js:291:23)
    at Parser._parsePacket (C:\Users\BIM02\Desktop\ServerKT\node_modules\mysql\lib\protocol\Parser.js:433:10)
    at Parser.write (C:\Users\BIM02\Desktop\ServerKT\node_modules\mysql\lib\protocol\Parser.js:43:10)
    at Protocol.write (C:\Users\BIM02\Desktop\ServerKT\node_modules\mysql\lib\protocol\Protocol.js:38:16)
    at Socket.<anonymous> (C:\Users\BIM02\Desktop\ServerKT\node_modules\mysql\lib\Connection.js:88:28)
    at Socket.<anonymous> (C:\Users\BIM02\Desktop\ServerKT\node_modules\mysql\lib\Connection.js:526:10)
    at Socket.emit (events.js:182:13)
    at addChunk (_stream_readable.js:283:12)
    at readableAddChunk (_stream_readable.js:264:11)
    at Socket.Readable.push (_stream_readable.js:219:10)
    at TCP.onStreamRead [as onread] (internal/stream_base_commons.js:94:17)
    --------------------
    at Protocol._enqueue (C:\Users\BIM02\Desktop\ServerKT\node_modules\mysql\lib\protocol\Protocol.js:144:48)
    at Connection.query (C:\Users\BIM02\Desktop\ServerKT\node_modules\mysql\lib\Connection.js:198:25)
    at C:\Users\BIM02\Desktop\ServerKT\node_modules\knex\lib\dialects\mysql\index.js:135:18
    at new Promise (<anonymous>)
    at Client_MySQL._query (C:\Users\BIM02\Desktop\ServerKT\node_modules\knex\lib\dialects\mysql\index.js:129:12)
    at Client_MySQL.query (C:\Users\BIM02\Desktop\ServerKT\node_modules\knex\lib\client.js:169:17)
    at Runner.query (C:\Users\BIM02\Desktop\ServerKT\node_modules\knex\lib\runner.js:134:36)
    at C:\Users\BIM02\Desktop\ServerKT\node_modules\knex\lib\runner.js:40:23
    at client.acquireConnection.catch.then (C:\Users\BIM02\Desktop\ServerKT\node_modules\knex\lib\runner.js:260:24)
  code: 'ER_BAD_FIELD_ERROR',
  errno: 1054,
  sqlMessage: 'Unknown column \'abstract\' in \'field list\'',
  sqlState: '42S22',
  index: 0,
  sql:
   'select `title`, `type_id`, `abstract`, `author`, `inputor`, `inputTime`, `type_id` from `article`' }
[2020-07-29T09:35:39.635] [ERROR] app - { Error: ENOENT: no such file or directory, open 'C:\Users\BIM02\Desktop\ServerKT\logs/[object Object]'
    at Object.openSync (fs.js:436:3)
    at Object.readFileSync (fs.js:341:35)
    at Object.out.Get (C:\Users\BIM02\Desktop\ServerKT\restful\v0\logs.js:17:17)
    at RestfulAPIMethods.(anonymous function) (C:\Users\BIM02\Desktop\ServerKT\routes\restful.js:32:60)
    at dispatch (C:\Users\BIM02\Desktop\ServerKT\node_modules\koa-router\node_modules\koa-compose\index.js:44:32)
    at next (C:\Users\BIM02\Desktop\ServerKT\node_modules\koa-router\node_modules\koa-compose\index.js:45:18)
    at module.exports (C:\Users\BIM02\Desktop\ServerKT\middlewares\authRouter.js:13:10)
    at dispatch (C:\Users\BIM02\Desktop\ServerKT\node_modules\koa-router\node_modules\koa-compose\index.js:44:32)
    at next (C:\Users\BIM02\Desktop\ServerKT\node_modules\koa-router\node_modules\koa-compose\index.js:45:18)
    at C:\Users\BIM02\Desktop\ServerKT\node_modules\koa-router\lib\router.js:346:16
    at dispatch (C:\Users\BIM02\Desktop\ServerKT\node_modules\koa-router\node_modules\koa-compose\index.js:44:32)
    at next (C:\Users\BIM02\Desktop\ServerKT\node_modules\koa-router\node_modules\koa-compose\index.js:45:18)
    at route.use (C:\Users\BIM02\Desktop\ServerKT\routes\restful.js:97:19)
    at dispatch (C:\Users\BIM02\Desktop\ServerKT\node_modules\koa-router\node_modules\koa-compose\index.js:44:32)
    at next (C:\Users\BIM02\Desktop\ServerKT\node_modules\koa-router\node_modules\koa-compose\index.js:45:18)
    at C:\Users\BIM02\Desktop\ServerKT\node_modules\koa-router\lib\router.js:346:16
  errno: -4058,
  syscall: 'open',
  code: 'ENOENT',
  path: 'C:\\Users\\BIM02\\Desktop\\ServerKT\\logs/[object Object]' }
[2020-07-29T09:35:39.667] [ERROR] app - { Error: ENOENT: no such file or directory, open 'C:\Users\BIM02\Desktop\ServerKT\logs/[object Object]'
    at Object.openSync (fs.js:436:3)
    at Object.readFileSync (fs.js:341:35)
    at Object.out.Get (C:\Users\BIM02\Desktop\ServerKT\restful\v0\logs.js:17:17)
    at RestfulAPIMethods.(anonymous function) (C:\Users\BIM02\Desktop\ServerKT\routes\restful.js:32:60)
    at dispatch (C:\Users\BIM02\Desktop\ServerKT\node_modules\koa-router\node_modules\koa-compose\index.js:44:32)
    at next (C:\Users\BIM02\Desktop\ServerKT\node_modules\koa-router\node_modules\koa-compose\index.js:45:18)
    at module.exports (C:\Users\BIM02\Desktop\ServerKT\middlewares\authRouter.js:13:10)
    at dispatch (C:\Users\BIM02\Desktop\ServerKT\node_modules\koa-router\node_modules\koa-compose\index.js:44:32)
    at next (C:\Users\BIM02\Desktop\ServerKT\node_modules\koa-router\node_modules\koa-compose\index.js:45:18)
    at C:\Users\BIM02\Desktop\ServerKT\node_modules\koa-router\lib\router.js:346:16
    at dispatch (C:\Users\BIM02\Desktop\ServerKT\node_modules\koa-router\node_modules\koa-compose\index.js:44:32)
    at next (C:\Users\BIM02\Desktop\ServerKT\node_modules\koa-router\node_modules\koa-compose\index.js:45:18)
    at route.use (C:\Users\BIM02\Desktop\ServerKT\routes\restful.js:97:19)
    at dispatch (C:\Users\BIM02\Desktop\ServerKT\node_modules\koa-router\node_modules\koa-compose\index.js:44:32)
    at next (C:\Users\BIM02\Desktop\ServerKT\node_modules\koa-router\node_modules\koa-compose\index.js:45:18)
    at C:\Users\BIM02\Desktop\ServerKT\node_modules\koa-router\lib\router.js:346:16
  errno: -4058,
  syscall: 'open',
  code: 'ENOENT',
  path: 'C:\\Users\\BIM02\\Desktop\\ServerKT\\logs/[object Object]' }
[2020-07-29T09:35:40.252] [ERROR] app - { Error: ENOENT: no such file or directory, open 'C:\Users\BIM02\Desktop\ServerKT\logs/[object Object]'
    at Object.openSync (fs.js:436:3)
    at Object.readFileSync (fs.js:341:35)
    at Object.out.Get (C:\Users\BIM02\Desktop\ServerKT\restful\v0\logs.js:17:17)
    at RestfulAPIMethods.(anonymous function) (C:\Users\BIM02\Desktop\ServerKT\routes\restful.js:32:60)
    at dispatch (C:\Users\BIM02\Desktop\ServerKT\node_modules\koa-router\node_modules\koa-compose\index.js:44:32)
    at next (C:\Users\BIM02\Desktop\ServerKT\node_modules\koa-router\node_modules\koa-compose\index.js:45:18)
    at module.exports (C:\Users\BIM02\Desktop\ServerKT\middlewares\authRouter.js:13:10)
    at dispatch (C:\Users\BIM02\Desktop\ServerKT\node_modules\koa-router\node_modules\koa-compose\index.js:44:32)
    at next (C:\Users\BIM02\Desktop\ServerKT\node_modules\koa-router\node_modules\koa-compose\index.js:45:18)
    at C:\Users\BIM02\Desktop\ServerKT\node_modules\koa-router\lib\router.js:346:16
    at dispatch (C:\Users\BIM02\Desktop\ServerKT\node_modules\koa-router\node_modules\koa-compose\index.js:44:32)
    at next (C:\Users\BIM02\Desktop\ServerKT\node_modules\koa-router\node_modules\koa-compose\index.js:45:18)
    at route.use (C:\Users\BIM02\Desktop\ServerKT\routes\restful.js:97:19)
    at dispatch (C:\Users\BIM02\Desktop\ServerKT\node_modules\koa-router\node_modules\koa-compose\index.js:44:32)
    at next (C:\Users\BIM02\Desktop\ServerKT\node_modules\koa-router\node_modules\koa-compose\index.js:45:18)
    at C:\Users\BIM02\Desktop\ServerKT\node_modules\koa-router\lib\router.js:346:16
  errno: -4058,
  syscall: 'open',
  code: 'ENOENT',
  path: 'C:\\Users\\BIM02\\Desktop\\ServerKT\\logs/[object Object]' }
[2020-07-29T09:35:40.289] [ERROR] app - { Error: ENOENT: no such file or directory, open 'C:\Users\BIM02\Desktop\ServerKT\logs/[object Object]'
    at Object.openSync (fs.js:436:3)
    at Object.readFileSync (fs.js:341:35)
    at Object.out.Get (C:\Users\BIM02\Desktop\ServerKT\restful\v0\logs.js:17:17)
    at RestfulAPIMethods.(anonymous function) (C:\Users\BIM02\Desktop\ServerKT\routes\restful.js:32:60)
    at dispatch (C:\Users\BIM02\Desktop\ServerKT\node_modules\koa-router\node_modules\koa-compose\index.js:44:32)
    at next (C:\Users\BIM02\Desktop\ServerKT\node_modules\koa-router\node_modules\koa-compose\index.js:45:18)
    at module.exports (C:\Users\BIM02\Desktop\ServerKT\middlewares\authRouter.js:13:10)
    at dispatch (C:\Users\BIM02\Desktop\ServerKT\node_modules\koa-router\node_modules\koa-compose\index.js:44:32)
    at next (C:\Users\BIM02\Desktop\ServerKT\node_modules\koa-router\node_modules\koa-compose\index.js:45:18)
    at C:\Users\BIM02\Desktop\ServerKT\node_modules\koa-router\lib\router.js:346:16
    at dispatch (C:\Users\BIM02\Desktop\ServerKT\node_modules\koa-router\node_modules\koa-compose\index.js:44:32)
    at next (C:\Users\BIM02\Desktop\ServerKT\node_modules\koa-router\node_modules\koa-compose\index.js:45:18)
    at route.use (C:\Users\BIM02\Desktop\ServerKT\routes\restful.js:97:19)
    at dispatch (C:\Users\BIM02\Desktop\ServerKT\node_modules\koa-router\node_modules\koa-compose\index.js:44:32)
    at next (C:\Users\BIM02\Desktop\ServerKT\node_modules\koa-router\node_modules\koa-compose\index.js:45:18)
    at C:\Users\BIM02\Desktop\ServerKT\node_modules\koa-router\lib\router.js:346:16
  errno: -4058,
  syscall: 'open',
  code: 'ENOENT',
  path: 'C:\\Users\\BIM02\\Desktop\\ServerKT\\logs/[object Object]' }
[2020-07-29T09:35:40.827] [ERROR] app - { Error: ENOENT: no such file or directory, open 'C:\Users\BIM02\Desktop\ServerKT\logs/[object Object]'
    at Object.openSync (fs.js:436:3)
    at Object.readFileSync (fs.js:341:35)
    at Object.out.Get (C:\Users\BIM02\Desktop\ServerKT\restful\v0\logs.js:17:17)
    at RestfulAPIMethods.(anonymous function) (C:\Users\BIM02\Desktop\ServerKT\routes\restful.js:32:60)
    at dispatch (C:\Users\BIM02\Desktop\ServerKT\node_modules\koa-router\node_modules\koa-compose\index.js:44:32)
    at next (C:\Users\BIM02\Desktop\ServerKT\node_modules\koa-router\node_modules\koa-compose\index.js:45:18)
    at module.exports (C:\Users\BIM02\Desktop\ServerKT\middlewares\authRouter.js:13:10)
    at dispatch (C:\Users\BIM02\Desktop\ServerKT\node_modules\koa-router\node_modules\koa-compose\index.js:44:32)
    at next (C:\Users\BIM02\Desktop\ServerKT\node_modules\koa-router\node_modules\koa-compose\index.js:45:18)
    at C:\Users\BIM02\Desktop\ServerKT\node_modules\koa-router\lib\router.js:346:16
    at dispatch (C:\Users\BIM02\Desktop\ServerKT\node_modules\koa-router\node_modules\koa-compose\index.js:44:32)
    at next (C:\Users\BIM02\Desktop\ServerKT\node_modules\koa-router\node_modules\koa-compose\index.js:45:18)
    at route.use (C:\Users\BIM02\Desktop\ServerKT\routes\restful.js:97:19)
    at dispatch (C:\Users\BIM02\Desktop\ServerKT\node_modules\koa-router\node_modules\koa-compose\index.js:44:32)
    at next (C:\Users\BIM02\Desktop\ServerKT\node_modules\koa-router\node_modules\koa-compose\index.js:45:18)
    at C:\Users\BIM02\Desktop\ServerKT\node_modules\koa-router\lib\router.js:346:16
  errno: -4058,
  syscall: 'open',
  code: 'ENOENT',
  path: 'C:\\Users\\BIM02\\Desktop\\ServerKT\\logs/[object Object]' }
[2020-07-29T09:35:40.864] [ERROR] app - { Error: ENOENT: no such file or directory, open 'C:\Users\BIM02\Desktop\ServerKT\logs/[object Object]'
    at Object.openSync (fs.js:436:3)
    at Object.readFileSync (fs.js:341:35)
    at Object.out.Get (C:\Users\BIM02\Desktop\ServerKT\restful\v0\logs.js:17:17)
    at RestfulAPIMethods.(anonymous function) (C:\Users\BIM02\Desktop\ServerKT\routes\restful.js:32:60)
    at dispatch (C:\Users\BIM02\Desktop\ServerKT\node_modules\koa-router\node_modules\koa-compose\index.js:44:32)
    at next (C:\Users\BIM02\Desktop\ServerKT\node_modules\koa-router\node_modules\koa-compose\index.js:45:18)
    at module.exports (C:\Users\BIM02\Desktop\ServerKT\middlewares\authRouter.js:13:10)
    at dispatch (C:\Users\BIM02\Desktop\ServerKT\node_modules\koa-router\node_modules\koa-compose\index.js:44:32)
    at next (C:\Users\BIM02\Desktop\ServerKT\node_modules\koa-router\node_modules\koa-compose\index.js:45:18)
    at C:\Users\BIM02\Desktop\ServerKT\node_modules\koa-router\lib\router.js:346:16
    at dispatch (C:\Users\BIM02\Desktop\ServerKT\node_modules\koa-router\node_modules\koa-compose\index.js:44:32)
    at next (C:\Users\BIM02\Desktop\ServerKT\node_modules\koa-router\node_modules\koa-compose\index.js:45:18)
    at route.use (C:\Users\BIM02\Desktop\ServerKT\routes\restful.js:97:19)
    at dispatch (C:\Users\BIM02\Desktop\ServerKT\node_modules\koa-router\node_modules\koa-compose\index.js:44:32)
    at next (C:\Users\BIM02\Desktop\ServerKT\node_modules\koa-router\node_modules\koa-compose\index.js:45:18)
    at C:\Users\BIM02\Desktop\ServerKT\node_modules\koa-router\lib\router.js:346:16
  errno: -4058,
  syscall: 'open',
  code: 'ENOENT',
  path: 'C:\\Users\\BIM02\\Desktop\\ServerKT\\logs/[object Object]' }
[2020-07-29T09:35:41.309] [ERROR] app - { Error: ENOENT: no such file or directory, open 'C:\Users\BIM02\Desktop\ServerKT\logs/[object Object]'
    at Object.openSync (fs.js:436:3)
    at Object.readFileSync (fs.js:341:35)
    at Object.out.Get (C:\Users\BIM02\Desktop\ServerKT\restful\v0\logs.js:17:17)
    at RestfulAPIMethods.(anonymous function) (C:\Users\BIM02\Desktop\ServerKT\routes\restful.js:32:60)
    at dispatch (C:\Users\BIM02\Desktop\ServerKT\node_modules\koa-router\node_modules\koa-compose\index.js:44:32)
    at next (C:\Users\BIM02\Desktop\ServerKT\node_modules\koa-router\node_modules\koa-compose\index.js:45:18)
    at module.exports (C:\Users\BIM02\Desktop\ServerKT\middlewares\authRouter.js:13:10)
    at dispatch (C:\Users\BIM02\Desktop\ServerKT\node_modules\koa-router\node_modules\koa-compose\index.js:44:32)
    at next (C:\Users\BIM02\Desktop\ServerKT\node_modules\koa-router\node_modules\koa-compose\index.js:45:18)
    at C:\Users\BIM02\Desktop\ServerKT\node_modules\koa-router\lib\router.js:346:16
    at dispatch (C:\Users\BIM02\Desktop\ServerKT\node_modules\koa-router\node_modules\koa-compose\index.js:44:32)
    at next (C:\Users\BIM02\Desktop\ServerKT\node_modules\koa-router\node_modules\koa-compose\index.js:45:18)
    at route.use (C:\Users\BIM02\Desktop\ServerKT\routes\restful.js:97:19)
    at dispatch (C:\Users\BIM02\Desktop\ServerKT\node_modules\koa-router\node_modules\koa-compose\index.js:44:32)
    at next (C:\Users\BIM02\Desktop\ServerKT\node_modules\koa-router\node_modules\koa-compose\index.js:45:18)
    at C:\Users\BIM02\Desktop\ServerKT\node_modules\koa-router\lib\router.js:346:16
  errno: -4058,
  syscall: 'open',
  code: 'ENOENT',
  path: 'C:\\Users\\BIM02\\Desktop\\ServerKT\\logs/[object Object]' }
[2020-07-29T09:35:41.341] [ERROR] app - { Error: ENOENT: no such file or directory, open 'C:\Users\BIM02\Desktop\ServerKT\logs/[object Object]'
    at Object.openSync (fs.js:436:3)
    at Object.readFileSync (fs.js:341:35)
    at Object.out.Get (C:\Users\BIM02\Desktop\ServerKT\restful\v0\logs.js:17:17)
    at RestfulAPIMethods.(anonymous function) (C:\Users\BIM02\Desktop\ServerKT\routes\restful.js:32:60)
    at dispatch (C:\Users\BIM02\Desktop\ServerKT\node_modules\koa-router\node_modules\koa-compose\index.js:44:32)
    at next (C:\Users\BIM02\Desktop\ServerKT\node_modules\koa-router\node_modules\koa-compose\index.js:45:18)
    at module.exports (C:\Users\BIM02\Desktop\ServerKT\middlewares\authRouter.js:13:10)
    at dispatch (C:\Users\BIM02\Desktop\ServerKT\node_modules\koa-router\node_modules\koa-compose\index.js:44:32)
    at next (C:\Users\BIM02\Desktop\ServerKT\node_modules\koa-router\node_modules\koa-compose\index.js:45:18)
    at C:\Users\BIM02\Desktop\ServerKT\node_modules\koa-router\lib\router.js:346:16
    at dispatch (C:\Users\BIM02\Desktop\ServerKT\node_modules\koa-router\node_modules\koa-compose\index.js:44:32)
    at next (C:\Users\BIM02\Desktop\ServerKT\node_modules\koa-router\node_modules\koa-compose\index.js:45:18)
    at route.use (C:\Users\BIM02\Desktop\ServerKT\routes\restful.js:97:19)
    at dispatch (C:\Users\BIM02\Desktop\ServerKT\node_modules\koa-router\node_modules\koa-compose\index.js:44:32)
    at next (C:\Users\BIM02\Desktop\ServerKT\node_modules\koa-router\node_modules\koa-compose\index.js:45:18)
    at C:\Users\BIM02\Desktop\ServerKT\node_modules\koa-router\lib\router.js:346:16
  errno: -4058,
  syscall: 'open',
  code: 'ENOENT',
  path: 'C:\\Users\\BIM02\\Desktop\\ServerKT\\logs/[object Object]' }
[2020-07-29T09:35:41.921] [ERROR] app - { Error: ENOENT: no such file or directory, open 'C:\Users\BIM02\Desktop\ServerKT\logs/[object Object]'
    at Object.openSync (fs.js:436:3)
    at Object.readFileSync (fs.js:341:35)
    at Object.out.Get (C:\Users\BIM02\Desktop\ServerKT\restful\v0\logs.js:17:17)
    at RestfulAPIMethods.(anonymous function) (C:\Users\BIM02\Desktop\ServerKT\routes\restful.js:32:60)
    at dispatch (C:\Users\BIM02\Desktop\ServerKT\node_modules\koa-router\node_modules\koa-compose\index.js:44:32)
    at next (C:\Users\BIM02\Desktop\ServerKT\node_modules\koa-router\node_modules\koa-compose\index.js:45:18)
    at module.exports (C:\Users\BIM02\Desktop\ServerKT\middlewares\authRouter.js:13:10)
    at dispatch (C:\Users\BIM02\Desktop\ServerKT\node_modules\koa-router\node_modules\koa-compose\index.js:44:32)
    at next (C:\Users\BIM02\Desktop\ServerKT\node_modules\koa-router\node_modules\koa-compose\index.js:45:18)
    at C:\Users\BIM02\Desktop\ServerKT\node_modules\koa-router\lib\router.js:346:16
    at dispatch (C:\Users\BIM02\Desktop\ServerKT\node_modules\koa-router\node_modules\koa-compose\index.js:44:32)
    at next (C:\Users\BIM02\Desktop\ServerKT\node_modules\koa-router\node_modules\koa-compose\index.js:45:18)
    at route.use (C:\Users\BIM02\Desktop\ServerKT\routes\restful.js:97:19)
    at dispatch (C:\Users\BIM02\Desktop\ServerKT\node_modules\koa-router\node_modules\koa-compose\index.js:44:32)
    at next (C:\Users\BIM02\Desktop\ServerKT\node_modules\koa-router\node_modules\koa-compose\index.js:45:18)
    at C:\Users\BIM02\Desktop\ServerKT\node_modules\koa-router\lib\router.js:346:16
  errno: -4058,
  syscall: 'open',
  code: 'ENOENT',
  path: 'C:\\Users\\BIM02\\Desktop\\ServerKT\\logs/[object Object]' }
[2020-07-29T09:35:41.938] [ERROR] app - { Error: ENOENT: no such file or directory, open 'C:\Users\BIM02\Desktop\ServerKT\logs/[object Object]'
    at Object.openSync (fs.js:436:3)
    at Object.readFileSync (fs.js:341:35)
    at Object.out.Get (C:\Users\BIM02\Desktop\ServerKT\restful\v0\logs.js:17:17)
    at RestfulAPIMethods.(anonymous function) (C:\Users\BIM02\Desktop\ServerKT\routes\restful.js:32:60)
    at dispatch (C:\Users\BIM02\Desktop\ServerKT\node_modules\koa-router\node_modules\koa-compose\index.js:44:32)
    at next (C:\Users\BIM02\Desktop\ServerKT\node_modules\koa-router\node_modules\koa-compose\index.js:45:18)
    at module.exports (C:\Users\BIM02\Desktop\ServerKT\middlewares\authRouter.js:13:10)
    at dispatch (C:\Users\BIM02\Desktop\ServerKT\node_modules\koa-router\node_modules\koa-compose\index.js:44:32)
    at next (C:\Users\BIM02\Desktop\ServerKT\node_modules\koa-router\node_modules\koa-compose\index.js:45:18)
    at C:\Users\BIM02\Desktop\ServerKT\node_modules\koa-router\lib\router.js:346:16
    at dispatch (C:\Users\BIM02\Desktop\ServerKT\node_modules\koa-router\node_modules\koa-compose\index.js:44:32)
    at next (C:\Users\BIM02\Desktop\ServerKT\node_modules\koa-router\node_modules\koa-compose\index.js:45:18)
    at route.use (C:\Users\BIM02\Desktop\ServerKT\routes\restful.js:97:19)
    at dispatch (C:\Users\BIM02\Desktop\ServerKT\node_modules\koa-router\node_modules\koa-compose\index.js:44:32)
    at next (C:\Users\BIM02\Desktop\ServerKT\node_modules\koa-router\node_modules\koa-compose\index.js:45:18)
    at C:\Users\BIM02\Desktop\ServerKT\node_modules\koa-router\lib\router.js:346:16
  errno: -4058,
  syscall: 'open',
  code: 'ENOENT',
  path: 'C:\\Users\\BIM02\\Desktop\\ServerKT\\logs/[object Object]' }
[2020-07-29T09:35:42.722] [ERROR] app - { Error: ENOENT: no such file or directory, open 'C:\Users\BIM02\Desktop\ServerKT\logs/[object Object]'
    at Object.openSync (fs.js:436:3)
    at Object.readFileSync (fs.js:341:35)
    at Object.out.Get (C:\Users\BIM02\Desktop\ServerKT\restful\v0\logs.js:17:17)
    at RestfulAPIMethods.(anonymous function) (C:\Users\BIM02\Desktop\ServerKT\routes\restful.js:32:60)
    at dispatch (C:\Users\BIM02\Desktop\ServerKT\node_modules\koa-router\node_modules\koa-compose\index.js:44:32)
    at next (C:\Users\BIM02\Desktop\ServerKT\node_modules\koa-router\node_modules\koa-compose\index.js:45:18)
    at module.exports (C:\Users\BIM02\Desktop\ServerKT\middlewares\authRouter.js:13:10)
    at dispatch (C:\Users\BIM02\Desktop\ServerKT\node_modules\koa-router\node_modules\koa-compose\index.js:44:32)
    at next (C:\Users\BIM02\Desktop\ServerKT\node_modules\koa-router\node_modules\koa-compose\index.js:45:18)
    at C:\Users\BIM02\Desktop\ServerKT\node_modules\koa-router\lib\router.js:346:16
    at dispatch (C:\Users\BIM02\Desktop\ServerKT\node_modules\koa-router\node_modules\koa-compose\index.js:44:32)
    at next (C:\Users\BIM02\Desktop\ServerKT\node_modules\koa-router\node_modules\koa-compose\index.js:45:18)
    at route.use (C:\Users\BIM02\Desktop\ServerKT\routes\restful.js:97:19)
    at dispatch (C:\Users\BIM02\Desktop\ServerKT\node_modules\koa-router\node_modules\koa-compose\index.js:44:32)
    at next (C:\Users\BIM02\Desktop\ServerKT\node_modules\koa-router\node_modules\koa-compose\index.js:45:18)
    at C:\Users\BIM02\Desktop\ServerKT\node_modules\koa-router\lib\router.js:346:16
  errno: -4058,
  syscall: 'open',
  code: 'ENOENT',
  path: 'C:\\Users\\BIM02\\Desktop\\ServerKT\\logs/[object Object]' }
[2020-07-29T09:35:42.741] [ERROR] app - { Error: ENOENT: no such file or directory, open 'C:\Users\BIM02\Desktop\ServerKT\logs/[object Object]'
    at Object.openSync (fs.js:436:3)
    at Object.readFileSync (fs.js:341:35)
    at Object.out.Get (C:\Users\BIM02\Desktop\ServerKT\restful\v0\logs.js:17:17)
    at RestfulAPIMethods.(anonymous function) (C:\Users\BIM02\Desktop\ServerKT\routes\restful.js:32:60)
    at dispatch (C:\Users\BIM02\Desktop\ServerKT\node_modules\koa-router\node_modules\koa-compose\index.js:44:32)
    at next (C:\Users\BIM02\Desktop\ServerKT\node_modules\koa-router\node_modules\koa-compose\index.js:45:18)
    at module.exports (C:\Users\BIM02\Desktop\ServerKT\middlewares\authRouter.js:13:10)
    at dispatch (C:\Users\BIM02\Desktop\ServerKT\node_modules\koa-router\node_modules\koa-compose\index.js:44:32)
    at next (C:\Users\BIM02\Desktop\ServerKT\node_modules\koa-router\node_modules\koa-compose\index.js:45:18)
    at C:\Users\BIM02\Desktop\ServerKT\node_modules\koa-router\lib\router.js:346:16
    at dispatch (C:\Users\BIM02\Desktop\ServerKT\node_modules\koa-router\node_modules\koa-compose\index.js:44:32)
    at next (C:\Users\BIM02\Desktop\ServerKT\node_modules\koa-router\node_modules\koa-compose\index.js:45:18)
    at route.use (C:\Users\BIM02\Desktop\ServerKT\routes\restful.js:97:19)
    at dispatch (C:\Users\BIM02\Desktop\ServerKT\node_modules\koa-router\node_modules\koa-compose\index.js:44:32)
    at next (C:\Users\BIM02\Desktop\ServerKT\node_modules\koa-router\node_modules\koa-compose\index.js:45:18)
    at C:\Users\BIM02\Desktop\ServerKT\node_modules\koa-router\lib\router.js:346:16
  errno: -4058,
  syscall: 'open',
  code: 'ENOENT',
  path: 'C:\\Users\\BIM02\\Desktop\\ServerKT\\logs/[object Object]' }
[2020-07-29T09:35:43.839] [ERROR] app - { Error: ENOENT: no such file or directory, open 'C:\Users\BIM02\Desktop\ServerKT\logs/[object Object]'
    at Object.openSync (fs.js:436:3)
    at Object.readFileSync (fs.js:341:35)
    at Object.out.Get (C:\Users\BIM02\Desktop\ServerKT\restful\v0\logs.js:17:17)
    at RestfulAPIMethods.(anonymous function) (C:\Users\BIM02\Desktop\ServerKT\routes\restful.js:32:60)
    at dispatch (C:\Users\BIM02\Desktop\ServerKT\node_modules\koa-router\node_modules\koa-compose\index.js:44:32)
    at next (C:\Users\BIM02\Desktop\ServerKT\node_modules\koa-router\node_modules\koa-compose\index.js:45:18)
    at module.exports (C:\Users\BIM02\Desktop\ServerKT\middlewares\authRouter.js:13:10)
    at dispatch (C:\Users\BIM02\Desktop\ServerKT\node_modules\koa-router\node_modules\koa-compose\index.js:44:32)
    at next (C:\Users\BIM02\Desktop\ServerKT\node_modules\koa-router\node_modules\koa-compose\index.js:45:18)
    at C:\Users\BIM02\Desktop\ServerKT\node_modules\koa-router\lib\router.js:346:16
    at dispatch (C:\Users\BIM02\Desktop\ServerKT\node_modules\koa-router\node_modules\koa-compose\index.js:44:32)
    at next (C:\Users\BIM02\Desktop\ServerKT\node_modules\koa-router\node_modules\koa-compose\index.js:45:18)
    at route.use (C:\Users\BIM02\Desktop\ServerKT\routes\restful.js:97:19)
    at dispatch (C:\Users\BIM02\Desktop\ServerKT\node_modules\koa-router\node_modules\koa-compose\index.js:44:32)
    at next (C:\Users\BIM02\Desktop\ServerKT\node_modules\koa-router\node_modules\koa-compose\index.js:45:18)
    at C:\Users\BIM02\Desktop\ServerKT\node_modules\koa-router\lib\router.js:346:16
  errno: -4058,
  syscall: 'open',
  code: 'ENOENT',
  path: 'C:\\Users\\BIM02\\Desktop\\ServerKT\\logs/[object Object]' }
[2020-07-29T09:35:43.855] [ERROR] app - { Error: ENOENT: no such file or directory, open 'C:\Users\BIM02\Desktop\ServerKT\logs/[object Object]'
    at Object.openSync (fs.js:436:3)
    at Object.readFileSync (fs.js:341:35)
    at Object.out.Get (C:\Users\BIM02\Desktop\ServerKT\restful\v0\logs.js:17:17)
    at RestfulAPIMethods.(anonymous function) (C:\Users\BIM02\Desktop\ServerKT\routes\restful.js:32:60)
    at dispatch (C:\Users\BIM02\Desktop\ServerKT\node_modules\koa-router\node_modules\koa-compose\index.js:44:32)
    at next (C:\Users\BIM02\Desktop\ServerKT\node_modules\koa-router\node_modules\koa-compose\index.js:45:18)
    at module.exports (C:\Users\BIM02\Desktop\ServerKT\middlewares\authRouter.js:13:10)
    at dispatch (C:\Users\BIM02\Desktop\ServerKT\node_modules\koa-router\node_modules\koa-compose\index.js:44:32)
    at next (C:\Users\BIM02\Desktop\ServerKT\node_modules\koa-router\node_modules\koa-compose\index.js:45:18)
    at C:\Users\BIM02\Desktop\ServerKT\node_modules\koa-router\lib\router.js:346:16
    at dispatch (C:\Users\BIM02\Desktop\ServerKT\node_modules\koa-router\node_modules\koa-compose\index.js:44:32)
    at next (C:\Users\BIM02\Desktop\ServerKT\node_modules\koa-router\node_modules\koa-compose\index.js:45:18)
    at route.use (C:\Users\BIM02\Desktop\ServerKT\routes\restful.js:97:19)
    at dispatch (C:\Users\BIM02\Desktop\ServerKT\node_modules\koa-router\node_modules\koa-compose\index.js:44:32)
    at next (C:\Users\BIM02\Desktop\ServerKT\node_modules\koa-router\node_modules\koa-compose\index.js:45:18)
    at C:\Users\BIM02\Desktop\ServerKT\node_modules\koa-router\lib\router.js:346:16
  errno: -4058,
  syscall: 'open',
  code: 'ENOENT',
  path: 'C:\\Users\\BIM02\\Desktop\\ServerKT\\logs/[object Object]' }
[2020-07-29T09:35:44.591] [ERROR] app - { Error: ENOENT: no such file or directory, open 'C:\Users\BIM02\Desktop\ServerKT\logs/[object Object]'
    at Object.openSync (fs.js:436:3)
    at Object.readFileSync (fs.js:341:35)
    at Object.out.Get (C:\Users\BIM02\Desktop\ServerKT\restful\v0\logs.js:17:17)
    at RestfulAPIMethods.(anonymous function) (C:\Users\BIM02\Desktop\ServerKT\routes\restful.js:32:60)
    at dispatch (C:\Users\BIM02\Desktop\ServerKT\node_modules\koa-router\node_modules\koa-compose\index.js:44:32)
    at next (C:\Users\BIM02\Desktop\ServerKT\node_modules\koa-router\node_modules\koa-compose\index.js:45:18)
    at module.exports (C:\Users\BIM02\Desktop\ServerKT\middlewares\authRouter.js:13:10)
    at dispatch (C:\Users\BIM02\Desktop\ServerKT\node_modules\koa-router\node_modules\koa-compose\index.js:44:32)
    at next (C:\Users\BIM02\Desktop\ServerKT\node_modules\koa-router\node_modules\koa-compose\index.js:45:18)
    at C:\Users\BIM02\Desktop\ServerKT\node_modules\koa-router\lib\router.js:346:16
    at dispatch (C:\Users\BIM02\Desktop\ServerKT\node_modules\koa-router\node_modules\koa-compose\index.js:44:32)
    at next (C:\Users\BIM02\Desktop\ServerKT\node_modules\koa-router\node_modules\koa-compose\index.js:45:18)
    at route.use (C:\Users\BIM02\Desktop\ServerKT\routes\restful.js:97:19)
    at dispatch (C:\Users\BIM02\Desktop\ServerKT\node_modules\koa-router\node_modules\koa-compose\index.js:44:32)
    at next (C:\Users\BIM02\Desktop\ServerKT\node_modules\koa-router\node_modules\koa-compose\index.js:45:18)
    at C:\Users\BIM02\Desktop\ServerKT\node_modules\koa-router\lib\router.js:346:16
  errno: -4058,
  syscall: 'open',
  code: 'ENOENT',
  path: 'C:\\Users\\BIM02\\Desktop\\ServerKT\\logs/[object Object]' }
[2020-07-29T09:35:44.627] [ERROR] app - { Error: ENOENT: no such file or directory, open 'C:\Users\BIM02\Desktop\ServerKT\logs/[object Object]'
    at Object.openSync (fs.js:436:3)
    at Object.readFileSync (fs.js:341:35)
    at Object.out.Get (C:\Users\BIM02\Desktop\ServerKT\restful\v0\logs.js:17:17)
    at RestfulAPIMethods.(anonymous function) (C:\Users\BIM02\Desktop\ServerKT\routes\restful.js:32:60)
    at dispatch (C:\Users\BIM02\Desktop\ServerKT\node_modules\koa-router\node_modules\koa-compose\index.js:44:32)
    at next (C:\Users\BIM02\Desktop\ServerKT\node_modules\koa-router\node_modules\koa-compose\index.js:45:18)
    at module.exports (C:\Users\BIM02\Desktop\ServerKT\middlewares\authRouter.js:13:10)
    at dispatch (C:\Users\BIM02\Desktop\ServerKT\node_modules\koa-router\node_modules\koa-compose\index.js:44:32)
    at next (C:\Users\BIM02\Desktop\ServerKT\node_modules\koa-router\node_modules\koa-compose\index.js:45:18)
    at C:\Users\BIM02\Desktop\ServerKT\node_modules\koa-router\lib\router.js:346:16
    at dispatch (C:\Users\BIM02\Desktop\ServerKT\node_modules\koa-router\node_modules\koa-compose\index.js:44:32)
    at next (C:\Users\BIM02\Desktop\ServerKT\node_modules\koa-router\node_modules\koa-compose\index.js:45:18)
    at route.use (C:\Users\BIM02\Desktop\ServerKT\routes\restful.js:97:19)
    at dispatch (C:\Users\BIM02\Desktop\ServerKT\node_modules\koa-router\node_modules\koa-compose\index.js:44:32)
    at next (C:\Users\BIM02\Desktop\ServerKT\node_modules\koa-router\node_modules\koa-compose\index.js:45:18)
    at C:\Users\BIM02\Desktop\ServerKT\node_modules\koa-router\lib\router.js:346:16
  errno: -4058,
  syscall: 'open',
  code: 'ENOENT',
  path: 'C:\\Users\\BIM02\\Desktop\\ServerKT\\logs/[object Object]' }
[2020-07-29T09:35:45.119] [ERROR] app - { Error: ENOENT: no such file or directory, open 'C:\Users\BIM02\Desktop\ServerKT\logs/[object Object]'
    at Object.openSync (fs.js:436:3)
    at Object.readFileSync (fs.js:341:35)
    at Object.out.Get (C:\Users\BIM02\Desktop\ServerKT\restful\v0\logs.js:17:17)
    at RestfulAPIMethods.(anonymous function) (C:\Users\BIM02\Desktop\ServerKT\routes\restful.js:32:60)
    at dispatch (C:\Users\BIM02\Desktop\ServerKT\node_modules\koa-router\node_modules\koa-compose\index.js:44:32)
    at next (C:\Users\BIM02\Desktop\ServerKT\node_modules\koa-router\node_modules\koa-compose\index.js:45:18)
    at module.exports (C:\Users\BIM02\Desktop\ServerKT\middlewares\authRouter.js:13:10)
    at dispatch (C:\Users\BIM02\Desktop\ServerKT\node_modules\koa-router\node_modules\koa-compose\index.js:44:32)
    at next (C:\Users\BIM02\Desktop\ServerKT\node_modules\koa-router\node_modules\koa-compose\index.js:45:18)
    at C:\Users\BIM02\Desktop\ServerKT\node_modules\koa-router\lib\router.js:346:16
    at dispatch (C:\Users\BIM02\Desktop\ServerKT\node_modules\koa-router\node_modules\koa-compose\index.js:44:32)
    at next (C:\Users\BIM02\Desktop\ServerKT\node_modules\koa-router\node_modules\koa-compose\index.js:45:18)
    at route.use (C:\Users\BIM02\Desktop\ServerKT\routes\restful.js:97:19)
    at dispatch (C:\Users\BIM02\Desktop\ServerKT\node_modules\koa-router\node_modules\koa-compose\index.js:44:32)
    at next (C:\Users\BIM02\Desktop\ServerKT\node_modules\koa-router\node_modules\koa-compose\index.js:45:18)
    at C:\Users\BIM02\Desktop\ServerKT\node_modules\koa-router\lib\router.js:346:16
  errno: -4058,
  syscall: 'open',
  code: 'ENOENT',
  path: 'C:\\Users\\BIM02\\Desktop\\ServerKT\\logs/[object Object]' }
[2020-07-29T09:35:45.138] [ERROR] app - { Error: ENOENT: no such file or directory, open 'C:\Users\BIM02\Desktop\ServerKT\logs/[object Object]'
    at Object.openSync (fs.js:436:3)
    at Object.readFileSync (fs.js:341:35)
    at Object.out.Get (C:\Users\BIM02\Desktop\ServerKT\restful\v0\logs.js:17:17)
    at RestfulAPIMethods.(anonymous function) (C:\Users\BIM02\Desktop\ServerKT\routes\restful.js:32:60)
    at dispatch (C:\Users\BIM02\Desktop\ServerKT\node_modules\koa-router\node_modules\koa-compose\index.js:44:32)
    at next (C:\Users\BIM02\Desktop\ServerKT\node_modules\koa-router\node_modules\koa-compose\index.js:45:18)
    at module.exports (C:\Users\BIM02\Desktop\ServerKT\middlewares\authRouter.js:13:10)
    at dispatch (C:\Users\BIM02\Desktop\ServerKT\node_modules\koa-router\node_modules\koa-compose\index.js:44:32)
    at next (C:\Users\BIM02\Desktop\ServerKT\node_modules\koa-router\node_modules\koa-compose\index.js:45:18)
    at C:\Users\BIM02\Desktop\ServerKT\node_modules\koa-router\lib\router.js:346:16
    at dispatch (C:\Users\BIM02\Desktop\ServerKT\node_modules\koa-router\node_modules\koa-compose\index.js:44:32)
    at next (C:\Users\BIM02\Desktop\ServerKT\node_modules\koa-router\node_modules\koa-compose\index.js:45:18)
    at route.use (C:\Users\BIM02\Desktop\ServerKT\routes\restful.js:97:19)
    at dispatch (C:\Users\BIM02\Desktop\ServerKT\node_modules\koa-router\node_modules\koa-compose\index.js:44:32)
    at next (C:\Users\BIM02\Desktop\ServerKT\node_modules\koa-router\node_modules\koa-compose\index.js:45:18)
    at C:\Users\BIM02\Desktop\ServerKT\node_modules\koa-router\lib\router.js:346:16
  errno: -4058,
  syscall: 'open',
  code: 'ENOENT',
  path: 'C:\\Users\\BIM02\\Desktop\\ServerKT\\logs/[object Object]' }
[2020-07-29T09:35:45.560] [ERROR] app - { Error: ENOENT: no such file or directory, open 'C:\Users\BIM02\Desktop\ServerKT\logs/[object Object]'
    at Object.openSync (fs.js:436:3)
    at Object.readFileSync (fs.js:341:35)
    at Object.out.Get (C:\Users\BIM02\Desktop\ServerKT\restful\v0\logs.js:17:17)
    at RestfulAPIMethods.(anonymous function) (C:\Users\BIM02\Desktop\ServerKT\routes\restful.js:32:60)
    at dispatch (C:\Users\BIM02\Desktop\ServerKT\node_modules\koa-router\node_modules\koa-compose\index.js:44:32)
    at next (C:\Users\BIM02\Desktop\ServerKT\node_modules\koa-router\node_modules\koa-compose\index.js:45:18)
    at module.exports (C:\Users\BIM02\Desktop\ServerKT\middlewares\authRouter.js:13:10)
    at dispatch (C:\Users\BIM02\Desktop\ServerKT\node_modules\koa-router\node_modules\koa-compose\index.js:44:32)
    at next (C:\Users\BIM02\Desktop\ServerKT\node_modules\koa-router\node_modules\koa-compose\index.js:45:18)
    at C:\Users\BIM02\Desktop\ServerKT\node_modules\koa-router\lib\router.js:346:16
    at dispatch (C:\Users\BIM02\Desktop\ServerKT\node_modules\koa-router\node_modules\koa-compose\index.js:44:32)
    at next (C:\Users\BIM02\Desktop\ServerKT\node_modules\koa-router\node_modules\koa-compose\index.js:45:18)
    at route.use (C:\Users\BIM02\Desktop\ServerKT\routes\restful.js:97:19)
    at dispatch (C:\Users\BIM02\Desktop\ServerKT\node_modules\koa-router\node_modules\koa-compose\index.js:44:32)
    at next (C:\Users\BIM02\Desktop\ServerKT\node_modules\koa-router\node_modules\koa-compose\index.js:45:18)
    at C:\Users\BIM02\Desktop\ServerKT\node_modules\koa-router\lib\router.js:346:16
  errno: -4058,
  syscall: 'open',
  code: 'ENOENT',
  path: 'C:\\Users\\BIM02\\Desktop\\ServerKT\\logs/[object Object]' }
[2020-07-29T09:35:45.588] [ERROR] app - { Error: ENOENT: no such file or directory, open 'C:\Users\BIM02\Desktop\ServerKT\logs/[object Object]'
    at Object.openSync (fs.js:436:3)
    at Object.readFileSync (fs.js:341:35)
    at Object.out.Get (C:\Users\BIM02\Desktop\ServerKT\restful\v0\logs.js:17:17)
    at RestfulAPIMethods.(anonymous function) (C:\Users\BIM02\Desktop\ServerKT\routes\restful.js:32:60)
    at dispatch (C:\Users\BIM02\Desktop\ServerKT\node_modules\koa-router\node_modules\koa-compose\index.js:44:32)
    at next (C:\Users\BIM02\Desktop\ServerKT\node_modules\koa-router\node_modules\koa-compose\index.js:45:18)
    at module.exports (C:\Users\BIM02\Desktop\ServerKT\middlewares\authRouter.js:13:10)
    at dispatch (C:\Users\BIM02\Desktop\ServerKT\node_modules\koa-router\node_modules\koa-compose\index.js:44:32)
    at next (C:\Users\BIM02\Desktop\ServerKT\node_modules\koa-router\node_modules\koa-compose\index.js:45:18)
    at C:\Users\BIM02\Desktop\ServerKT\node_modules\koa-router\lib\router.js:346:16
    at dispatch (C:\Users\BIM02\Desktop\ServerKT\node_modules\koa-router\node_modules\koa-compose\index.js:44:32)
    at next (C:\Users\BIM02\Desktop\ServerKT\node_modules\koa-router\node_modules\koa-compose\index.js:45:18)
    at route.use (C:\Users\BIM02\Desktop\ServerKT\routes\restful.js:97:19)
    at dispatch (C:\Users\BIM02\Desktop\ServerKT\node_modules\koa-router\node_modules\koa-compose\index.js:44:32)
    at next (C:\Users\BIM02\Desktop\ServerKT\node_modules\koa-router\node_modules\koa-compose\index.js:45:18)
    at C:\Users\BIM02\Desktop\ServerKT\node_modules\koa-router\lib\router.js:346:16
  errno: -4058,
  syscall: 'open',
  code: 'ENOENT',
  path: 'C:\\Users\\BIM02\\Desktop\\ServerKT\\logs/[object Object]' }
[2020-07-29T09:35:46.003] [ERROR] app - { Error: ENOENT: no such file or directory, open 'C:\Users\BIM02\Desktop\ServerKT\logs/[object Object]'
    at Object.openSync (fs.js:436:3)
    at Object.readFileSync (fs.js:341:35)
    at Object.out.Get (C:\Users\BIM02\Desktop\ServerKT\restful\v0\logs.js:17:17)
    at RestfulAPIMethods.(anonymous function) (C:\Users\BIM02\Desktop\ServerKT\routes\restful.js:32:60)
    at dispatch (C:\Users\BIM02\Desktop\ServerKT\node_modules\koa-router\node_modules\koa-compose\index.js:44:32)
    at next (C:\Users\BIM02\Desktop\ServerKT\node_modules\koa-router\node_modules\koa-compose\index.js:45:18)
    at module.exports (C:\Users\BIM02\Desktop\ServerKT\middlewares\authRouter.js:13:10)
    at dispatch (C:\Users\BIM02\Desktop\ServerKT\node_modules\koa-router\node_modules\koa-compose\index.js:44:32)
    at next (C:\Users\BIM02\Desktop\ServerKT\node_modules\koa-router\node_modules\koa-compose\index.js:45:18)
    at C:\Users\BIM02\Desktop\ServerKT\node_modules\koa-router\lib\router.js:346:16
    at dispatch (C:\Users\BIM02\Desktop\ServerKT\node_modules\koa-router\node_modules\koa-compose\index.js:44:32)
    at next (C:\Users\BIM02\Desktop\ServerKT\node_modules\koa-router\node_modules\koa-compose\index.js:45:18)
    at route.use (C:\Users\BIM02\Desktop\ServerKT\routes\restful.js:97:19)
    at dispatch (C:\Users\BIM02\Desktop\ServerKT\node_modules\koa-router\node_modules\koa-compose\index.js:44:32)
    at next (C:\Users\BIM02\Desktop\ServerKT\node_modules\koa-router\node_modules\koa-compose\index.js:45:18)
    at C:\Users\BIM02\Desktop\ServerKT\node_modules\koa-router\lib\router.js:346:16
  errno: -4058,
  syscall: 'open',
  code: 'ENOENT',
  path: 'C:\\Users\\BIM02\\Desktop\\ServerKT\\logs/[object Object]' }
[2020-07-29T09:35:46.022] [ERROR] app - { Error: ENOENT: no such file or directory, open 'C:\Users\BIM02\Desktop\ServerKT\logs/[object Object]'
    at Object.openSync (fs.js:436:3)
    at Object.readFileSync (fs.js:341:35)
    at Object.out.Get (C:\Users\BIM02\Desktop\ServerKT\restful\v0\logs.js:17:17)
    at RestfulAPIMethods.(anonymous function) (C:\Users\BIM02\Desktop\ServerKT\routes\restful.js:32:60)
    at dispatch (C:\Users\BIM02\Desktop\ServerKT\node_modules\koa-router\node_modules\koa-compose\index.js:44:32)
    at next (C:\Users\BIM02\Desktop\ServerKT\node_modules\koa-router\node_modules\koa-compose\index.js:45:18)
    at module.exports (C:\Users\BIM02\Desktop\ServerKT\middlewares\authRouter.js:13:10)
    at dispatch (C:\Users\BIM02\Desktop\ServerKT\node_modules\koa-router\node_modules\koa-compose\index.js:44:32)
    at next (C:\Users\BIM02\Desktop\ServerKT\node_modules\koa-router\node_modules\koa-compose\index.js:45:18)
    at C:\Users\BIM02\Desktop\ServerKT\node_modules\koa-router\lib\router.js:346:16
    at dispatch (C:\Users\BIM02\Desktop\ServerKT\node_modules\koa-router\node_modules\koa-compose\index.js:44:32)
    at next (C:\Users\BIM02\Desktop\ServerKT\node_modules\koa-router\node_modules\koa-compose\index.js:45:18)
    at route.use (C:\Users\BIM02\Desktop\ServerKT\routes\restful.js:97:19)
    at dispatch (C:\Users\BIM02\Desktop\ServerKT\node_modules\koa-router\node_modules\koa-compose\index.js:44:32)
    at next (C:\Users\BIM02\Desktop\ServerKT\node_modules\koa-router\node_modules\koa-compose\index.js:45:18)
    at C:\Users\BIM02\Desktop\ServerKT\node_modules\koa-router\lib\router.js:346:16
  errno: -4058,
  syscall: 'open',
  code: 'ENOENT',
  path: 'C:\\Users\\BIM02\\Desktop\\ServerKT\\logs/[object Object]' }
[2020-07-29T09:35:50.752] [ERROR] app - { Error: ENOENT: no such file or directory, open 'C:\Users\BIM02\Desktop\ServerKT\logs/[object Object]'
    at Object.openSync (fs.js:436:3)
    at Object.readFileSync (fs.js:341:35)
    at Object.out.Get (C:\Users\BIM02\Desktop\ServerKT\restful\v0\logs.js:17:17)
    at RestfulAPIMethods.(anonymous function) (C:\Users\BIM02\Desktop\ServerKT\routes\restful.js:32:60)
    at dispatch (C:\Users\BIM02\Desktop\ServerKT\node_modules\koa-router\node_modules\koa-compose\index.js:44:32)
    at next (C:\Users\BIM02\Desktop\ServerKT\node_modules\koa-router\node_modules\koa-compose\index.js:45:18)
    at module.exports (C:\Users\BIM02\Desktop\ServerKT\middlewares\authRouter.js:13:10)
    at dispatch (C:\Users\BIM02\Desktop\ServerKT\node_modules\koa-router\node_modules\koa-compose\index.js:44:32)
    at next (C:\Users\BIM02\Desktop\ServerKT\node_modules\koa-router\node_modules\koa-compose\index.js:45:18)
    at C:\Users\BIM02\Desktop\ServerKT\node_modules\koa-router\lib\router.js:346:16
    at dispatch (C:\Users\BIM02\Desktop\ServerKT\node_modules\koa-router\node_modules\koa-compose\index.js:44:32)
    at next (C:\Users\BIM02\Desktop\ServerKT\node_modules\koa-router\node_modules\koa-compose\index.js:45:18)
    at route.use (C:\Users\BIM02\Desktop\ServerKT\routes\restful.js:97:19)
    at dispatch (C:\Users\BIM02\Desktop\ServerKT\node_modules\koa-router\node_modules\koa-compose\index.js:44:32)
    at next (C:\Users\BIM02\Desktop\ServerKT\node_modules\koa-router\node_modules\koa-compose\index.js:45:18)
    at C:\Users\BIM02\Desktop\ServerKT\node_modules\koa-router\lib\router.js:346:16
  errno: -4058,
  syscall: 'open',
  code: 'ENOENT',
  path: 'C:\\Users\\BIM02\\Desktop\\ServerKT\\logs/[object Object]' }
[2020-07-29T09:35:50.770] [ERROR] app - { Error: ENOENT: no such file or directory, open 'C:\Users\BIM02\Desktop\ServerKT\logs/[object Object]'
    at Object.openSync (fs.js:436:3)
    at Object.readFileSync (fs.js:341:35)
    at Object.out.Get (C:\Users\BIM02\Desktop\ServerKT\restful\v0\logs.js:17:17)
    at RestfulAPIMethods.(anonymous function) (C:\Users\BIM02\Desktop\ServerKT\routes\restful.js:32:60)
    at dispatch (C:\Users\BIM02\Desktop\ServerKT\node_modules\koa-router\node_modules\koa-compose\index.js:44:32)
    at next (C:\Users\BIM02\Desktop\ServerKT\node_modules\koa-router\node_modules\koa-compose\index.js:45:18)
    at module.exports (C:\Users\BIM02\Desktop\ServerKT\middlewares\authRouter.js:13:10)
    at dispatch (C:\Users\BIM02\Desktop\ServerKT\node_modules\koa-router\node_modules\koa-compose\index.js:44:32)
    at next (C:\Users\BIM02\Desktop\ServerKT\node_modules\koa-router\node_modules\koa-compose\index.js:45:18)
    at C:\Users\BIM02\Desktop\ServerKT\node_modules\koa-router\lib\router.js:346:16
    at dispatch (C:\Users\BIM02\Desktop\ServerKT\node_modules\koa-router\node_modules\koa-compose\index.js:44:32)
    at next (C:\Users\BIM02\Desktop\ServerKT\node_modules\koa-router\node_modules\koa-compose\index.js:45:18)
    at route.use (C:\Users\BIM02\Desktop\ServerKT\routes\restful.js:97:19)
    at dispatch (C:\Users\BIM02\Desktop\ServerKT\node_modules\koa-router\node_modules\koa-compose\index.js:44:32)
    at next (C:\Users\BIM02\Desktop\ServerKT\node_modules\koa-router\node_modules\koa-compose\index.js:45:18)
    at C:\Users\BIM02\Desktop\ServerKT\node_modules\koa-router\lib\router.js:346:16
  errno: -4058,
  syscall: 'open',
  code: 'ENOENT',
  path: 'C:\\Users\\BIM02\\Desktop\\ServerKT\\logs/[object Object]' }
[2020-07-29T09:35:51.130] [ERROR] app - { Error: ENOENT: no such file or directory, open 'C:\Users\BIM02\Desktop\ServerKT\logs/[object Object]'
    at Object.openSync (fs.js:436:3)
    at Object.readFileSync (fs.js:341:35)
    at Object.out.Get (C:\Users\BIM02\Desktop\ServerKT\restful\v0\logs.js:17:17)
    at RestfulAPIMethods.(anonymous function) (C:\Users\BIM02\Desktop\ServerKT\routes\restful.js:32:60)
    at dispatch (C:\Users\BIM02\Desktop\ServerKT\node_modules\koa-router\node_modules\koa-compose\index.js:44:32)
    at next (C:\Users\BIM02\Desktop\ServerKT\node_modules\koa-router\node_modules\koa-compose\index.js:45:18)
    at module.exports (C:\Users\BIM02\Desktop\ServerKT\middlewares\authRouter.js:13:10)
    at dispatch (C:\Users\BIM02\Desktop\ServerKT\node_modules\koa-router\node_modules\koa-compose\index.js:44:32)
    at next (C:\Users\BIM02\Desktop\ServerKT\node_modules\koa-router\node_modules\koa-compose\index.js:45:18)
    at C:\Users\BIM02\Desktop\ServerKT\node_modules\koa-router\lib\router.js:346:16
    at dispatch (C:\Users\BIM02\Desktop\ServerKT\node_modules\koa-router\node_modules\koa-compose\index.js:44:32)
    at next (C:\Users\BIM02\Desktop\ServerKT\node_modules\koa-router\node_modules\koa-compose\index.js:45:18)
    at route.use (C:\Users\BIM02\Desktop\ServerKT\routes\restful.js:97:19)
    at dispatch (C:\Users\BIM02\Desktop\ServerKT\node_modules\koa-router\node_modules\koa-compose\index.js:44:32)
    at next (C:\Users\BIM02\Desktop\ServerKT\node_modules\koa-router\node_modules\koa-compose\index.js:45:18)
    at C:\Users\BIM02\Desktop\ServerKT\node_modules\koa-router\lib\router.js:346:16
  errno: -4058,
  syscall: 'open',
  code: 'ENOENT',
  path: 'C:\\Users\\BIM02\\Desktop\\ServerKT\\logs/[object Object]' }
[2020-07-29T09:35:51.165] [ERROR] app - { Error: ENOENT: no such file or directory, open 'C:\Users\BIM02\Desktop\ServerKT\logs/[object Object]'
    at Object.openSync (fs.js:436:3)
    at Object.readFileSync (fs.js:341:35)
    at Object.out.Get (C:\Users\BIM02\Desktop\ServerKT\restful\v0\logs.js:17:17)
    at RestfulAPIMethods.(anonymous function) (C:\Users\BIM02\Desktop\ServerKT\routes\restful.js:32:60)
    at dispatch (C:\Users\BIM02\Desktop\ServerKT\node_modules\koa-router\node_modules\koa-compose\index.js:44:32)
    at next (C:\Users\BIM02\Desktop\ServerKT\node_modules\koa-router\node_modules\koa-compose\index.js:45:18)
    at module.exports (C:\Users\BIM02\Desktop\ServerKT\middlewares\authRouter.js:13:10)
    at dispatch (C:\Users\BIM02\Desktop\ServerKT\node_modules\koa-router\node_modules\koa-compose\index.js:44:32)
    at next (C:\Users\BIM02\Desktop\ServerKT\node_modules\koa-router\node_modules\koa-compose\index.js:45:18)
    at C:\Users\BIM02\Desktop\ServerKT\node_modules\koa-router\lib\router.js:346:16
    at dispatch (C:\Users\BIM02\Desktop\ServerKT\node_modules\koa-router\node_modules\koa-compose\index.js:44:32)
    at next (C:\Users\BIM02\Desktop\ServerKT\node_modules\koa-router\node_modules\koa-compose\index.js:45:18)
    at route.use (C:\Users\BIM02\Desktop\ServerKT\routes\restful.js:97:19)
    at dispatch (C:\Users\BIM02\Desktop\ServerKT\node_modules\koa-router\node_modules\koa-compose\index.js:44:32)
    at next (C:\Users\BIM02\Desktop\ServerKT\node_modules\koa-router\node_modules\koa-compose\index.js:45:18)
    at C:\Users\BIM02\Desktop\ServerKT\node_modules\koa-router\lib\router.js:346:16
  errno: -4058,
  syscall: 'open',
  code: 'ENOENT',
  path: 'C:\\Users\\BIM02\\Desktop\\ServerKT\\logs/[object Object]' }
[2020-07-29T09:35:51.470] [ERROR] app - { Error: ENOENT: no such file or directory, open 'C:\Users\BIM02\Desktop\ServerKT\logs/[object Object]'
    at Object.openSync (fs.js:436:3)
    at Object.readFileSync (fs.js:341:35)
    at Object.out.Get (C:\Users\BIM02\Desktop\ServerKT\restful\v0\logs.js:17:17)
    at RestfulAPIMethods.(anonymous function) (C:\Users\BIM02\Desktop\ServerKT\routes\restful.js:32:60)
    at dispatch (C:\Users\BIM02\Desktop\ServerKT\node_modules\koa-router\node_modules\koa-compose\index.js:44:32)
    at next (C:\Users\BIM02\Desktop\ServerKT\node_modules\koa-router\node_modules\koa-compose\index.js:45:18)
    at module.exports (C:\Users\BIM02\Desktop\ServerKT\middlewares\authRouter.js:13:10)
    at dispatch (C:\Users\BIM02\Desktop\ServerKT\node_modules\koa-router\node_modules\koa-compose\index.js:44:32)
    at next (C:\Users\BIM02\Desktop\ServerKT\node_modules\koa-router\node_modules\koa-compose\index.js:45:18)
    at C:\Users\BIM02\Desktop\ServerKT\node_modules\koa-router\lib\router.js:346:16
    at dispatch (C:\Users\BIM02\Desktop\ServerKT\node_modules\koa-router\node_modules\koa-compose\index.js:44:32)
    at next (C:\Users\BIM02\Desktop\ServerKT\node_modules\koa-router\node_modules\koa-compose\index.js:45:18)
    at route.use (C:\Users\BIM02\Desktop\ServerKT\routes\restful.js:97:19)
    at dispatch (C:\Users\BIM02\Desktop\ServerKT\node_modules\koa-router\node_modules\koa-compose\index.js:44:32)
    at next (C:\Users\BIM02\Desktop\ServerKT\node_modules\koa-router\node_modules\koa-compose\index.js:45:18)
    at C:\Users\BIM02\Desktop\ServerKT\node_modules\koa-router\lib\router.js:346:16
  errno: -4058,
  syscall: 'open',
  code: 'ENOENT',
  path: 'C:\\Users\\BIM02\\Desktop\\ServerKT\\logs/[object Object]' }
[2020-07-29T09:35:51.502] [ERROR] app - { Error: ENOENT: no such file or directory, open 'C:\Users\BIM02\Desktop\ServerKT\logs/[object Object]'
    at Object.openSync (fs.js:436:3)
    at Object.readFileSync (fs.js:341:35)
    at Object.out.Get (C:\Users\BIM02\Desktop\ServerKT\restful\v0\logs.js:17:17)
    at RestfulAPIMethods.(anonymous function) (C:\Users\BIM02\Desktop\ServerKT\routes\restful.js:32:60)
    at dispatch (C:\Users\BIM02\Desktop\ServerKT\node_modules\koa-router\node_modules\koa-compose\index.js:44:32)
    at next (C:\Users\BIM02\Desktop\ServerKT\node_modules\koa-router\node_modules\koa-compose\index.js:45:18)
    at module.exports (C:\Users\BIM02\Desktop\ServerKT\middlewares\authRouter.js:13:10)
    at dispatch (C:\Users\BIM02\Desktop\ServerKT\node_modules\koa-router\node_modules\koa-compose\index.js:44:32)
    at next (C:\Users\BIM02\Desktop\ServerKT\node_modules\koa-router\node_modules\koa-compose\index.js:45:18)
    at C:\Users\BIM02\Desktop\ServerKT\node_modules\koa-router\lib\router.js:346:16
    at dispatch (C:\Users\BIM02\Desktop\ServerKT\node_modules\koa-router\node_modules\koa-compose\index.js:44:32)
    at next (C:\Users\BIM02\Desktop\ServerKT\node_modules\koa-router\node_modules\koa-compose\index.js:45:18)
    at route.use (C:\Users\BIM02\Desktop\ServerKT\routes\restful.js:97:19)
    at dispatch (C:\Users\BIM02\Desktop\ServerKT\node_modules\koa-router\node_modules\koa-compose\index.js:44:32)
    at next (C:\Users\BIM02\Desktop\ServerKT\node_modules\koa-router\node_modules\koa-compose\index.js:45:18)
    at C:\Users\BIM02\Desktop\ServerKT\node_modules\koa-router\lib\router.js:346:16
  errno: -4058,
  syscall: 'open',
  code: 'ENOENT',
  path: 'C:\\Users\\BIM02\\Desktop\\ServerKT\\logs/[object Object]' }
[2020-07-29T10:54:12.288] [ERROR] app - 密码错误
[2020-07-29T10:54:44.186] [ERROR] app - 没有访问权限
[2020-07-29T10:55:00.928] [ERROR] app - 没有访问权限
[2020-07-29T11:00:06.145] [ERROR] app - Error: Undefined binding(s) detected when compiling DEL. Undefined column(s): [user_id] query: delete from `session` where `user_id` = ? and `client_device` = ?
    at QueryCompiler_MySQL.toSQL (C:\Users\BIM02\Desktop\ServerKT\node_modules\knex\lib\query\compiler.js:99:13)
    at Builder.toSQL (C:\Users\BIM02\Desktop\ServerKT\node_modules\knex\lib\query\builder.js:72:44)
    at C:\Users\BIM02\Desktop\ServerKT\node_modules\knex\lib\runner.js:31:36
    at client.acquireConnection.catch.then (C:\Users\BIM02\Desktop\ServerKT\node_modules\knex\lib\runner.js:260:24)
    at process._tickCallback (internal/process/next_tick.js:68:7)
From previous event:
    at Child.<anonymous> (C:\Users\BIM02\Desktop\ServerKT\node_modules\bookshelf\lib\model.js:1302:23)
    at runCallback (timers.js:694:18)
    at tryOnImmediate (timers.js:665:5)
    at processImmediate (timers.js:647:5)
From previous event:
    at Child.<anonymous> (C:\Users\BIM02\Desktop\ServerKT\node_modules\bookshelf\lib\model.js:1301:10)
    at CreateSession (C:\Users\BIM02\Desktop\ServerKT\restful\v0\sessions.js:32:8)
    at Object.out.Post (C:\Users\BIM02\Desktop\ServerKT\restful\v0\sessions.js:112:21)
    at RestfulAPIMethods.(anonymous function) (C:\Users\BIM02\Desktop\ServerKT\routes\restful.js:32:60)
    at dispatch (C:\Users\BIM02\Desktop\ServerKT\node_modules\koa-router\node_modules\koa-compose\index.js:44:32)
    at next (C:\Users\BIM02\Desktop\ServerKT\node_modules\koa-router\node_modules\koa-compose\index.js:45:18)
    at C:\Users\BIM02\Desktop\ServerKT\node_modules\koa-router\lib\router.js:346:16
    at dispatch (C:\Users\BIM02\Desktop\ServerKT\node_modules\koa-router\node_modules\koa-compose\index.js:44:32)
    at next (C:\Users\BIM02\Desktop\ServerKT\node_modules\koa-router\node_modules\koa-compose\index.js:45:18)
    at route.use (C:\Users\BIM02\Desktop\ServerKT\routes\restful.js:97:19)
    at dispatch (C:\Users\BIM02\Desktop\ServerKT\node_modules\koa-router\node_modules\koa-compose\index.js:44:32)
    at next (C:\Users\BIM02\Desktop\ServerKT\node_modules\koa-router\node_modules\koa-compose\index.js:45:18)
    at C:\Users\BIM02\Desktop\ServerKT\node_modules\koa-router\lib\router.js:346:16
    at dispatch (C:\Users\BIM02\Desktop\ServerKT\node_modules\koa-router\node_modules\koa-compose\index.js:44:32)
    at C:\Users\BIM02\Desktop\ServerKT\node_modules\koa-router\node_modules\koa-compose\index.js:36:12
    at dispatch (C:\Users\BIM02\Desktop\ServerKT\node_modules\koa-router\lib\router.js:351:31)
From previous event:
    at CreateSession (C:\Users\BIM02\Desktop\ServerKT\restful\v0\sessions.js:32:8)
    at Object.out.Post (C:\Users\BIM02\Desktop\ServerKT\restful\v0\sessions.js:112:21)
    at RestfulAPIMethods.(anonymous function) (C:\Users\BIM02\Desktop\ServerKT\routes\restful.js:32:60)
    at dispatch (C:\Users\BIM02\Desktop\ServerKT\node_modules\koa-router\node_modules\koa-compose\index.js:44:32)
    at next (C:\Users\BIM02\Desktop\ServerKT\node_modules\koa-router\node_modules\koa-compose\index.js:45:18)
    at C:\Users\BIM02\Desktop\ServerKT\node_modules\koa-router\lib\router.js:346:16
    at dispatch (C:\Users\BIM02\Desktop\ServerKT\node_modules\koa-router\node_modules\koa-compose\index.js:44:32)
    at next (C:\Users\BIM02\Desktop\ServerKT\node_modules\koa-router\node_modules\koa-compose\index.js:45:18)
    at route.use (C:\Users\BIM02\Desktop\ServerKT\routes\restful.js:97:19)
    at dispatch (C:\Users\BIM02\Desktop\ServerKT\node_modules\koa-router\node_modules\koa-compose\index.js:44:32)
    at next (C:\Users\BIM02\Desktop\ServerKT\node_modules\koa-router\node_modules\koa-compose\index.js:45:18)
    at C:\Users\BIM02\Desktop\ServerKT\node_modules\koa-router\lib\router.js:346:16
    at dispatch (C:\Users\BIM02\Desktop\ServerKT\node_modules\koa-router\node_modules\koa-compose\index.js:44:32)
    at C:\Users\BIM02\Desktop\ServerKT\node_modules\koa-router\node_modules\koa-compose\index.js:36:12
    at dispatch (C:\Users\BIM02\Desktop\ServerKT\node_modules\koa-router\lib\router.js:351:31)
    at dispatch (C:\Users\BIM02\Desktop\ServerKT\node_modules\koa-compose\index.js:42:32)
    at module.exports (C:\Users\BIM02\Desktop\ServerKT\middlewares\auth.js:36:13)
    at dispatch (C:\Users\BIM02\Desktop\ServerKT\node_modules\koa-compose\index.js:42:32)
    at parseBody.then.body (C:\Users\BIM02\Desktop\ServerKT\node_modules\koa-bodyparser\index.js:74:14)
    at process._tickCallback (internal/process/next_tick.js:68:7)
[2020-07-29T11:00:06.481] [ERROR] app - 用户未登录
[2020-07-29T11:00:06.490] [ERROR] app - 用户未登录
[2020-07-29T11:00:06.495] [ERROR] app - 用户未登录
[2020-07-29T11:00:12.282] [ERROR] app - 用户未登录
[2020-07-29T11:00:12.290] [ERROR] app - 用户未登录
[2020-07-29T11:00:12.294] [ERROR] app - 用户未登录
[2020-07-29T11:00:13.059] [ERROR] app - 用户未登录
[2020-07-29T11:00:13.065] [ERROR] app - 用户未登录
[2020-07-29T11:00:13.067] [ERROR] app - 用户未登录
[2020-07-29T11:00:18.929] [ERROR] app - Error: Undefined binding(s) detected when compiling DEL. Undefined column(s): [user_id] query: delete from `session` where `user_id` = ? and `client_device` = ?
    at QueryCompiler_MySQL.toSQL (C:\Users\BIM02\Desktop\ServerKT\node_modules\knex\lib\query\compiler.js:99:13)
    at Builder.toSQL (C:\Users\BIM02\Desktop\ServerKT\node_modules\knex\lib\query\builder.js:72:44)
    at C:\Users\BIM02\Desktop\ServerKT\node_modules\knex\lib\runner.js:31:36
    at client.acquireConnection.catch.then (C:\Users\BIM02\Desktop\ServerKT\node_modules\knex\lib\runner.js:260:24)
From previous event:
    at Child.<anonymous> (C:\Users\BIM02\Desktop\ServerKT\node_modules\bookshelf\lib\model.js:1302:23)
    at runCallback (timers.js:694:18)
    at tryOnImmediate (timers.js:665:5)
    at processImmediate (timers.js:647:5)
From previous event:
    at Child.<anonymous> (C:\Users\BIM02\Desktop\ServerKT\node_modules\bookshelf\lib\model.js:1301:10)
    at CreateSession (C:\Users\BIM02\Desktop\ServerKT\restful\v0\sessions.js:32:8)
    at Object.out.Post (C:\Users\BIM02\Desktop\ServerKT\restful\v0\sessions.js:112:21)
    at RestfulAPIMethods.(anonymous function) (C:\Users\BIM02\Desktop\ServerKT\routes\restful.js:32:60)
    at dispatch (C:\Users\BIM02\Desktop\ServerKT\node_modules\koa-router\node_modules\koa-compose\index.js:44:32)
    at next (C:\Users\BIM02\Desktop\ServerKT\node_modules\koa-router\node_modules\koa-compose\index.js:45:18)
    at C:\Users\BIM02\Desktop\ServerKT\node_modules\koa-router\lib\router.js:346:16
    at dispatch (C:\Users\BIM02\Desktop\ServerKT\node_modules\koa-router\node_modules\koa-compose\index.js:44:32)
    at next (C:\Users\BIM02\Desktop\ServerKT\node_modules\koa-router\node_modules\koa-compose\index.js:45:18)
    at route.use (C:\Users\BIM02\Desktop\ServerKT\routes\restful.js:97:19)
    at dispatch (C:\Users\BIM02\Desktop\ServerKT\node_modules\koa-router\node_modules\koa-compose\index.js:44:32)
    at next (C:\Users\BIM02\Desktop\ServerKT\node_modules\koa-router\node_modules\koa-compose\index.js:45:18)
    at C:\Users\BIM02\Desktop\ServerKT\node_modules\koa-router\lib\router.js:346:16
    at dispatch (C:\Users\BIM02\Desktop\ServerKT\node_modules\koa-router\node_modules\koa-compose\index.js:44:32)
    at C:\Users\BIM02\Desktop\ServerKT\node_modules\koa-router\node_modules\koa-compose\index.js:36:12
    at dispatch (C:\Users\BIM02\Desktop\ServerKT\node_modules\koa-router\lib\router.js:351:31)
From previous event:
    at CreateSession (C:\Users\BIM02\Desktop\ServerKT\restful\v0\sessions.js:32:8)
    at Object.out.Post (C:\Users\BIM02\Desktop\ServerKT\restful\v0\sessions.js:112:21)
    at RestfulAPIMethods.(anonymous function) (C:\Users\BIM02\Desktop\ServerKT\routes\restful.js:32:60)
    at dispatch (C:\Users\BIM02\Desktop\ServerKT\node_modules\koa-router\node_modules\koa-compose\index.js:44:32)
    at next (C:\Users\BIM02\Desktop\ServerKT\node_modules\koa-router\node_modules\koa-compose\index.js:45:18)
    at C:\Users\BIM02\Desktop\ServerKT\node_modules\koa-router\lib\router.js:346:16
    at dispatch (C:\Users\BIM02\Desktop\ServerKT\node_modules\koa-router\node_modules\koa-compose\index.js:44:32)
    at next (C:\Users\BIM02\Desktop\ServerKT\node_modules\koa-router\node_modules\koa-compose\index.js:45:18)
    at route.use (C:\Users\BIM02\Desktop\ServerKT\routes\restful.js:97:19)
    at dispatch (C:\Users\BIM02\Desktop\ServerKT\node_modules\koa-router\node_modules\koa-compose\index.js:44:32)
    at next (C:\Users\BIM02\Desktop\ServerKT\node_modules\koa-router\node_modules\koa-compose\index.js:45:18)
    at C:\Users\BIM02\Desktop\ServerKT\node_modules\koa-router\lib\router.js:346:16
    at dispatch (C:\Users\BIM02\Desktop\ServerKT\node_modules\koa-router\node_modules\koa-compose\index.js:44:32)
    at C:\Users\BIM02\Desktop\ServerKT\node_modules\koa-router\node_modules\koa-compose\index.js:36:12
    at dispatch (C:\Users\BIM02\Desktop\ServerKT\node_modules\koa-router\lib\router.js:351:31)
    at dispatch (C:\Users\BIM02\Desktop\ServerKT\node_modules\koa-compose\index.js:42:32)
    at module.exports (C:\Users\BIM02\Desktop\ServerKT\middlewares\auth.js:36:13)
    at dispatch (C:\Users\BIM02\Desktop\ServerKT\node_modules\koa-compose\index.js:42:32)
    at parseBody.then.body (C:\Users\BIM02\Desktop\ServerKT\node_modules\koa-bodyparser\index.js:74:14)
    at process._tickCallback (internal/process/next_tick.js:68:7)
[2020-07-29T11:00:18.938] [ERROR] app - Error: Undefined binding(s) detected when compiling SELECT. Undefined column(s): [user.id] query: select `avatar`, `phone`, `name`, `user` from `user` where `user`.`id` = ? limit ?
    at QueryCompiler_MySQL.toSQL (C:\Users\BIM02\Desktop\ServerKT\node_modules\knex\lib\query\compiler.js:99:13)
    at Builder.toSQL (C:\Users\BIM02\Desktop\ServerKT\node_modules\knex\lib\query\builder.js:72:44)
    at C:\Users\BIM02\Desktop\ServerKT\node_modules\knex\lib\runner.js:31:36
    at client.acquireConnection.catch.then (C:\Users\BIM02\Desktop\ServerKT\node_modules\knex\lib\runner.js:260:24)
From previous event:
    at runCallback (timers.js:694:18)
    at tryOnImmediate (timers.js:665:5)
    at processImmediate (timers.js:647:5)
From previous event:
    at Sync.<anonymous> (C:\Users\BIM02\Desktop\ServerKT\node_modules\bookshelf\lib\sync.js:204:8)
From previous event:
    at Sync.<anonymous> (C:\Users\BIM02\Desktop\ServerKT\node_modules\bookshelf\lib\sync.js:66:17)
    at Child.<anonymous> (C:\Users\BIM02\Desktop\ServerKT\node_modules\bookshelf\lib\model.js:713:12)
    at Child.fetch (C:\Users\BIM02\Desktop\ServerKT\node_modules\bookshelf\lib\model.js:702:19)
    at GetUserInfo (C:\Users\BIM02\Desktop\ServerKT\restful\v0\sessions.js:178:6)
    at Object.out.Get (C:\Users\BIM02\Desktop\ServerKT\restful\v0\sessions.js:215:22)
    at RestfulAPIMethods.(anonymous function) (C:\Users\BIM02\Desktop\ServerKT\routes\restful.js:32:60)
    at dispatch (C:\Users\BIM02\Desktop\ServerKT\node_modules\koa-router\node_modules\koa-compose\index.js:44:32)
    at next (C:\Users\BIM02\Desktop\ServerKT\node_modules\koa-router\node_modules\koa-compose\index.js:45:18)
    at module.exports (C:\Users\BIM02\Desktop\ServerKT\middlewares\authRouter.js:13:10)
    at dispatch (C:\Users\BIM02\Desktop\ServerKT\node_modules\koa-router\node_modules\koa-compose\index.js:44:32)
    at next (C:\Users\BIM02\Desktop\ServerKT\node_modules\koa-router\node_modules\koa-compose\index.js:45:18)
    at C:\Users\BIM02\Desktop\ServerKT\node_modules\koa-router\lib\router.js:346:16
    at dispatch (C:\Users\BIM02\Desktop\ServerKT\node_modules\koa-router\node_modules\koa-compose\index.js:44:32)
    at next (C:\Users\BIM02\Desktop\ServerKT\node_modules\koa-router\node_modules\koa-compose\index.js:45:18)
    at route.use (C:\Users\BIM02\Desktop\ServerKT\routes\restful.js:97:19)
From previous event:
    at Child.<anonymous> (C:\Users\BIM02\Desktop\ServerKT\node_modules\bookshelf\lib\model.js:713:12)
From previous event:
    at Child.fetch (C:\Users\BIM02\Desktop\ServerKT\node_modules\bookshelf\lib\model.js:702:19)
    at GetUserInfo (C:\Users\BIM02\Desktop\ServerKT\restful\v0\sessions.js:178:6)
    at Object.out.Get (C:\Users\BIM02\Desktop\ServerKT\restful\v0\sessions.js:215:22)
    at RestfulAPIMethods.(anonymous function) (C:\Users\BIM02\Desktop\ServerKT\routes\restful.js:32:60)
    at dispatch (C:\Users\BIM02\Desktop\ServerKT\node_modules\koa-router\node_modules\koa-compose\index.js:44:32)
    at next (C:\Users\BIM02\Desktop\ServerKT\node_modules\koa-router\node_modules\koa-compose\index.js:45:18)
    at module.exports (C:\Users\BIM02\Desktop\ServerKT\middlewares\authRouter.js:13:10)
    at dispatch (C:\Users\BIM02\Desktop\ServerKT\node_modules\koa-router\node_modules\koa-compose\index.js:44:32)
    at next (C:\Users\BIM02\Desktop\ServerKT\node_modules\koa-router\node_modules\koa-compose\index.js:45:18)
    at C:\Users\BIM02\Desktop\ServerKT\node_modules\koa-router\lib\router.js:346:16
    at dispatch (C:\Users\BIM02\Desktop\ServerKT\node_modules\koa-router\node_modules\koa-compose\index.js:44:32)
    at next (C:\Users\BIM02\Desktop\ServerKT\node_modules\koa-router\node_modules\koa-compose\index.js:45:18)
    at route.use (C:\Users\BIM02\Desktop\ServerKT\routes\restful.js:97:19)
    at dispatch (C:\Users\BIM02\Desktop\ServerKT\node_modules\koa-router\node_modules\koa-compose\index.js:44:32)
    at next (C:\Users\BIM02\Desktop\ServerKT\node_modules\koa-router\node_modules\koa-compose\index.js:45:18)
    at C:\Users\BIM02\Desktop\ServerKT\node_modules\koa-router\lib\router.js:346:16
    at dispatch (C:\Users\BIM02\Desktop\ServerKT\node_modules\koa-router\node_modules\koa-compose\index.js:44:32)
    at C:\Users\BIM02\Desktop\ServerKT\node_modules\koa-router\node_modules\koa-compose\index.js:36:12
    at dispatch (C:\Users\BIM02\Desktop\ServerKT\node_modules\koa-router\lib\router.js:351:31)
    at dispatch (C:\Users\BIM02\Desktop\ServerKT\node_modules\koa-compose\index.js:42:32)
[2020-07-29T11:00:19.125] [ERROR] app - Error: Undefined binding(s) detected when compiling SELECT. Undefined column(s): [user.id] query: select `avatar`, `phone`, `name`, `user` from `user` where `user`.`id` = ? limit ?
    at QueryCompiler_MySQL.toSQL (C:\Users\BIM02\Desktop\ServerKT\node_modules\knex\lib\query\compiler.js:99:13)
    at Builder.toSQL (C:\Users\BIM02\Desktop\ServerKT\node_modules\knex\lib\query\builder.js:72:44)
    at C:\Users\BIM02\Desktop\ServerKT\node_modules\knex\lib\runner.js:31:36
    at client.acquireConnection.catch.then (C:\Users\BIM02\Desktop\ServerKT\node_modules\knex\lib\runner.js:260:24)
From previous event:
    at runCallback (timers.js:694:18)
    at tryOnImmediate (timers.js:665:5)
    at processImmediate (timers.js:647:5)
From previous event:
    at Sync.<anonymous> (C:\Users\BIM02\Desktop\ServerKT\node_modules\bookshelf\lib\sync.js:204:8)
From previous event:
    at Sync.<anonymous> (C:\Users\BIM02\Desktop\ServerKT\node_modules\bookshelf\lib\sync.js:66:17)
    at Child.<anonymous> (C:\Users\BIM02\Desktop\ServerKT\node_modules\bookshelf\lib\model.js:713:12)
    at Child.fetch (C:\Users\BIM02\Desktop\ServerKT\node_modules\bookshelf\lib\model.js:702:19)
    at GetUserInfo (C:\Users\BIM02\Desktop\ServerKT\restful\v0\sessions.js:178:6)
    at Object.out.Get (C:\Users\BIM02\Desktop\ServerKT\restful\v0\sessions.js:215:22)
    at RestfulAPIMethods.(anonymous function) (C:\Users\BIM02\Desktop\ServerKT\routes\restful.js:32:60)
    at dispatch (C:\Users\BIM02\Desktop\ServerKT\node_modules\koa-router\node_modules\koa-compose\index.js:44:32)
    at next (C:\Users\BIM02\Desktop\ServerKT\node_modules\koa-router\node_modules\koa-compose\index.js:45:18)
    at module.exports (C:\Users\BIM02\Desktop\ServerKT\middlewares\authRouter.js:13:10)
    at dispatch (C:\Users\BIM02\Desktop\ServerKT\node_modules\koa-router\node_modules\koa-compose\index.js:44:32)
    at next (C:\Users\BIM02\Desktop\ServerKT\node_modules\koa-router\node_modules\koa-compose\index.js:45:18)
    at C:\Users\BIM02\Desktop\ServerKT\node_modules\koa-router\lib\router.js:346:16
    at dispatch (C:\Users\BIM02\Desktop\ServerKT\node_modules\koa-router\node_modules\koa-compose\index.js:44:32)
    at next (C:\Users\BIM02\Desktop\ServerKT\node_modules\koa-router\node_modules\koa-compose\index.js:45:18)
    at route.use (C:\Users\BIM02\Desktop\ServerKT\routes\restful.js:97:19)
From previous event:
    at Child.<anonymous> (C:\Users\BIM02\Desktop\ServerKT\node_modules\bookshelf\lib\model.js:713:12)
From previous event:
    at Child.fetch (C:\Users\BIM02\Desktop\ServerKT\node_modules\bookshelf\lib\model.js:702:19)
    at GetUserInfo (C:\Users\BIM02\Desktop\ServerKT\restful\v0\sessions.js:178:6)
    at Object.out.Get (C:\Users\BIM02\Desktop\ServerKT\restful\v0\sessions.js:215:22)
    at RestfulAPIMethods.(anonymous function) (C:\Users\BIM02\Desktop\ServerKT\routes\restful.js:32:60)
    at dispatch (C:\Users\BIM02\Desktop\ServerKT\node_modules\koa-router\node_modules\koa-compose\index.js:44:32)
    at next (C:\Users\BIM02\Desktop\ServerKT\node_modules\koa-router\node_modules\koa-compose\index.js:45:18)
    at module.exports (C:\Users\BIM02\Desktop\ServerKT\middlewares\authRouter.js:13:10)
    at dispatch (C:\Users\BIM02\Desktop\ServerKT\node_modules\koa-router\node_modules\koa-compose\index.js:44:32)
    at next (C:\Users\BIM02\Desktop\ServerKT\node_modules\koa-router\node_modules\koa-compose\index.js:45:18)
    at C:\Users\BIM02\Desktop\ServerKT\node_modules\koa-router\lib\router.js:346:16
    at dispatch (C:\Users\BIM02\Desktop\ServerKT\node_modules\koa-router\node_modules\koa-compose\index.js:44:32)
    at next (C:\Users\BIM02\Desktop\ServerKT\node_modules\koa-router\node_modules\koa-compose\index.js:45:18)
    at route.use (C:\Users\BIM02\Desktop\ServerKT\routes\restful.js:97:19)
    at dispatch (C:\Users\BIM02\Desktop\ServerKT\node_modules\koa-router\node_modules\koa-compose\index.js:44:32)
    at next (C:\Users\BIM02\Desktop\ServerKT\node_modules\koa-router\node_modules\koa-compose\index.js:45:18)
    at C:\Users\BIM02\Desktop\ServerKT\node_modules\koa-router\lib\router.js:346:16
    at dispatch (C:\Users\BIM02\Desktop\ServerKT\node_modules\koa-router\node_modules\koa-compose\index.js:44:32)
    at C:\Users\BIM02\Desktop\ServerKT\node_modules\koa-router\node_modules\koa-compose\index.js:36:12
    at dispatch (C:\Users\BIM02\Desktop\ServerKT\node_modules\koa-router\lib\router.js:351:31)
    at dispatch (C:\Users\BIM02\Desktop\ServerKT\node_modules\koa-compose\index.js:42:32)
[2020-07-29T11:00:19.140] [ERROR] app - 用户未登录
[2020-07-29T11:00:19.177] [ERROR] app - 用户未登录
[2020-07-29T11:00:19.179] [ERROR] app - 用户未登录
[2020-07-29T11:00:19.186] [ERROR] app - 用户未登录
[2020-07-29T11:01:10.513] [ERROR] app - Error: Undefined binding(s) detected when compiling DEL. Undefined column(s): [user_id] query: delete from `session` where `user_id` = ? and `client_device` = ?
    at QueryCompiler_MySQL.toSQL (C:\Users\BIM02\Desktop\ServerKT\node_modules\knex\lib\query\compiler.js:99:13)
    at Builder.toSQL (C:\Users\BIM02\Desktop\ServerKT\node_modules\knex\lib\query\builder.js:72:44)
    at C:\Users\BIM02\Desktop\ServerKT\node_modules\knex\lib\runner.js:31:36
    at client.acquireConnection.catch.then (C:\Users\BIM02\Desktop\ServerKT\node_modules\knex\lib\runner.js:260:24)
From previous event:
    at Child.<anonymous> (C:\Users\BIM02\Desktop\ServerKT\node_modules\bookshelf\lib\model.js:1302:23)
    at runCallback (timers.js:694:18)
    at tryOnImmediate (timers.js:665:5)
    at processImmediate (timers.js:647:5)
From previous event:
    at Child.<anonymous> (C:\Users\BIM02\Desktop\ServerKT\node_modules\bookshelf\lib\model.js:1301:10)
    at CreateSession (C:\Users\BIM02\Desktop\ServerKT\restful\v0\sessions.js:32:8)
    at Object.out.Post (C:\Users\BIM02\Desktop\ServerKT\restful\v0\sessions.js:112:21)
    at RestfulAPIMethods.(anonymous function) (C:\Users\BIM02\Desktop\ServerKT\routes\restful.js:32:60)
    at dispatch (C:\Users\BIM02\Desktop\ServerKT\node_modules\koa-router\node_modules\koa-compose\index.js:44:32)
    at next (C:\Users\BIM02\Desktop\ServerKT\node_modules\koa-router\node_modules\koa-compose\index.js:45:18)
    at C:\Users\BIM02\Desktop\ServerKT\node_modules\koa-router\lib\router.js:346:16
    at dispatch (C:\Users\BIM02\Desktop\ServerKT\node_modules\koa-router\node_modules\koa-compose\index.js:44:32)
    at next (C:\Users\BIM02\Desktop\ServerKT\node_modules\koa-router\node_modules\koa-compose\index.js:45:18)
    at route.use (C:\Users\BIM02\Desktop\ServerKT\routes\restful.js:97:19)
    at dispatch (C:\Users\BIM02\Desktop\ServerKT\node_modules\koa-router\node_modules\koa-compose\index.js:44:32)
    at next (C:\Users\BIM02\Desktop\ServerKT\node_modules\koa-router\node_modules\koa-compose\index.js:45:18)
    at C:\Users\BIM02\Desktop\ServerKT\node_modules\koa-router\lib\router.js:346:16
    at dispatch (C:\Users\BIM02\Desktop\ServerKT\node_modules\koa-router\node_modules\koa-compose\index.js:44:32)
    at C:\Users\BIM02\Desktop\ServerKT\node_modules\koa-router\node_modules\koa-compose\index.js:36:12
    at dispatch (C:\Users\BIM02\Desktop\ServerKT\node_modules\koa-router\lib\router.js:351:31)
From previous event:
    at CreateSession (C:\Users\BIM02\Desktop\ServerKT\restful\v0\sessions.js:32:8)
    at Object.out.Post (C:\Users\BIM02\Desktop\ServerKT\restful\v0\sessions.js:112:21)
    at RestfulAPIMethods.(anonymous function) (C:\Users\BIM02\Desktop\ServerKT\routes\restful.js:32:60)
    at dispatch (C:\Users\BIM02\Desktop\ServerKT\node_modules\koa-router\node_modules\koa-compose\index.js:44:32)
    at next (C:\Users\BIM02\Desktop\ServerKT\node_modules\koa-router\node_modules\koa-compose\index.js:45:18)
    at C:\Users\BIM02\Desktop\ServerKT\node_modules\koa-router\lib\router.js:346:16
    at dispatch (C:\Users\BIM02\Desktop\ServerKT\node_modules\koa-router\node_modules\koa-compose\index.js:44:32)
    at next (C:\Users\BIM02\Desktop\ServerKT\node_modules\koa-router\node_modules\koa-compose\index.js:45:18)
    at route.use (C:\Users\BIM02\Desktop\ServerKT\routes\restful.js:97:19)
    at dispatch (C:\Users\BIM02\Desktop\ServerKT\node_modules\koa-router\node_modules\koa-compose\index.js:44:32)
    at next (C:\Users\BIM02\Desktop\ServerKT\node_modules\koa-router\node_modules\koa-compose\index.js:45:18)
    at C:\Users\BIM02\Desktop\ServerKT\node_modules\koa-router\lib\router.js:346:16
    at dispatch (C:\Users\BIM02\Desktop\ServerKT\node_modules\koa-router\node_modules\koa-compose\index.js:44:32)
    at C:\Users\BIM02\Desktop\ServerKT\node_modules\koa-router\node_modules\koa-compose\index.js:36:12
    at dispatch (C:\Users\BIM02\Desktop\ServerKT\node_modules\koa-router\lib\router.js:351:31)
    at dispatch (C:\Users\BIM02\Desktop\ServerKT\node_modules\koa-compose\index.js:42:32)
    at module.exports (C:\Users\BIM02\Desktop\ServerKT\middlewares\auth.js:36:13)
    at dispatch (C:\Users\BIM02\Desktop\ServerKT\node_modules\koa-compose\index.js:42:32)
    at parseBody.then.body (C:\Users\BIM02\Desktop\ServerKT\node_modules\koa-bodyparser\index.js:74:14)
    at process._tickCallback (internal/process/next_tick.js:68:7)
[2020-07-29T11:01:10.554] [ERROR] app - Error: Undefined binding(s) detected when compiling SELECT. Undefined column(s): [user.id] query: select `avatar`, `phone`, `name`, `user` from `user` where `user`.`id` = ? limit ?
    at QueryCompiler_MySQL.toSQL (C:\Users\BIM02\Desktop\ServerKT\node_modules\knex\lib\query\compiler.js:99:13)
    at Builder.toSQL (C:\Users\BIM02\Desktop\ServerKT\node_modules\knex\lib\query\builder.js:72:44)
    at C:\Users\BIM02\Desktop\ServerKT\node_modules\knex\lib\runner.js:31:36
    at client.acquireConnection.catch.then (C:\Users\BIM02\Desktop\ServerKT\node_modules\knex\lib\runner.js:260:24)
From previous event:
    at runCallback (timers.js:694:18)
    at tryOnImmediate (timers.js:665:5)
    at processImmediate (timers.js:647:5)
From previous event:
    at Sync.<anonymous> (C:\Users\BIM02\Desktop\ServerKT\node_modules\bookshelf\lib\sync.js:204:8)
From previous event:
    at Sync.<anonymous> (C:\Users\BIM02\Desktop\ServerKT\node_modules\bookshelf\lib\sync.js:66:17)
    at Child.<anonymous> (C:\Users\BIM02\Desktop\ServerKT\node_modules\bookshelf\lib\model.js:713:12)
    at Child.fetch (C:\Users\BIM02\Desktop\ServerKT\node_modules\bookshelf\lib\model.js:702:19)
    at GetUserInfo (C:\Users\BIM02\Desktop\ServerKT\restful\v0\sessions.js:178:6)
    at Object.out.Get (C:\Users\BIM02\Desktop\ServerKT\restful\v0\sessions.js:215:22)
    at RestfulAPIMethods.(anonymous function) (C:\Users\BIM02\Desktop\ServerKT\routes\restful.js:32:60)
    at dispatch (C:\Users\BIM02\Desktop\ServerKT\node_modules\koa-router\node_modules\koa-compose\index.js:44:32)
    at next (C:\Users\BIM02\Desktop\ServerKT\node_modules\koa-router\node_modules\koa-compose\index.js:45:18)
    at module.exports (C:\Users\BIM02\Desktop\ServerKT\middlewares\authRouter.js:13:10)
    at dispatch (C:\Users\BIM02\Desktop\ServerKT\node_modules\koa-router\node_modules\koa-compose\index.js:44:32)
    at next (C:\Users\BIM02\Desktop\ServerKT\node_modules\koa-router\node_modules\koa-compose\index.js:45:18)
    at C:\Users\BIM02\Desktop\ServerKT\node_modules\koa-router\lib\router.js:346:16
    at dispatch (C:\Users\BIM02\Desktop\ServerKT\node_modules\koa-router\node_modules\koa-compose\index.js:44:32)
    at next (C:\Users\BIM02\Desktop\ServerKT\node_modules\koa-router\node_modules\koa-compose\index.js:45:18)
    at route.use (C:\Users\BIM02\Desktop\ServerKT\routes\restful.js:97:19)
From previous event:
    at Child.<anonymous> (C:\Users\BIM02\Desktop\ServerKT\node_modules\bookshelf\lib\model.js:713:12)
From previous event:
    at Child.fetch (C:\Users\BIM02\Desktop\ServerKT\node_modules\bookshelf\lib\model.js:702:19)
    at GetUserInfo (C:\Users\BIM02\Desktop\ServerKT\restful\v0\sessions.js:178:6)
    at Object.out.Get (C:\Users\BIM02\Desktop\ServerKT\restful\v0\sessions.js:215:22)
    at RestfulAPIMethods.(anonymous function) (C:\Users\BIM02\Desktop\ServerKT\routes\restful.js:32:60)
    at dispatch (C:\Users\BIM02\Desktop\ServerKT\node_modules\koa-router\node_modules\koa-compose\index.js:44:32)
    at next (C:\Users\BIM02\Desktop\ServerKT\node_modules\koa-router\node_modules\koa-compose\index.js:45:18)
    at module.exports (C:\Users\BIM02\Desktop\ServerKT\middlewares\authRouter.js:13:10)
    at dispatch (C:\Users\BIM02\Desktop\ServerKT\node_modules\koa-router\node_modules\koa-compose\index.js:44:32)
    at next (C:\Users\BIM02\Desktop\ServerKT\node_modules\koa-router\node_modules\koa-compose\index.js:45:18)
    at C:\Users\BIM02\Desktop\ServerKT\node_modules\koa-router\lib\router.js:346:16
    at dispatch (C:\Users\BIM02\Desktop\ServerKT\node_modules\koa-router\node_modules\koa-compose\index.js:44:32)
    at next (C:\Users\BIM02\Desktop\ServerKT\node_modules\koa-router\node_modules\koa-compose\index.js:45:18)
    at route.use (C:\Users\BIM02\Desktop\ServerKT\routes\restful.js:97:19)
    at dispatch (C:\Users\BIM02\Desktop\ServerKT\node_modules\koa-router\node_modules\koa-compose\index.js:44:32)
    at next (C:\Users\BIM02\Desktop\ServerKT\node_modules\koa-router\node_modules\koa-compose\index.js:45:18)
    at C:\Users\BIM02\Desktop\ServerKT\node_modules\koa-router\lib\router.js:346:16
    at dispatch (C:\Users\BIM02\Desktop\ServerKT\node_modules\koa-router\node_modules\koa-compose\index.js:44:32)
    at C:\Users\BIM02\Desktop\ServerKT\node_modules\koa-router\node_modules\koa-compose\index.js:36:12
    at dispatch (C:\Users\BIM02\Desktop\ServerKT\node_modules\koa-router\lib\router.js:351:31)
    at dispatch (C:\Users\BIM02\Desktop\ServerKT\node_modules\koa-compose\index.js:42:32)
[2020-07-29T11:01:10.793] [ERROR] app - Error: Undefined binding(s) detected when compiling SELECT. Undefined column(s): [user.id] query: select `avatar`, `phone`, `name`, `user` from `user` where `user`.`id` = ? limit ?
    at QueryCompiler_MySQL.toSQL (C:\Users\BIM02\Desktop\ServerKT\node_modules\knex\lib\query\compiler.js:99:13)
    at Builder.toSQL (C:\Users\BIM02\Desktop\ServerKT\node_modules\knex\lib\query\builder.js:72:44)
    at C:\Users\BIM02\Desktop\ServerKT\node_modules\knex\lib\runner.js:31:36
    at client.acquireConnection.catch.then (C:\Users\BIM02\Desktop\ServerKT\node_modules\knex\lib\runner.js:260:24)
From previous event:
    at runCallback (timers.js:694:18)
    at tryOnImmediate (timers.js:665:5)
    at processImmediate (timers.js:647:5)
From previous event:
    at Sync.<anonymous> (C:\Users\BIM02\Desktop\ServerKT\node_modules\bookshelf\lib\sync.js:204:8)
From previous event:
    at Sync.<anonymous> (C:\Users\BIM02\Desktop\ServerKT\node_modules\bookshelf\lib\sync.js:66:17)
    at Child.<anonymous> (C:\Users\BIM02\Desktop\ServerKT\node_modules\bookshelf\lib\model.js:713:12)
    at Child.fetch (C:\Users\BIM02\Desktop\ServerKT\node_modules\bookshelf\lib\model.js:702:19)
    at GetUserInfo (C:\Users\BIM02\Desktop\ServerKT\restful\v0\sessions.js:178:6)
    at Object.out.Get (C:\Users\BIM02\Desktop\ServerKT\restful\v0\sessions.js:215:22)
    at RestfulAPIMethods.(anonymous function) (C:\Users\BIM02\Desktop\ServerKT\routes\restful.js:32:60)
    at dispatch (C:\Users\BIM02\Desktop\ServerKT\node_modules\koa-router\node_modules\koa-compose\index.js:44:32)
    at next (C:\Users\BIM02\Desktop\ServerKT\node_modules\koa-router\node_modules\koa-compose\index.js:45:18)
    at module.exports (C:\Users\BIM02\Desktop\ServerKT\middlewares\authRouter.js:13:10)
    at dispatch (C:\Users\BIM02\Desktop\ServerKT\node_modules\koa-router\node_modules\koa-compose\index.js:44:32)
    at next (C:\Users\BIM02\Desktop\ServerKT\node_modules\koa-router\node_modules\koa-compose\index.js:45:18)
    at C:\Users\BIM02\Desktop\ServerKT\node_modules\koa-router\lib\router.js:346:16
    at dispatch (C:\Users\BIM02\Desktop\ServerKT\node_modules\koa-router\node_modules\koa-compose\index.js:44:32)
    at next (C:\Users\BIM02\Desktop\ServerKT\node_modules\koa-router\node_modules\koa-compose\index.js:45:18)
    at route.use (C:\Users\BIM02\Desktop\ServerKT\routes\restful.js:97:19)
From previous event:
    at Child.<anonymous> (C:\Users\BIM02\Desktop\ServerKT\node_modules\bookshelf\lib\model.js:713:12)
From previous event:
    at Child.fetch (C:\Users\BIM02\Desktop\ServerKT\node_modules\bookshelf\lib\model.js:702:19)
    at GetUserInfo (C:\Users\BIM02\Desktop\ServerKT\restful\v0\sessions.js:178:6)
    at Object.out.Get (C:\Users\BIM02\Desktop\ServerKT\restful\v0\sessions.js:215:22)
    at RestfulAPIMethods.(anonymous function) (C:\Users\BIM02\Desktop\ServerKT\routes\restful.js:32:60)
    at dispatch (C:\Users\BIM02\Desktop\ServerKT\node_modules\koa-router\node_modules\koa-compose\index.js:44:32)
    at next (C:\Users\BIM02\Desktop\ServerKT\node_modules\koa-router\node_modules\koa-compose\index.js:45:18)
    at module.exports (C:\Users\BIM02\Desktop\ServerKT\middlewares\authRouter.js:13:10)
    at dispatch (C:\Users\BIM02\Desktop\ServerKT\node_modules\koa-router\node_modules\koa-compose\index.js:44:32)
    at next (C:\Users\BIM02\Desktop\ServerKT\node_modules\koa-router\node_modules\koa-compose\index.js:45:18)
    at C:\Users\BIM02\Desktop\ServerKT\node_modules\koa-router\lib\router.js:346:16
    at dispatch (C:\Users\BIM02\Desktop\ServerKT\node_modules\koa-router\node_modules\koa-compose\index.js:44:32)
    at next (C:\Users\BIM02\Desktop\ServerKT\node_modules\koa-router\node_modules\koa-compose\index.js:45:18)
    at route.use (C:\Users\BIM02\Desktop\ServerKT\routes\restful.js:97:19)
    at dispatch (C:\Users\BIM02\Desktop\ServerKT\node_modules\koa-router\node_modules\koa-compose\index.js:44:32)
    at next (C:\Users\BIM02\Desktop\ServerKT\node_modules\koa-router\node_modules\koa-compose\index.js:45:18)
    at C:\Users\BIM02\Desktop\ServerKT\node_modules\koa-router\lib\router.js:346:16
    at dispatch (C:\Users\BIM02\Desktop\ServerKT\node_modules\koa-router\node_modules\koa-compose\index.js:44:32)
    at C:\Users\BIM02\Desktop\ServerKT\node_modules\koa-router\node_modules\koa-compose\index.js:36:12
    at dispatch (C:\Users\BIM02\Desktop\ServerKT\node_modules\koa-router\lib\router.js:351:31)
    at dispatch (C:\Users\BIM02\Desktop\ServerKT\node_modules\koa-compose\index.js:42:32)
[2020-07-29T11:01:10.828] [ERROR] app - 用户未登录
[2020-07-29T11:01:10.868] [ERROR] app - 用户未登录
[2020-07-29T11:01:10.870] [ERROR] app - 用户未登录
[2020-07-29T11:01:10.879] [ERROR] app - 用户未登录
[2020-07-29T15:27:13.963] [ERROR] app - 用户未登录
[2020-07-29T15:27:13.970] [ERROR] app - 用户未登录
[2020-07-29T15:27:13.972] [ERROR] app - 用户未登录
[2020-07-29T15:29:41.803] [ERROR] app - Error: Undefined binding(s) detected when compiling SELECT. Undefined column(s): [user.id] query: select `avatar`, `phone`, `name`, `user` from `user` where `user`.`id` = ? limit ?
    at QueryCompiler_MySQL.toSQL (C:\Users\BIM02\Desktop\ServerKT\node_modules\knex\lib\query\compiler.js:99:13)
    at Builder.toSQL (C:\Users\BIM02\Desktop\ServerKT\node_modules\knex\lib\query\builder.js:72:44)
    at C:\Users\BIM02\Desktop\ServerKT\node_modules\knex\lib\runner.js:31:36
    at client.acquireConnection.catch.then (C:\Users\BIM02\Desktop\ServerKT\node_modules\knex\lib\runner.js:260:24)
    at process._tickCallback (internal/process/next_tick.js:68:7)
From previous event:
    at runCallback (timers.js:694:18)
    at tryOnImmediate (timers.js:665:5)
    at processImmediate (timers.js:647:5)
From previous event:
    at Sync.<anonymous> (C:\Users\BIM02\Desktop\ServerKT\node_modules\bookshelf\lib\sync.js:204:8)
From previous event:
    at Sync.<anonymous> (C:\Users\BIM02\Desktop\ServerKT\node_modules\bookshelf\lib\sync.js:66:17)
    at Child.<anonymous> (C:\Users\BIM02\Desktop\ServerKT\node_modules\bookshelf\lib\model.js:713:12)
    at Child.fetch (C:\Users\BIM02\Desktop\ServerKT\node_modules\bookshelf\lib\model.js:702:19)
    at GetUserInfo (C:\Users\BIM02\Desktop\ServerKT\restful\v0\sessions.js:178:6)
    at Object.out.Get (C:\Users\BIM02\Desktop\ServerKT\restful\v0\sessions.js:215:22)
    at RestfulAPIMethods.(anonymous function) (C:\Users\BIM02\Desktop\ServerKT\routes\restful.js:32:60)
    at dispatch (C:\Users\BIM02\Desktop\ServerKT\node_modules\koa-router\node_modules\koa-compose\index.js:44:32)
    at next (C:\Users\BIM02\Desktop\ServerKT\node_modules\koa-router\node_modules\koa-compose\index.js:45:18)
    at module.exports (C:\Users\BIM02\Desktop\ServerKT\middlewares\authRouter.js:13:10)
    at dispatch (C:\Users\BIM02\Desktop\ServerKT\node_modules\koa-router\node_modules\koa-compose\index.js:44:32)
    at next (C:\Users\BIM02\Desktop\ServerKT\node_modules\koa-router\node_modules\koa-compose\index.js:45:18)
    at C:\Users\BIM02\Desktop\ServerKT\node_modules\koa-router\lib\router.js:346:16
    at dispatch (C:\Users\BIM02\Desktop\ServerKT\node_modules\koa-router\node_modules\koa-compose\index.js:44:32)
    at next (C:\Users\BIM02\Desktop\ServerKT\node_modules\koa-router\node_modules\koa-compose\index.js:45:18)
    at route.use (C:\Users\BIM02\Desktop\ServerKT\routes\restful.js:97:19)
From previous event:
    at Child.<anonymous> (C:\Users\BIM02\Desktop\ServerKT\node_modules\bookshelf\lib\model.js:713:12)
From previous event:
    at Child.fetch (C:\Users\BIM02\Desktop\ServerKT\node_modules\bookshelf\lib\model.js:702:19)
    at GetUserInfo (C:\Users\BIM02\Desktop\ServerKT\restful\v0\sessions.js:178:6)
    at Object.out.Get (C:\Users\BIM02\Desktop\ServerKT\restful\v0\sessions.js:215:22)
    at RestfulAPIMethods.(anonymous function) (C:\Users\BIM02\Desktop\ServerKT\routes\restful.js:32:60)
    at dispatch (C:\Users\BIM02\Desktop\ServerKT\node_modules\koa-router\node_modules\koa-compose\index.js:44:32)
    at next (C:\Users\BIM02\Desktop\ServerKT\node_modules\koa-router\node_modules\koa-compose\index.js:45:18)
    at module.exports (C:\Users\BIM02\Desktop\ServerKT\middlewares\authRouter.js:13:10)
    at dispatch (C:\Users\BIM02\Desktop\ServerKT\node_modules\koa-router\node_modules\koa-compose\index.js:44:32)
    at next (C:\Users\BIM02\Desktop\ServerKT\node_modules\koa-router\node_modules\koa-compose\index.js:45:18)
    at C:\Users\BIM02\Desktop\ServerKT\node_modules\koa-router\lib\router.js:346:16
    at dispatch (C:\Users\BIM02\Desktop\ServerKT\node_modules\koa-router\node_modules\koa-compose\index.js:44:32)
    at next (C:\Users\BIM02\Desktop\ServerKT\node_modules\koa-router\node_modules\koa-compose\index.js:45:18)
    at route.use (C:\Users\BIM02\Desktop\ServerKT\routes\restful.js:97:19)
    at dispatch (C:\Users\BIM02\Desktop\ServerKT\node_modules\koa-router\node_modules\koa-compose\index.js:44:32)
    at next (C:\Users\BIM02\Desktop\ServerKT\node_modules\koa-router\node_modules\koa-compose\index.js:45:18)
    at C:\Users\BIM02\Desktop\ServerKT\node_modules\koa-router\lib\router.js:346:16
    at dispatch (C:\Users\BIM02\Desktop\ServerKT\node_modules\koa-router\node_modules\koa-compose\index.js:44:32)
    at C:\Users\BIM02\Desktop\ServerKT\node_modules\koa-router\node_modules\koa-compose\index.js:36:12
    at dispatch (C:\Users\BIM02\Desktop\ServerKT\node_modules\koa-router\lib\router.js:351:31)
    at dispatch (C:\Users\BIM02\Desktop\ServerKT\node_modules\koa-compose\index.js:42:32)
[2020-07-29T15:29:42.053] [ERROR] app - Error: Undefined binding(s) detected when compiling SELECT. Undefined column(s): [user.id] query: select `avatar`, `phone`, `name`, `user` from `user` where `user`.`id` = ? limit ?
    at QueryCompiler_MySQL.toSQL (C:\Users\BIM02\Desktop\ServerKT\node_modules\knex\lib\query\compiler.js:99:13)
    at Builder.toSQL (C:\Users\BIM02\Desktop\ServerKT\node_modules\knex\lib\query\builder.js:72:44)
    at C:\Users\BIM02\Desktop\ServerKT\node_modules\knex\lib\runner.js:31:36
    at client.acquireConnection.catch.then (C:\Users\BIM02\Desktop\ServerKT\node_modules\knex\lib\runner.js:260:24)
From previous event:
    at runCallback (timers.js:694:18)
    at tryOnImmediate (timers.js:665:5)
    at processImmediate (timers.js:647:5)
From previous event:
    at Sync.<anonymous> (C:\Users\BIM02\Desktop\ServerKT\node_modules\bookshelf\lib\sync.js:204:8)
From previous event:
    at Sync.<anonymous> (C:\Users\BIM02\Desktop\ServerKT\node_modules\bookshelf\lib\sync.js:66:17)
    at Child.<anonymous> (C:\Users\BIM02\Desktop\ServerKT\node_modules\bookshelf\lib\model.js:713:12)
    at Child.fetch (C:\Users\BIM02\Desktop\ServerKT\node_modules\bookshelf\lib\model.js:702:19)
    at GetUserInfo (C:\Users\BIM02\Desktop\ServerKT\restful\v0\sessions.js:178:6)
    at Object.out.Get (C:\Users\BIM02\Desktop\ServerKT\restful\v0\sessions.js:215:22)
    at RestfulAPIMethods.(anonymous function) (C:\Users\BIM02\Desktop\ServerKT\routes\restful.js:32:60)
    at dispatch (C:\Users\BIM02\Desktop\ServerKT\node_modules\koa-router\node_modules\koa-compose\index.js:44:32)
    at next (C:\Users\BIM02\Desktop\ServerKT\node_modules\koa-router\node_modules\koa-compose\index.js:45:18)
    at module.exports (C:\Users\BIM02\Desktop\ServerKT\middlewares\authRouter.js:13:10)
    at dispatch (C:\Users\BIM02\Desktop\ServerKT\node_modules\koa-router\node_modules\koa-compose\index.js:44:32)
    at next (C:\Users\BIM02\Desktop\ServerKT\node_modules\koa-router\node_modules\koa-compose\index.js:45:18)
    at C:\Users\BIM02\Desktop\ServerKT\node_modules\koa-router\lib\router.js:346:16
    at dispatch (C:\Users\BIM02\Desktop\ServerKT\node_modules\koa-router\node_modules\koa-compose\index.js:44:32)
    at next (C:\Users\BIM02\Desktop\ServerKT\node_modules\koa-router\node_modules\koa-compose\index.js:45:18)
    at route.use (C:\Users\BIM02\Desktop\ServerKT\routes\restful.js:97:19)
From previous event:
    at Child.<anonymous> (C:\Users\BIM02\Desktop\ServerKT\node_modules\bookshelf\lib\model.js:713:12)
From previous event:
    at Child.fetch (C:\Users\BIM02\Desktop\ServerKT\node_modules\bookshelf\lib\model.js:702:19)
    at GetUserInfo (C:\Users\BIM02\Desktop\ServerKT\restful\v0\sessions.js:178:6)
    at Object.out.Get (C:\Users\BIM02\Desktop\ServerKT\restful\v0\sessions.js:215:22)
    at RestfulAPIMethods.(anonymous function) (C:\Users\BIM02\Desktop\ServerKT\routes\restful.js:32:60)
    at dispatch (C:\Users\BIM02\Desktop\ServerKT\node_modules\koa-router\node_modules\koa-compose\index.js:44:32)
    at next (C:\Users\BIM02\Desktop\ServerKT\node_modules\koa-router\node_modules\koa-compose\index.js:45:18)
    at module.exports (C:\Users\BIM02\Desktop\ServerKT\middlewares\authRouter.js:13:10)
    at dispatch (C:\Users\BIM02\Desktop\ServerKT\node_modules\koa-router\node_modules\koa-compose\index.js:44:32)
    at next (C:\Users\BIM02\Desktop\ServerKT\node_modules\koa-router\node_modules\koa-compose\index.js:45:18)
    at C:\Users\BIM02\Desktop\ServerKT\node_modules\koa-router\lib\router.js:346:16
    at dispatch (C:\Users\BIM02\Desktop\ServerKT\node_modules\koa-router\node_modules\koa-compose\index.js:44:32)
    at next (C:\Users\BIM02\Desktop\ServerKT\node_modules\koa-router\node_modules\koa-compose\index.js:45:18)
    at route.use (C:\Users\BIM02\Desktop\ServerKT\routes\restful.js:97:19)
    at dispatch (C:\Users\BIM02\Desktop\ServerKT\node_modules\koa-router\node_modules\koa-compose\index.js:44:32)
    at next (C:\Users\BIM02\Desktop\ServerKT\node_modules\koa-router\node_modules\koa-compose\index.js:45:18)
    at C:\Users\BIM02\Desktop\ServerKT\node_modules\koa-router\lib\router.js:346:16
    at dispatch (C:\Users\BIM02\Desktop\ServerKT\node_modules\koa-router\node_modules\koa-compose\index.js:44:32)
    at C:\Users\BIM02\Desktop\ServerKT\node_modules\koa-router\node_modules\koa-compose\index.js:36:12
    at dispatch (C:\Users\BIM02\Desktop\ServerKT\node_modules\koa-router\lib\router.js:351:31)
    at dispatch (C:\Users\BIM02\Desktop\ServerKT\node_modules\koa-compose\index.js:42:32)
[2020-07-29T15:29:42.064] [ERROR] app - 用户未登录
[2020-07-29T15:29:42.106] [ERROR] app - 用户未登录
[2020-07-29T15:29:42.116] [ERROR] app - 用户未登录
[2020-07-29T15:29:42.120] [ERROR] app - 用户未登录
[2020-07-29T16:35:37.963] [ERROR] app - 用户未登录
[2020-07-29T16:35:38.020] [ERROR] app - 用户未登录
[2020-07-29T16:35:38.041] [ERROR] app - 用户未登录
[2020-07-29T16:35:38.046] [ERROR] app - 用户未登录
[2020-07-29T16:35:43.020] [ERROR] app - 用户未登录
[2020-07-29T16:35:43.100] [ERROR] app - 用户未登录
[2020-07-29T16:35:43.103] [ERROR] app - 用户未登录
[2020-07-29T16:35:43.112] [ERROR] app - 用户未登录
[2020-07-29T16:37:07.610] [ERROR] app - 用户未登录
[2020-07-29T16:37:07.735] [ERROR] app - 用户未登录
[2020-07-29T16:37:07.745] [ERROR] app - 用户未登录
[2020-07-29T16:37:07.780] [ERROR] app - 用户未登录
[2020-07-29T16:37:10.842] [ERROR] app - 用户未登录
[2020-07-29T16:37:10.949] [ERROR] app - 用户未登录
[2020-07-29T16:37:10.970] [ERROR] app - 用户未登录
[2020-07-29T16:37:10.976] [ERROR] app - 用户未登录
[2020-07-29T16:37:21.853] [ERROR] app - 用户未登录
[2020-07-29T16:37:21.967] [ERROR] app - 用户未登录
[2020-07-29T16:37:21.970] [ERROR] app - 用户未登录
[2020-07-29T16:37:21.995] [ERROR] app - 用户未登录
[2020-07-29T16:37:23.856] [ERROR] app - 用户未登录
[2020-07-29T16:37:24.098] [ERROR] app - 用户未登录
[2020-07-29T16:37:24.104] [ERROR] app - 用户未登录
[2020-07-29T16:37:24.110] [ERROR] app - 用户未登录
