[2020-05-02T09:40:59.709] [ERROR] app - ReferenceError: code is not defined
    at Object.Post (D:\able_project\gzcloud2\Server\restful\v0\sessions.js:22:20)
    at RestfulAPIMethods.(anonymous function) (D:\able_project\gzcloud2\Server\routes\restful.js:32:60)
    at dispatch (D:\able_project\gzcloud2\Server\node_modules\koa-router\node_modules\koa-compose\index.js:44:32)
    at next (D:\able_project\gzcloud2\Server\node_modules\koa-router\node_modules\koa-compose\index.js:45:18)
    at D:\able_project\gzcloud2\Server\node_modules\koa-router\lib\router.js:346:16
    at dispatch (D:\able_project\gzcloud2\Server\node_modules\koa-router\node_modules\koa-compose\index.js:44:32)
    at next (D:\able_project\gzcloud2\Server\node_modules\koa-router\node_modules\koa-compose\index.js:45:18)
    at route.use (D:\able_project\gzcloud2\Server\routes\restful.js:97:19)
    at dispatch (D:\able_project\gzcloud2\Server\node_modules\koa-router\node_modules\koa-compose\index.js:44:32)
    at next (D:\able_project\gzcloud2\Server\node_modules\koa-router\node_modules\koa-compose\index.js:45:18)
    at D:\able_project\gzcloud2\Server\node_modules\koa-router\lib\router.js:346:16
    at dispatch (D:\able_project\gzcloud2\Server\node_modules\koa-router\node_modules\koa-compose\index.js:44:32)
    at D:\able_project\gzcloud2\Server\node_modules\koa-router\node_modules\koa-compose\index.js:36:12
    at dispatch (D:\able_project\gzcloud2\Server\node_modules\koa-router\lib\router.js:351:31)
    at dispatch (D:\able_project\gzcloud2\Server\node_modules\koa-compose\index.js:42:32)
    at module.exports (D:\able_project\gzcloud2\Server\middlewares\auth.js:32:13)
[2020-05-02T09:40:59.732] [ERROR] app - 401
[2020-05-02T09:47:10.743] [INFO] app - *** SYSTEM STARTUP on PORT (6060) ***
[2020-05-02T09:47:24.063] [ERROR] app - ReferenceError: nounce is not defined
    at Object.Post (D:\able_project\gzcloud2\Server\restful\v0\sessions.js:22:35)
    at RestfulAPIMethods.(anonymous function) (D:\able_project\gzcloud2\Server\routes\restful.js:32:60)
    at dispatch (D:\able_project\gzcloud2\Server\node_modules\koa-router\node_modules\koa-compose\index.js:44:32)
    at next (D:\able_project\gzcloud2\Server\node_modules\koa-router\node_modules\koa-compose\index.js:45:18)
    at D:\able_project\gzcloud2\Server\node_modules\koa-router\lib\router.js:346:16
    at dispatch (D:\able_project\gzcloud2\Server\node_modules\koa-router\node_modules\koa-compose\index.js:44:32)
    at next (D:\able_project\gzcloud2\Server\node_modules\koa-router\node_modules\koa-compose\index.js:45:18)
    at route.use (D:\able_project\gzcloud2\Server\routes\restful.js:97:19)
    at dispatch (D:\able_project\gzcloud2\Server\node_modules\koa-router\node_modules\koa-compose\index.js:44:32)
    at next (D:\able_project\gzcloud2\Server\node_modules\koa-router\node_modules\koa-compose\index.js:45:18)
    at D:\able_project\gzcloud2\Server\node_modules\koa-router\lib\router.js:346:16
    at dispatch (D:\able_project\gzcloud2\Server\node_modules\koa-router\node_modules\koa-compose\index.js:44:32)
    at D:\able_project\gzcloud2\Server\node_modules\koa-router\node_modules\koa-compose\index.js:36:12
    at dispatch (D:\able_project\gzcloud2\Server\node_modules\koa-router\lib\router.js:351:31)
    at dispatch (D:\able_project\gzcloud2\Server\node_modules\koa-compose\index.js:42:32)
    at module.exports (D:\able_project\gzcloud2\Server\middlewares\auth.js:32:13)
[2020-05-02T09:47:24.080] [ERROR] app - 401
[2020-05-02T09:48:06.418] [INFO] app - *** SYSTEM STARTUP on PORT (6060) ***
[2020-05-02T09:48:20.062] [ERROR] app - ReferenceError: nounce is not defined
    at Object.Post (D:\able_project\gzcloud2\Server\restful\v0\sessions.js:22:35)
    at RestfulAPIMethods.(anonymous function) (D:\able_project\gzcloud2\Server\routes\restful.js:32:60)
    at dispatch (D:\able_project\gzcloud2\Server\node_modules\koa-router\node_modules\koa-compose\index.js:44:32)
    at next (D:\able_project\gzcloud2\Server\node_modules\koa-router\node_modules\koa-compose\index.js:45:18)
    at D:\able_project\gzcloud2\Server\node_modules\koa-router\lib\router.js:346:16
    at dispatch (D:\able_project\gzcloud2\Server\node_modules\koa-router\node_modules\koa-compose\index.js:44:32)
    at next (D:\able_project\gzcloud2\Server\node_modules\koa-router\node_modules\koa-compose\index.js:45:18)
    at route.use (D:\able_project\gzcloud2\Server\routes\restful.js:97:19)
    at dispatch (D:\able_project\gzcloud2\Server\node_modules\koa-router\node_modules\koa-compose\index.js:44:32)
    at next (D:\able_project\gzcloud2\Server\node_modules\koa-router\node_modules\koa-compose\index.js:45:18)
    at D:\able_project\gzcloud2\Server\node_modules\koa-router\lib\router.js:346:16
    at dispatch (D:\able_project\gzcloud2\Server\node_modules\koa-router\node_modules\koa-compose\index.js:44:32)
    at D:\able_project\gzcloud2\Server\node_modules\koa-router\node_modules\koa-compose\index.js:36:12
    at dispatch (D:\able_project\gzcloud2\Server\node_modules\koa-router\lib\router.js:351:31)
    at dispatch (D:\able_project\gzcloud2\Server\node_modules\koa-compose\index.js:42:32)
    at module.exports (D:\able_project\gzcloud2\Server\middlewares\auth.js:32:13)
[2020-05-02T09:48:20.075] [ERROR] app - 401
[2020-05-02T09:49:11.905] [INFO] app - *** SYSTEM STARTUP on PORT (6060) ***
[2020-05-02T09:49:24.732] [ERROR] app - TypeError: criptojs.SHA256 is not a function
    at Object.Post (D:\able_project\gzcloud2\Server\restful\v0\sessions.js:23:36)
    at RestfulAPIMethods.(anonymous function) (D:\able_project\gzcloud2\Server\routes\restful.js:32:60)
    at dispatch (D:\able_project\gzcloud2\Server\node_modules\koa-router\node_modules\koa-compose\index.js:44:32)
    at next (D:\able_project\gzcloud2\Server\node_modules\koa-router\node_modules\koa-compose\index.js:45:18)
    at D:\able_project\gzcloud2\Server\node_modules\koa-router\lib\router.js:346:16
    at dispatch (D:\able_project\gzcloud2\Server\node_modules\koa-router\node_modules\koa-compose\index.js:44:32)
    at next (D:\able_project\gzcloud2\Server\node_modules\koa-router\node_modules\koa-compose\index.js:45:18)
    at route.use (D:\able_project\gzcloud2\Server\routes\restful.js:97:19)
    at dispatch (D:\able_project\gzcloud2\Server\node_modules\koa-router\node_modules\koa-compose\index.js:44:32)
    at next (D:\able_project\gzcloud2\Server\node_modules\koa-router\node_modules\koa-compose\index.js:45:18)
    at D:\able_project\gzcloud2\Server\node_modules\koa-router\lib\router.js:346:16
    at dispatch (D:\able_project\gzcloud2\Server\node_modules\koa-router\node_modules\koa-compose\index.js:44:32)
    at D:\able_project\gzcloud2\Server\node_modules\koa-router\node_modules\koa-compose\index.js:36:12
    at dispatch (D:\able_project\gzcloud2\Server\node_modules\koa-router\lib\router.js:351:31)
    at dispatch (D:\able_project\gzcloud2\Server\node_modules\koa-compose\index.js:42:32)
    at module.exports (D:\able_project\gzcloud2\Server\middlewares\auth.js:32:13)
[2020-05-02T09:49:24.742] [ERROR] app - 401
[2020-05-02T10:10:11.540] [INFO] app - *** SYSTEM STARTUP on PORT (6060) ***
[2020-05-02T10:10:26.319] [ERROR] app - TypeError: criptojs.createHmac is not a function
    at Object.Post (D:\able_project\gzcloud2\Server\restful\v0\sessions.js:23:36)
    at RestfulAPIMethods.(anonymous function) (D:\able_project\gzcloud2\Server\routes\restful.js:32:60)
    at dispatch (D:\able_project\gzcloud2\Server\node_modules\koa-router\node_modules\koa-compose\index.js:44:32)
    at next (D:\able_project\gzcloud2\Server\node_modules\koa-router\node_modules\koa-compose\index.js:45:18)
    at D:\able_project\gzcloud2\Server\node_modules\koa-router\lib\router.js:346:16
    at dispatch (D:\able_project\gzcloud2\Server\node_modules\koa-router\node_modules\koa-compose\index.js:44:32)
    at next (D:\able_project\gzcloud2\Server\node_modules\koa-router\node_modules\koa-compose\index.js:45:18)
    at route.use (D:\able_project\gzcloud2\Server\routes\restful.js:97:19)
    at dispatch (D:\able_project\gzcloud2\Server\node_modules\koa-router\node_modules\koa-compose\index.js:44:32)
    at next (D:\able_project\gzcloud2\Server\node_modules\koa-router\node_modules\koa-compose\index.js:45:18)
    at D:\able_project\gzcloud2\Server\node_modules\koa-router\lib\router.js:346:16
    at dispatch (D:\able_project\gzcloud2\Server\node_modules\koa-router\node_modules\koa-compose\index.js:44:32)
    at D:\able_project\gzcloud2\Server\node_modules\koa-router\node_modules\koa-compose\index.js:36:12
    at dispatch (D:\able_project\gzcloud2\Server\node_modules\koa-router\lib\router.js:351:31)
    at dispatch (D:\able_project\gzcloud2\Server\node_modules\koa-compose\index.js:42:32)
    at module.exports (D:\able_project\gzcloud2\Server\middlewares\auth.js:32:13)
[2020-05-02T10:10:26.343] [ERROR] app - 401
[2020-05-02T10:11:37.628] [INFO] app - *** SYSTEM STARTUP on PORT (6060) ***
[2020-05-02T10:11:54.117] [ERROR] app - TypeError [ERR_INVALID_ARG_TYPE]: The "data" argument must be one of type string, TypedArray, or DataView. Received type number
    at Hmac.update (internal/crypto/hash.js:58:11)
    at Object.Post (D:\able_project\gzcloud2\Server\restful\v0\sessions.js:23:66)
    at RestfulAPIMethods.(anonymous function) (D:\able_project\gzcloud2\Server\routes\restful.js:32:60)
    at dispatch (D:\able_project\gzcloud2\Server\node_modules\koa-router\node_modules\koa-compose\index.js:44:32)
    at next (D:\able_project\gzcloud2\Server\node_modules\koa-router\node_modules\koa-compose\index.js:45:18)
    at D:\able_project\gzcloud2\Server\node_modules\koa-router\lib\router.js:346:16
    at dispatch (D:\able_project\gzcloud2\Server\node_modules\koa-router\node_modules\koa-compose\index.js:44:32)
    at next (D:\able_project\gzcloud2\Server\node_modules\koa-router\node_modules\koa-compose\index.js:45:18)
    at route.use (D:\able_project\gzcloud2\Server\routes\restful.js:97:19)
    at dispatch (D:\able_project\gzcloud2\Server\node_modules\koa-router\node_modules\koa-compose\index.js:44:32)
    at next (D:\able_project\gzcloud2\Server\node_modules\koa-router\node_modules\koa-compose\index.js:45:18)
    at D:\able_project\gzcloud2\Server\node_modules\koa-router\lib\router.js:346:16
    at dispatch (D:\able_project\gzcloud2\Server\node_modules\koa-router\node_modules\koa-compose\index.js:44:32)
    at D:\able_project\gzcloud2\Server\node_modules\koa-router\node_modules\koa-compose\index.js:36:12
    at dispatch (D:\able_project\gzcloud2\Server\node_modules\koa-router\lib\router.js:351:31)
    at dispatch (D:\able_project\gzcloud2\Server\node_modules\koa-compose\index.js:42:32)
[2020-05-02T10:11:54.143] [ERROR] app - 401
[2020-05-02T10:12:30.499] [INFO] app - *** SYSTEM STARTUP on PORT (6060) ***
[2020-05-02T10:12:36.982] [ERROR] app - 401
[2020-05-02T10:14:09.701] [ERROR] app - 401
[2020-05-02T10:14:33.910] [ERROR] app - 401
