[2020-07-26T09:24:45.241] [WARN] app - { Error: ER_PARSE_ERROR: You have an error in your SQL syntax; check the manual that corresponds to your MySQL server version for the right syntax to use near ' `count` = '0人', 'sys_root'), (`id` = 15, `parent_id` = 1, `name` = '技术部' at line 1
    at Query.Sequence._packetToError (C:\Users\BIM02\Desktop\ServerKT\node_modules\mysql\lib\protocol\sequences\Sequence.js:47:14)
    at Query.ErrorPacket (C:\Users\BIM02\Desktop\ServerKT\node_modules\mysql\lib\protocol\sequences\Query.js:79:18)
    at Protocol._parsePacket (C:\Users\BIM02\Desktop\ServerKT\node_modules\mysql\lib\protocol\Protocol.js:291:23)
    at Parser._parsePacket (C:\Users\BIM02\Desktop\ServerKT\node_modules\mysql\lib\protocol\Parser.js:433:10)
    at Parser.write (C:\Users\BIM02\Desktop\ServerKT\node_modules\mysql\lib\protocol\Parser.js:43:10)
    at Protocol.write (C:\Users\BIM02\Desktop\ServerKT\node_modules\mysql\lib\protocol\Protocol.js:38:16)
    at Socket.<anonymous> (C:\Users\BIM02\Desktop\ServerKT\node_modules\mysql\lib\Connection.js:88:28)
    at Socket.<anonymous> (C:\Users\BIM02\Desktop\ServerKT\node_modules\mysql\lib\Connection.js:526:10)
    at Socket.emit (events.js:182:13)
    at addChunk (_stream_readable.js:283:12)
    at readableAddChunk (_stream_readable.js:264:11)
    at Socket.Readable.push (_stream_readable.js:219:10)
    at TCP.onStreamRead [as onread] (internal/stream_base_commons.js:94:17)
    --------------------
    at Protocol._enqueue (C:\Users\BIM02\Desktop\ServerKT\node_modules\mysql\lib\protocol\Protocol.js:144:48)
    at Connection.query (C:\Users\BIM02\Desktop\ServerKT\node_modules\mysql\lib\Connection.js:198:25)
    at C:\Users\BIM02\Desktop\ServerKT\node_modules\knex\lib\dialects\mysql\index.js:135:18
    at new Promise (<anonymous>)
    at Client_MySQL._query (C:\Users\BIM02\Desktop\ServerKT\node_modules\knex\lib\dialects\mysql\index.js:129:12)
    at Client_MySQL.query (C:\Users\BIM02\Desktop\ServerKT\node_modules\knex\lib\client.js:169:17)
    at C:\Users\BIM02\Desktop\ServerKT\node_modules\knex\lib\transaction.js:321:24
    at new Promise (<anonymous>)
    at Client_MySQL.trxClient.query (C:\Users\BIM02\Desktop\ServerKT\node_modules\knex\lib\transaction.js:316:12)
    at Runner.query (C:\Users\BIM02\Desktop\ServerKT\node_modules\knex\lib\runner.js:134:36)
    at C:\Users\BIM02\Desktop\ServerKT\node_modules\knex\lib\runner.js:40:23
    at client.acquireConnection.catch.then (C:\Users\BIM02\Desktop\ServerKT\node_modules\knex\lib\runner.js:260:24)
    at process._tickCallback (internal/process/next_tick.js:68:7)
  code: 'ER_PARSE_ERROR',
  errno: 1064,
  sqlMessage:
   'You have an error in your SQL syntax; check the manual that corresponds to your MySQL server version for the right syntax to use near \' `count` = \'0人\', \'sys_root\'), (`id` = 15, `parent_id` = 1, `name` = \'技术部\' at line 1',
  sqlState: '42000',
  index: 0,
  sql:
   'insert into `dep_user` (`dep_id`, `user_id`) values (`id` = 1, `parent_id` = NULL, `name` = \'我的企业\', `color` = \'#333\', `data` = \'\', `users` = \'[object Object]\', `count` = 10, `subs` = \'[object Object]\', \'[object Object]\', \'[object Object]\', \'[object Object]\', \'[object Object]\', \'[object Object]\', \'[object Object]\', \'[object Object]\', \'[object Object]\', \'[object Object]\', \'sys_root\'), (`id` = 2, `parent_id` = NULL, `name` = \'外部公司\', `color` = \'#333\', `data` = \'\', `users` = \'[object Object]\', `count` = \'1人\', \'sys_root\'), (`id` = 11, `parent_id` = 1, `name` = \'领导层\', `color` = \'#red\', `data` = \'\', `users` = \'[object Object]\', `count` = 1, `subs` = \'[object Object]\', \'sys_root\'), (`id` = 12, `parent_id` = 1, `name` = \'财务室\', `color` = \'blue\', `data` = \'\', `users` = \'[object Object]\', `count` = \'1人\', \'sys_root\'), (`id` = 13, `parent_id` = 1, `name` = \'总师室\', `color` = \'orange\', `data` = \'\', `users` = \'[object Object]\', `count` = \'1人\', \'sys_root\'), (`id` = 14, `parent_id` = 1, `name` = \'前期部\', `color` = \'#333\', `data` = \'\', `users` = , `count` = \'0人\', \'sys_root\'), (`id` = 15, `parent_id` = 1, `name` = \'技术部\', `color` = \'#333\', `data` = \'\', `users` = , `count` = \'0人\', \'sys_root\'), (`id` = 16, `parent_id` = 1, `name` = \'项目管理部\', `color` = \'#333\', `data` = \'\', `users` = , `count` = \'0人\', \'sys_root\'), (`id` = 17, `parent_id` = 1, `name` = \'合约部\', `color` = \'#333\', `data` = \'\', `users` = , `count` = \'0人\', \'sys_root\'), (`id` = 18, `parent_id` = 1, `name` = \'招标部\', `color` = \'#333\', `data` = \'\', `users` = , `count` = \'0人\', \'sys_root\'), (`id` = 19, `parent_id` = 1, `name` = \'投标部\', `color` = \'#333\', `data` = \'\', `users` = , `count` = \'0人\', \'sys_root\'), (`id` = 20, `parent_id` = 1, `name` = \'办公室\', `color` = \'#333\', `data` = \'\', `users` = , `count` = \'0人\', \'sys_root\'), (`id` = 21, `parent_id` = NULL, `name` = \'4213\', `color` = \'#333333\', `data` = \'\', `users` = , `count` = \'0人\', \'sys_root\'), (`id` = 22, `parent_id` = 11, `name` = \'5123\', `color` = \'#333333\', `data` = \'\', `users` = , `count` = 1, `subs` = \'[object Object]\', \'sys_root\'), (`id` = 23, `parent_id` = 22, `name` = \'413\', `color` = \'#333333\', `data` = \'\', `users` = , `count` = \'0人\', \'sys_root\'), (2, 1, \'sys_root\')' }
[2020-07-26T09:24:45.244] [ERROR] app - { Error: ER_PARSE_ERROR: You have an error in your SQL syntax; check the manual that corresponds to your MySQL server version for the right syntax to use near ' `count` = '0人', 'sys_root'), (`id` = 15, `parent_id` = 1, `name` = '技术部' at line 1
    at Query.Sequence._packetToError (C:\Users\BIM02\Desktop\ServerKT\node_modules\mysql\lib\protocol\sequences\Sequence.js:47:14)
    at Query.ErrorPacket (C:\Users\BIM02\Desktop\ServerKT\node_modules\mysql\lib\protocol\sequences\Query.js:79:18)
    at Protocol._parsePacket (C:\Users\BIM02\Desktop\ServerKT\node_modules\mysql\lib\protocol\Protocol.js:291:23)
    at Parser._parsePacket (C:\Users\BIM02\Desktop\ServerKT\node_modules\mysql\lib\protocol\Parser.js:433:10)
    at Parser.write (C:\Users\BIM02\Desktop\ServerKT\node_modules\mysql\lib\protocol\Parser.js:43:10)
    at Protocol.write (C:\Users\BIM02\Desktop\ServerKT\node_modules\mysql\lib\protocol\Protocol.js:38:16)
    at Socket.<anonymous> (C:\Users\BIM02\Desktop\ServerKT\node_modules\mysql\lib\Connection.js:88:28)
    at Socket.<anonymous> (C:\Users\BIM02\Desktop\ServerKT\node_modules\mysql\lib\Connection.js:526:10)
    at Socket.emit (events.js:182:13)
    at addChunk (_stream_readable.js:283:12)
    at readableAddChunk (_stream_readable.js:264:11)
    at Socket.Readable.push (_stream_readable.js:219:10)
    at TCP.onStreamRead [as onread] (internal/stream_base_commons.js:94:17)
    --------------------
    at Protocol._enqueue (C:\Users\BIM02\Desktop\ServerKT\node_modules\mysql\lib\protocol\Protocol.js:144:48)
    at Connection.query (C:\Users\BIM02\Desktop\ServerKT\node_modules\mysql\lib\Connection.js:198:25)
    at C:\Users\BIM02\Desktop\ServerKT\node_modules\knex\lib\dialects\mysql\index.js:135:18
    at new Promise (<anonymous>)
    at Client_MySQL._query (C:\Users\BIM02\Desktop\ServerKT\node_modules\knex\lib\dialects\mysql\index.js:129:12)
    at Client_MySQL.query (C:\Users\BIM02\Desktop\ServerKT\node_modules\knex\lib\client.js:169:17)
    at C:\Users\BIM02\Desktop\ServerKT\node_modules\knex\lib\transaction.js:321:24
    at new Promise (<anonymous>)
    at Client_MySQL.trxClient.query (C:\Users\BIM02\Desktop\ServerKT\node_modules\knex\lib\transaction.js:316:12)
    at Runner.query (C:\Users\BIM02\Desktop\ServerKT\node_modules\knex\lib\runner.js:134:36)
    at C:\Users\BIM02\Desktop\ServerKT\node_modules\knex\lib\runner.js:40:23
    at client.acquireConnection.catch.then (C:\Users\BIM02\Desktop\ServerKT\node_modules\knex\lib\runner.js:260:24)
    at process._tickCallback (internal/process/next_tick.js:68:7)
  code: 'ER_PARSE_ERROR',
  errno: 1064,
  sqlMessage:
   'You have an error in your SQL syntax; check the manual that corresponds to your MySQL server version for the right syntax to use near \' `count` = \'0人\', \'sys_root\'), (`id` = 15, `parent_id` = 1, `name` = \'技术部\' at line 1',
  sqlState: '42000',
  index: 0,
  sql:
   'insert into `dep_user` (`dep_id`, `user_id`) values (`id` = 1, `parent_id` = NULL, `name` = \'我的企业\', `color` = \'#333\', `data` = \'\', `users` = \'[object Object]\', `count` = 10, `subs` = \'[object Object]\', \'[object Object]\', \'[object Object]\', \'[object Object]\', \'[object Object]\', \'[object Object]\', \'[object Object]\', \'[object Object]\', \'[object Object]\', \'[object Object]\', \'sys_root\'), (`id` = 2, `parent_id` = NULL, `name` = \'外部公司\', `color` = \'#333\', `data` = \'\', `users` = \'[object Object]\', `count` = \'1人\', \'sys_root\'), (`id` = 11, `parent_id` = 1, `name` = \'领导层\', `color` = \'#red\', `data` = \'\', `users` = \'[object Object]\', `count` = 1, `subs` = \'[object Object]\', \'sys_root\'), (`id` = 12, `parent_id` = 1, `name` = \'财务室\', `color` = \'blue\', `data` = \'\', `users` = \'[object Object]\', `count` = \'1人\', \'sys_root\'), (`id` = 13, `parent_id` = 1, `name` = \'总师室\', `color` = \'orange\', `data` = \'\', `users` = \'[object Object]\', `count` = \'1人\', \'sys_root\'), (`id` = 14, `parent_id` = 1, `name` = \'前期部\', `color` = \'#333\', `data` = \'\', `users` = , `count` = \'0人\', \'sys_root\'), (`id` = 15, `parent_id` = 1, `name` = \'技术部\', `color` = \'#333\', `data` = \'\', `users` = , `count` = \'0人\', \'sys_root\'), (`id` = 16, `parent_id` = 1, `name` = \'项目管理部\', `color` = \'#333\', `data` = \'\', `users` = , `count` = \'0人\', \'sys_root\'), (`id` = 17, `parent_id` = 1, `name` = \'合约部\', `color` = \'#333\', `data` = \'\', `users` = , `count` = \'0人\', \'sys_root\'), (`id` = 18, `parent_id` = 1, `name` = \'招标部\', `color` = \'#333\', `data` = \'\', `users` = , `count` = \'0人\', \'sys_root\'), (`id` = 19, `parent_id` = 1, `name` = \'投标部\', `color` = \'#333\', `data` = \'\', `users` = , `count` = \'0人\', \'sys_root\'), (`id` = 20, `parent_id` = 1, `name` = \'办公室\', `color` = \'#333\', `data` = \'\', `users` = , `count` = \'0人\', \'sys_root\'), (`id` = 21, `parent_id` = NULL, `name` = \'4213\', `color` = \'#333333\', `data` = \'\', `users` = , `count` = \'0人\', \'sys_root\'), (`id` = 22, `parent_id` = 11, `name` = \'5123\', `color` = \'#333333\', `data` = \'\', `users` = , `count` = 1, `subs` = \'[object Object]\', \'sys_root\'), (`id` = 23, `parent_id` = 22, `name` = \'413\', `color` = \'#333333\', `data` = \'\', `users` = , `count` = \'0人\', \'sys_root\'), (2, 1, \'sys_root\')' }
[2020-07-26T09:57:38.754] [ERROR] app - 登录已过期
[2020-07-26T09:57:38.759] [ERROR] app - 登录已过期
[2020-07-26T09:57:38.781] [ERROR] app - 登录已过期
[2020-07-26T09:57:38.974] [ERROR] app - 登录已过期
[2020-07-26T09:57:38.981] [ERROR] app - 登录已过期
[2020-07-26T09:57:39.245] [ERROR] app - 登录已过期
[2020-07-26T09:57:39.265] [ERROR] app - 登录已过期
[2020-07-26T09:57:44.917] [WARN] app - { Error: ER_PARSE_ERROR: You have an error in your SQL syntax; check the manual that corresponds to your MySQL server version for the right syntax to use near ' `count` = '0人', 'sys_root'), (`id` = 15, `parent_id` = 1, `name` = '技术部' at line 1
    at Query.Sequence._packetToError (C:\Users\BIM02\Desktop\ServerKT\node_modules\mysql\lib\protocol\sequences\Sequence.js:47:14)
    at Query.ErrorPacket (C:\Users\BIM02\Desktop\ServerKT\node_modules\mysql\lib\protocol\sequences\Query.js:79:18)
    at Protocol._parsePacket (C:\Users\BIM02\Desktop\ServerKT\node_modules\mysql\lib\protocol\Protocol.js:291:23)
    at Parser._parsePacket (C:\Users\BIM02\Desktop\ServerKT\node_modules\mysql\lib\protocol\Parser.js:433:10)
    at Parser.write (C:\Users\BIM02\Desktop\ServerKT\node_modules\mysql\lib\protocol\Parser.js:43:10)
    at Protocol.write (C:\Users\BIM02\Desktop\ServerKT\node_modules\mysql\lib\protocol\Protocol.js:38:16)
    at Socket.<anonymous> (C:\Users\BIM02\Desktop\ServerKT\node_modules\mysql\lib\Connection.js:88:28)
    at Socket.<anonymous> (C:\Users\BIM02\Desktop\ServerKT\node_modules\mysql\lib\Connection.js:526:10)
    at Socket.emit (events.js:182:13)
    at addChunk (_stream_readable.js:283:12)
    at readableAddChunk (_stream_readable.js:264:11)
    at Socket.Readable.push (_stream_readable.js:219:10)
    at TCP.onStreamRead [as onread] (internal/stream_base_commons.js:94:17)
    --------------------
    at Protocol._enqueue (C:\Users\BIM02\Desktop\ServerKT\node_modules\mysql\lib\protocol\Protocol.js:144:48)
    at Connection.query (C:\Users\BIM02\Desktop\ServerKT\node_modules\mysql\lib\Connection.js:198:25)
    at C:\Users\BIM02\Desktop\ServerKT\node_modules\knex\lib\dialects\mysql\index.js:135:18
    at new Promise (<anonymous>)
    at Client_MySQL._query (C:\Users\BIM02\Desktop\ServerKT\node_modules\knex\lib\dialects\mysql\index.js:129:12)
    at Client_MySQL.query (C:\Users\BIM02\Desktop\ServerKT\node_modules\knex\lib\client.js:169:17)
    at C:\Users\BIM02\Desktop\ServerKT\node_modules\knex\lib\transaction.js:321:24
    at new Promise (<anonymous>)
    at Client_MySQL.trxClient.query (C:\Users\BIM02\Desktop\ServerKT\node_modules\knex\lib\transaction.js:316:12)
    at Runner.query (C:\Users\BIM02\Desktop\ServerKT\node_modules\knex\lib\runner.js:134:36)
    at C:\Users\BIM02\Desktop\ServerKT\node_modules\knex\lib\runner.js:40:23
    at client.acquireConnection.catch.then (C:\Users\BIM02\Desktop\ServerKT\node_modules\knex\lib\runner.js:260:24)
    at process._tickCallback (internal/process/next_tick.js:68:7)
  code: 'ER_PARSE_ERROR',
  errno: 1064,
  sqlMessage:
   'You have an error in your SQL syntax; check the manual that corresponds to your MySQL server version for the right syntax to use near \' `count` = \'0人\', \'sys_root\'), (`id` = 15, `parent_id` = 1, `name` = \'技术部\' at line 1',
  sqlState: '42000',
  index: 0,
  sql:
   'insert into `dep_user` (`dep_id`, `user_id`) values (`id` = 1, `parent_id` = NULL, `name` = \'我的企业\', `color` = \'#333\', `data` = \'\', `users` = \'[object Object]\', `count` = 10, `subs` = \'[object Object]\', \'[object Object]\', \'[object Object]\', \'[object Object]\', \'[object Object]\', \'[object Object]\', \'[object Object]\', \'[object Object]\', \'[object Object]\', \'[object Object]\', \'sys_root\'), (`id` = 2, `parent_id` = NULL, `name` = \'外部公司\', `color` = \'#333\', `data` = \'\', `users` = \'[object Object]\', `count` = \'1人\', \'sys_root\'), (`id` = 11, `parent_id` = 1, `name` = \'领导层\', `color` = \'#red\', `data` = \'\', `users` = \'[object Object]\', `count` = 1, `subs` = \'[object Object]\', \'sys_root\'), (`id` = 12, `parent_id` = 1, `name` = \'财务室\', `color` = \'blue\', `data` = \'\', `users` = \'[object Object]\', `count` = \'1人\', \'sys_root\'), (`id` = 13, `parent_id` = 1, `name` = \'总师室\', `color` = \'orange\', `data` = \'\', `users` = \'[object Object]\', `count` = \'1人\', \'sys_root\'), (`id` = 14, `parent_id` = 1, `name` = \'前期部\', `color` = \'#333\', `data` = \'\', `users` = , `count` = \'0人\', \'sys_root\'), (`id` = 15, `parent_id` = 1, `name` = \'技术部\', `color` = \'#333\', `data` = \'\', `users` = , `count` = \'0人\', \'sys_root\'), (`id` = 16, `parent_id` = 1, `name` = \'项目管理部\', `color` = \'#333\', `data` = \'\', `users` = , `count` = \'0人\', \'sys_root\'), (`id` = 17, `parent_id` = 1, `name` = \'合约部\', `color` = \'#333\', `data` = \'\', `users` = , `count` = \'0人\', \'sys_root\'), (`id` = 18, `parent_id` = 1, `name` = \'招标部\', `color` = \'#333\', `data` = \'\', `users` = , `count` = \'0人\', \'sys_root\'), (`id` = 19, `parent_id` = 1, `name` = \'投标部\', `color` = \'#333\', `data` = \'\', `users` = , `count` = \'0人\', \'sys_root\'), (`id` = 20, `parent_id` = 1, `name` = \'办公室\', `color` = \'#333\', `data` = \'\', `users` = , `count` = \'0人\', \'sys_root\'), (`id` = 21, `parent_id` = NULL, `name` = \'4213\', `color` = \'#333333\', `data` = \'\', `users` = , `count` = \'0人\', \'sys_root\'), (`id` = 22, `parent_id` = 11, `name` = \'5123\', `color` = \'#333333\', `data` = \'\', `users` = , `count` = 1, `subs` = \'[object Object]\', \'sys_root\'), (`id` = 23, `parent_id` = 22, `name` = \'413\', `color` = \'#333333\', `data` = \'\', `users` = , `count` = \'0人\', \'sys_root\'), (2, 1, \'sys_root\')' }
[2020-07-26T09:57:44.923] [ERROR] app - { Error: ER_PARSE_ERROR: You have an error in your SQL syntax; check the manual that corresponds to your MySQL server version for the right syntax to use near ' `count` = '0人', 'sys_root'), (`id` = 15, `parent_id` = 1, `name` = '技术部' at line 1
    at Query.Sequence._packetToError (C:\Users\BIM02\Desktop\ServerKT\node_modules\mysql\lib\protocol\sequences\Sequence.js:47:14)
    at Query.ErrorPacket (C:\Users\BIM02\Desktop\ServerKT\node_modules\mysql\lib\protocol\sequences\Query.js:79:18)
    at Protocol._parsePacket (C:\Users\BIM02\Desktop\ServerKT\node_modules\mysql\lib\protocol\Protocol.js:291:23)
    at Parser._parsePacket (C:\Users\BIM02\Desktop\ServerKT\node_modules\mysql\lib\protocol\Parser.js:433:10)
    at Parser.write (C:\Users\BIM02\Desktop\ServerKT\node_modules\mysql\lib\protocol\Parser.js:43:10)
    at Protocol.write (C:\Users\BIM02\Desktop\ServerKT\node_modules\mysql\lib\protocol\Protocol.js:38:16)
    at Socket.<anonymous> (C:\Users\BIM02\Desktop\ServerKT\node_modules\mysql\lib\Connection.js:88:28)
    at Socket.<anonymous> (C:\Users\BIM02\Desktop\ServerKT\node_modules\mysql\lib\Connection.js:526:10)
    at Socket.emit (events.js:182:13)
    at addChunk (_stream_readable.js:283:12)
    at readableAddChunk (_stream_readable.js:264:11)
    at Socket.Readable.push (_stream_readable.js:219:10)
    at TCP.onStreamRead [as onread] (internal/stream_base_commons.js:94:17)
    --------------------
    at Protocol._enqueue (C:\Users\BIM02\Desktop\ServerKT\node_modules\mysql\lib\protocol\Protocol.js:144:48)
    at Connection.query (C:\Users\BIM02\Desktop\ServerKT\node_modules\mysql\lib\Connection.js:198:25)
    at C:\Users\BIM02\Desktop\ServerKT\node_modules\knex\lib\dialects\mysql\index.js:135:18
    at new Promise (<anonymous>)
    at Client_MySQL._query (C:\Users\BIM02\Desktop\ServerKT\node_modules\knex\lib\dialects\mysql\index.js:129:12)
    at Client_MySQL.query (C:\Users\BIM02\Desktop\ServerKT\node_modules\knex\lib\client.js:169:17)
    at C:\Users\BIM02\Desktop\ServerKT\node_modules\knex\lib\transaction.js:321:24
    at new Promise (<anonymous>)
    at Client_MySQL.trxClient.query (C:\Users\BIM02\Desktop\ServerKT\node_modules\knex\lib\transaction.js:316:12)
    at Runner.query (C:\Users\BIM02\Desktop\ServerKT\node_modules\knex\lib\runner.js:134:36)
    at C:\Users\BIM02\Desktop\ServerKT\node_modules\knex\lib\runner.js:40:23
    at client.acquireConnection.catch.then (C:\Users\BIM02\Desktop\ServerKT\node_modules\knex\lib\runner.js:260:24)
    at process._tickCallback (internal/process/next_tick.js:68:7)
  code: 'ER_PARSE_ERROR',
  errno: 1064,
  sqlMessage:
   'You have an error in your SQL syntax; check the manual that corresponds to your MySQL server version for the right syntax to use near \' `count` = \'0人\', \'sys_root\'), (`id` = 15, `parent_id` = 1, `name` = \'技术部\' at line 1',
  sqlState: '42000',
  index: 0,
  sql:
   'insert into `dep_user` (`dep_id`, `user_id`) values (`id` = 1, `parent_id` = NULL, `name` = \'我的企业\', `color` = \'#333\', `data` = \'\', `users` = \'[object Object]\', `count` = 10, `subs` = \'[object Object]\', \'[object Object]\', \'[object Object]\', \'[object Object]\', \'[object Object]\', \'[object Object]\', \'[object Object]\', \'[object Object]\', \'[object Object]\', \'[object Object]\', \'sys_root\'), (`id` = 2, `parent_id` = NULL, `name` = \'外部公司\', `color` = \'#333\', `data` = \'\', `users` = \'[object Object]\', `count` = \'1人\', \'sys_root\'), (`id` = 11, `parent_id` = 1, `name` = \'领导层\', `color` = \'#red\', `data` = \'\', `users` = \'[object Object]\', `count` = 1, `subs` = \'[object Object]\', \'sys_root\'), (`id` = 12, `parent_id` = 1, `name` = \'财务室\', `color` = \'blue\', `data` = \'\', `users` = \'[object Object]\', `count` = \'1人\', \'sys_root\'), (`id` = 13, `parent_id` = 1, `name` = \'总师室\', `color` = \'orange\', `data` = \'\', `users` = \'[object Object]\', `count` = \'1人\', \'sys_root\'), (`id` = 14, `parent_id` = 1, `name` = \'前期部\', `color` = \'#333\', `data` = \'\', `users` = , `count` = \'0人\', \'sys_root\'), (`id` = 15, `parent_id` = 1, `name` = \'技术部\', `color` = \'#333\', `data` = \'\', `users` = , `count` = \'0人\', \'sys_root\'), (`id` = 16, `parent_id` = 1, `name` = \'项目管理部\', `color` = \'#333\', `data` = \'\', `users` = , `count` = \'0人\', \'sys_root\'), (`id` = 17, `parent_id` = 1, `name` = \'合约部\', `color` = \'#333\', `data` = \'\', `users` = , `count` = \'0人\', \'sys_root\'), (`id` = 18, `parent_id` = 1, `name` = \'招标部\', `color` = \'#333\', `data` = \'\', `users` = , `count` = \'0人\', \'sys_root\'), (`id` = 19, `parent_id` = 1, `name` = \'投标部\', `color` = \'#333\', `data` = \'\', `users` = , `count` = \'0人\', \'sys_root\'), (`id` = 20, `parent_id` = 1, `name` = \'办公室\', `color` = \'#333\', `data` = \'\', `users` = , `count` = \'0人\', \'sys_root\'), (`id` = 21, `parent_id` = NULL, `name` = \'4213\', `color` = \'#333333\', `data` = \'\', `users` = , `count` = \'0人\', \'sys_root\'), (`id` = 22, `parent_id` = 11, `name` = \'5123\', `color` = \'#333333\', `data` = \'\', `users` = , `count` = 1, `subs` = \'[object Object]\', \'sys_root\'), (`id` = 23, `parent_id` = 22, `name` = \'413\', `color` = \'#333333\', `data` = \'\', `users` = , `count` = \'0人\', \'sys_root\'), (2, 1, \'sys_root\')' }
