[2020-07-01T08:40:23.920] [ERROR] app - Error: Undefined binding(s) detected when compiling WHERE. Undefined column(s): [phone] query: where `phone` = ?
    at QueryCompiler_MySQL.toSQL (C:\Users\BIM02\Desktop\ServerKT\node_modules\knex\lib\query\compiler.js:99:13)
    at Formatter.compileCallback (C:\Users\BIM02\Desktop\ServerKT\node_modules\knex\lib\formatter.js:228:21)
    at Formatter.rawOrFn (C:\Users\BIM02\Desktop\ServerKT\node_modules\knex\lib\formatter.js:167:36)
    at QueryCompiler_MySQL.whereWrapped (C:\Users\BIM02\Desktop\ServerKT\node_modules\knex\lib\query\compiler.js:683:32)
    at QueryCompiler_MySQL.where (C:\Users\BIM02\Desktop\ServerKT\node_modules\knex\lib\query\compiler.js:383:34)
    at components.map (C:\Users\BIM02\Desktop\ServerKT\node_modules\knex\lib\query\compiler.js:116:69)
    at Array.map (<anonymous>)
    at QueryCompiler_MySQL.select (C:\Users\BIM02\Desktop\ServerKT\node_modules\knex\lib\query\compiler.js:116:35)
    at QueryCompiler_MySQL.toSQL (C:\Users\BIM02\Desktop\ServerKT\node_modules\knex\lib\query\compiler.js:62:29)
    at Builder.toSQL (C:\Users\BIM02\Desktop\ServerKT\node_modules\knex\lib\query\builder.js:72:44)
    at C:\Users\BIM02\Desktop\ServerKT\node_modules\knex\lib\runner.js:31:36
    at client.acquireConnection.catch.then (C:\Users\BIM02\Desktop\ServerKT\node_modules\knex\lib\runner.js:260:24)
    at process._tickCallback (internal/process/next_tick.js:68:7)
From previous event:
    at runCallback (timers.js:694:18)
    at tryOnImmediate (timers.js:665:5)
    at processImmediate (timers.js:647:5)
From previous event:
    at Sync.<anonymous> (C:\Users\BIM02\Desktop\ServerKT\node_modules\bookshelf\lib\sync.js:204:8)
    at Sync.<anonymous> (C:\Users\BIM02\Desktop\ServerKT\node_modules\bookshelf\lib\sync.js:66:17)
    at Child.<anonymous> (C:\Users\BIM02\Desktop\ServerKT\node_modules\bookshelf\lib\model.js:713:12)
    at Child.fetch (C:\Users\BIM02\Desktop\ServerKT\node_modules\bookshelf\lib\model.js:702:19)
    at Object.out.Post (C:\Users\BIM02\Desktop\ServerKT\restful\v0\sessions.js:37:8)
    at RestfulAPIMethods.(anonymous function) (C:\Users\BIM02\Desktop\ServerKT\routes\restful.js:32:60)
    at dispatch (C:\Users\BIM02\Desktop\ServerKT\node_modules\koa-router\node_modules\koa-compose\index.js:44:32)
    at next (C:\Users\BIM02\Desktop\ServerKT\node_modules\koa-router\node_modules\koa-compose\index.js:45:18)
    at C:\Users\BIM02\Desktop\ServerKT\node_modules\koa-router\lib\router.js:346:16
    at dispatch (C:\Users\BIM02\Desktop\ServerKT\node_modules\koa-router\node_modules\koa-compose\index.js:44:32)
    at next (C:\Users\BIM02\Desktop\ServerKT\node_modules\koa-router\node_modules\koa-compose\index.js:45:18)
    at route.use (C:\Users\BIM02\Desktop\ServerKT\routes\restful.js:97:19)
From previous event:
    at Sync.<anonymous> (C:\Users\BIM02\Desktop\ServerKT\node_modules\bookshelf\lib\sync.js:66:17)
From previous event:
    at Child.<anonymous> (C:\Users\BIM02\Desktop\ServerKT\node_modules\bookshelf\lib\model.js:713:12)
From previous event:
    at Child.fetch (C:\Users\BIM02\Desktop\ServerKT\node_modules\bookshelf\lib\model.js:702:19)
    at Object.out.Post (C:\Users\BIM02\Desktop\ServerKT\restful\v0\sessions.js:37:8)
    at RestfulAPIMethods.(anonymous function) (C:\Users\BIM02\Desktop\ServerKT\routes\restful.js:32:60)
    at dispatch (C:\Users\BIM02\Desktop\ServerKT\node_modules\koa-router\node_modules\koa-compose\index.js:44:32)
    at next (C:\Users\BIM02\Desktop\ServerKT\node_modules\koa-router\node_modules\koa-compose\index.js:45:18)
    at C:\Users\BIM02\Desktop\ServerKT\node_modules\koa-router\lib\router.js:346:16
    at dispatch (C:\Users\BIM02\Desktop\ServerKT\node_modules\koa-router\node_modules\koa-compose\index.js:44:32)
    at next (C:\Users\BIM02\Desktop\ServerKT\node_modules\koa-router\node_modules\koa-compose\index.js:45:18)
    at route.use (C:\Users\BIM02\Desktop\ServerKT\routes\restful.js:97:19)
    at dispatch (C:\Users\BIM02\Desktop\ServerKT\node_modules\koa-router\node_modules\koa-compose\index.js:44:32)
    at next (C:\Users\BIM02\Desktop\ServerKT\node_modules\koa-router\node_modules\koa-compose\index.js:45:18)
    at C:\Users\BIM02\Desktop\ServerKT\node_modules\koa-router\lib\router.js:346:16
    at dispatch (C:\Users\BIM02\Desktop\ServerKT\node_modules\koa-router\node_modules\koa-compose\index.js:44:32)
    at C:\Users\BIM02\Desktop\ServerKT\node_modules\koa-router\node_modules\koa-compose\index.js:36:12
    at dispatch (C:\Users\BIM02\Desktop\ServerKT\node_modules\koa-router\lib\router.js:351:31)
    at dispatch (C:\Users\BIM02\Desktop\ServerKT\node_modules\koa-compose\index.js:42:32)
    at parseBody.then.body (C:\Users\BIM02\Desktop\ServerKT\node_modules\koa-bodyparser\index.js:74:14)
    at process._tickCallback (internal/process/next_tick.js:68:7)
[2020-07-01T08:40:43.350] [ERROR] app - Error: Undefined binding(s) detected when compiling WHERE. Undefined column(s): [phone] query: where `phone` = ?
    at QueryCompiler_MySQL.toSQL (C:\Users\BIM02\Desktop\ServerKT\node_modules\knex\lib\query\compiler.js:99:13)
    at Formatter.compileCallback (C:\Users\BIM02\Desktop\ServerKT\node_modules\knex\lib\formatter.js:228:21)
    at Formatter.rawOrFn (C:\Users\BIM02\Desktop\ServerKT\node_modules\knex\lib\formatter.js:167:36)
    at QueryCompiler_MySQL.whereWrapped (C:\Users\BIM02\Desktop\ServerKT\node_modules\knex\lib\query\compiler.js:683:32)
    at QueryCompiler_MySQL.where (C:\Users\BIM02\Desktop\ServerKT\node_modules\knex\lib\query\compiler.js:383:34)
    at components.map (C:\Users\BIM02\Desktop\ServerKT\node_modules\knex\lib\query\compiler.js:116:69)
    at Array.map (<anonymous>)
    at QueryCompiler_MySQL.select (C:\Users\BIM02\Desktop\ServerKT\node_modules\knex\lib\query\compiler.js:116:35)
    at QueryCompiler_MySQL.toSQL (C:\Users\BIM02\Desktop\ServerKT\node_modules\knex\lib\query\compiler.js:62:29)
    at Builder.toSQL (C:\Users\BIM02\Desktop\ServerKT\node_modules\knex\lib\query\builder.js:72:44)
    at C:\Users\BIM02\Desktop\ServerKT\node_modules\knex\lib\runner.js:31:36
    at client.acquireConnection.catch.then (C:\Users\BIM02\Desktop\ServerKT\node_modules\knex\lib\runner.js:260:24)
From previous event:
    at runCallback (timers.js:694:18)
    at tryOnImmediate (timers.js:665:5)
    at processImmediate (timers.js:647:5)
From previous event:
    at Sync.<anonymous> (C:\Users\BIM02\Desktop\ServerKT\node_modules\bookshelf\lib\sync.js:204:8)
    at Sync.<anonymous> (C:\Users\BIM02\Desktop\ServerKT\node_modules\bookshelf\lib\sync.js:66:17)
    at Child.<anonymous> (C:\Users\BIM02\Desktop\ServerKT\node_modules\bookshelf\lib\model.js:713:12)
    at Child.fetch (C:\Users\BIM02\Desktop\ServerKT\node_modules\bookshelf\lib\model.js:702:19)
    at Object.out.Post (C:\Users\BIM02\Desktop\ServerKT\restful\v0\sessions.js:37:8)
    at RestfulAPIMethods.(anonymous function) (C:\Users\BIM02\Desktop\ServerKT\routes\restful.js:32:60)
    at dispatch (C:\Users\BIM02\Desktop\ServerKT\node_modules\koa-router\node_modules\koa-compose\index.js:44:32)
    at next (C:\Users\BIM02\Desktop\ServerKT\node_modules\koa-router\node_modules\koa-compose\index.js:45:18)
    at C:\Users\BIM02\Desktop\ServerKT\node_modules\koa-router\lib\router.js:346:16
    at dispatch (C:\Users\BIM02\Desktop\ServerKT\node_modules\koa-router\node_modules\koa-compose\index.js:44:32)
    at next (C:\Users\BIM02\Desktop\ServerKT\node_modules\koa-router\node_modules\koa-compose\index.js:45:18)
    at route.use (C:\Users\BIM02\Desktop\ServerKT\routes\restful.js:97:19)
From previous event:
    at Sync.<anonymous> (C:\Users\BIM02\Desktop\ServerKT\node_modules\bookshelf\lib\sync.js:66:17)
From previous event:
    at Child.<anonymous> (C:\Users\BIM02\Desktop\ServerKT\node_modules\bookshelf\lib\model.js:713:12)
From previous event:
    at Child.fetch (C:\Users\BIM02\Desktop\ServerKT\node_modules\bookshelf\lib\model.js:702:19)
    at Object.out.Post (C:\Users\BIM02\Desktop\ServerKT\restful\v0\sessions.js:37:8)
    at RestfulAPIMethods.(anonymous function) (C:\Users\BIM02\Desktop\ServerKT\routes\restful.js:32:60)
    at dispatch (C:\Users\BIM02\Desktop\ServerKT\node_modules\koa-router\node_modules\koa-compose\index.js:44:32)
    at next (C:\Users\BIM02\Desktop\ServerKT\node_modules\koa-router\node_modules\koa-compose\index.js:45:18)
    at C:\Users\BIM02\Desktop\ServerKT\node_modules\koa-router\lib\router.js:346:16
    at dispatch (C:\Users\BIM02\Desktop\ServerKT\node_modules\koa-router\node_modules\koa-compose\index.js:44:32)
    at next (C:\Users\BIM02\Desktop\ServerKT\node_modules\koa-router\node_modules\koa-compose\index.js:45:18)
    at route.use (C:\Users\BIM02\Desktop\ServerKT\routes\restful.js:97:19)
    at dispatch (C:\Users\BIM02\Desktop\ServerKT\node_modules\koa-router\node_modules\koa-compose\index.js:44:32)
    at next (C:\Users\BIM02\Desktop\ServerKT\node_modules\koa-router\node_modules\koa-compose\index.js:45:18)
    at C:\Users\BIM02\Desktop\ServerKT\node_modules\koa-router\lib\router.js:346:16
    at dispatch (C:\Users\BIM02\Desktop\ServerKT\node_modules\koa-router\node_modules\koa-compose\index.js:44:32)
    at C:\Users\BIM02\Desktop\ServerKT\node_modules\koa-router\node_modules\koa-compose\index.js:36:12
    at dispatch (C:\Users\BIM02\Desktop\ServerKT\node_modules\koa-router\lib\router.js:351:31)
    at dispatch (C:\Users\BIM02\Desktop\ServerKT\node_modules\koa-compose\index.js:42:32)
    at parseBody.then.body (C:\Users\BIM02\Desktop\ServerKT\node_modules\koa-bodyparser\index.js:74:14)
    at process._tickCallback (internal/process/next_tick.js:68:7)
[2020-07-01T08:42:23.833] [ERROR] app - 密码错误
[2020-07-01T08:42:28.542] [ERROR] app - 密码错误
[2020-07-01T08:42:33.066] [ERROR] app - 密码错误
[2020-07-01T08:50:38.276] [ERROR] app - Error: Undefined binding(s) detected when compiling SELECT. Undefined column(s): [session.id] query: select `login_at`, `client_device`, `ip` from `session` where `session`.`id` = ? limit ?
    at QueryCompiler_MySQL.toSQL (C:\Users\BIM02\Desktop\ServerKT\node_modules\knex\lib\query\compiler.js:99:13)
    at Builder.toSQL (C:\Users\BIM02\Desktop\ServerKT\node_modules\knex\lib\query\builder.js:72:44)
    at C:\Users\BIM02\Desktop\ServerKT\node_modules\knex\lib\runner.js:31:36
    at client.acquireConnection.catch.then (C:\Users\BIM02\Desktop\ServerKT\node_modules\knex\lib\runner.js:260:24)
From previous event:
    at runCallback (timers.js:694:18)
    at tryOnImmediate (timers.js:665:5)
    at processImmediate (timers.js:647:5)
From previous event:
    at Sync.<anonymous> (C:\Users\BIM02\Desktop\ServerKT\node_modules\bookshelf\lib\sync.js:204:8)
From previous event:
    at Sync.<anonymous> (C:\Users\BIM02\Desktop\ServerKT\node_modules\bookshelf\lib\sync.js:66:17)
From previous event:
    at Child.<anonymous> (C:\Users\BIM02\Desktop\ServerKT\node_modules\bookshelf\lib\model.js:713:12)
From previous event:
    at Child.fetch (C:\Users\BIM02\Desktop\ServerKT\node_modules\bookshelf\lib\model.js:702:19)
    at Object.out.Post (C:\Users\BIM02\Desktop\ServerKT\restful\v0\sessions.js:95:10)
[2020-07-01T08:53:09.884] [ERROR] app - TypeError: Cannot read property 'apply' of undefined
    at Object.query (C:\Users\BIM02\Desktop\ServerKT\node_modules\bookshelf\lib\helpers.js:170:24)
    at Child.query (C:\Users\BIM02\Desktop\ServerKT\node_modules\bookshelf\lib\model.js:1387:22)
    at Function.Model.(anonymous function).Collection.(anonymous function) [as query] (C:\Users\BIM02\Desktop\ServerKT\node_modules\bookshelf\lib\bookshelf.js:551:28)
    at Object.out.List (C:\Users\BIM02\Desktop\ServerKT\restful\v0\users.js:15:23)
    at RestfulAPIMethods.(anonymous function) (C:\Users\BIM02\Desktop\ServerKT\routes\restful.js:32:60)
    at dispatch (C:\Users\BIM02\Desktop\ServerKT\node_modules\koa-router\node_modules\koa-compose\index.js:44:32)
    at next (C:\Users\BIM02\Desktop\ServerKT\node_modules\koa-router\node_modules\koa-compose\index.js:45:18)
    at C:\Users\BIM02\Desktop\ServerKT\node_modules\koa-router\lib\router.js:346:16
    at dispatch (C:\Users\BIM02\Desktop\ServerKT\node_modules\koa-router\node_modules\koa-compose\index.js:44:32)
    at next (C:\Users\BIM02\Desktop\ServerKT\node_modules\koa-router\node_modules\koa-compose\index.js:45:18)
    at route.use (C:\Users\BIM02\Desktop\ServerKT\routes\restful.js:97:19)
    at dispatch (C:\Users\BIM02\Desktop\ServerKT\node_modules\koa-router\node_modules\koa-compose\index.js:44:32)
    at next (C:\Users\BIM02\Desktop\ServerKT\node_modules\koa-router\node_modules\koa-compose\index.js:45:18)
    at C:\Users\BIM02\Desktop\ServerKT\node_modules\koa-router\lib\router.js:346:16
    at dispatch (C:\Users\BIM02\Desktop\ServerKT\node_modules\koa-router\node_modules\koa-compose\index.js:44:32)
    at C:\Users\BIM02\Desktop\ServerKT\node_modules\koa-router\node_modules\koa-compose\index.js:36:12
[2020-07-01T08:53:09.898] [ERROR] app - TypeError: Cannot read property 'apply' of undefined
    at Object.query (C:\Users\BIM02\Desktop\ServerKT\node_modules\bookshelf\lib\helpers.js:170:24)
    at Child.query (C:\Users\BIM02\Desktop\ServerKT\node_modules\bookshelf\lib\model.js:1387:22)
    at Function.Model.(anonymous function).Collection.(anonymous function) [as query] (C:\Users\BIM02\Desktop\ServerKT\node_modules\bookshelf\lib\bookshelf.js:551:28)
    at Object.out.List (C:\Users\BIM02\Desktop\ServerKT\restful\v0\users.js:15:23)
    at RestfulAPIMethods.(anonymous function) (C:\Users\BIM02\Desktop\ServerKT\routes\restful.js:32:60)
    at dispatch (C:\Users\BIM02\Desktop\ServerKT\node_modules\koa-router\node_modules\koa-compose\index.js:44:32)
    at next (C:\Users\BIM02\Desktop\ServerKT\node_modules\koa-router\node_modules\koa-compose\index.js:45:18)
    at C:\Users\BIM02\Desktop\ServerKT\node_modules\koa-router\lib\router.js:346:16
    at dispatch (C:\Users\BIM02\Desktop\ServerKT\node_modules\koa-router\node_modules\koa-compose\index.js:44:32)
    at next (C:\Users\BIM02\Desktop\ServerKT\node_modules\koa-router\node_modules\koa-compose\index.js:45:18)
    at route.use (C:\Users\BIM02\Desktop\ServerKT\routes\restful.js:97:19)
    at dispatch (C:\Users\BIM02\Desktop\ServerKT\node_modules\koa-router\node_modules\koa-compose\index.js:44:32)
    at next (C:\Users\BIM02\Desktop\ServerKT\node_modules\koa-router\node_modules\koa-compose\index.js:45:18)
    at C:\Users\BIM02\Desktop\ServerKT\node_modules\koa-router\lib\router.js:346:16
    at dispatch (C:\Users\BIM02\Desktop\ServerKT\node_modules\koa-router\node_modules\koa-compose\index.js:44:32)
    at C:\Users\BIM02\Desktop\ServerKT\node_modules\koa-router\node_modules\koa-compose\index.js:36:12
[2020-07-01T08:57:13.415] [ERROR] app - TypeError: Cannot read property 'apply' of undefined
    at Object.query (C:\Users\BIM02\Desktop\ServerKT\node_modules\bookshelf\lib\helpers.js:170:24)
    at Child.query (C:\Users\BIM02\Desktop\ServerKT\node_modules\bookshelf\lib\model.js:1387:22)
    at Function.Model.(anonymous function).Collection.(anonymous function) [as query] (C:\Users\BIM02\Desktop\ServerKT\node_modules\bookshelf\lib\bookshelf.js:551:28)
    at Object.out.List (C:\Users\BIM02\Desktop\ServerKT\restful\v0\users.js:15:23)
    at RestfulAPIMethods.(anonymous function) (C:\Users\BIM02\Desktop\ServerKT\routes\restful.js:32:60)
    at dispatch (C:\Users\BIM02\Desktop\ServerKT\node_modules\koa-router\node_modules\koa-compose\index.js:44:32)
    at next (C:\Users\BIM02\Desktop\ServerKT\node_modules\koa-router\node_modules\koa-compose\index.js:45:18)
    at C:\Users\BIM02\Desktop\ServerKT\node_modules\koa-router\lib\router.js:346:16
    at dispatch (C:\Users\BIM02\Desktop\ServerKT\node_modules\koa-router\node_modules\koa-compose\index.js:44:32)
    at next (C:\Users\BIM02\Desktop\ServerKT\node_modules\koa-router\node_modules\koa-compose\index.js:45:18)
    at route.use (C:\Users\BIM02\Desktop\ServerKT\routes\restful.js:97:19)
    at dispatch (C:\Users\BIM02\Desktop\ServerKT\node_modules\koa-router\node_modules\koa-compose\index.js:44:32)
    at next (C:\Users\BIM02\Desktop\ServerKT\node_modules\koa-router\node_modules\koa-compose\index.js:45:18)
    at C:\Users\BIM02\Desktop\ServerKT\node_modules\koa-router\lib\router.js:346:16
    at dispatch (C:\Users\BIM02\Desktop\ServerKT\node_modules\koa-router\node_modules\koa-compose\index.js:44:32)
    at C:\Users\BIM02\Desktop\ServerKT\node_modules\koa-router\node_modules\koa-compose\index.js:36:12
[2020-07-01T09:42:30.229] [ERROR] app - { Error: insert into `dep` (`color`, `created_by`, `name`) values ('#0772A1', DEFAULT, '总师办') - ER_BAD_FIELD_ERROR: Unknown column 'created_by' in 'field list'
    at Query.Sequence._packetToError (C:\Users\BIM02\Desktop\ServerKT\node_modules\mysql\lib\protocol\sequences\Sequence.js:47:14)
    at Query.ErrorPacket (C:\Users\BIM02\Desktop\ServerKT\node_modules\mysql\lib\protocol\sequences\Query.js:79:18)
    at Protocol._parsePacket (C:\Users\BIM02\Desktop\ServerKT\node_modules\mysql\lib\protocol\Protocol.js:291:23)
    at Parser._parsePacket (C:\Users\BIM02\Desktop\ServerKT\node_modules\mysql\lib\protocol\Parser.js:433:10)
    at Parser.write (C:\Users\BIM02\Desktop\ServerKT\node_modules\mysql\lib\protocol\Parser.js:43:10)
    at Protocol.write (C:\Users\BIM02\Desktop\ServerKT\node_modules\mysql\lib\protocol\Protocol.js:38:16)
    at Socket.<anonymous> (C:\Users\BIM02\Desktop\ServerKT\node_modules\mysql\lib\Connection.js:88:28)
    at Socket.<anonymous> (C:\Users\BIM02\Desktop\ServerKT\node_modules\mysql\lib\Connection.js:526:10)
    at Socket.emit (events.js:182:13)
    at addChunk (_stream_readable.js:283:12)
    at readableAddChunk (_stream_readable.js:264:11)
    at Socket.Readable.push (_stream_readable.js:219:10)
    at TCP.onStreamRead [as onread] (internal/stream_base_commons.js:94:17)
    at Protocol._enqueue (C:\Users\BIM02\Desktop\ServerKT\node_modules\mysql\lib\protocol\Protocol.js:144:48)
    at Connection.query (C:\Users\BIM02\Desktop\ServerKT\node_modules\mysql\lib\Connection.js:198:25)
    at C:\Users\BIM02\Desktop\ServerKT\node_modules\knex\lib\dialects\mysql\index.js:135:18
    at new Promise (<anonymous>)
    at Client_MySQL._query (C:\Users\BIM02\Desktop\ServerKT\node_modules\knex\lib\dialects\mysql\index.js:129:12)
    at Client_MySQL.query (C:\Users\BIM02\Desktop\ServerKT\node_modules\knex\lib\client.js:169:17)
    at Runner.query (C:\Users\BIM02\Desktop\ServerKT\node_modules\knex\lib\runner.js:134:36)
    at C:\Users\BIM02\Desktop\ServerKT\node_modules\knex\lib\runner.js:40:23
    at client.acquireConnection.catch.then (C:\Users\BIM02\Desktop\ServerKT\node_modules\knex\lib\runner.js:260:24)
    at process._tickCallback (internal/process/next_tick.js:68:7)
From previous event:
    at Child.<anonymous> (C:\Users\BIM02\Desktop\ServerKT\node_modules\bookshelf\lib\model.js:1160:42)
From previous event:
    at Child.<anonymous> (C:\Users\BIM02\Desktop\ServerKT\node_modules\bookshelf\lib\model.js:1159:14)
    at runCallback (timers.js:694:18)
    at tryOnImmediate (timers.js:665:5)
    at processImmediate (timers.js:647:5)
From previous event:
    at Child.<anonymous> (C:\Users\BIM02\Desktop\ServerKT\node_modules\bookshelf\lib\model.js:1060:10)
From previous event:
    at Object.out.Post (C:\Users\BIM02\Desktop\ServerKT\restful\v0\deps.js:17:37)
    at RestfulAPIMethods.(anonymous function) (C:\Users\BIM02\Desktop\ServerKT\routes\restful.js:32:60)
    at dispatch (C:\Users\BIM02\Desktop\ServerKT\node_modules\koa-router\node_modules\koa-compose\index.js:44:32)
    at next (C:\Users\BIM02\Desktop\ServerKT\node_modules\koa-router\node_modules\koa-compose\index.js:45:18)
    at C:\Users\BIM02\Desktop\ServerKT\node_modules\koa-router\lib\router.js:346:16
    at dispatch (C:\Users\BIM02\Desktop\ServerKT\node_modules\koa-router\node_modules\koa-compose\index.js:44:32)
    at next (C:\Users\BIM02\Desktop\ServerKT\node_modules\koa-router\node_modules\koa-compose\index.js:45:18)
    at route.use (C:\Users\BIM02\Desktop\ServerKT\routes\restful.js:97:19)
    at dispatch (C:\Users\BIM02\Desktop\ServerKT\node_modules\koa-router\node_modules\koa-compose\index.js:44:32)
    at next (C:\Users\BIM02\Desktop\ServerKT\node_modules\koa-router\node_modules\koa-compose\index.js:45:18)
    at C:\Users\BIM02\Desktop\ServerKT\node_modules\koa-router\lib\router.js:346:16
    at dispatch (C:\Users\BIM02\Desktop\ServerKT\node_modules\koa-router\node_modules\koa-compose\index.js:44:32)
    at C:\Users\BIM02\Desktop\ServerKT\node_modules\koa-router\node_modules\koa-compose\index.js:36:12
    at dispatch (C:\Users\BIM02\Desktop\ServerKT\node_modules\koa-router\lib\router.js:351:31)
    at dispatch (C:\Users\BIM02\Desktop\ServerKT\node_modules\koa-compose\index.js:42:32)
    at parseBody.then.body (C:\Users\BIM02\Desktop\ServerKT\node_modules\koa-bodyparser\index.js:74:14)
    at process._tickCallback (internal/process/next_tick.js:68:7)
  code: 'ER_BAD_FIELD_ERROR',
  errno: 1054,
  sqlMessage: 'Unknown column \'created_by\' in \'field list\'',
  sqlState: '42S22',
  index: 0,
  sql:
   'insert into `dep` (`color`, `created_by`, `name`) values (\'#0772A1\', DEFAULT, \'总师办\')' }
[2020-07-01T09:45:31.629] [ERROR] app - Error: A model cannot be destroyed without a "where" clause or an idAttribute.
    at Sync.<anonymous> (C:\Users\BIM02\Desktop\ServerKT\node_modules\bookshelf\lib\sync.js:238:13)
From previous event:
    at Child.<anonymous> (C:\Users\BIM02\Desktop\ServerKT\node_modules\bookshelf\lib\model.js:1302:23)
    at runCallback (timers.js:694:18)
    at tryOnImmediate (timers.js:665:5)
    at processImmediate (timers.js:647:5)
From previous event:
    at Child.<anonymous> (C:\Users\BIM02\Desktop\ServerKT\node_modules\bookshelf\lib\model.js:1301:10)
From previous event:
    at Object.out.Delete (C:\Users\BIM02\Desktop\ServerKT\restful\v0\deps.js:29:35)
    at RestfulAPIMethods.(anonymous function) (C:\Users\BIM02\Desktop\ServerKT\routes\restful.js:32:60)
    at dispatch (C:\Users\BIM02\Desktop\ServerKT\node_modules\koa-router\node_modules\koa-compose\index.js:44:32)
    at next (C:\Users\BIM02\Desktop\ServerKT\node_modules\koa-router\node_modules\koa-compose\index.js:45:18)
    at C:\Users\BIM02\Desktop\ServerKT\node_modules\koa-router\lib\router.js:346:16
    at dispatch (C:\Users\BIM02\Desktop\ServerKT\node_modules\koa-router\node_modules\koa-compose\index.js:44:32)
    at next (C:\Users\BIM02\Desktop\ServerKT\node_modules\koa-router\node_modules\koa-compose\index.js:45:18)
    at route.use (C:\Users\BIM02\Desktop\ServerKT\routes\restful.js:97:19)
    at dispatch (C:\Users\BIM02\Desktop\ServerKT\node_modules\koa-router\node_modules\koa-compose\index.js:44:32)
    at next (C:\Users\BIM02\Desktop\ServerKT\node_modules\koa-router\node_modules\koa-compose\index.js:45:18)
    at C:\Users\BIM02\Desktop\ServerKT\node_modules\koa-router\lib\router.js:346:16
    at dispatch (C:\Users\BIM02\Desktop\ServerKT\node_modules\koa-router\node_modules\koa-compose\index.js:44:32)
    at C:\Users\BIM02\Desktop\ServerKT\node_modules\koa-router\node_modules\koa-compose\index.js:36:12
    at dispatch (C:\Users\BIM02\Desktop\ServerKT\node_modules\koa-router\lib\router.js:351:31)
    at dispatch (C:\Users\BIM02\Desktop\ServerKT\node_modules\koa-compose\index.js:42:32)
    at parseBody.then.body (C:\Users\BIM02\Desktop\ServerKT\node_modules\koa-bodyparser\index.js:74:14)
    at process._tickCallback (internal/process/next_tick.js:68:7)
[2020-07-01T09:47:21.795] [ERROR] app - Error: Undefined binding(s) detected when compiling DEL. Undefined column(s): [dep_id] query: delete from `dep_user` where `dep_id` = ?
    at QueryCompiler_MySQL.toSQL (C:\Users\BIM02\Desktop\ServerKT\node_modules\knex\lib\query\compiler.js:99:13)
    at Builder.toSQL (C:\Users\BIM02\Desktop\ServerKT\node_modules\knex\lib\query\builder.js:72:44)
    at C:\Users\BIM02\Desktop\ServerKT\node_modules\knex\lib\runner.js:31:36
    at client.acquireConnection.catch.then (C:\Users\BIM02\Desktop\ServerKT\node_modules\knex\lib\runner.js:260:24)
From previous event:
    at Child.<anonymous> (C:\Users\BIM02\Desktop\ServerKT\node_modules\bookshelf\lib\relation.js:840:36)
From previous event:
    at Child.<anonymous> (C:\Users\BIM02\Desktop\ServerKT\node_modules\bookshelf\lib\relation.js:794:50)
From previous event:
    at Promise.try.then (C:\Users\BIM02\Desktop\ServerKT\node_modules\bookshelf\lib\relation.js:720:24)
    at runCallback (timers.js:694:18)
    at tryOnImmediate (timers.js:665:5)
    at processImmediate (timers.js:647:5)
From previous event:
    at Child.detach (C:\Users\BIM02\Desktop\ServerKT\node_modules\bookshelf\lib\relation.js:720:8)
    at Object.out.Delete (C:\Users\BIM02\Desktop\ServerKT\restful\v0\deps.js:30:23)
[2020-07-01T09:47:56.170] [ERROR] app - { CustomError: No Rows Deleted
    at Child.<anonymous> (C:\Users\BIM02\Desktop\ServerKT\node_modules\bookshelf\lib\model.js:1306:19)
    at runCallback (timers.js:694:18)
    at tryOnImmediate (timers.js:665:5)
    at processImmediate (timers.js:647:5)
From previous event:
    at Child.<anonymous> (C:\Users\BIM02\Desktop\ServerKT\node_modules\bookshelf\lib\model.js:1304:10)
From previous event:
    at Object.out.Delete (C:\Users\BIM02\Desktop\ServerKT\restful\v0\deps.js:29:37)
    at RestfulAPIMethods.(anonymous function) (C:\Users\BIM02\Desktop\ServerKT\routes\restful.js:32:60)
    at dispatch (C:\Users\BIM02\Desktop\ServerKT\node_modules\koa-router\node_modules\koa-compose\index.js:44:32)
    at next (C:\Users\BIM02\Desktop\ServerKT\node_modules\koa-router\node_modules\koa-compose\index.js:45:18)
    at C:\Users\BIM02\Desktop\ServerKT\node_modules\koa-router\lib\router.js:346:16
    at dispatch (C:\Users\BIM02\Desktop\ServerKT\node_modules\koa-router\node_modules\koa-compose\index.js:44:32)
    at next (C:\Users\BIM02\Desktop\ServerKT\node_modules\koa-router\node_modules\koa-compose\index.js:45:18)
    at route.use (C:\Users\BIM02\Desktop\ServerKT\routes\restful.js:97:19)
    at dispatch (C:\Users\BIM02\Desktop\ServerKT\node_modules\koa-router\node_modules\koa-compose\index.js:44:32)
    at next (C:\Users\BIM02\Desktop\ServerKT\node_modules\koa-router\node_modules\koa-compose\index.js:45:18)
    at C:\Users\BIM02\Desktop\ServerKT\node_modules\koa-router\lib\router.js:346:16
    at dispatch (C:\Users\BIM02\Desktop\ServerKT\node_modules\koa-router\node_modules\koa-compose\index.js:44:32)
    at C:\Users\BIM02\Desktop\ServerKT\node_modules\koa-router\node_modules\koa-compose\index.js:36:12
    at dispatch (C:\Users\BIM02\Desktop\ServerKT\node_modules\koa-router\lib\router.js:351:31)
    at dispatch (C:\Users\BIM02\Desktop\ServerKT\node_modules\koa-compose\index.js:42:32)
    at parseBody.then.body (C:\Users\BIM02\Desktop\ServerKT\node_modules\koa-bodyparser\index.js:74:14)
    at process._tickCallback (internal/process/next_tick.js:68:7) message: 'No Rows Deleted' }
[2020-07-01T09:49:49.473] [ERROR] app - { CustomError: No Rows Deleted
    at Child.<anonymous> (C:\Users\BIM02\Desktop\ServerKT\node_modules\bookshelf\lib\model.js:1306:19)
    at runCallback (timers.js:694:18)
    at tryOnImmediate (timers.js:665:5)
    at processImmediate (timers.js:647:5)
From previous event:
    at Child.<anonymous> (C:\Users\BIM02\Desktop\ServerKT\node_modules\bookshelf\lib\model.js:1304:10)
From previous event:
    at B.transaction.t (C:\Users\BIM02\Desktop\ServerKT\restful\v0\deps.js:31:28)
    at init.then.then (C:\Users\BIM02\Desktop\ServerKT\node_modules\knex\lib\transaction.js:184:22)
    at process._tickCallback (internal/process/next_tick.js:68:7) message: 'No Rows Deleted' }
[2020-07-01T09:50:03.345] [ERROR] app - { CustomError: No Rows Deleted
    at Child.<anonymous> (C:\Users\BIM02\Desktop\ServerKT\node_modules\bookshelf\lib\model.js:1306:19)
    at runCallback (timers.js:694:18)
    at tryOnImmediate (timers.js:665:5)
    at processImmediate (timers.js:647:5)
From previous event:
    at Child.<anonymous> (C:\Users\BIM02\Desktop\ServerKT\node_modules\bookshelf\lib\model.js:1304:10)
From previous event:
    at B.transaction.t (C:\Users\BIM02\Desktop\ServerKT\restful\v0\deps.js:31:28)
    at init.then.then (C:\Users\BIM02\Desktop\ServerKT\node_modules\knex\lib\transaction.js:184:22)
    at process._tickCallback (internal/process/next_tick.js:68:7) message: 'No Rows Deleted' }
[2020-07-01T09:50:13.823] [ERROR] app - Error: Undefined binding(s) detected when compiling DEL. Undefined column(s): [dep_id] query: delete from `dep_user` where `transacting` = (select *) and `dep_id` = ?
    at QueryCompiler_MySQL.toSQL (C:\Users\BIM02\Desktop\ServerKT\node_modules\knex\lib\query\compiler.js:99:13)
    at Builder.toSQL (C:\Users\BIM02\Desktop\ServerKT\node_modules\knex\lib\query\builder.js:72:44)
    at C:\Users\BIM02\Desktop\ServerKT\node_modules\knex\lib\runner.js:31:36
    at client.acquireConnection.catch.then (C:\Users\BIM02\Desktop\ServerKT\node_modules\knex\lib\runner.js:260:24)
    at process._tickCallback (internal/process/next_tick.js:68:7)
From previous event:
    at Child.<anonymous> (C:\Users\BIM02\Desktop\ServerKT\node_modules\bookshelf\lib\relation.js:840:36)
From previous event:
    at _.each (C:\Users\BIM02\Desktop\ServerKT\node_modules\bookshelf\lib\relation.js:797:43)
    at arrayEach (C:\Users\BIM02\Desktop\ServerKT\node_modules\bookshelf\node_modules\lodash\lodash.js:516:11)
    at Function.forEach (C:\Users\BIM02\Desktop\ServerKT\node_modules\bookshelf\node_modules\lodash\lodash.js:9342:14)
    at Child.<anonymous> (C:\Users\BIM02\Desktop\ServerKT\node_modules\bookshelf\lib\relation.js:797:7)
From previous event:
    at Promise.try.then (C:\Users\BIM02\Desktop\ServerKT\node_modules\bookshelf\lib\relation.js:720:24)
From previous event:
    at Child.detach (C:\Users\BIM02\Desktop\ServerKT\node_modules\bookshelf\lib\relation.js:720:8)
    at Child.Dep.forge.destroy.then.model (C:\Users\BIM02\Desktop\ServerKT\restful\v0\deps.js:32:28)
    at runCallback (timers.js:694:18)
    at tryOnImmediate (timers.js:665:5)
    at processImmediate (timers.js:647:5)
From previous event:
    at B.transaction.t (C:\Users\BIM02\Desktop\ServerKT\restful\v0\deps.js:31:53)
    at init.then.then (C:\Users\BIM02\Desktop\ServerKT\node_modules\knex\lib\transaction.js:184:22)
    at process._tickCallback (internal/process/next_tick.js:68:7)
[2020-07-01T09:51:12.950] [ERROR] app - Error: Undefined binding(s) detected when compiling DEL. Undefined column(s): [dep_id] query: delete from `dep_user` where `dep_id` = ?
    at QueryCompiler_MySQL.toSQL (C:\Users\BIM02\Desktop\ServerKT\node_modules\knex\lib\query\compiler.js:99:13)
    at Builder.toSQL (C:\Users\BIM02\Desktop\ServerKT\node_modules\knex\lib\query\builder.js:72:44)
    at C:\Users\BIM02\Desktop\ServerKT\node_modules\knex\lib\runner.js:31:36
    at client.acquireConnection.catch.then (C:\Users\BIM02\Desktop\ServerKT\node_modules\knex\lib\runner.js:260:24)
From previous event:
    at Child.<anonymous> (C:\Users\BIM02\Desktop\ServerKT\node_modules\bookshelf\lib\relation.js:840:36)
From previous event:
    at Child.<anonymous> (C:\Users\BIM02\Desktop\ServerKT\node_modules\bookshelf\lib\relation.js:794:50)
From previous event:
    at Promise.try.then (C:\Users\BIM02\Desktop\ServerKT\node_modules\bookshelf\lib\relation.js:720:24)
From previous event:
    at Child.detach (C:\Users\BIM02\Desktop\ServerKT\node_modules\bookshelf\lib\relation.js:720:8)
    at Child.Dep.forge.destroy.then.model (C:\Users\BIM02\Desktop\ServerKT\restful\v0\deps.js:32:28)
    at runCallback (timers.js:694:18)
    at tryOnImmediate (timers.js:665:5)
    at processImmediate (timers.js:647:5)
From previous event:
    at B.transaction.t (C:\Users\BIM02\Desktop\ServerKT\restful\v0\deps.js:31:53)
    at init.then.then (C:\Users\BIM02\Desktop\ServerKT\node_modules\knex\lib\transaction.js:184:22)
    at process._tickCallback (internal/process/next_tick.js:68:7)
[2020-07-01T09:52:40.013] [ERROR] app - Error: Undefined binding(s) detected when compiling DEL. Undefined column(s): [dep_id] query: delete from `dep_user` where `dep_id` = ? and `user_id` = ?
    at QueryCompiler_MySQL.toSQL (C:\Users\BIM02\Desktop\ServerKT\node_modules\knex\lib\query\compiler.js:99:13)
    at Builder.toSQL (C:\Users\BIM02\Desktop\ServerKT\node_modules\knex\lib\query\builder.js:72:44)
    at C:\Users\BIM02\Desktop\ServerKT\node_modules\knex\lib\runner.js:31:36
    at client.acquireConnection.catch.then (C:\Users\BIM02\Desktop\ServerKT\node_modules\knex\lib\runner.js:260:24)
From previous event:
    at Child.<anonymous> (C:\Users\BIM02\Desktop\ServerKT\node_modules\bookshelf\lib\relation.js:840:36)
From previous event:
    at _.each (C:\Users\BIM02\Desktop\ServerKT\node_modules\bookshelf\lib\relation.js:797:43)
    at arrayEach (C:\Users\BIM02\Desktop\ServerKT\node_modules\bookshelf\node_modules\lodash\lodash.js:516:11)
    at Function.forEach (C:\Users\BIM02\Desktop\ServerKT\node_modules\bookshelf\node_modules\lodash\lodash.js:9342:14)
    at Child.<anonymous> (C:\Users\BIM02\Desktop\ServerKT\node_modules\bookshelf\lib\relation.js:797:7)
From previous event:
    at Promise.try.then (C:\Users\BIM02\Desktop\ServerKT\node_modules\bookshelf\lib\relation.js:720:24)
From previous event:
    at Child.detach (C:\Users\BIM02\Desktop\ServerKT\node_modules\bookshelf\lib\relation.js:720:8)
    at Child.Dep.forge.destroy.then.model (C:\Users\BIM02\Desktop\ServerKT\restful\v0\deps.js:32:28)
    at runCallback (timers.js:694:18)
    at tryOnImmediate (timers.js:665:5)
    at processImmediate (timers.js:647:5)
From previous event:
    at B.transaction.t (C:\Users\BIM02\Desktop\ServerKT\restful\v0\deps.js:31:53)
    at init.then.then (C:\Users\BIM02\Desktop\ServerKT\node_modules\knex\lib\transaction.js:184:22)
    at process._tickCallback (internal/process/next_tick.js:68:7)
[2020-07-01T09:53:20.854] [ERROR] app - Error: A model cannot be destroyed without a "where" clause or an idAttribute.
    at Sync.<anonymous> (C:\Users\BIM02\Desktop\ServerKT\node_modules\bookshelf\lib\sync.js:238:13)
From previous event:
    at Child.<anonymous> (C:\Users\BIM02\Desktop\ServerKT\node_modules\bookshelf\lib\model.js:1302:23)
    at runCallback (timers.js:694:18)
    at tryOnImmediate (timers.js:665:5)
    at processImmediate (timers.js:647:5)
From previous event:
    at Child.<anonymous> (C:\Users\BIM02\Desktop\ServerKT\node_modules\bookshelf\lib\model.js:1301:10)
From previous event:
    at B.transaction.t (C:\Users\BIM02\Desktop\ServerKT\restful\v0\deps.js:32:16)
    at init.then.then (C:\Users\BIM02\Desktop\ServerKT\node_modules\knex\lib\transaction.js:184:22)
    at process._tickCallback (internal/process/next_tick.js:68:7)
[2020-07-01T09:53:57.694] [ERROR] app - Error: Undefined binding(s) detected when compiling DEL. Undefined column(s): [dep_id] query: delete from `dep_user` where `transacting` = (select *) and `dep_id` = ?
    at QueryCompiler_MySQL.toSQL (C:\Users\BIM02\Desktop\ServerKT\node_modules\knex\lib\query\compiler.js:99:13)
    at Builder.toSQL (C:\Users\BIM02\Desktop\ServerKT\node_modules\knex\lib\query\builder.js:72:44)
    at C:\Users\BIM02\Desktop\ServerKT\node_modules\knex\lib\runner.js:31:36
    at client.acquireConnection.catch.then (C:\Users\BIM02\Desktop\ServerKT\node_modules\knex\lib\runner.js:260:24)
    at process._tickCallback (internal/process/next_tick.js:68:7)
From previous event:
    at Child.<anonymous> (C:\Users\BIM02\Desktop\ServerKT\node_modules\bookshelf\lib\relation.js:840:36)
From previous event:
    at _.each (C:\Users\BIM02\Desktop\ServerKT\node_modules\bookshelf\lib\relation.js:797:43)
    at arrayEach (C:\Users\BIM02\Desktop\ServerKT\node_modules\bookshelf\node_modules\lodash\lodash.js:516:11)
    at Function.forEach (C:\Users\BIM02\Desktop\ServerKT\node_modules\bookshelf\node_modules\lodash\lodash.js:9342:14)
    at Child.<anonymous> (C:\Users\BIM02\Desktop\ServerKT\node_modules\bookshelf\lib\relation.js:797:7)
From previous event:
    at Promise.try.then (C:\Users\BIM02\Desktop\ServerKT\node_modules\bookshelf\lib\relation.js:720:24)
From previous event:
    at Child.detach (C:\Users\BIM02\Desktop\ServerKT\node_modules\bookshelf\lib\relation.js:720:8)
    at Child.dep.destroy.then (C:\Users\BIM02\Desktop\ServerKT\restful\v0\deps.js:35:26)
    at runCallback (timers.js:694:18)
    at tryOnImmediate (timers.js:665:5)
    at processImmediate (timers.js:647:5)
From previous event:
    at B.transaction.t (C:\Users\BIM02\Desktop\ServerKT\restful\v0\deps.js:34:10)
    at init.then.then (C:\Users\BIM02\Desktop\ServerKT\node_modules\knex\lib\transaction.js:184:22)
    at process._tickCallback (internal/process/next_tick.js:68:7)
[2020-07-01T09:54:13.609] [ERROR] app - Error: Undefined binding(s) detected when compiling DEL. Undefined column(s): [dep_id] query: delete from `dep_user` where `dep_id` = ?
    at QueryCompiler_MySQL.toSQL (C:\Users\BIM02\Desktop\ServerKT\node_modules\knex\lib\query\compiler.js:99:13)
    at Builder.toSQL (C:\Users\BIM02\Desktop\ServerKT\node_modules\knex\lib\query\builder.js:72:44)
    at C:\Users\BIM02\Desktop\ServerKT\node_modules\knex\lib\runner.js:31:36
    at client.acquireConnection.catch.then (C:\Users\BIM02\Desktop\ServerKT\node_modules\knex\lib\runner.js:260:24)
From previous event:
    at Child.<anonymous> (C:\Users\BIM02\Desktop\ServerKT\node_modules\bookshelf\lib\relation.js:840:36)
From previous event:
    at Child.<anonymous> (C:\Users\BIM02\Desktop\ServerKT\node_modules\bookshelf\lib\relation.js:794:50)
From previous event:
    at Promise.try.then (C:\Users\BIM02\Desktop\ServerKT\node_modules\bookshelf\lib\relation.js:720:24)
From previous event:
    at Child.detach (C:\Users\BIM02\Desktop\ServerKT\node_modules\bookshelf\lib\relation.js:720:8)
    at Child.dep.destroy.then (C:\Users\BIM02\Desktop\ServerKT\restful\v0\deps.js:35:26)
    at runCallback (timers.js:694:18)
    at tryOnImmediate (timers.js:665:5)
    at processImmediate (timers.js:647:5)
From previous event:
    at B.transaction.t (C:\Users\BIM02\Desktop\ServerKT\restful\v0\deps.js:34:10)
    at init.then.then (C:\Users\BIM02\Desktop\ServerKT\node_modules\knex\lib\transaction.js:184:22)
    at process._tickCallback (internal/process/next_tick.js:68:7)
