[2020-03-24T08:27:22.553] [ERROR] app - 401
[2020-03-24T08:27:23.368] [ERROR] app - 401
[2020-03-24T08:27:23.372] [ERROR] app - 401
[2020-03-24T08:28:50.017] [ERROR] app - 401
[2020-03-24T08:28:50.021] [ERROR] app - 401
[2020-03-24T08:28:50.024] [ERROR] app - 401
[2020-03-24T08:36:09.623] [INFO] app - *** SYSTEM STARTUP on PORT (5858) ***
[2020-03-24T08:42:00.807] [INFO] app - *** SYSTEM STARTUP on PORT (5858) ***
[2020-03-24T08:42:15.422] [INFO] app - *** SYSTEM STARTUP on PORT (5858) ***
[2020-03-24T08:44:37.870] [INFO] app - *** SYSTEM STARTUP on PORT (5858) ***
[2020-03-24T08:48:29.259] [ERROR] app - 401
[2020-03-24T08:48:29.263] [ERROR] app - 401
[2020-03-24T08:48:29.266] [ERROR] app - 401
[2020-03-24T08:48:29.437] [ERROR] app - 401
[2020-03-24T08:48:29.439] [ERROR] app - 401
[2020-03-24T08:58:25.979] [ERROR] app - 401
[2020-03-24T08:58:25.982] [ERROR] app - 401
[2020-03-24T08:58:25.985] [ERROR] app - 401
[2020-03-24T08:59:09.658] [ERROR] app - 401
[2020-03-24T08:59:09.660] [ERROR] app - 401
[2020-03-24T09:00:54.026] [ERROR] app - 401
[2020-03-24T09:00:54.029] [ERROR] app - 401
[2020-03-24T09:00:59.282] [ERROR] app - 401
[2020-03-24T09:00:59.284] [ERROR] app - 401
[2020-03-24T09:00:59.286] [ERROR] app - 401
[2020-03-24T09:01:17.998] [ERROR] app - 401
[2020-03-24T09:01:18.006] [ERROR] app - 401
[2020-03-24T09:02:13.848] [ERROR] app - 401
[2020-03-24T09:02:13.850] [ERROR] app - 401
[2020-03-24T09:03:24.263] [ERROR] app - 401
[2020-03-24T09:03:24.267] [ERROR] app - 401
[2020-03-24T09:05:46.104] [ERROR] app - 401
[2020-03-24T09:05:46.108] [ERROR] app - 401
[2020-03-24T09:06:25.597] [ERROR] app - 401
[2020-03-24T09:06:25.601] [ERROR] app - 401
[2020-03-24T09:06:48.663] [ERROR] app - 401
[2020-03-24T09:06:48.682] [ERROR] app - 401
[2020-03-24T09:06:59.541] [ERROR] app - 401
[2020-03-24T09:06:59.546] [ERROR] app - 401
[2020-03-24T09:07:03.305] [ERROR] app - 401
[2020-03-24T09:07:03.308] [ERROR] app - 401
[2020-03-24T09:07:06.345] [ERROR] app - 401
[2020-03-24T09:07:06.348] [ERROR] app - 401
[2020-03-24T09:07:13.846] [ERROR] app - 401
[2020-03-24T09:07:13.849] [ERROR] app - 401
[2020-03-24T09:07:28.878] [ERROR] app - 401
[2020-03-24T09:07:28.881] [ERROR] app - 401
[2020-03-24T09:07:41.078] [ERROR] app - 401
[2020-03-24T09:07:41.081] [ERROR] app - 401
[2020-03-24T09:08:28.705] [ERROR] app - 401
[2020-03-24T09:08:28.709] [ERROR] app - 401
[2020-03-24T09:09:17.404] [ERROR] app - 401
[2020-03-24T09:09:17.409] [ERROR] app - 401
[2020-03-24T09:09:34.647] [ERROR] app - 401
[2020-03-24T09:09:34.650] [ERROR] app - 401
[2020-03-24T09:11:06.635] [ERROR] app - 401
[2020-03-24T09:11:06.638] [ERROR] app - 401
[2020-03-24T09:11:15.016] [ERROR] app - 401
[2020-03-24T09:11:15.019] [ERROR] app - 401
[2020-03-24T09:12:38.221] [ERROR] app - 401
[2020-03-24T09:43:52.103] [ERROR] app - 401
[2020-03-24T09:47:55.220] [ERROR] app - 401
[2020-03-24T13:55:17.921] [ERROR] app - Request without token
[2020-03-24T13:55:17.924] [ERROR] app - 没有访问权限
[2020-03-24T13:55:30.782] [INFO] app - INCORRECT_PASSWORD:
[2020-03-24T13:55:30.785] [ERROR] app - 密码错误
[2020-03-24T13:55:35.849] [INFO] app - INCORRECT_PASSWORD:
[2020-03-24T13:55:35.850] [ERROR] app - 密码错误
[2020-03-24T14:34:32.482] [ERROR] app - 401
[2020-03-24T14:42:12.923] [ERROR] app - 401
[2020-03-24T14:55:40.367] [ERROR] app - 401
[2020-03-24T14:55:40.808] [ERROR] app - 401
[2020-03-24T14:55:40.811] [ERROR] app - 401
[2020-03-24T15:11:26.460] [ERROR] app - 401
[2020-03-24T15:14:19.482] [ERROR] app - 401
[2020-03-24T15:31:04.048] [ERROR] app - 401
[2020-03-24T15:38:22.994] [ERROR] app - 401
[2020-03-24T15:43:42.788] [ERROR] app - { Error: ER_BAD_FIELD_ERROR: Unknown column 'updateTime' in 'field list'
    at Query.Sequence._packetToError (D:\able_project\CloudServer\node_modules\mysql\lib\protocol\sequences\Sequence.js:47:14)
    at Query.ErrorPacket (D:\able_project\CloudServer\node_modules\mysql\lib\protocol\sequences\Query.js:77:18)
    at Protocol._parsePacket (D:\able_project\CloudServer\node_modules\mysql\lib\protocol\Protocol.js:278:23)
    at Parser.write (D:\able_project\CloudServer\node_modules\mysql\lib\protocol\Parser.js:76:12)
    at Protocol.write (D:\able_project\CloudServer\node_modules\mysql\lib\protocol\Protocol.js:38:16)
    at Socket.<anonymous> (D:\able_project\CloudServer\node_modules\mysql\lib\Connection.js:91:28)
    at Socket.<anonymous> (D:\able_project\CloudServer\node_modules\mysql\lib\Connection.js:502:10)
    at Socket.emit (events.js:182:13)
    at addChunk (_stream_readable.js:283:12)
    at readableAddChunk (_stream_readable.js:264:11)
    at Socket.Readable.push (_stream_readable.js:219:10)
    at TCP.onStreamRead [as onread] (internal/stream_base_commons.js:94:17)
    at Protocol._enqueue (D:\able_project\CloudServer\node_modules\mysql\lib\protocol\Protocol.js:144:48)
    at Connection.query (D:\able_project\CloudServer\node_modules\mysql\lib\Connection.js:200:25)
    at D:\able_project\CloudServer\node_modules\knex\lib\dialects\mysql\index.js:152:18
From previous event:
    at Client_MySQL._query (D:\able_project\CloudServer\node_modules\knex\lib\dialects\mysql\index.js:146:12)
    at Client_MySQL.query (D:\able_project\CloudServer\node_modules\knex\lib\client.js:197:17)
    at Runner.<anonymous> (D:\able_project\CloudServer\node_modules\knex\lib\runner.js:146:36)
From previous event:
    at D:\able_project\CloudServer\node_modules\knex\lib\runner.js:65:21
    at runCallback (timers.js:694:18)
    at tryOnImmediate (timers.js:665:5)
From previous event:
    at Runner.run (D:\able_project\CloudServer\node_modules\knex\lib\runner.js:51:31)
    at Builder.Target.then (D:\able_project\CloudServer\node_modules\knex\lib\interface.js:35:43)
    at process._tickCallback (internal/process/next_tick.js:68:7)
  code: 'ER_BAD_FIELD_ERROR',
  errno: 1054,
  sqlMessage: 'Unknown column \'updateTime\' in \'field list\'',
  sqlState: '42S22',
  index: 0,
  sql:
   'update `user` set `ps_frame` = \'8\', `updateTime` = \'2020-03-24T15:43:42+08:00\', `updator` = \'UID00000001\' where `gy_id` = \'UID00000001\'' }
[2020-03-24T16:38:31.060] [ERROR] app - 401
[2020-03-24T16:40:42.873] [ERROR] app - 403
[2020-03-24T16:40:58.191] [ERROR] app - 401
[2020-03-24T16:42:04.062] [ERROR] app - 401
[2020-03-24T16:43:24.202] [ERROR] app - 401
[2020-03-24T16:43:24.294] [ERROR] app - 401
[2020-03-24T16:43:24.297] [ERROR] app - 401
[2020-03-24T16:43:24.690] [ERROR] app - 401
[2020-03-24T16:43:32.317] [ERROR] app - 401
[2020-03-24T16:43:41.172] [ERROR] app - 401
[2020-03-24T16:44:28.482] [ERROR] app - 401
[2020-03-24T16:44:28.572] [ERROR] app - 401
[2020-03-24T16:44:28.575] [ERROR] app - 401
[2020-03-24T16:44:29.073] [ERROR] app - 401
[2020-03-24T16:44:38.123] [ERROR] app - 401
[2020-03-24T16:44:38.156] [ERROR] app - 401
[2020-03-24T16:44:38.159] [ERROR] app - 401
[2020-03-24T16:44:38.782] [ERROR] app - 401
[2020-03-24T16:45:02.404] [ERROR] app - 401
[2020-03-24T16:46:23.769] [ERROR] app - 401
[2020-03-24T16:46:23.771] [ERROR] app - 401
[2020-03-24T16:46:24.156] [ERROR] app - 401
[2020-03-24T16:46:24.249] [ERROR] app - 401
[2020-03-24T16:47:31.914] [ERROR] app - 401
[2020-03-24T16:47:32.115] [ERROR] app - 401
[2020-03-24T16:47:32.117] [ERROR] app - 401
[2020-03-24T16:47:32.547] [ERROR] app - 401
[2020-03-24T16:47:55.696] [ERROR] app - 401
[2020-03-24T16:47:56.356] [ERROR] app - 401
[2020-03-24T16:47:56.375] [ERROR] app - 401
[2020-03-24T16:47:56.377] [ERROR] app - 401
[2020-03-24T16:48:12.694] [ERROR] app - 401
[2020-03-24T16:48:12.934] [ERROR] app - 401
[2020-03-24T16:48:12.936] [ERROR] app - 401
[2020-03-24T16:48:13.333] [ERROR] app - 401
[2020-03-24T16:48:26.530] [ERROR] app - 401
[2020-03-24T16:48:26.894] [ERROR] app - 401
[2020-03-24T16:48:29.909] [ERROR] app - 401
[2020-03-24T16:48:37.925] [ERROR] app - 401
[2020-03-24T16:48:37.927] [ERROR] app - 401
[2020-03-24T16:48:38.156] [ERROR] app - 401
[2020-03-24T16:48:38.249] [ERROR] app - 401
[2020-03-24T16:49:26.603] [ERROR] app - 401
[2020-03-24T16:49:26.893] [ERROR] app - 401
[2020-03-24T16:49:26.896] [ERROR] app - 401
[2020-03-24T16:49:27.251] [ERROR] app - 401
[2020-03-24T16:49:31.811] [ERROR] app - 401
[2020-03-24T16:49:32.022] [ERROR] app - 401
[2020-03-24T16:49:32.024] [ERROR] app - 401
[2020-03-24T16:49:33.056] [ERROR] app - 401
[2020-03-24T16:49:33.107] [ERROR] app - 401
[2020-03-24T16:49:39.504] [ERROR] app - 401
[2020-03-24T16:49:40.216] [ERROR] app - 401
[2020-03-24T16:49:40.258] [ERROR] app - 401
[2020-03-24T16:49:40.261] [ERROR] app - 401
[2020-03-24T16:49:53.724] [ERROR] app - 401
[2020-03-24T16:49:54.267] [ERROR] app - 401
[2020-03-24T16:49:54.287] [ERROR] app - 401
[2020-03-24T16:49:54.356] [ERROR] app - 401
[2020-03-24T16:50:10.872] [ERROR] app - 401
[2020-03-24T16:50:11.437] [ERROR] app - 401
[2020-03-24T16:50:11.688] [ERROR] app - 401
[2020-03-24T16:50:11.690] [ERROR] app - 401
[2020-03-24T16:51:05.760] [ERROR] app - 401
[2020-03-24T16:51:05.955] [ERROR] app - 401
[2020-03-24T16:51:05.958] [ERROR] app - 401
[2020-03-24T16:51:06.487] [ERROR] app - 401
[2020-03-24T16:53:15.370] [ERROR] app - 401
[2020-03-24T16:53:15.468] [ERROR] app - 401
[2020-03-24T16:53:15.471] [ERROR] app - 401
[2020-03-24T16:53:16.064] [ERROR] app - 401
[2020-03-24T16:53:49.564] [ERROR] app - 401
[2020-03-24T16:53:50.248] [ERROR] app - 401
[2020-03-24T16:53:50.364] [ERROR] app - 401
[2020-03-24T16:53:50.368] [ERROR] app - 401
[2020-03-24T16:54:02.235] [ERROR] app - 401
[2020-03-24T16:55:22.814] [ERROR] app - 401
[2020-03-24T16:55:22.832] [ERROR] app - 401
[2020-03-24T16:55:22.872] [ERROR] app - 401
[2020-03-24T16:55:25.172] [ERROR] app - 401
[2020-03-24T16:55:31.066] [ERROR] app - 401
[2020-03-24T16:55:38.180] [ERROR] app - 401
[2020-03-24T16:55:38.183] [ERROR] app - 401
[2020-03-24T16:55:38.208] [ERROR] app - 401
[2020-03-24T16:55:40.128] [ERROR] app - 401
[2020-03-24T16:55:48.276] [ERROR] app - 401
[2020-03-24T16:55:48.286] [ERROR] app - 401
[2020-03-24T16:55:48.308] [ERROR] app - 401
[2020-03-24T16:55:50.237] [ERROR] app - 401
[2020-03-24T16:55:58.267] [ERROR] app - 401
[2020-03-24T16:56:17.360] [ERROR] app - 401
[2020-03-24T16:56:17.367] [ERROR] app - 401
[2020-03-24T16:56:20.332] [ERROR] app - 401
[2020-03-24T16:56:34.698] [ERROR] app - 401
[2020-03-24T16:56:36.430] [ERROR] app - 401
[2020-03-24T16:57:09.875] [ERROR] app - 401
[2020-03-24T16:57:09.903] [ERROR] app - 401
[2020-03-24T16:57:14.355] [ERROR] app - 401
[2020-03-24T16:57:46.530] [ERROR] app - 401
[2020-03-24T16:57:46.573] [ERROR] app - 403
[2020-03-24T16:57:46.607] [ERROR] app - 401
[2020-03-24T16:58:06.383] [ERROR] app - 401
[2020-03-24T16:58:08.786] [ERROR] app - 401
[2020-03-24T16:58:24.419] [ERROR] app - 401
[2020-03-24T16:58:34.814] [INFO] app - INCORRECT_PASSWORD:
[2020-03-24T16:58:34.815] [ERROR] app - 密码错误
[2020-03-24T16:59:36.479] [ERROR] app - 401
[2020-03-24T16:59:36.524] [ERROR] app - 401
[2020-03-24T16:59:42.845] [ERROR] app - 401
[2020-03-24T16:59:53.730] [ERROR] app - 401
[2020-03-24T17:00:03.515] [ERROR] app - 401
[2020-03-24T17:00:09.072] [ERROR] app - 401
[2020-03-24T17:01:17.726] [ERROR] app - 401
[2020-03-24T17:01:24.480] [ERROR] app - 401
[2020-03-24T17:01:38.894] [ERROR] app - 401
[2020-03-24T17:02:13.809] [ERROR] app - 401
[2020-03-24T17:02:13.812] [ERROR] app - 401
[2020-03-24T17:02:28.521] [ERROR] app - 401
[2020-03-24T17:02:29.098] [ERROR] app - 401
[2020-03-24T17:04:23.388] [ERROR] app - 401
[2020-03-24T17:04:23.391] [ERROR] app - 401
[2020-03-24T17:04:24.542] [ERROR] app - 401
[2020-03-24T17:04:47.582] [ERROR] app - 401
[2020-03-24T17:05:09.142] [ERROR] app - 401
[2020-03-24T17:05:09.144] [ERROR] app - 401
[2020-03-24T17:05:09.440] [ERROR] app - 401
[2020-03-24T17:05:27.567] [ERROR] app - 401
[2020-03-24T22:25:10.268] [ERROR] app - 401
[2020-03-24T22:25:56.243] [ERROR] app - 401
[2020-03-24T22:25:56.247] [ERROR] app - 401
[2020-03-24T22:26:39.631] [ERROR] app - 401
[2020-03-24T22:26:39.639] [ERROR] app - 401
[2020-03-24T22:26:42.128] [ERROR] app - 401
[2020-03-24T22:26:42.892] [ERROR] app - 401
[2020-03-24T22:28:32.235] [ERROR] app - 401
[2020-03-24T22:28:38.203] [ERROR] app - 401
