[2020-05-12T06:47:06.426] [ERROR] app - 401
[2020-05-12T06:47:06.431] [ERROR] app - 401
[2020-05-12T08:35:00.453] [ERROR] app - ReferenceError: dd is not defined
    at Object.Post (D:\able_project\gzcloud2\Server\restful\v0\messages.js:5:11)
    at RestfulAPIMethods.(anonymous function) (D:\able_project\gzcloud2\Server\routes\restful.js:32:60)
    at dispatch (D:\able_project\gzcloud2\Server\node_modules\koa-router\node_modules\koa-compose\index.js:44:32)
    at next (D:\able_project\gzcloud2\Server\node_modules\koa-router\node_modules\koa-compose\index.js:45:18)
    at D:\able_project\gzcloud2\Server\node_modules\koa-router\lib\router.js:346:16
    at dispatch (D:\able_project\gzcloud2\Server\node_modules\koa-router\node_modules\koa-compose\index.js:44:32)
    at next (D:\able_project\gzcloud2\Server\node_modules\koa-router\node_modules\koa-compose\index.js:45:18)
    at route.use (D:\able_project\gzcloud2\Server\routes\restful.js:97:19)
    at dispatch (D:\able_project\gzcloud2\Server\node_modules\koa-router\node_modules\koa-compose\index.js:44:32)
    at next (D:\able_project\gzcloud2\Server\node_modules\koa-router\node_modules\koa-compose\index.js:45:18)
    at D:\able_project\gzcloud2\Server\node_modules\koa-router\lib\router.js:346:16
    at dispatch (D:\able_project\gzcloud2\Server\node_modules\koa-router\node_modules\koa-compose\index.js:44:32)
    at D:\able_project\gzcloud2\Server\node_modules\koa-router\node_modules\koa-compose\index.js:36:12
    at dispatch (D:\able_project\gzcloud2\Server\node_modules\koa-router\lib\router.js:351:31)
    at dispatch (D:\able_project\gzcloud2\Server\node_modules\koa-compose\index.js:42:32)
    at module.exports (D:\able_project\gzcloud2\Server\middlewares\auth.js:59:9)
[2020-05-12T09:04:57.185] [ERROR] app - 401
