[2020-09-01T08:33:08.688] [ERROR] app - 没有访问权限
[2020-09-01T08:33:46.847] [ERROR] app - 没有访问权限
[2020-09-01T08:36:04.015] [ERROR] app - 没有访问权限
[2020-09-01T08:54:00.524] [ERROR] app - 没有访问权限
[2020-09-01T08:57:09.302] [ERROR] app - 没有访问权限
[2020-09-01T09:21:34.185] [ERROR] app - 没有访问权限
[2020-09-01T09:23:43.618] [ERROR] app - 没有访问权限
[2020-09-01T09:51:56.491] [ERROR] app - 没有访问权限
[2020-09-01T10:04:05.687] [ERROR] app - 没有访问权限
[2020-09-01T10:27:21.046] [ERROR] app - 没有访问权限
[2020-09-01T10:28:09.766] [ERROR] app - 用户名不存在
[2020-09-01T10:28:45.035] [ERROR] app - 密码错误
[2020-09-01T10:28:59.112] [ERROR] app - 密码错误
[2020-09-01T10:29:07.368] [ERROR] app - 密码错误
[2020-09-01T13:47:40.017] [ERROR] app - Error: Undefined binding(s) detected when compiling SELECT. Undefined column(s): [user.id] query: select `avatar`, `phone`, `name`, `user` from `user` where `user`.`id` = ? limit ?
    at QueryCompiler_MySQL.toSQL (C:\Users\BIM02\Desktop\ServerKT\node_modules\knex\lib\query\compiler.js:99:13)
    at Builder.toSQL (C:\Users\BIM02\Desktop\ServerKT\node_modules\knex\lib\query\builder.js:72:44)
    at C:\Users\BIM02\Desktop\ServerKT\node_modules\knex\lib\runner.js:31:36
    at C:\Users\BIM02\Desktop\ServerKT\node_modules\knex\lib\runner.js:260:24
    at processTicksAndRejections (internal/process/task_queues.js:93:5)
From previous event:
    at processImmediate (internal/timers.js:458:21)
From previous event:
    at Sync.<anonymous> (C:\Users\BIM02\Desktop\ServerKT\node_modules\bookshelf\lib\sync.js:204:8)
From previous event:
    at Sync.<anonymous> (C:\Users\BIM02\Desktop\ServerKT\node_modules\bookshelf\lib\sync.js:66:17)
    at Child.<anonymous> (C:\Users\BIM02\Desktop\ServerKT\node_modules\bookshelf\lib\model.js:713:12)
    at Child.fetch (C:\Users\BIM02\Desktop\ServerKT\node_modules\bookshelf\lib\model.js:702:19)
    at GetUserInfo (C:\Users\BIM02\Desktop\ServerKT\restful\v0\sessions.js:179:6)
    at Object.out.Get (C:\Users\BIM02\Desktop\ServerKT\restful\v0\sessions.js:216:22)
    at RestfulAPIMethods.<computed> (C:\Users\BIM02\Desktop\ServerKT\routes\restful.js:32:60)
    at dispatch (C:\Users\BIM02\Desktop\ServerKT\node_modules\koa-router\node_modules\koa-compose\index.js:44:32)
    at next (C:\Users\BIM02\Desktop\ServerKT\node_modules\koa-router\node_modules\koa-compose\index.js:45:18)
    at module.exports (C:\Users\BIM02\Desktop\ServerKT\middlewares\authRouter.js:13:10)
    at dispatch (C:\Users\BIM02\Desktop\ServerKT\node_modules\koa-router\node_modules\koa-compose\index.js:44:32)
    at next (C:\Users\BIM02\Desktop\ServerKT\node_modules\koa-router\node_modules\koa-compose\index.js:45:18)
    at C:\Users\BIM02\Desktop\ServerKT\node_modules\koa-router\lib\router.js:346:16
    at dispatch (C:\Users\BIM02\Desktop\ServerKT\node_modules\koa-router\node_modules\koa-compose\index.js:44:32)
    at next (C:\Users\BIM02\Desktop\ServerKT\node_modules\koa-router\node_modules\koa-compose\index.js:45:18)
    at C:\Users\BIM02\Desktop\ServerKT\routes\restful.js:97:19
From previous event:
    at Child.<anonymous> (C:\Users\BIM02\Desktop\ServerKT\node_modules\bookshelf\lib\model.js:713:12)
From previous event:
    at Child.fetch (C:\Users\BIM02\Desktop\ServerKT\node_modules\bookshelf\lib\model.js:702:19)
    at GetUserInfo (C:\Users\BIM02\Desktop\ServerKT\restful\v0\sessions.js:179:6)
    at Object.out.Get (C:\Users\BIM02\Desktop\ServerKT\restful\v0\sessions.js:216:22)
    at RestfulAPIMethods.<computed> (C:\Users\BIM02\Desktop\ServerKT\routes\restful.js:32:60)
    at dispatch (C:\Users\BIM02\Desktop\ServerKT\node_modules\koa-router\node_modules\koa-compose\index.js:44:32)
    at next (C:\Users\BIM02\Desktop\ServerKT\node_modules\koa-router\node_modules\koa-compose\index.js:45:18)
    at module.exports (C:\Users\BIM02\Desktop\ServerKT\middlewares\authRouter.js:13:10)
    at dispatch (C:\Users\BIM02\Desktop\ServerKT\node_modules\koa-router\node_modules\koa-compose\index.js:44:32)
    at next (C:\Users\BIM02\Desktop\ServerKT\node_modules\koa-router\node_modules\koa-compose\index.js:45:18)
    at C:\Users\BIM02\Desktop\ServerKT\node_modules\koa-router\lib\router.js:346:16
    at dispatch (C:\Users\BIM02\Desktop\ServerKT\node_modules\koa-router\node_modules\koa-compose\index.js:44:32)
    at next (C:\Users\BIM02\Desktop\ServerKT\node_modules\koa-router\node_modules\koa-compose\index.js:45:18)
    at C:\Users\BIM02\Desktop\ServerKT\routes\restful.js:97:19
    at dispatch (C:\Users\BIM02\Desktop\ServerKT\node_modules\koa-router\node_modules\koa-compose\index.js:44:32)
    at next (C:\Users\BIM02\Desktop\ServerKT\node_modules\koa-router\node_modules\koa-compose\index.js:45:18)
    at C:\Users\BIM02\Desktop\ServerKT\node_modules\koa-router\lib\router.js:346:16
    at dispatch (C:\Users\BIM02\Desktop\ServerKT\node_modules\koa-router\node_modules\koa-compose\index.js:44:32)
    at C:\Users\BIM02\Desktop\ServerKT\node_modules\koa-router\node_modules\koa-compose\index.js:36:12
    at dispatch (C:\Users\BIM02\Desktop\ServerKT\node_modules\koa-router\lib\router.js:351:31)
    at dispatch (C:\Users\BIM02\Desktop\ServerKT\node_modules\koa-compose\index.js:42:32)
[2020-09-01T14:19:19.213] [ERROR] app - Error: Undefined binding(s) detected when compiling SELECT. Undefined column(s): [user.id] query: select `avatar`, `phone`, `name`, `user` from `user` where `user`.`id` = ? limit ?
    at QueryCompiler_MySQL.toSQL (C:\Users\BIM02\Desktop\ServerKT\node_modules\knex\lib\query\compiler.js:99:13)
    at Builder.toSQL (C:\Users\BIM02\Desktop\ServerKT\node_modules\knex\lib\query\builder.js:72:44)
    at C:\Users\BIM02\Desktop\ServerKT\node_modules\knex\lib\runner.js:31:36
    at C:\Users\BIM02\Desktop\ServerKT\node_modules\knex\lib\runner.js:260:24
    at processTicksAndRejections (internal/process/task_queues.js:93:5)
From previous event:
    at processImmediate (internal/timers.js:458:21)
From previous event:
    at Sync.<anonymous> (C:\Users\BIM02\Desktop\ServerKT\node_modules\bookshelf\lib\sync.js:204:8)
From previous event:
    at Sync.<anonymous> (C:\Users\BIM02\Desktop\ServerKT\node_modules\bookshelf\lib\sync.js:66:17)
    at Child.<anonymous> (C:\Users\BIM02\Desktop\ServerKT\node_modules\bookshelf\lib\model.js:713:12)
    at Child.fetch (C:\Users\BIM02\Desktop\ServerKT\node_modules\bookshelf\lib\model.js:702:19)
    at GetUserInfo (C:\Users\BIM02\Desktop\ServerKT\restful\v0\sessions.js:179:6)
    at Object.out.Get (C:\Users\BIM02\Desktop\ServerKT\restful\v0\sessions.js:216:22)
    at RestfulAPIMethods.<computed> (C:\Users\BIM02\Desktop\ServerKT\routes\restful.js:32:60)
    at dispatch (C:\Users\BIM02\Desktop\ServerKT\node_modules\koa-router\node_modules\koa-compose\index.js:44:32)
    at next (C:\Users\BIM02\Desktop\ServerKT\node_modules\koa-router\node_modules\koa-compose\index.js:45:18)
    at module.exports (C:\Users\BIM02\Desktop\ServerKT\middlewares\authRouter.js:13:10)
    at dispatch (C:\Users\BIM02\Desktop\ServerKT\node_modules\koa-router\node_modules\koa-compose\index.js:44:32)
    at next (C:\Users\BIM02\Desktop\ServerKT\node_modules\koa-router\node_modules\koa-compose\index.js:45:18)
    at C:\Users\BIM02\Desktop\ServerKT\node_modules\koa-router\lib\router.js:346:16
    at dispatch (C:\Users\BIM02\Desktop\ServerKT\node_modules\koa-router\node_modules\koa-compose\index.js:44:32)
    at next (C:\Users\BIM02\Desktop\ServerKT\node_modules\koa-router\node_modules\koa-compose\index.js:45:18)
    at C:\Users\BIM02\Desktop\ServerKT\routes\restful.js:97:19
From previous event:
    at Child.<anonymous> (C:\Users\BIM02\Desktop\ServerKT\node_modules\bookshelf\lib\model.js:713:12)
From previous event:
    at Child.fetch (C:\Users\BIM02\Desktop\ServerKT\node_modules\bookshelf\lib\model.js:702:19)
    at GetUserInfo (C:\Users\BIM02\Desktop\ServerKT\restful\v0\sessions.js:179:6)
    at Object.out.Get (C:\Users\BIM02\Desktop\ServerKT\restful\v0\sessions.js:216:22)
    at RestfulAPIMethods.<computed> (C:\Users\BIM02\Desktop\ServerKT\routes\restful.js:32:60)
    at dispatch (C:\Users\BIM02\Desktop\ServerKT\node_modules\koa-router\node_modules\koa-compose\index.js:44:32)
    at next (C:\Users\BIM02\Desktop\ServerKT\node_modules\koa-router\node_modules\koa-compose\index.js:45:18)
    at module.exports (C:\Users\BIM02\Desktop\ServerKT\middlewares\authRouter.js:13:10)
    at dispatch (C:\Users\BIM02\Desktop\ServerKT\node_modules\koa-router\node_modules\koa-compose\index.js:44:32)
    at next (C:\Users\BIM02\Desktop\ServerKT\node_modules\koa-router\node_modules\koa-compose\index.js:45:18)
    at C:\Users\BIM02\Desktop\ServerKT\node_modules\koa-router\lib\router.js:346:16
    at dispatch (C:\Users\BIM02\Desktop\ServerKT\node_modules\koa-router\node_modules\koa-compose\index.js:44:32)
    at next (C:\Users\BIM02\Desktop\ServerKT\node_modules\koa-router\node_modules\koa-compose\index.js:45:18)
    at C:\Users\BIM02\Desktop\ServerKT\routes\restful.js:97:19
    at dispatch (C:\Users\BIM02\Desktop\ServerKT\node_modules\koa-router\node_modules\koa-compose\index.js:44:32)
    at next (C:\Users\BIM02\Desktop\ServerKT\node_modules\koa-router\node_modules\koa-compose\index.js:45:18)
    at C:\Users\BIM02\Desktop\ServerKT\node_modules\koa-router\lib\router.js:346:16
    at dispatch (C:\Users\BIM02\Desktop\ServerKT\node_modules\koa-router\node_modules\koa-compose\index.js:44:32)
    at C:\Users\BIM02\Desktop\ServerKT\node_modules\koa-router\node_modules\koa-compose\index.js:36:12
    at dispatch (C:\Users\BIM02\Desktop\ServerKT\node_modules\koa-router\lib\router.js:351:31)
    at dispatch (C:\Users\BIM02\Desktop\ServerKT\node_modules\koa-compose\index.js:42:32)
[2020-09-01T15:06:11.926] [ERROR] app - Error: Undefined binding(s) detected when compiling SELECT. Undefined column(s): [user.id] query: select `avatar`, `phone`, `name`, `user` from `user` where `user`.`id` = ? limit ?
    at QueryCompiler_MySQL.toSQL (C:\Users\BIM02\Desktop\ServerKT\node_modules\knex\lib\query\compiler.js:99:13)
    at Builder.toSQL (C:\Users\BIM02\Desktop\ServerKT\node_modules\knex\lib\query\builder.js:72:44)
    at C:\Users\BIM02\Desktop\ServerKT\node_modules\knex\lib\runner.js:31:36
    at C:\Users\BIM02\Desktop\ServerKT\node_modules\knex\lib\runner.js:260:24
    at processTicksAndRejections (internal/process/task_queues.js:93:5)
From previous event:
    at processImmediate (internal/timers.js:458:21)
From previous event:
    at Sync.<anonymous> (C:\Users\BIM02\Desktop\ServerKT\node_modules\bookshelf\lib\sync.js:204:8)
From previous event:
    at Sync.<anonymous> (C:\Users\BIM02\Desktop\ServerKT\node_modules\bookshelf\lib\sync.js:66:17)
    at Child.<anonymous> (C:\Users\BIM02\Desktop\ServerKT\node_modules\bookshelf\lib\model.js:713:12)
    at Child.fetch (C:\Users\BIM02\Desktop\ServerKT\node_modules\bookshelf\lib\model.js:702:19)
    at GetUserInfo (C:\Users\BIM02\Desktop\ServerKT\restful\v0\sessions.js:179:6)
    at Object.out.Get (C:\Users\BIM02\Desktop\ServerKT\restful\v0\sessions.js:216:22)
    at RestfulAPIMethods.<computed> (C:\Users\BIM02\Desktop\ServerKT\routes\restful.js:32:60)
    at dispatch (C:\Users\BIM02\Desktop\ServerKT\node_modules\koa-router\node_modules\koa-compose\index.js:44:32)
    at next (C:\Users\BIM02\Desktop\ServerKT\node_modules\koa-router\node_modules\koa-compose\index.js:45:18)
    at module.exports (C:\Users\BIM02\Desktop\ServerKT\middlewares\authRouter.js:13:10)
    at dispatch (C:\Users\BIM02\Desktop\ServerKT\node_modules\koa-router\node_modules\koa-compose\index.js:44:32)
    at next (C:\Users\BIM02\Desktop\ServerKT\node_modules\koa-router\node_modules\koa-compose\index.js:45:18)
    at C:\Users\BIM02\Desktop\ServerKT\node_modules\koa-router\lib\router.js:346:16
    at dispatch (C:\Users\BIM02\Desktop\ServerKT\node_modules\koa-router\node_modules\koa-compose\index.js:44:32)
    at next (C:\Users\BIM02\Desktop\ServerKT\node_modules\koa-router\node_modules\koa-compose\index.js:45:18)
    at C:\Users\BIM02\Desktop\ServerKT\routes\restful.js:97:19
From previous event:
    at Child.<anonymous> (C:\Users\BIM02\Desktop\ServerKT\node_modules\bookshelf\lib\model.js:713:12)
From previous event:
    at Child.fetch (C:\Users\BIM02\Desktop\ServerKT\node_modules\bookshelf\lib\model.js:702:19)
    at GetUserInfo (C:\Users\BIM02\Desktop\ServerKT\restful\v0\sessions.js:179:6)
    at Object.out.Get (C:\Users\BIM02\Desktop\ServerKT\restful\v0\sessions.js:216:22)
    at RestfulAPIMethods.<computed> (C:\Users\BIM02\Desktop\ServerKT\routes\restful.js:32:60)
    at dispatch (C:\Users\BIM02\Desktop\ServerKT\node_modules\koa-router\node_modules\koa-compose\index.js:44:32)
    at next (C:\Users\BIM02\Desktop\ServerKT\node_modules\koa-router\node_modules\koa-compose\index.js:45:18)
    at module.exports (C:\Users\BIM02\Desktop\ServerKT\middlewares\authRouter.js:13:10)
    at dispatch (C:\Users\BIM02\Desktop\ServerKT\node_modules\koa-router\node_modules\koa-compose\index.js:44:32)
    at next (C:\Users\BIM02\Desktop\ServerKT\node_modules\koa-router\node_modules\koa-compose\index.js:45:18)
    at C:\Users\BIM02\Desktop\ServerKT\node_modules\koa-router\lib\router.js:346:16
    at dispatch (C:\Users\BIM02\Desktop\ServerKT\node_modules\koa-router\node_modules\koa-compose\index.js:44:32)
    at next (C:\Users\BIM02\Desktop\ServerKT\node_modules\koa-router\node_modules\koa-compose\index.js:45:18)
    at C:\Users\BIM02\Desktop\ServerKT\routes\restful.js:97:19
    at dispatch (C:\Users\BIM02\Desktop\ServerKT\node_modules\koa-router\node_modules\koa-compose\index.js:44:32)
    at next (C:\Users\BIM02\Desktop\ServerKT\node_modules\koa-router\node_modules\koa-compose\index.js:45:18)
    at C:\Users\BIM02\Desktop\ServerKT\node_modules\koa-router\lib\router.js:346:16
    at dispatch (C:\Users\BIM02\Desktop\ServerKT\node_modules\koa-router\node_modules\koa-compose\index.js:44:32)
    at C:\Users\BIM02\Desktop\ServerKT\node_modules\koa-router\node_modules\koa-compose\index.js:36:12
    at dispatch (C:\Users\BIM02\Desktop\ServerKT\node_modules\koa-router\lib\router.js:351:31)
    at dispatch (C:\Users\BIM02\Desktop\ServerKT\node_modules\koa-compose\index.js:42:32)
[2020-09-01T15:12:07.466] [ERROR] app - Error: Undefined binding(s) detected when compiling SELECT. Undefined column(s): [user.id] query: select `avatar`, `phone`, `name`, `user` from `user` where `user`.`id` = ? limit ?
    at QueryCompiler_MySQL.toSQL (C:\Users\BIM02\Desktop\ServerKT\node_modules\knex\lib\query\compiler.js:99:13)
    at Builder.toSQL (C:\Users\BIM02\Desktop\ServerKT\node_modules\knex\lib\query\builder.js:72:44)
    at C:\Users\BIM02\Desktop\ServerKT\node_modules\knex\lib\runner.js:31:36
    at C:\Users\BIM02\Desktop\ServerKT\node_modules\knex\lib\runner.js:260:24
    at processTicksAndRejections (internal/process/task_queues.js:93:5)
From previous event:
    at processImmediate (internal/timers.js:458:21)
From previous event:
    at Sync.<anonymous> (C:\Users\BIM02\Desktop\ServerKT\node_modules\bookshelf\lib\sync.js:204:8)
From previous event:
    at Sync.<anonymous> (C:\Users\BIM02\Desktop\ServerKT\node_modules\bookshelf\lib\sync.js:66:17)
    at Child.<anonymous> (C:\Users\BIM02\Desktop\ServerKT\node_modules\bookshelf\lib\model.js:713:12)
    at Child.fetch (C:\Users\BIM02\Desktop\ServerKT\node_modules\bookshelf\lib\model.js:702:19)
    at GetUserInfo (C:\Users\BIM02\Desktop\ServerKT\restful\v0\sessions.js:179:6)
    at Object.out.Get (C:\Users\BIM02\Desktop\ServerKT\restful\v0\sessions.js:216:22)
    at RestfulAPIMethods.<computed> (C:\Users\BIM02\Desktop\ServerKT\routes\restful.js:32:60)
    at dispatch (C:\Users\BIM02\Desktop\ServerKT\node_modules\koa-router\node_modules\koa-compose\index.js:44:32)
    at next (C:\Users\BIM02\Desktop\ServerKT\node_modules\koa-router\node_modules\koa-compose\index.js:45:18)
    at module.exports (C:\Users\BIM02\Desktop\ServerKT\middlewares\authRouter.js:13:10)
    at dispatch (C:\Users\BIM02\Desktop\ServerKT\node_modules\koa-router\node_modules\koa-compose\index.js:44:32)
    at next (C:\Users\BIM02\Desktop\ServerKT\node_modules\koa-router\node_modules\koa-compose\index.js:45:18)
    at C:\Users\BIM02\Desktop\ServerKT\node_modules\koa-router\lib\router.js:346:16
    at dispatch (C:\Users\BIM02\Desktop\ServerKT\node_modules\koa-router\node_modules\koa-compose\index.js:44:32)
    at next (C:\Users\BIM02\Desktop\ServerKT\node_modules\koa-router\node_modules\koa-compose\index.js:45:18)
    at C:\Users\BIM02\Desktop\ServerKT\routes\restful.js:97:19
From previous event:
    at Child.<anonymous> (C:\Users\BIM02\Desktop\ServerKT\node_modules\bookshelf\lib\model.js:713:12)
From previous event:
    at Child.fetch (C:\Users\BIM02\Desktop\ServerKT\node_modules\bookshelf\lib\model.js:702:19)
    at GetUserInfo (C:\Users\BIM02\Desktop\ServerKT\restful\v0\sessions.js:179:6)
    at Object.out.Get (C:\Users\BIM02\Desktop\ServerKT\restful\v0\sessions.js:216:22)
    at RestfulAPIMethods.<computed> (C:\Users\BIM02\Desktop\ServerKT\routes\restful.js:32:60)
    at dispatch (C:\Users\BIM02\Desktop\ServerKT\node_modules\koa-router\node_modules\koa-compose\index.js:44:32)
    at next (C:\Users\BIM02\Desktop\ServerKT\node_modules\koa-router\node_modules\koa-compose\index.js:45:18)
    at module.exports (C:\Users\BIM02\Desktop\ServerKT\middlewares\authRouter.js:13:10)
    at dispatch (C:\Users\BIM02\Desktop\ServerKT\node_modules\koa-router\node_modules\koa-compose\index.js:44:32)
    at next (C:\Users\BIM02\Desktop\ServerKT\node_modules\koa-router\node_modules\koa-compose\index.js:45:18)
    at C:\Users\BIM02\Desktop\ServerKT\node_modules\koa-router\lib\router.js:346:16
    at dispatch (C:\Users\BIM02\Desktop\ServerKT\node_modules\koa-router\node_modules\koa-compose\index.js:44:32)
    at next (C:\Users\BIM02\Desktop\ServerKT\node_modules\koa-router\node_modules\koa-compose\index.js:45:18)
    at C:\Users\BIM02\Desktop\ServerKT\routes\restful.js:97:19
    at dispatch (C:\Users\BIM02\Desktop\ServerKT\node_modules\koa-router\node_modules\koa-compose\index.js:44:32)
    at next (C:\Users\BIM02\Desktop\ServerKT\node_modules\koa-router\node_modules\koa-compose\index.js:45:18)
    at C:\Users\BIM02\Desktop\ServerKT\node_modules\koa-router\lib\router.js:346:16
    at dispatch (C:\Users\BIM02\Desktop\ServerKT\node_modules\koa-router\node_modules\koa-compose\index.js:44:32)
    at C:\Users\BIM02\Desktop\ServerKT\node_modules\koa-router\node_modules\koa-compose\index.js:36:12
    at dispatch (C:\Users\BIM02\Desktop\ServerKT\node_modules\koa-router\lib\router.js:351:31)
    at dispatch (C:\Users\BIM02\Desktop\ServerKT\node_modules\koa-compose\index.js:42:32)
[2020-09-01T15:12:07.512] [ERROR] app - Error: Undefined binding(s) detected when compiling SELECT. Undefined column(s): [user.id] query: select `avatar`, `phone`, `name`, `user` from `user` where `user`.`id` = ? limit ?
    at QueryCompiler_MySQL.toSQL (C:\Users\BIM02\Desktop\ServerKT\node_modules\knex\lib\query\compiler.js:99:13)
    at Builder.toSQL (C:\Users\BIM02\Desktop\ServerKT\node_modules\knex\lib\query\builder.js:72:44)
    at C:\Users\BIM02\Desktop\ServerKT\node_modules\knex\lib\runner.js:31:36
    at C:\Users\BIM02\Desktop\ServerKT\node_modules\knex\lib\runner.js:260:24
From previous event:
    at processImmediate (internal/timers.js:458:21)
From previous event:
    at Sync.<anonymous> (C:\Users\BIM02\Desktop\ServerKT\node_modules\bookshelf\lib\sync.js:204:8)
From previous event:
    at Sync.<anonymous> (C:\Users\BIM02\Desktop\ServerKT\node_modules\bookshelf\lib\sync.js:66:17)
    at Child.<anonymous> (C:\Users\BIM02\Desktop\ServerKT\node_modules\bookshelf\lib\model.js:713:12)
    at Child.fetch (C:\Users\BIM02\Desktop\ServerKT\node_modules\bookshelf\lib\model.js:702:19)
    at GetUserInfo (C:\Users\BIM02\Desktop\ServerKT\restful\v0\sessions.js:179:6)
    at Object.out.Get (C:\Users\BIM02\Desktop\ServerKT\restful\v0\sessions.js:216:22)
    at RestfulAPIMethods.<computed> (C:\Users\BIM02\Desktop\ServerKT\routes\restful.js:32:60)
    at dispatch (C:\Users\BIM02\Desktop\ServerKT\node_modules\koa-router\node_modules\koa-compose\index.js:44:32)
    at next (C:\Users\BIM02\Desktop\ServerKT\node_modules\koa-router\node_modules\koa-compose\index.js:45:18)
    at module.exports (C:\Users\BIM02\Desktop\ServerKT\middlewares\authRouter.js:13:10)
    at dispatch (C:\Users\BIM02\Desktop\ServerKT\node_modules\koa-router\node_modules\koa-compose\index.js:44:32)
    at next (C:\Users\BIM02\Desktop\ServerKT\node_modules\koa-router\node_modules\koa-compose\index.js:45:18)
    at C:\Users\BIM02\Desktop\ServerKT\node_modules\koa-router\lib\router.js:346:16
    at dispatch (C:\Users\BIM02\Desktop\ServerKT\node_modules\koa-router\node_modules\koa-compose\index.js:44:32)
    at next (C:\Users\BIM02\Desktop\ServerKT\node_modules\koa-router\node_modules\koa-compose\index.js:45:18)
    at C:\Users\BIM02\Desktop\ServerKT\routes\restful.js:97:19
From previous event:
    at Child.<anonymous> (C:\Users\BIM02\Desktop\ServerKT\node_modules\bookshelf\lib\model.js:713:12)
From previous event:
    at Child.fetch (C:\Users\BIM02\Desktop\ServerKT\node_modules\bookshelf\lib\model.js:702:19)
    at GetUserInfo (C:\Users\BIM02\Desktop\ServerKT\restful\v0\sessions.js:179:6)
    at Object.out.Get (C:\Users\BIM02\Desktop\ServerKT\restful\v0\sessions.js:216:22)
    at RestfulAPIMethods.<computed> (C:\Users\BIM02\Desktop\ServerKT\routes\restful.js:32:60)
    at dispatch (C:\Users\BIM02\Desktop\ServerKT\node_modules\koa-router\node_modules\koa-compose\index.js:44:32)
    at next (C:\Users\BIM02\Desktop\ServerKT\node_modules\koa-router\node_modules\koa-compose\index.js:45:18)
    at module.exports (C:\Users\BIM02\Desktop\ServerKT\middlewares\authRouter.js:13:10)
    at dispatch (C:\Users\BIM02\Desktop\ServerKT\node_modules\koa-router\node_modules\koa-compose\index.js:44:32)
    at next (C:\Users\BIM02\Desktop\ServerKT\node_modules\koa-router\node_modules\koa-compose\index.js:45:18)
    at C:\Users\BIM02\Desktop\ServerKT\node_modules\koa-router\lib\router.js:346:16
    at dispatch (C:\Users\BIM02\Desktop\ServerKT\node_modules\koa-router\node_modules\koa-compose\index.js:44:32)
    at next (C:\Users\BIM02\Desktop\ServerKT\node_modules\koa-router\node_modules\koa-compose\index.js:45:18)
    at C:\Users\BIM02\Desktop\ServerKT\routes\restful.js:97:19
    at dispatch (C:\Users\BIM02\Desktop\ServerKT\node_modules\koa-router\node_modules\koa-compose\index.js:44:32)
    at next (C:\Users\BIM02\Desktop\ServerKT\node_modules\koa-router\node_modules\koa-compose\index.js:45:18)
    at C:\Users\BIM02\Desktop\ServerKT\node_modules\koa-router\lib\router.js:346:16
    at dispatch (C:\Users\BIM02\Desktop\ServerKT\node_modules\koa-router\node_modules\koa-compose\index.js:44:32)
    at C:\Users\BIM02\Desktop\ServerKT\node_modules\koa-router\node_modules\koa-compose\index.js:36:12
    at dispatch (C:\Users\BIM02\Desktop\ServerKT\node_modules\koa-router\lib\router.js:351:31)
    at dispatch (C:\Users\BIM02\Desktop\ServerKT\node_modules\koa-compose\index.js:42:32)
[2020-09-01T15:33:36.872] [ERROR] app - Error: Undefined binding(s) detected when compiling SELECT. Undefined column(s): [user.id] query: select `avatar`, `phone`, `name`, `user` from `user` where `user`.`id` = ? limit ?
    at QueryCompiler_MySQL.toSQL (C:\Users\BIM02\Desktop\ServerKT\node_modules\knex\lib\query\compiler.js:99:13)
    at Builder.toSQL (C:\Users\BIM02\Desktop\ServerKT\node_modules\knex\lib\query\builder.js:72:44)
    at C:\Users\BIM02\Desktop\ServerKT\node_modules\knex\lib\runner.js:31:36
    at C:\Users\BIM02\Desktop\ServerKT\node_modules\knex\lib\runner.js:260:24
    at processTicksAndRejections (internal/process/task_queues.js:93:5)
From previous event:
    at processImmediate (internal/timers.js:458:21)
From previous event:
    at Sync.<anonymous> (C:\Users\BIM02\Desktop\ServerKT\node_modules\bookshelf\lib\sync.js:204:8)
From previous event:
    at Sync.<anonymous> (C:\Users\BIM02\Desktop\ServerKT\node_modules\bookshelf\lib\sync.js:66:17)
    at Child.<anonymous> (C:\Users\BIM02\Desktop\ServerKT\node_modules\bookshelf\lib\model.js:713:12)
    at Child.fetch (C:\Users\BIM02\Desktop\ServerKT\node_modules\bookshelf\lib\model.js:702:19)
    at GetUserInfo (C:\Users\BIM02\Desktop\ServerKT\restful\v0\sessions.js:179:6)
    at Object.out.Get (C:\Users\BIM02\Desktop\ServerKT\restful\v0\sessions.js:216:22)
    at RestfulAPIMethods.<computed> (C:\Users\BIM02\Desktop\ServerKT\routes\restful.js:32:60)
    at dispatch (C:\Users\BIM02\Desktop\ServerKT\node_modules\koa-router\node_modules\koa-compose\index.js:44:32)
    at next (C:\Users\BIM02\Desktop\ServerKT\node_modules\koa-router\node_modules\koa-compose\index.js:45:18)
    at module.exports (C:\Users\BIM02\Desktop\ServerKT\middlewares\authRouter.js:13:10)
    at dispatch (C:\Users\BIM02\Desktop\ServerKT\node_modules\koa-router\node_modules\koa-compose\index.js:44:32)
    at next (C:\Users\BIM02\Desktop\ServerKT\node_modules\koa-router\node_modules\koa-compose\index.js:45:18)
    at C:\Users\BIM02\Desktop\ServerKT\node_modules\koa-router\lib\router.js:346:16
    at dispatch (C:\Users\BIM02\Desktop\ServerKT\node_modules\koa-router\node_modules\koa-compose\index.js:44:32)
    at next (C:\Users\BIM02\Desktop\ServerKT\node_modules\koa-router\node_modules\koa-compose\index.js:45:18)
    at C:\Users\BIM02\Desktop\ServerKT\routes\restful.js:97:19
From previous event:
    at Child.<anonymous> (C:\Users\BIM02\Desktop\ServerKT\node_modules\bookshelf\lib\model.js:713:12)
From previous event:
    at Child.fetch (C:\Users\BIM02\Desktop\ServerKT\node_modules\bookshelf\lib\model.js:702:19)
    at GetUserInfo (C:\Users\BIM02\Desktop\ServerKT\restful\v0\sessions.js:179:6)
    at Object.out.Get (C:\Users\BIM02\Desktop\ServerKT\restful\v0\sessions.js:216:22)
    at RestfulAPIMethods.<computed> (C:\Users\BIM02\Desktop\ServerKT\routes\restful.js:32:60)
    at dispatch (C:\Users\BIM02\Desktop\ServerKT\node_modules\koa-router\node_modules\koa-compose\index.js:44:32)
    at next (C:\Users\BIM02\Desktop\ServerKT\node_modules\koa-router\node_modules\koa-compose\index.js:45:18)
    at module.exports (C:\Users\BIM02\Desktop\ServerKT\middlewares\authRouter.js:13:10)
    at dispatch (C:\Users\BIM02\Desktop\ServerKT\node_modules\koa-router\node_modules\koa-compose\index.js:44:32)
    at next (C:\Users\BIM02\Desktop\ServerKT\node_modules\koa-router\node_modules\koa-compose\index.js:45:18)
    at C:\Users\BIM02\Desktop\ServerKT\node_modules\koa-router\lib\router.js:346:16
    at dispatch (C:\Users\BIM02\Desktop\ServerKT\node_modules\koa-router\node_modules\koa-compose\index.js:44:32)
    at next (C:\Users\BIM02\Desktop\ServerKT\node_modules\koa-router\node_modules\koa-compose\index.js:45:18)
    at C:\Users\BIM02\Desktop\ServerKT\routes\restful.js:97:19
    at dispatch (C:\Users\BIM02\Desktop\ServerKT\node_modules\koa-router\node_modules\koa-compose\index.js:44:32)
    at next (C:\Users\BIM02\Desktop\ServerKT\node_modules\koa-router\node_modules\koa-compose\index.js:45:18)
    at C:\Users\BIM02\Desktop\ServerKT\node_modules\koa-router\lib\router.js:346:16
    at dispatch (C:\Users\BIM02\Desktop\ServerKT\node_modules\koa-router\node_modules\koa-compose\index.js:44:32)
    at C:\Users\BIM02\Desktop\ServerKT\node_modules\koa-router\node_modules\koa-compose\index.js:36:12
    at dispatch (C:\Users\BIM02\Desktop\ServerKT\node_modules\koa-router\lib\router.js:351:31)
    at dispatch (C:\Users\BIM02\Desktop\ServerKT\node_modules\koa-compose\index.js:42:32)
[2020-09-01T15:33:36.910] [ERROR] app - Error: Undefined binding(s) detected when compiling SELECT. Undefined column(s): [user.id] query: select `avatar`, `phone`, `name`, `user` from `user` where `user`.`id` = ? limit ?
    at QueryCompiler_MySQL.toSQL (C:\Users\BIM02\Desktop\ServerKT\node_modules\knex\lib\query\compiler.js:99:13)
    at Builder.toSQL (C:\Users\BIM02\Desktop\ServerKT\node_modules\knex\lib\query\builder.js:72:44)
    at C:\Users\BIM02\Desktop\ServerKT\node_modules\knex\lib\runner.js:31:36
    at C:\Users\BIM02\Desktop\ServerKT\node_modules\knex\lib\runner.js:260:24
From previous event:
    at processImmediate (internal/timers.js:458:21)
From previous event:
    at Sync.<anonymous> (C:\Users\BIM02\Desktop\ServerKT\node_modules\bookshelf\lib\sync.js:204:8)
From previous event:
    at Sync.<anonymous> (C:\Users\BIM02\Desktop\ServerKT\node_modules\bookshelf\lib\sync.js:66:17)
    at Child.<anonymous> (C:\Users\BIM02\Desktop\ServerKT\node_modules\bookshelf\lib\model.js:713:12)
    at Child.fetch (C:\Users\BIM02\Desktop\ServerKT\node_modules\bookshelf\lib\model.js:702:19)
    at GetUserInfo (C:\Users\BIM02\Desktop\ServerKT\restful\v0\sessions.js:179:6)
    at Object.out.Get (C:\Users\BIM02\Desktop\ServerKT\restful\v0\sessions.js:216:22)
    at RestfulAPIMethods.<computed> (C:\Users\BIM02\Desktop\ServerKT\routes\restful.js:32:60)
    at dispatch (C:\Users\BIM02\Desktop\ServerKT\node_modules\koa-router\node_modules\koa-compose\index.js:44:32)
    at next (C:\Users\BIM02\Desktop\ServerKT\node_modules\koa-router\node_modules\koa-compose\index.js:45:18)
    at module.exports (C:\Users\BIM02\Desktop\ServerKT\middlewares\authRouter.js:13:10)
    at dispatch (C:\Users\BIM02\Desktop\ServerKT\node_modules\koa-router\node_modules\koa-compose\index.js:44:32)
    at next (C:\Users\BIM02\Desktop\ServerKT\node_modules\koa-router\node_modules\koa-compose\index.js:45:18)
    at C:\Users\BIM02\Desktop\ServerKT\node_modules\koa-router\lib\router.js:346:16
    at dispatch (C:\Users\BIM02\Desktop\ServerKT\node_modules\koa-router\node_modules\koa-compose\index.js:44:32)
    at next (C:\Users\BIM02\Desktop\ServerKT\node_modules\koa-router\node_modules\koa-compose\index.js:45:18)
    at C:\Users\BIM02\Desktop\ServerKT\routes\restful.js:97:19
From previous event:
    at Child.<anonymous> (C:\Users\BIM02\Desktop\ServerKT\node_modules\bookshelf\lib\model.js:713:12)
From previous event:
    at Child.fetch (C:\Users\BIM02\Desktop\ServerKT\node_modules\bookshelf\lib\model.js:702:19)
    at GetUserInfo (C:\Users\BIM02\Desktop\ServerKT\restful\v0\sessions.js:179:6)
    at Object.out.Get (C:\Users\BIM02\Desktop\ServerKT\restful\v0\sessions.js:216:22)
    at RestfulAPIMethods.<computed> (C:\Users\BIM02\Desktop\ServerKT\routes\restful.js:32:60)
    at dispatch (C:\Users\BIM02\Desktop\ServerKT\node_modules\koa-router\node_modules\koa-compose\index.js:44:32)
    at next (C:\Users\BIM02\Desktop\ServerKT\node_modules\koa-router\node_modules\koa-compose\index.js:45:18)
    at module.exports (C:\Users\BIM02\Desktop\ServerKT\middlewares\authRouter.js:13:10)
    at dispatch (C:\Users\BIM02\Desktop\ServerKT\node_modules\koa-router\node_modules\koa-compose\index.js:44:32)
    at next (C:\Users\BIM02\Desktop\ServerKT\node_modules\koa-router\node_modules\koa-compose\index.js:45:18)
    at C:\Users\BIM02\Desktop\ServerKT\node_modules\koa-router\lib\router.js:346:16
    at dispatch (C:\Users\BIM02\Desktop\ServerKT\node_modules\koa-router\node_modules\koa-compose\index.js:44:32)
    at next (C:\Users\BIM02\Desktop\ServerKT\node_modules\koa-router\node_modules\koa-compose\index.js:45:18)
    at C:\Users\BIM02\Desktop\ServerKT\routes\restful.js:97:19
    at dispatch (C:\Users\BIM02\Desktop\ServerKT\node_modules\koa-router\node_modules\koa-compose\index.js:44:32)
    at next (C:\Users\BIM02\Desktop\ServerKT\node_modules\koa-router\node_modules\koa-compose\index.js:45:18)
    at C:\Users\BIM02\Desktop\ServerKT\node_modules\koa-router\lib\router.js:346:16
    at dispatch (C:\Users\BIM02\Desktop\ServerKT\node_modules\koa-router\node_modules\koa-compose\index.js:44:32)
    at C:\Users\BIM02\Desktop\ServerKT\node_modules\koa-router\node_modules\koa-compose\index.js:36:12
    at dispatch (C:\Users\BIM02\Desktop\ServerKT\node_modules\koa-router\lib\router.js:351:31)
    at dispatch (C:\Users\BIM02\Desktop\ServerKT\node_modules\koa-compose\index.js:42:32)
[2020-09-01T16:14:15.991] [ERROR] app - Error: Undefined binding(s) detected when compiling SELECT. Undefined column(s): [user.id] query: select `avatar`, `phone`, `name`, `user` from `user` where `user`.`id` = ? limit ?
    at QueryCompiler_MySQL.toSQL (C:\Users\BIM02\Desktop\ServerKT\node_modules\knex\lib\query\compiler.js:99:13)
    at Builder.toSQL (C:\Users\BIM02\Desktop\ServerKT\node_modules\knex\lib\query\builder.js:72:44)
    at C:\Users\BIM02\Desktop\ServerKT\node_modules\knex\lib\runner.js:31:36
    at C:\Users\BIM02\Desktop\ServerKT\node_modules\knex\lib\runner.js:260:24
    at processTicksAndRejections (internal/process/task_queues.js:93:5)
From previous event:
    at processImmediate (internal/timers.js:458:21)
From previous event:
    at Sync.<anonymous> (C:\Users\BIM02\Desktop\ServerKT\node_modules\bookshelf\lib\sync.js:204:8)
From previous event:
    at Sync.<anonymous> (C:\Users\BIM02\Desktop\ServerKT\node_modules\bookshelf\lib\sync.js:66:17)
    at Child.<anonymous> (C:\Users\BIM02\Desktop\ServerKT\node_modules\bookshelf\lib\model.js:713:12)
    at Child.fetch (C:\Users\BIM02\Desktop\ServerKT\node_modules\bookshelf\lib\model.js:702:19)
    at GetUserInfo (C:\Users\BIM02\Desktop\ServerKT\restful\v0\sessions.js:179:6)
    at Object.out.Get (C:\Users\BIM02\Desktop\ServerKT\restful\v0\sessions.js:216:22)
    at RestfulAPIMethods.<computed> (C:\Users\BIM02\Desktop\ServerKT\routes\restful.js:32:60)
    at dispatch (C:\Users\BIM02\Desktop\ServerKT\node_modules\koa-router\node_modules\koa-compose\index.js:44:32)
    at next (C:\Users\BIM02\Desktop\ServerKT\node_modules\koa-router\node_modules\koa-compose\index.js:45:18)
    at module.exports (C:\Users\BIM02\Desktop\ServerKT\middlewares\authRouter.js:13:10)
    at dispatch (C:\Users\BIM02\Desktop\ServerKT\node_modules\koa-router\node_modules\koa-compose\index.js:44:32)
    at next (C:\Users\BIM02\Desktop\ServerKT\node_modules\koa-router\node_modules\koa-compose\index.js:45:18)
    at C:\Users\BIM02\Desktop\ServerKT\node_modules\koa-router\lib\router.js:346:16
    at dispatch (C:\Users\BIM02\Desktop\ServerKT\node_modules\koa-router\node_modules\koa-compose\index.js:44:32)
    at next (C:\Users\BIM02\Desktop\ServerKT\node_modules\koa-router\node_modules\koa-compose\index.js:45:18)
    at C:\Users\BIM02\Desktop\ServerKT\routes\restful.js:97:19
From previous event:
    at Child.<anonymous> (C:\Users\BIM02\Desktop\ServerKT\node_modules\bookshelf\lib\model.js:713:12)
From previous event:
    at Child.fetch (C:\Users\BIM02\Desktop\ServerKT\node_modules\bookshelf\lib\model.js:702:19)
    at GetUserInfo (C:\Users\BIM02\Desktop\ServerKT\restful\v0\sessions.js:179:6)
    at Object.out.Get (C:\Users\BIM02\Desktop\ServerKT\restful\v0\sessions.js:216:22)
    at RestfulAPIMethods.<computed> (C:\Users\BIM02\Desktop\ServerKT\routes\restful.js:32:60)
    at dispatch (C:\Users\BIM02\Desktop\ServerKT\node_modules\koa-router\node_modules\koa-compose\index.js:44:32)
    at next (C:\Users\BIM02\Desktop\ServerKT\node_modules\koa-router\node_modules\koa-compose\index.js:45:18)
    at module.exports (C:\Users\BIM02\Desktop\ServerKT\middlewares\authRouter.js:13:10)
    at dispatch (C:\Users\BIM02\Desktop\ServerKT\node_modules\koa-router\node_modules\koa-compose\index.js:44:32)
    at next (C:\Users\BIM02\Desktop\ServerKT\node_modules\koa-router\node_modules\koa-compose\index.js:45:18)
    at C:\Users\BIM02\Desktop\ServerKT\node_modules\koa-router\lib\router.js:346:16
    at dispatch (C:\Users\BIM02\Desktop\ServerKT\node_modules\koa-router\node_modules\koa-compose\index.js:44:32)
    at next (C:\Users\BIM02\Desktop\ServerKT\node_modules\koa-router\node_modules\koa-compose\index.js:45:18)
    at C:\Users\BIM02\Desktop\ServerKT\routes\restful.js:97:19
    at dispatch (C:\Users\BIM02\Desktop\ServerKT\node_modules\koa-router\node_modules\koa-compose\index.js:44:32)
    at next (C:\Users\BIM02\Desktop\ServerKT\node_modules\koa-router\node_modules\koa-compose\index.js:45:18)
    at C:\Users\BIM02\Desktop\ServerKT\node_modules\koa-router\lib\router.js:346:16
    at dispatch (C:\Users\BIM02\Desktop\ServerKT\node_modules\koa-router\node_modules\koa-compose\index.js:44:32)
    at C:\Users\BIM02\Desktop\ServerKT\node_modules\koa-router\node_modules\koa-compose\index.js:36:12
    at dispatch (C:\Users\BIM02\Desktop\ServerKT\node_modules\koa-router\lib\router.js:351:31)
    at dispatch (C:\Users\BIM02\Desktop\ServerKT\node_modules\koa-compose\index.js:42:32)
[2020-09-01T16:14:16.031] [ERROR] app - Error: Undefined binding(s) detected when compiling SELECT. Undefined column(s): [user.id] query: select `avatar`, `phone`, `name`, `user` from `user` where `user`.`id` = ? limit ?
    at QueryCompiler_MySQL.toSQL (C:\Users\BIM02\Desktop\ServerKT\node_modules\knex\lib\query\compiler.js:99:13)
    at Builder.toSQL (C:\Users\BIM02\Desktop\ServerKT\node_modules\knex\lib\query\builder.js:72:44)
    at C:\Users\BIM02\Desktop\ServerKT\node_modules\knex\lib\runner.js:31:36
    at C:\Users\BIM02\Desktop\ServerKT\node_modules\knex\lib\runner.js:260:24
From previous event:
    at processImmediate (internal/timers.js:458:21)
From previous event:
    at Sync.<anonymous> (C:\Users\BIM02\Desktop\ServerKT\node_modules\bookshelf\lib\sync.js:204:8)
From previous event:
    at Sync.<anonymous> (C:\Users\BIM02\Desktop\ServerKT\node_modules\bookshelf\lib\sync.js:66:17)
    at Child.<anonymous> (C:\Users\BIM02\Desktop\ServerKT\node_modules\bookshelf\lib\model.js:713:12)
    at Child.fetch (C:\Users\BIM02\Desktop\ServerKT\node_modules\bookshelf\lib\model.js:702:19)
    at GetUserInfo (C:\Users\BIM02\Desktop\ServerKT\restful\v0\sessions.js:179:6)
    at Object.out.Get (C:\Users\BIM02\Desktop\ServerKT\restful\v0\sessions.js:216:22)
    at RestfulAPIMethods.<computed> (C:\Users\BIM02\Desktop\ServerKT\routes\restful.js:32:60)
    at dispatch (C:\Users\BIM02\Desktop\ServerKT\node_modules\koa-router\node_modules\koa-compose\index.js:44:32)
    at next (C:\Users\BIM02\Desktop\ServerKT\node_modules\koa-router\node_modules\koa-compose\index.js:45:18)
    at module.exports (C:\Users\BIM02\Desktop\ServerKT\middlewares\authRouter.js:13:10)
    at dispatch (C:\Users\BIM02\Desktop\ServerKT\node_modules\koa-router\node_modules\koa-compose\index.js:44:32)
    at next (C:\Users\BIM02\Desktop\ServerKT\node_modules\koa-router\node_modules\koa-compose\index.js:45:18)
    at C:\Users\BIM02\Desktop\ServerKT\node_modules\koa-router\lib\router.js:346:16
    at dispatch (C:\Users\BIM02\Desktop\ServerKT\node_modules\koa-router\node_modules\koa-compose\index.js:44:32)
    at next (C:\Users\BIM02\Desktop\ServerKT\node_modules\koa-router\node_modules\koa-compose\index.js:45:18)
    at C:\Users\BIM02\Desktop\ServerKT\routes\restful.js:97:19
From previous event:
    at Child.<anonymous> (C:\Users\BIM02\Desktop\ServerKT\node_modules\bookshelf\lib\model.js:713:12)
From previous event:
    at Child.fetch (C:\Users\BIM02\Desktop\ServerKT\node_modules\bookshelf\lib\model.js:702:19)
    at GetUserInfo (C:\Users\BIM02\Desktop\ServerKT\restful\v0\sessions.js:179:6)
    at Object.out.Get (C:\Users\BIM02\Desktop\ServerKT\restful\v0\sessions.js:216:22)
    at RestfulAPIMethods.<computed> (C:\Users\BIM02\Desktop\ServerKT\routes\restful.js:32:60)
    at dispatch (C:\Users\BIM02\Desktop\ServerKT\node_modules\koa-router\node_modules\koa-compose\index.js:44:32)
    at next (C:\Users\BIM02\Desktop\ServerKT\node_modules\koa-router\node_modules\koa-compose\index.js:45:18)
    at module.exports (C:\Users\BIM02\Desktop\ServerKT\middlewares\authRouter.js:13:10)
    at dispatch (C:\Users\BIM02\Desktop\ServerKT\node_modules\koa-router\node_modules\koa-compose\index.js:44:32)
    at next (C:\Users\BIM02\Desktop\ServerKT\node_modules\koa-router\node_modules\koa-compose\index.js:45:18)
    at C:\Users\BIM02\Desktop\ServerKT\node_modules\koa-router\lib\router.js:346:16
    at dispatch (C:\Users\BIM02\Desktop\ServerKT\node_modules\koa-router\node_modules\koa-compose\index.js:44:32)
    at next (C:\Users\BIM02\Desktop\ServerKT\node_modules\koa-router\node_modules\koa-compose\index.js:45:18)
    at C:\Users\BIM02\Desktop\ServerKT\routes\restful.js:97:19
    at dispatch (C:\Users\BIM02\Desktop\ServerKT\node_modules\koa-router\node_modules\koa-compose\index.js:44:32)
    at next (C:\Users\BIM02\Desktop\ServerKT\node_modules\koa-router\node_modules\koa-compose\index.js:45:18)
    at C:\Users\BIM02\Desktop\ServerKT\node_modules\koa-router\lib\router.js:346:16
    at dispatch (C:\Users\BIM02\Desktop\ServerKT\node_modules\koa-router\node_modules\koa-compose\index.js:44:32)
    at C:\Users\BIM02\Desktop\ServerKT\node_modules\koa-router\node_modules\koa-compose\index.js:36:12
    at dispatch (C:\Users\BIM02\Desktop\ServerKT\node_modules\koa-router\lib\router.js:351:31)
    at dispatch (C:\Users\BIM02\Desktop\ServerKT\node_modules\koa-compose\index.js:42:32)
[2020-09-01T16:16:40.476] [ERROR] app - Error: Undefined binding(s) detected when compiling SELECT. Undefined column(s): [user.id] query: select `avatar`, `phone`, `name`, `user` from `user` where `user`.`id` = ? limit ?
    at QueryCompiler_MySQL.toSQL (C:\Users\BIM02\Desktop\ServerKT\node_modules\knex\lib\query\compiler.js:99:13)
    at Builder.toSQL (C:\Users\BIM02\Desktop\ServerKT\node_modules\knex\lib\query\builder.js:72:44)
    at C:\Users\BIM02\Desktop\ServerKT\node_modules\knex\lib\runner.js:31:36
    at C:\Users\BIM02\Desktop\ServerKT\node_modules\knex\lib\runner.js:260:24
    at processTicksAndRejections (internal/process/task_queues.js:93:5)
From previous event:
    at processImmediate (internal/timers.js:458:21)
From previous event:
    at Sync.<anonymous> (C:\Users\BIM02\Desktop\ServerKT\node_modules\bookshelf\lib\sync.js:204:8)
From previous event:
    at Sync.<anonymous> (C:\Users\BIM02\Desktop\ServerKT\node_modules\bookshelf\lib\sync.js:66:17)
    at Child.<anonymous> (C:\Users\BIM02\Desktop\ServerKT\node_modules\bookshelf\lib\model.js:713:12)
    at Child.fetch (C:\Users\BIM02\Desktop\ServerKT\node_modules\bookshelf\lib\model.js:702:19)
    at GetUserInfo (C:\Users\BIM02\Desktop\ServerKT\restful\v0\sessions.js:179:6)
    at Object.out.Get (C:\Users\BIM02\Desktop\ServerKT\restful\v0\sessions.js:216:22)
    at RestfulAPIMethods.<computed> (C:\Users\BIM02\Desktop\ServerKT\routes\restful.js:32:60)
    at dispatch (C:\Users\BIM02\Desktop\ServerKT\node_modules\koa-router\node_modules\koa-compose\index.js:44:32)
    at next (C:\Users\BIM02\Desktop\ServerKT\node_modules\koa-router\node_modules\koa-compose\index.js:45:18)
    at module.exports (C:\Users\BIM02\Desktop\ServerKT\middlewares\authRouter.js:13:10)
    at dispatch (C:\Users\BIM02\Desktop\ServerKT\node_modules\koa-router\node_modules\koa-compose\index.js:44:32)
    at next (C:\Users\BIM02\Desktop\ServerKT\node_modules\koa-router\node_modules\koa-compose\index.js:45:18)
    at C:\Users\BIM02\Desktop\ServerKT\node_modules\koa-router\lib\router.js:346:16
    at dispatch (C:\Users\BIM02\Desktop\ServerKT\node_modules\koa-router\node_modules\koa-compose\index.js:44:32)
    at next (C:\Users\BIM02\Desktop\ServerKT\node_modules\koa-router\node_modules\koa-compose\index.js:45:18)
    at C:\Users\BIM02\Desktop\ServerKT\routes\restful.js:97:19
From previous event:
    at Child.<anonymous> (C:\Users\BIM02\Desktop\ServerKT\node_modules\bookshelf\lib\model.js:713:12)
From previous event:
    at Child.fetch (C:\Users\BIM02\Desktop\ServerKT\node_modules\bookshelf\lib\model.js:702:19)
    at GetUserInfo (C:\Users\BIM02\Desktop\ServerKT\restful\v0\sessions.js:179:6)
    at Object.out.Get (C:\Users\BIM02\Desktop\ServerKT\restful\v0\sessions.js:216:22)
    at RestfulAPIMethods.<computed> (C:\Users\BIM02\Desktop\ServerKT\routes\restful.js:32:60)
    at dispatch (C:\Users\BIM02\Desktop\ServerKT\node_modules\koa-router\node_modules\koa-compose\index.js:44:32)
    at next (C:\Users\BIM02\Desktop\ServerKT\node_modules\koa-router\node_modules\koa-compose\index.js:45:18)
    at module.exports (C:\Users\BIM02\Desktop\ServerKT\middlewares\authRouter.js:13:10)
    at dispatch (C:\Users\BIM02\Desktop\ServerKT\node_modules\koa-router\node_modules\koa-compose\index.js:44:32)
    at next (C:\Users\BIM02\Desktop\ServerKT\node_modules\koa-router\node_modules\koa-compose\index.js:45:18)
    at C:\Users\BIM02\Desktop\ServerKT\node_modules\koa-router\lib\router.js:346:16
    at dispatch (C:\Users\BIM02\Desktop\ServerKT\node_modules\koa-router\node_modules\koa-compose\index.js:44:32)
    at next (C:\Users\BIM02\Desktop\ServerKT\node_modules\koa-router\node_modules\koa-compose\index.js:45:18)
    at C:\Users\BIM02\Desktop\ServerKT\routes\restful.js:97:19
    at dispatch (C:\Users\BIM02\Desktop\ServerKT\node_modules\koa-router\node_modules\koa-compose\index.js:44:32)
    at next (C:\Users\BIM02\Desktop\ServerKT\node_modules\koa-router\node_modules\koa-compose\index.js:45:18)
    at C:\Users\BIM02\Desktop\ServerKT\node_modules\koa-router\lib\router.js:346:16
    at dispatch (C:\Users\BIM02\Desktop\ServerKT\node_modules\koa-router\node_modules\koa-compose\index.js:44:32)
    at C:\Users\BIM02\Desktop\ServerKT\node_modules\koa-router\node_modules\koa-compose\index.js:36:12
    at dispatch (C:\Users\BIM02\Desktop\ServerKT\node_modules\koa-router\lib\router.js:351:31)
    at dispatch (C:\Users\BIM02\Desktop\ServerKT\node_modules\koa-compose\index.js:42:32)
[2020-09-01T16:16:40.516] [ERROR] app - Error: Undefined binding(s) detected when compiling SELECT. Undefined column(s): [user.id] query: select `avatar`, `phone`, `name`, `user` from `user` where `user`.`id` = ? limit ?
    at QueryCompiler_MySQL.toSQL (C:\Users\BIM02\Desktop\ServerKT\node_modules\knex\lib\query\compiler.js:99:13)
    at Builder.toSQL (C:\Users\BIM02\Desktop\ServerKT\node_modules\knex\lib\query\builder.js:72:44)
    at C:\Users\BIM02\Desktop\ServerKT\node_modules\knex\lib\runner.js:31:36
    at C:\Users\BIM02\Desktop\ServerKT\node_modules\knex\lib\runner.js:260:24
From previous event:
    at processImmediate (internal/timers.js:458:21)
From previous event:
    at Sync.<anonymous> (C:\Users\BIM02\Desktop\ServerKT\node_modules\bookshelf\lib\sync.js:204:8)
From previous event:
    at Sync.<anonymous> (C:\Users\BIM02\Desktop\ServerKT\node_modules\bookshelf\lib\sync.js:66:17)
    at Child.<anonymous> (C:\Users\BIM02\Desktop\ServerKT\node_modules\bookshelf\lib\model.js:713:12)
    at Child.fetch (C:\Users\BIM02\Desktop\ServerKT\node_modules\bookshelf\lib\model.js:702:19)
    at GetUserInfo (C:\Users\BIM02\Desktop\ServerKT\restful\v0\sessions.js:179:6)
    at Object.out.Get (C:\Users\BIM02\Desktop\ServerKT\restful\v0\sessions.js:216:22)
    at RestfulAPIMethods.<computed> (C:\Users\BIM02\Desktop\ServerKT\routes\restful.js:32:60)
    at dispatch (C:\Users\BIM02\Desktop\ServerKT\node_modules\koa-router\node_modules\koa-compose\index.js:44:32)
    at next (C:\Users\BIM02\Desktop\ServerKT\node_modules\koa-router\node_modules\koa-compose\index.js:45:18)
    at module.exports (C:\Users\BIM02\Desktop\ServerKT\middlewares\authRouter.js:13:10)
    at dispatch (C:\Users\BIM02\Desktop\ServerKT\node_modules\koa-router\node_modules\koa-compose\index.js:44:32)
    at next (C:\Users\BIM02\Desktop\ServerKT\node_modules\koa-router\node_modules\koa-compose\index.js:45:18)
    at C:\Users\BIM02\Desktop\ServerKT\node_modules\koa-router\lib\router.js:346:16
    at dispatch (C:\Users\BIM02\Desktop\ServerKT\node_modules\koa-router\node_modules\koa-compose\index.js:44:32)
    at next (C:\Users\BIM02\Desktop\ServerKT\node_modules\koa-router\node_modules\koa-compose\index.js:45:18)
    at C:\Users\BIM02\Desktop\ServerKT\routes\restful.js:97:19
From previous event:
    at Child.<anonymous> (C:\Users\BIM02\Desktop\ServerKT\node_modules\bookshelf\lib\model.js:713:12)
From previous event:
    at Child.fetch (C:\Users\BIM02\Desktop\ServerKT\node_modules\bookshelf\lib\model.js:702:19)
    at GetUserInfo (C:\Users\BIM02\Desktop\ServerKT\restful\v0\sessions.js:179:6)
    at Object.out.Get (C:\Users\BIM02\Desktop\ServerKT\restful\v0\sessions.js:216:22)
    at RestfulAPIMethods.<computed> (C:\Users\BIM02\Desktop\ServerKT\routes\restful.js:32:60)
    at dispatch (C:\Users\BIM02\Desktop\ServerKT\node_modules\koa-router\node_modules\koa-compose\index.js:44:32)
    at next (C:\Users\BIM02\Desktop\ServerKT\node_modules\koa-router\node_modules\koa-compose\index.js:45:18)
    at module.exports (C:\Users\BIM02\Desktop\ServerKT\middlewares\authRouter.js:13:10)
    at dispatch (C:\Users\BIM02\Desktop\ServerKT\node_modules\koa-router\node_modules\koa-compose\index.js:44:32)
    at next (C:\Users\BIM02\Desktop\ServerKT\node_modules\koa-router\node_modules\koa-compose\index.js:45:18)
    at C:\Users\BIM02\Desktop\ServerKT\node_modules\koa-router\lib\router.js:346:16
    at dispatch (C:\Users\BIM02\Desktop\ServerKT\node_modules\koa-router\node_modules\koa-compose\index.js:44:32)
    at next (C:\Users\BIM02\Desktop\ServerKT\node_modules\koa-router\node_modules\koa-compose\index.js:45:18)
    at C:\Users\BIM02\Desktop\ServerKT\routes\restful.js:97:19
    at dispatch (C:\Users\BIM02\Desktop\ServerKT\node_modules\koa-router\node_modules\koa-compose\index.js:44:32)
    at next (C:\Users\BIM02\Desktop\ServerKT\node_modules\koa-router\node_modules\koa-compose\index.js:45:18)
    at C:\Users\BIM02\Desktop\ServerKT\node_modules\koa-router\lib\router.js:346:16
    at dispatch (C:\Users\BIM02\Desktop\ServerKT\node_modules\koa-router\node_modules\koa-compose\index.js:44:32)
    at C:\Users\BIM02\Desktop\ServerKT\node_modules\koa-router\node_modules\koa-compose\index.js:36:12
    at dispatch (C:\Users\BIM02\Desktop\ServerKT\node_modules\koa-router\lib\router.js:351:31)
    at dispatch (C:\Users\BIM02\Desktop\ServerKT\node_modules\koa-compose\index.js:42:32)
[2020-09-01T16:17:37.781] [ERROR] app - Error: Undefined binding(s) detected when compiling SELECT. Undefined column(s): [user.id] query: select `avatar`, `phone`, `name`, `user` from `user` where `user`.`id` = ? limit ?
    at QueryCompiler_MySQL.toSQL (C:\Users\BIM02\Desktop\ServerKT\node_modules\knex\lib\query\compiler.js:99:13)
    at Builder.toSQL (C:\Users\BIM02\Desktop\ServerKT\node_modules\knex\lib\query\builder.js:72:44)
    at C:\Users\BIM02\Desktop\ServerKT\node_modules\knex\lib\runner.js:31:36
    at C:\Users\BIM02\Desktop\ServerKT\node_modules\knex\lib\runner.js:260:24
    at processTicksAndRejections (internal/process/task_queues.js:93:5)
From previous event:
    at processImmediate (internal/timers.js:458:21)
From previous event:
    at Sync.<anonymous> (C:\Users\BIM02\Desktop\ServerKT\node_modules\bookshelf\lib\sync.js:204:8)
From previous event:
    at Sync.<anonymous> (C:\Users\BIM02\Desktop\ServerKT\node_modules\bookshelf\lib\sync.js:66:17)
    at Child.<anonymous> (C:\Users\BIM02\Desktop\ServerKT\node_modules\bookshelf\lib\model.js:713:12)
    at Child.fetch (C:\Users\BIM02\Desktop\ServerKT\node_modules\bookshelf\lib\model.js:702:19)
    at GetUserInfo (C:\Users\BIM02\Desktop\ServerKT\restful\v0\sessions.js:179:6)
    at Object.out.Get (C:\Users\BIM02\Desktop\ServerKT\restful\v0\sessions.js:216:22)
    at RestfulAPIMethods.<computed> (C:\Users\BIM02\Desktop\ServerKT\routes\restful.js:32:60)
    at dispatch (C:\Users\BIM02\Desktop\ServerKT\node_modules\koa-router\node_modules\koa-compose\index.js:44:32)
    at next (C:\Users\BIM02\Desktop\ServerKT\node_modules\koa-router\node_modules\koa-compose\index.js:45:18)
    at module.exports (C:\Users\BIM02\Desktop\ServerKT\middlewares\authRouter.js:13:10)
    at dispatch (C:\Users\BIM02\Desktop\ServerKT\node_modules\koa-router\node_modules\koa-compose\index.js:44:32)
    at next (C:\Users\BIM02\Desktop\ServerKT\node_modules\koa-router\node_modules\koa-compose\index.js:45:18)
    at C:\Users\BIM02\Desktop\ServerKT\node_modules\koa-router\lib\router.js:346:16
    at dispatch (C:\Users\BIM02\Desktop\ServerKT\node_modules\koa-router\node_modules\koa-compose\index.js:44:32)
    at next (C:\Users\BIM02\Desktop\ServerKT\node_modules\koa-router\node_modules\koa-compose\index.js:45:18)
    at C:\Users\BIM02\Desktop\ServerKT\routes\restful.js:97:19
From previous event:
    at Child.<anonymous> (C:\Users\BIM02\Desktop\ServerKT\node_modules\bookshelf\lib\model.js:713:12)
From previous event:
    at Child.fetch (C:\Users\BIM02\Desktop\ServerKT\node_modules\bookshelf\lib\model.js:702:19)
    at GetUserInfo (C:\Users\BIM02\Desktop\ServerKT\restful\v0\sessions.js:179:6)
    at Object.out.Get (C:\Users\BIM02\Desktop\ServerKT\restful\v0\sessions.js:216:22)
    at RestfulAPIMethods.<computed> (C:\Users\BIM02\Desktop\ServerKT\routes\restful.js:32:60)
    at dispatch (C:\Users\BIM02\Desktop\ServerKT\node_modules\koa-router\node_modules\koa-compose\index.js:44:32)
    at next (C:\Users\BIM02\Desktop\ServerKT\node_modules\koa-router\node_modules\koa-compose\index.js:45:18)
    at module.exports (C:\Users\BIM02\Desktop\ServerKT\middlewares\authRouter.js:13:10)
    at dispatch (C:\Users\BIM02\Desktop\ServerKT\node_modules\koa-router\node_modules\koa-compose\index.js:44:32)
    at next (C:\Users\BIM02\Desktop\ServerKT\node_modules\koa-router\node_modules\koa-compose\index.js:45:18)
    at C:\Users\BIM02\Desktop\ServerKT\node_modules\koa-router\lib\router.js:346:16
    at dispatch (C:\Users\BIM02\Desktop\ServerKT\node_modules\koa-router\node_modules\koa-compose\index.js:44:32)
    at next (C:\Users\BIM02\Desktop\ServerKT\node_modules\koa-router\node_modules\koa-compose\index.js:45:18)
    at C:\Users\BIM02\Desktop\ServerKT\routes\restful.js:97:19
    at dispatch (C:\Users\BIM02\Desktop\ServerKT\node_modules\koa-router\node_modules\koa-compose\index.js:44:32)
    at next (C:\Users\BIM02\Desktop\ServerKT\node_modules\koa-router\node_modules\koa-compose\index.js:45:18)
    at C:\Users\BIM02\Desktop\ServerKT\node_modules\koa-router\lib\router.js:346:16
    at dispatch (C:\Users\BIM02\Desktop\ServerKT\node_modules\koa-router\node_modules\koa-compose\index.js:44:32)
    at C:\Users\BIM02\Desktop\ServerKT\node_modules\koa-router\node_modules\koa-compose\index.js:36:12
    at dispatch (C:\Users\BIM02\Desktop\ServerKT\node_modules\koa-router\lib\router.js:351:31)
    at dispatch (C:\Users\BIM02\Desktop\ServerKT\node_modules\koa-compose\index.js:42:32)
[2020-09-01T16:17:37.808] [ERROR] app - Error: Undefined binding(s) detected when compiling SELECT. Undefined column(s): [user.id] query: select `avatar`, `phone`, `name`, `user` from `user` where `user`.`id` = ? limit ?
    at QueryCompiler_MySQL.toSQL (C:\Users\BIM02\Desktop\ServerKT\node_modules\knex\lib\query\compiler.js:99:13)
    at Builder.toSQL (C:\Users\BIM02\Desktop\ServerKT\node_modules\knex\lib\query\builder.js:72:44)
    at C:\Users\BIM02\Desktop\ServerKT\node_modules\knex\lib\runner.js:31:36
    at C:\Users\BIM02\Desktop\ServerKT\node_modules\knex\lib\runner.js:260:24
From previous event:
    at processImmediate (internal/timers.js:458:21)
From previous event:
    at Sync.<anonymous> (C:\Users\BIM02\Desktop\ServerKT\node_modules\bookshelf\lib\sync.js:204:8)
From previous event:
    at Sync.<anonymous> (C:\Users\BIM02\Desktop\ServerKT\node_modules\bookshelf\lib\sync.js:66:17)
    at Child.<anonymous> (C:\Users\BIM02\Desktop\ServerKT\node_modules\bookshelf\lib\model.js:713:12)
    at Child.fetch (C:\Users\BIM02\Desktop\ServerKT\node_modules\bookshelf\lib\model.js:702:19)
    at GetUserInfo (C:\Users\BIM02\Desktop\ServerKT\restful\v0\sessions.js:179:6)
    at Object.out.Get (C:\Users\BIM02\Desktop\ServerKT\restful\v0\sessions.js:216:22)
    at RestfulAPIMethods.<computed> (C:\Users\BIM02\Desktop\ServerKT\routes\restful.js:32:60)
    at dispatch (C:\Users\BIM02\Desktop\ServerKT\node_modules\koa-router\node_modules\koa-compose\index.js:44:32)
    at next (C:\Users\BIM02\Desktop\ServerKT\node_modules\koa-router\node_modules\koa-compose\index.js:45:18)
    at module.exports (C:\Users\BIM02\Desktop\ServerKT\middlewares\authRouter.js:13:10)
    at dispatch (C:\Users\BIM02\Desktop\ServerKT\node_modules\koa-router\node_modules\koa-compose\index.js:44:32)
    at next (C:\Users\BIM02\Desktop\ServerKT\node_modules\koa-router\node_modules\koa-compose\index.js:45:18)
    at C:\Users\BIM02\Desktop\ServerKT\node_modules\koa-router\lib\router.js:346:16
    at dispatch (C:\Users\BIM02\Desktop\ServerKT\node_modules\koa-router\node_modules\koa-compose\index.js:44:32)
    at next (C:\Users\BIM02\Desktop\ServerKT\node_modules\koa-router\node_modules\koa-compose\index.js:45:18)
    at C:\Users\BIM02\Desktop\ServerKT\routes\restful.js:97:19
From previous event:
    at Child.<anonymous> (C:\Users\BIM02\Desktop\ServerKT\node_modules\bookshelf\lib\model.js:713:12)
From previous event:
    at Child.fetch (C:\Users\BIM02\Desktop\ServerKT\node_modules\bookshelf\lib\model.js:702:19)
    at GetUserInfo (C:\Users\BIM02\Desktop\ServerKT\restful\v0\sessions.js:179:6)
    at Object.out.Get (C:\Users\BIM02\Desktop\ServerKT\restful\v0\sessions.js:216:22)
    at RestfulAPIMethods.<computed> (C:\Users\BIM02\Desktop\ServerKT\routes\restful.js:32:60)
    at dispatch (C:\Users\BIM02\Desktop\ServerKT\node_modules\koa-router\node_modules\koa-compose\index.js:44:32)
    at next (C:\Users\BIM02\Desktop\ServerKT\node_modules\koa-router\node_modules\koa-compose\index.js:45:18)
    at module.exports (C:\Users\BIM02\Desktop\ServerKT\middlewares\authRouter.js:13:10)
    at dispatch (C:\Users\BIM02\Desktop\ServerKT\node_modules\koa-router\node_modules\koa-compose\index.js:44:32)
    at next (C:\Users\BIM02\Desktop\ServerKT\node_modules\koa-router\node_modules\koa-compose\index.js:45:18)
    at C:\Users\BIM02\Desktop\ServerKT\node_modules\koa-router\lib\router.js:346:16
    at dispatch (C:\Users\BIM02\Desktop\ServerKT\node_modules\koa-router\node_modules\koa-compose\index.js:44:32)
    at next (C:\Users\BIM02\Desktop\ServerKT\node_modules\koa-router\node_modules\koa-compose\index.js:45:18)
    at C:\Users\BIM02\Desktop\ServerKT\routes\restful.js:97:19
    at dispatch (C:\Users\BIM02\Desktop\ServerKT\node_modules\koa-router\node_modules\koa-compose\index.js:44:32)
    at next (C:\Users\BIM02\Desktop\ServerKT\node_modules\koa-router\node_modules\koa-compose\index.js:45:18)
    at C:\Users\BIM02\Desktop\ServerKT\node_modules\koa-router\lib\router.js:346:16
    at dispatch (C:\Users\BIM02\Desktop\ServerKT\node_modules\koa-router\node_modules\koa-compose\index.js:44:32)
    at C:\Users\BIM02\Desktop\ServerKT\node_modules\koa-router\node_modules\koa-compose\index.js:36:12
    at dispatch (C:\Users\BIM02\Desktop\ServerKT\node_modules\koa-router\lib\router.js:351:31)
    at dispatch (C:\Users\BIM02\Desktop\ServerKT\node_modules\koa-compose\index.js:42:32)
[2020-09-01T16:20:57.515] [ERROR] app - Error: Undefined binding(s) detected when compiling SELECT. Undefined column(s): [user.id] query: select `avatar`, `phone`, `name`, `user` from `user` where `user`.`id` = ? limit ?
    at QueryCompiler_MySQL.toSQL (C:\Users\BIM02\Desktop\ServerKT\node_modules\knex\lib\query\compiler.js:99:13)
    at Builder.toSQL (C:\Users\BIM02\Desktop\ServerKT\node_modules\knex\lib\query\builder.js:72:44)
    at C:\Users\BIM02\Desktop\ServerKT\node_modules\knex\lib\runner.js:31:36
    at C:\Users\BIM02\Desktop\ServerKT\node_modules\knex\lib\runner.js:260:24
    at processTicksAndRejections (internal/process/task_queues.js:93:5)
From previous event:
    at processImmediate (internal/timers.js:458:21)
From previous event:
    at Sync.<anonymous> (C:\Users\BIM02\Desktop\ServerKT\node_modules\bookshelf\lib\sync.js:204:8)
From previous event:
    at Sync.<anonymous> (C:\Users\BIM02\Desktop\ServerKT\node_modules\bookshelf\lib\sync.js:66:17)
    at Child.<anonymous> (C:\Users\BIM02\Desktop\ServerKT\node_modules\bookshelf\lib\model.js:713:12)
    at Child.fetch (C:\Users\BIM02\Desktop\ServerKT\node_modules\bookshelf\lib\model.js:702:19)
    at GetUserInfo (C:\Users\BIM02\Desktop\ServerKT\restful\v0\sessions.js:179:6)
    at Object.out.Get (C:\Users\BIM02\Desktop\ServerKT\restful\v0\sessions.js:216:22)
    at RestfulAPIMethods.<computed> (C:\Users\BIM02\Desktop\ServerKT\routes\restful.js:32:60)
    at dispatch (C:\Users\BIM02\Desktop\ServerKT\node_modules\koa-router\node_modules\koa-compose\index.js:44:32)
    at next (C:\Users\BIM02\Desktop\ServerKT\node_modules\koa-router\node_modules\koa-compose\index.js:45:18)
    at module.exports (C:\Users\BIM02\Desktop\ServerKT\middlewares\authRouter.js:13:10)
    at dispatch (C:\Users\BIM02\Desktop\ServerKT\node_modules\koa-router\node_modules\koa-compose\index.js:44:32)
    at next (C:\Users\BIM02\Desktop\ServerKT\node_modules\koa-router\node_modules\koa-compose\index.js:45:18)
    at C:\Users\BIM02\Desktop\ServerKT\node_modules\koa-router\lib\router.js:346:16
    at dispatch (C:\Users\BIM02\Desktop\ServerKT\node_modules\koa-router\node_modules\koa-compose\index.js:44:32)
    at next (C:\Users\BIM02\Desktop\ServerKT\node_modules\koa-router\node_modules\koa-compose\index.js:45:18)
    at C:\Users\BIM02\Desktop\ServerKT\routes\restful.js:97:19
From previous event:
    at Child.<anonymous> (C:\Users\BIM02\Desktop\ServerKT\node_modules\bookshelf\lib\model.js:713:12)
From previous event:
    at Child.fetch (C:\Users\BIM02\Desktop\ServerKT\node_modules\bookshelf\lib\model.js:702:19)
    at GetUserInfo (C:\Users\BIM02\Desktop\ServerKT\restful\v0\sessions.js:179:6)
    at Object.out.Get (C:\Users\BIM02\Desktop\ServerKT\restful\v0\sessions.js:216:22)
    at RestfulAPIMethods.<computed> (C:\Users\BIM02\Desktop\ServerKT\routes\restful.js:32:60)
    at dispatch (C:\Users\BIM02\Desktop\ServerKT\node_modules\koa-router\node_modules\koa-compose\index.js:44:32)
    at next (C:\Users\BIM02\Desktop\ServerKT\node_modules\koa-router\node_modules\koa-compose\index.js:45:18)
    at module.exports (C:\Users\BIM02\Desktop\ServerKT\middlewares\authRouter.js:13:10)
    at dispatch (C:\Users\BIM02\Desktop\ServerKT\node_modules\koa-router\node_modules\koa-compose\index.js:44:32)
    at next (C:\Users\BIM02\Desktop\ServerKT\node_modules\koa-router\node_modules\koa-compose\index.js:45:18)
    at C:\Users\BIM02\Desktop\ServerKT\node_modules\koa-router\lib\router.js:346:16
    at dispatch (C:\Users\BIM02\Desktop\ServerKT\node_modules\koa-router\node_modules\koa-compose\index.js:44:32)
    at next (C:\Users\BIM02\Desktop\ServerKT\node_modules\koa-router\node_modules\koa-compose\index.js:45:18)
    at C:\Users\BIM02\Desktop\ServerKT\routes\restful.js:97:19
    at dispatch (C:\Users\BIM02\Desktop\ServerKT\node_modules\koa-router\node_modules\koa-compose\index.js:44:32)
    at next (C:\Users\BIM02\Desktop\ServerKT\node_modules\koa-router\node_modules\koa-compose\index.js:45:18)
    at C:\Users\BIM02\Desktop\ServerKT\node_modules\koa-router\lib\router.js:346:16
    at dispatch (C:\Users\BIM02\Desktop\ServerKT\node_modules\koa-router\node_modules\koa-compose\index.js:44:32)
    at C:\Users\BIM02\Desktop\ServerKT\node_modules\koa-router\node_modules\koa-compose\index.js:36:12
    at dispatch (C:\Users\BIM02\Desktop\ServerKT\node_modules\koa-router\lib\router.js:351:31)
    at dispatch (C:\Users\BIM02\Desktop\ServerKT\node_modules\koa-compose\index.js:42:32)
[2020-09-01T16:20:57.527] [ERROR] app - Error: Undefined binding(s) detected when compiling SELECT. Undefined column(s): [user.id] query: select `avatar`, `phone`, `name`, `user` from `user` where `user`.`id` = ? limit ?
    at QueryCompiler_MySQL.toSQL (C:\Users\BIM02\Desktop\ServerKT\node_modules\knex\lib\query\compiler.js:99:13)
    at Builder.toSQL (C:\Users\BIM02\Desktop\ServerKT\node_modules\knex\lib\query\builder.js:72:44)
    at C:\Users\BIM02\Desktop\ServerKT\node_modules\knex\lib\runner.js:31:36
    at C:\Users\BIM02\Desktop\ServerKT\node_modules\knex\lib\runner.js:260:24
    at processTicksAndRejections (internal/process/task_queues.js:93:5)
From previous event:
    at processImmediate (internal/timers.js:458:21)
From previous event:
    at Sync.<anonymous> (C:\Users\BIM02\Desktop\ServerKT\node_modules\bookshelf\lib\sync.js:204:8)
From previous event:
    at Sync.<anonymous> (C:\Users\BIM02\Desktop\ServerKT\node_modules\bookshelf\lib\sync.js:66:17)
    at Child.<anonymous> (C:\Users\BIM02\Desktop\ServerKT\node_modules\bookshelf\lib\model.js:713:12)
    at Child.fetch (C:\Users\BIM02\Desktop\ServerKT\node_modules\bookshelf\lib\model.js:702:19)
    at GetUserInfo (C:\Users\BIM02\Desktop\ServerKT\restful\v0\sessions.js:179:6)
    at Object.out.Get (C:\Users\BIM02\Desktop\ServerKT\restful\v0\sessions.js:216:22)
    at RestfulAPIMethods.<computed> (C:\Users\BIM02\Desktop\ServerKT\routes\restful.js:32:60)
    at dispatch (C:\Users\BIM02\Desktop\ServerKT\node_modules\koa-router\node_modules\koa-compose\index.js:44:32)
    at next (C:\Users\BIM02\Desktop\ServerKT\node_modules\koa-router\node_modules\koa-compose\index.js:45:18)
    at module.exports (C:\Users\BIM02\Desktop\ServerKT\middlewares\authRouter.js:13:10)
    at dispatch (C:\Users\BIM02\Desktop\ServerKT\node_modules\koa-router\node_modules\koa-compose\index.js:44:32)
    at next (C:\Users\BIM02\Desktop\ServerKT\node_modules\koa-router\node_modules\koa-compose\index.js:45:18)
    at C:\Users\BIM02\Desktop\ServerKT\node_modules\koa-router\lib\router.js:346:16
    at dispatch (C:\Users\BIM02\Desktop\ServerKT\node_modules\koa-router\node_modules\koa-compose\index.js:44:32)
    at next (C:\Users\BIM02\Desktop\ServerKT\node_modules\koa-router\node_modules\koa-compose\index.js:45:18)
    at C:\Users\BIM02\Desktop\ServerKT\routes\restful.js:97:19
From previous event:
    at Child.<anonymous> (C:\Users\BIM02\Desktop\ServerKT\node_modules\bookshelf\lib\model.js:713:12)
From previous event:
    at Child.fetch (C:\Users\BIM02\Desktop\ServerKT\node_modules\bookshelf\lib\model.js:702:19)
    at GetUserInfo (C:\Users\BIM02\Desktop\ServerKT\restful\v0\sessions.js:179:6)
    at Object.out.Get (C:\Users\BIM02\Desktop\ServerKT\restful\v0\sessions.js:216:22)
    at RestfulAPIMethods.<computed> (C:\Users\BIM02\Desktop\ServerKT\routes\restful.js:32:60)
    at dispatch (C:\Users\BIM02\Desktop\ServerKT\node_modules\koa-router\node_modules\koa-compose\index.js:44:32)
    at next (C:\Users\BIM02\Desktop\ServerKT\node_modules\koa-router\node_modules\koa-compose\index.js:45:18)
    at module.exports (C:\Users\BIM02\Desktop\ServerKT\middlewares\authRouter.js:13:10)
    at dispatch (C:\Users\BIM02\Desktop\ServerKT\node_modules\koa-router\node_modules\koa-compose\index.js:44:32)
    at next (C:\Users\BIM02\Desktop\ServerKT\node_modules\koa-router\node_modules\koa-compose\index.js:45:18)
    at C:\Users\BIM02\Desktop\ServerKT\node_modules\koa-router\lib\router.js:346:16
    at dispatch (C:\Users\BIM02\Desktop\ServerKT\node_modules\koa-router\node_modules\koa-compose\index.js:44:32)
    at next (C:\Users\BIM02\Desktop\ServerKT\node_modules\koa-router\node_modules\koa-compose\index.js:45:18)
    at C:\Users\BIM02\Desktop\ServerKT\routes\restful.js:97:19
    at dispatch (C:\Users\BIM02\Desktop\ServerKT\node_modules\koa-router\node_modules\koa-compose\index.js:44:32)
    at next (C:\Users\BIM02\Desktop\ServerKT\node_modules\koa-router\node_modules\koa-compose\index.js:45:18)
    at C:\Users\BIM02\Desktop\ServerKT\node_modules\koa-router\lib\router.js:346:16
    at dispatch (C:\Users\BIM02\Desktop\ServerKT\node_modules\koa-router\node_modules\koa-compose\index.js:44:32)
    at C:\Users\BIM02\Desktop\ServerKT\node_modules\koa-router\node_modules\koa-compose\index.js:36:12
    at dispatch (C:\Users\BIM02\Desktop\ServerKT\node_modules\koa-router\lib\router.js:351:31)
    at dispatch (C:\Users\BIM02\Desktop\ServerKT\node_modules\koa-compose\index.js:42:32)
[2020-09-01T16:33:04.459] [ERROR] app - Error: Undefined binding(s) detected when compiling SELECT. Undefined column(s): [user.id] query: select `avatar`, `phone`, `name`, `user` from `user` where `user`.`id` = ? limit ?
    at QueryCompiler_MySQL.toSQL (C:\Users\BIM02\Desktop\ServerKT\node_modules\knex\lib\query\compiler.js:99:13)
    at Builder.toSQL (C:\Users\BIM02\Desktop\ServerKT\node_modules\knex\lib\query\builder.js:72:44)
    at C:\Users\BIM02\Desktop\ServerKT\node_modules\knex\lib\runner.js:31:36
    at C:\Users\BIM02\Desktop\ServerKT\node_modules\knex\lib\runner.js:260:24
    at processTicksAndRejections (internal/process/task_queues.js:93:5)
From previous event:
    at processImmediate (internal/timers.js:458:21)
From previous event:
    at Sync.<anonymous> (C:\Users\BIM02\Desktop\ServerKT\node_modules\bookshelf\lib\sync.js:204:8)
From previous event:
    at Sync.<anonymous> (C:\Users\BIM02\Desktop\ServerKT\node_modules\bookshelf\lib\sync.js:66:17)
    at Child.<anonymous> (C:\Users\BIM02\Desktop\ServerKT\node_modules\bookshelf\lib\model.js:713:12)
    at Child.fetch (C:\Users\BIM02\Desktop\ServerKT\node_modules\bookshelf\lib\model.js:702:19)
    at GetUserInfo (C:\Users\BIM02\Desktop\ServerKT\restful\v0\sessions.js:179:6)
    at Object.out.Get (C:\Users\BIM02\Desktop\ServerKT\restful\v0\sessions.js:216:22)
    at RestfulAPIMethods.<computed> (C:\Users\BIM02\Desktop\ServerKT\routes\restful.js:32:60)
    at dispatch (C:\Users\BIM02\Desktop\ServerKT\node_modules\koa-router\node_modules\koa-compose\index.js:44:32)
    at next (C:\Users\BIM02\Desktop\ServerKT\node_modules\koa-router\node_modules\koa-compose\index.js:45:18)
    at module.exports (C:\Users\BIM02\Desktop\ServerKT\middlewares\authRouter.js:13:10)
    at dispatch (C:\Users\BIM02\Desktop\ServerKT\node_modules\koa-router\node_modules\koa-compose\index.js:44:32)
    at next (C:\Users\BIM02\Desktop\ServerKT\node_modules\koa-router\node_modules\koa-compose\index.js:45:18)
    at C:\Users\BIM02\Desktop\ServerKT\node_modules\koa-router\lib\router.js:346:16
    at dispatch (C:\Users\BIM02\Desktop\ServerKT\node_modules\koa-router\node_modules\koa-compose\index.js:44:32)
    at next (C:\Users\BIM02\Desktop\ServerKT\node_modules\koa-router\node_modules\koa-compose\index.js:45:18)
    at C:\Users\BIM02\Desktop\ServerKT\routes\restful.js:97:19
From previous event:
    at Child.<anonymous> (C:\Users\BIM02\Desktop\ServerKT\node_modules\bookshelf\lib\model.js:713:12)
From previous event:
    at Child.fetch (C:\Users\BIM02\Desktop\ServerKT\node_modules\bookshelf\lib\model.js:702:19)
    at GetUserInfo (C:\Users\BIM02\Desktop\ServerKT\restful\v0\sessions.js:179:6)
    at Object.out.Get (C:\Users\BIM02\Desktop\ServerKT\restful\v0\sessions.js:216:22)
    at RestfulAPIMethods.<computed> (C:\Users\BIM02\Desktop\ServerKT\routes\restful.js:32:60)
    at dispatch (C:\Users\BIM02\Desktop\ServerKT\node_modules\koa-router\node_modules\koa-compose\index.js:44:32)
    at next (C:\Users\BIM02\Desktop\ServerKT\node_modules\koa-router\node_modules\koa-compose\index.js:45:18)
    at module.exports (C:\Users\BIM02\Desktop\ServerKT\middlewares\authRouter.js:13:10)
    at dispatch (C:\Users\BIM02\Desktop\ServerKT\node_modules\koa-router\node_modules\koa-compose\index.js:44:32)
    at next (C:\Users\BIM02\Desktop\ServerKT\node_modules\koa-router\node_modules\koa-compose\index.js:45:18)
    at C:\Users\BIM02\Desktop\ServerKT\node_modules\koa-router\lib\router.js:346:16
    at dispatch (C:\Users\BIM02\Desktop\ServerKT\node_modules\koa-router\node_modules\koa-compose\index.js:44:32)
    at next (C:\Users\BIM02\Desktop\ServerKT\node_modules\koa-router\node_modules\koa-compose\index.js:45:18)
    at C:\Users\BIM02\Desktop\ServerKT\routes\restful.js:97:19
    at dispatch (C:\Users\BIM02\Desktop\ServerKT\node_modules\koa-router\node_modules\koa-compose\index.js:44:32)
    at next (C:\Users\BIM02\Desktop\ServerKT\node_modules\koa-router\node_modules\koa-compose\index.js:45:18)
    at C:\Users\BIM02\Desktop\ServerKT\node_modules\koa-router\lib\router.js:346:16
    at dispatch (C:\Users\BIM02\Desktop\ServerKT\node_modules\koa-router\node_modules\koa-compose\index.js:44:32)
    at C:\Users\BIM02\Desktop\ServerKT\node_modules\koa-router\node_modules\koa-compose\index.js:36:12
    at dispatch (C:\Users\BIM02\Desktop\ServerKT\node_modules\koa-router\lib\router.js:351:31)
    at dispatch (C:\Users\BIM02\Desktop\ServerKT\node_modules\koa-compose\index.js:42:32)
[2020-09-01T16:33:04.499] [ERROR] app - Error: Undefined binding(s) detected when compiling SELECT. Undefined column(s): [user.id] query: select `avatar`, `phone`, `name`, `user` from `user` where `user`.`id` = ? limit ?
    at QueryCompiler_MySQL.toSQL (C:\Users\BIM02\Desktop\ServerKT\node_modules\knex\lib\query\compiler.js:99:13)
    at Builder.toSQL (C:\Users\BIM02\Desktop\ServerKT\node_modules\knex\lib\query\builder.js:72:44)
    at C:\Users\BIM02\Desktop\ServerKT\node_modules\knex\lib\runner.js:31:36
    at C:\Users\BIM02\Desktop\ServerKT\node_modules\knex\lib\runner.js:260:24
From previous event:
    at processImmediate (internal/timers.js:458:21)
From previous event:
    at Sync.<anonymous> (C:\Users\BIM02\Desktop\ServerKT\node_modules\bookshelf\lib\sync.js:204:8)
From previous event:
    at Sync.<anonymous> (C:\Users\BIM02\Desktop\ServerKT\node_modules\bookshelf\lib\sync.js:66:17)
    at Child.<anonymous> (C:\Users\BIM02\Desktop\ServerKT\node_modules\bookshelf\lib\model.js:713:12)
    at Child.fetch (C:\Users\BIM02\Desktop\ServerKT\node_modules\bookshelf\lib\model.js:702:19)
    at GetUserInfo (C:\Users\BIM02\Desktop\ServerKT\restful\v0\sessions.js:179:6)
    at Object.out.Get (C:\Users\BIM02\Desktop\ServerKT\restful\v0\sessions.js:216:22)
    at RestfulAPIMethods.<computed> (C:\Users\BIM02\Desktop\ServerKT\routes\restful.js:32:60)
    at dispatch (C:\Users\BIM02\Desktop\ServerKT\node_modules\koa-router\node_modules\koa-compose\index.js:44:32)
    at next (C:\Users\BIM02\Desktop\ServerKT\node_modules\koa-router\node_modules\koa-compose\index.js:45:18)
    at module.exports (C:\Users\BIM02\Desktop\ServerKT\middlewares\authRouter.js:13:10)
    at dispatch (C:\Users\BIM02\Desktop\ServerKT\node_modules\koa-router\node_modules\koa-compose\index.js:44:32)
    at next (C:\Users\BIM02\Desktop\ServerKT\node_modules\koa-router\node_modules\koa-compose\index.js:45:18)
    at C:\Users\BIM02\Desktop\ServerKT\node_modules\koa-router\lib\router.js:346:16
    at dispatch (C:\Users\BIM02\Desktop\ServerKT\node_modules\koa-router\node_modules\koa-compose\index.js:44:32)
    at next (C:\Users\BIM02\Desktop\ServerKT\node_modules\koa-router\node_modules\koa-compose\index.js:45:18)
    at C:\Users\BIM02\Desktop\ServerKT\routes\restful.js:97:19
From previous event:
    at Child.<anonymous> (C:\Users\BIM02\Desktop\ServerKT\node_modules\bookshelf\lib\model.js:713:12)
From previous event:
    at Child.fetch (C:\Users\BIM02\Desktop\ServerKT\node_modules\bookshelf\lib\model.js:702:19)
    at GetUserInfo (C:\Users\BIM02\Desktop\ServerKT\restful\v0\sessions.js:179:6)
    at Object.out.Get (C:\Users\BIM02\Desktop\ServerKT\restful\v0\sessions.js:216:22)
    at RestfulAPIMethods.<computed> (C:\Users\BIM02\Desktop\ServerKT\routes\restful.js:32:60)
    at dispatch (C:\Users\BIM02\Desktop\ServerKT\node_modules\koa-router\node_modules\koa-compose\index.js:44:32)
    at next (C:\Users\BIM02\Desktop\ServerKT\node_modules\koa-router\node_modules\koa-compose\index.js:45:18)
    at module.exports (C:\Users\BIM02\Desktop\ServerKT\middlewares\authRouter.js:13:10)
    at dispatch (C:\Users\BIM02\Desktop\ServerKT\node_modules\koa-router\node_modules\koa-compose\index.js:44:32)
    at next (C:\Users\BIM02\Desktop\ServerKT\node_modules\koa-router\node_modules\koa-compose\index.js:45:18)
    at C:\Users\BIM02\Desktop\ServerKT\node_modules\koa-router\lib\router.js:346:16
    at dispatch (C:\Users\BIM02\Desktop\ServerKT\node_modules\koa-router\node_modules\koa-compose\index.js:44:32)
    at next (C:\Users\BIM02\Desktop\ServerKT\node_modules\koa-router\node_modules\koa-compose\index.js:45:18)
    at C:\Users\BIM02\Desktop\ServerKT\routes\restful.js:97:19
    at dispatch (C:\Users\BIM02\Desktop\ServerKT\node_modules\koa-router\node_modules\koa-compose\index.js:44:32)
    at next (C:\Users\BIM02\Desktop\ServerKT\node_modules\koa-router\node_modules\koa-compose\index.js:45:18)
    at C:\Users\BIM02\Desktop\ServerKT\node_modules\koa-router\lib\router.js:346:16
    at dispatch (C:\Users\BIM02\Desktop\ServerKT\node_modules\koa-router\node_modules\koa-compose\index.js:44:32)
    at C:\Users\BIM02\Desktop\ServerKT\node_modules\koa-router\node_modules\koa-compose\index.js:36:12
    at dispatch (C:\Users\BIM02\Desktop\ServerKT\node_modules\koa-router\lib\router.js:351:31)
    at dispatch (C:\Users\BIM02\Desktop\ServerKT\node_modules\koa-compose\index.js:42:32)
[2020-09-01T17:14:19.305] [ERROR] app - Error: Undefined binding(s) detected when compiling SELECT. Undefined column(s): [user.id] query: select `avatar`, `phone`, `name`, `user` from `user` where `user`.`id` = ? limit ?
    at QueryCompiler_MySQL.toSQL (C:\Users\BIM02\Desktop\ServerKT\node_modules\knex\lib\query\compiler.js:99:13)
    at Builder.toSQL (C:\Users\BIM02\Desktop\ServerKT\node_modules\knex\lib\query\builder.js:72:44)
    at C:\Users\BIM02\Desktop\ServerKT\node_modules\knex\lib\runner.js:31:36
    at C:\Users\BIM02\Desktop\ServerKT\node_modules\knex\lib\runner.js:260:24
    at processTicksAndRejections (internal/process/task_queues.js:93:5)
From previous event:
    at processImmediate (internal/timers.js:458:21)
From previous event:
    at Sync.<anonymous> (C:\Users\BIM02\Desktop\ServerKT\node_modules\bookshelf\lib\sync.js:204:8)
From previous event:
    at Sync.<anonymous> (C:\Users\BIM02\Desktop\ServerKT\node_modules\bookshelf\lib\sync.js:66:17)
    at Child.<anonymous> (C:\Users\BIM02\Desktop\ServerKT\node_modules\bookshelf\lib\model.js:713:12)
    at Child.fetch (C:\Users\BIM02\Desktop\ServerKT\node_modules\bookshelf\lib\model.js:702:19)
    at GetUserInfo (C:\Users\BIM02\Desktop\ServerKT\restful\v0\sessions.js:179:6)
    at Object.out.Get (C:\Users\BIM02\Desktop\ServerKT\restful\v0\sessions.js:216:22)
    at RestfulAPIMethods.<computed> (C:\Users\BIM02\Desktop\ServerKT\routes\restful.js:32:60)
    at dispatch (C:\Users\BIM02\Desktop\ServerKT\node_modules\koa-router\node_modules\koa-compose\index.js:44:32)
    at next (C:\Users\BIM02\Desktop\ServerKT\node_modules\koa-router\node_modules\koa-compose\index.js:45:18)
    at module.exports (C:\Users\BIM02\Desktop\ServerKT\middlewares\authRouter.js:13:10)
    at dispatch (C:\Users\BIM02\Desktop\ServerKT\node_modules\koa-router\node_modules\koa-compose\index.js:44:32)
    at next (C:\Users\BIM02\Desktop\ServerKT\node_modules\koa-router\node_modules\koa-compose\index.js:45:18)
    at C:\Users\BIM02\Desktop\ServerKT\node_modules\koa-router\lib\router.js:346:16
    at dispatch (C:\Users\BIM02\Desktop\ServerKT\node_modules\koa-router\node_modules\koa-compose\index.js:44:32)
    at next (C:\Users\BIM02\Desktop\ServerKT\node_modules\koa-router\node_modules\koa-compose\index.js:45:18)
    at C:\Users\BIM02\Desktop\ServerKT\routes\restful.js:97:19
From previous event:
    at Child.<anonymous> (C:\Users\BIM02\Desktop\ServerKT\node_modules\bookshelf\lib\model.js:713:12)
From previous event:
    at Child.fetch (C:\Users\BIM02\Desktop\ServerKT\node_modules\bookshelf\lib\model.js:702:19)
    at GetUserInfo (C:\Users\BIM02\Desktop\ServerKT\restful\v0\sessions.js:179:6)
    at Object.out.Get (C:\Users\BIM02\Desktop\ServerKT\restful\v0\sessions.js:216:22)
    at RestfulAPIMethods.<computed> (C:\Users\BIM02\Desktop\ServerKT\routes\restful.js:32:60)
    at dispatch (C:\Users\BIM02\Desktop\ServerKT\node_modules\koa-router\node_modules\koa-compose\index.js:44:32)
    at next (C:\Users\BIM02\Desktop\ServerKT\node_modules\koa-router\node_modules\koa-compose\index.js:45:18)
    at module.exports (C:\Users\BIM02\Desktop\ServerKT\middlewares\authRouter.js:13:10)
    at dispatch (C:\Users\BIM02\Desktop\ServerKT\node_modules\koa-router\node_modules\koa-compose\index.js:44:32)
    at next (C:\Users\BIM02\Desktop\ServerKT\node_modules\koa-router\node_modules\koa-compose\index.js:45:18)
    at C:\Users\BIM02\Desktop\ServerKT\node_modules\koa-router\lib\router.js:346:16
    at dispatch (C:\Users\BIM02\Desktop\ServerKT\node_modules\koa-router\node_modules\koa-compose\index.js:44:32)
    at next (C:\Users\BIM02\Desktop\ServerKT\node_modules\koa-router\node_modules\koa-compose\index.js:45:18)
    at C:\Users\BIM02\Desktop\ServerKT\routes\restful.js:97:19
    at dispatch (C:\Users\BIM02\Desktop\ServerKT\node_modules\koa-router\node_modules\koa-compose\index.js:44:32)
    at next (C:\Users\BIM02\Desktop\ServerKT\node_modules\koa-router\node_modules\koa-compose\index.js:45:18)
    at C:\Users\BIM02\Desktop\ServerKT\node_modules\koa-router\lib\router.js:346:16
    at dispatch (C:\Users\BIM02\Desktop\ServerKT\node_modules\koa-router\node_modules\koa-compose\index.js:44:32)
    at C:\Users\BIM02\Desktop\ServerKT\node_modules\koa-router\node_modules\koa-compose\index.js:36:12
    at dispatch (C:\Users\BIM02\Desktop\ServerKT\node_modules\koa-router\lib\router.js:351:31)
    at dispatch (C:\Users\BIM02\Desktop\ServerKT\node_modules\koa-compose\index.js:42:32)
[2020-09-01T17:14:19.342] [ERROR] app - Error: Undefined binding(s) detected when compiling SELECT. Undefined column(s): [user.id] query: select `avatar`, `phone`, `name`, `user` from `user` where `user`.`id` = ? limit ?
    at QueryCompiler_MySQL.toSQL (C:\Users\BIM02\Desktop\ServerKT\node_modules\knex\lib\query\compiler.js:99:13)
    at Builder.toSQL (C:\Users\BIM02\Desktop\ServerKT\node_modules\knex\lib\query\builder.js:72:44)
    at C:\Users\BIM02\Desktop\ServerKT\node_modules\knex\lib\runner.js:31:36
    at C:\Users\BIM02\Desktop\ServerKT\node_modules\knex\lib\runner.js:260:24
From previous event:
    at processImmediate (internal/timers.js:458:21)
From previous event:
    at Sync.<anonymous> (C:\Users\BIM02\Desktop\ServerKT\node_modules\bookshelf\lib\sync.js:204:8)
From previous event:
    at Sync.<anonymous> (C:\Users\BIM02\Desktop\ServerKT\node_modules\bookshelf\lib\sync.js:66:17)
    at Child.<anonymous> (C:\Users\BIM02\Desktop\ServerKT\node_modules\bookshelf\lib\model.js:713:12)
    at Child.fetch (C:\Users\BIM02\Desktop\ServerKT\node_modules\bookshelf\lib\model.js:702:19)
    at GetUserInfo (C:\Users\BIM02\Desktop\ServerKT\restful\v0\sessions.js:179:6)
    at Object.out.Get (C:\Users\BIM02\Desktop\ServerKT\restful\v0\sessions.js:216:22)
    at RestfulAPIMethods.<computed> (C:\Users\BIM02\Desktop\ServerKT\routes\restful.js:32:60)
    at dispatch (C:\Users\BIM02\Desktop\ServerKT\node_modules\koa-router\node_modules\koa-compose\index.js:44:32)
    at next (C:\Users\BIM02\Desktop\ServerKT\node_modules\koa-router\node_modules\koa-compose\index.js:45:18)
    at module.exports (C:\Users\BIM02\Desktop\ServerKT\middlewares\authRouter.js:13:10)
    at dispatch (C:\Users\BIM02\Desktop\ServerKT\node_modules\koa-router\node_modules\koa-compose\index.js:44:32)
    at next (C:\Users\BIM02\Desktop\ServerKT\node_modules\koa-router\node_modules\koa-compose\index.js:45:18)
    at C:\Users\BIM02\Desktop\ServerKT\node_modules\koa-router\lib\router.js:346:16
    at dispatch (C:\Users\BIM02\Desktop\ServerKT\node_modules\koa-router\node_modules\koa-compose\index.js:44:32)
    at next (C:\Users\BIM02\Desktop\ServerKT\node_modules\koa-router\node_modules\koa-compose\index.js:45:18)
    at C:\Users\BIM02\Desktop\ServerKT\routes\restful.js:97:19
From previous event:
    at Child.<anonymous> (C:\Users\BIM02\Desktop\ServerKT\node_modules\bookshelf\lib\model.js:713:12)
From previous event:
    at Child.fetch (C:\Users\BIM02\Desktop\ServerKT\node_modules\bookshelf\lib\model.js:702:19)
    at GetUserInfo (C:\Users\BIM02\Desktop\ServerKT\restful\v0\sessions.js:179:6)
    at Object.out.Get (C:\Users\BIM02\Desktop\ServerKT\restful\v0\sessions.js:216:22)
    at RestfulAPIMethods.<computed> (C:\Users\BIM02\Desktop\ServerKT\routes\restful.js:32:60)
    at dispatch (C:\Users\BIM02\Desktop\ServerKT\node_modules\koa-router\node_modules\koa-compose\index.js:44:32)
    at next (C:\Users\BIM02\Desktop\ServerKT\node_modules\koa-router\node_modules\koa-compose\index.js:45:18)
    at module.exports (C:\Users\BIM02\Desktop\ServerKT\middlewares\authRouter.js:13:10)
    at dispatch (C:\Users\BIM02\Desktop\ServerKT\node_modules\koa-router\node_modules\koa-compose\index.js:44:32)
    at next (C:\Users\BIM02\Desktop\ServerKT\node_modules\koa-router\node_modules\koa-compose\index.js:45:18)
    at C:\Users\BIM02\Desktop\ServerKT\node_modules\koa-router\lib\router.js:346:16
    at dispatch (C:\Users\BIM02\Desktop\ServerKT\node_modules\koa-router\node_modules\koa-compose\index.js:44:32)
    at next (C:\Users\BIM02\Desktop\ServerKT\node_modules\koa-router\node_modules\koa-compose\index.js:45:18)
    at C:\Users\BIM02\Desktop\ServerKT\routes\restful.js:97:19
    at dispatch (C:\Users\BIM02\Desktop\ServerKT\node_modules\koa-router\node_modules\koa-compose\index.js:44:32)
    at next (C:\Users\BIM02\Desktop\ServerKT\node_modules\koa-router\node_modules\koa-compose\index.js:45:18)
    at C:\Users\BIM02\Desktop\ServerKT\node_modules\koa-router\lib\router.js:346:16
    at dispatch (C:\Users\BIM02\Desktop\ServerKT\node_modules\koa-router\node_modules\koa-compose\index.js:44:32)
    at C:\Users\BIM02\Desktop\ServerKT\node_modules\koa-router\node_modules\koa-compose\index.js:36:12
    at dispatch (C:\Users\BIM02\Desktop\ServerKT\node_modules\koa-router\lib\router.js:351:31)
    at dispatch (C:\Users\BIM02\Desktop\ServerKT\node_modules\koa-compose\index.js:42:32)
