[2020-07-11T08:32:32.953] [ERROR] app - 登录已过期
[2020-07-11T08:32:32.957] [ERROR] app - 登录已过期
[2020-07-11T08:32:36.861] [ERROR] app - 登录已过期
[2020-07-11T08:32:52.249] [ERROR] app - TypeError: ctx.userlog.warning is not a function
    at B.transaction.catch.e (C:\Users\BIM02\Desktop\ServerKT\restful\v0\users.js:92:23)
    at process._tickCallback (internal/process/next_tick.js:68:7)
[2020-07-11T08:34:23.367] [ERROR] app - { key: 'phone', error: '电话号码已存在' }
[2020-07-11T08:34:57.421] [ERROR] app - { key: 'phone', error: '电话号码已存在' }
[2020-07-11T08:35:13.282] [ERROR] app - { key: 'phone', error: '电话号码已存在' }
[2020-07-11T08:35:15.964] [ERROR] app - { key: 'phone', error: '电话号码已存在' }
[2020-07-11T08:40:19.488] [ERROR] app - { key: 'phone', error: '电话号码已存在' }
[2020-07-11T08:40:20.799] [ERROR] app - { key: 'phone', error: '电话号码已存在' }
[2020-07-11T08:47:15.147] [ERROR] app - { key: 'phone', error: '电话号码已存在' }
[2020-07-11T09:13:33.256] [ERROR] app - 登录已过期
[2020-07-11T10:27:19.152] [ERROR] app - 没有访问权限
[2020-07-11T10:27:19.158] [ERROR] app - 没有访问权限
[2020-07-11T10:27:25.889] [ERROR] app - 没有访问权限
[2020-07-11T10:27:25.908] [ERROR] app - 没有访问权限
[2020-07-11T10:27:34.053] [ERROR] app - 没有访问权限
[2020-07-11T10:27:35.873] [ERROR] app - 没有访问权限
[2020-07-11T10:27:36.690] [ERROR] app - 没有访问权限
[2020-07-11T10:27:39.317] [ERROR] app - 没有访问权限
[2020-07-11T10:27:40.699] [ERROR] app - 没有访问权限
[2020-07-11T10:27:50.470] [ERROR] app - 没有访问权限
[2020-07-11T10:31:54.725] [ERROR] app - 没有访问权限
[2020-07-11T10:31:54.732] [ERROR] app - 没有访问权限
[2020-07-11T10:31:57.408] [ERROR] app - 没有访问权限
[2020-07-11T10:31:57.413] [ERROR] app - 没有访问权限
[2020-07-11T10:32:16.453] [ERROR] app - 没有访问权限
[2020-07-11T10:32:16.458] [ERROR] app - 没有访问权限
[2020-07-11T10:32:38.964] [ERROR] app - 没有访问权限
