[2020-12-01T00:05:59.527] [INFO] req - ::1 - - "OPTIONS /rss HTTP/1.1" 204 - "http://localhost/" "Mozilla/5.0 (Windows NT 10.0; Win64; x64) AppleWebKit/537.36 (KHTML, like Gecko) Chrome/87.0.4280.66 Safari/537.36"
[2020-12-01T00:05:59.679] [INFO] req - ::1 - - "GET /rss HTTP/1.1" 200 495 "http://localhost/" "Mozilla/5.0 (Windows NT 10.0; Win64; x64) AppleWebKit/537.36 (KHTML, like Gecko) Chrome/87.0.4280.66 Safari/537.36"
[2020-12-01T00:40:17.765] [INFO] req - ::1 - - "OPTIONS /settings/login HTTP/1.1" 204 - "http://localhost/" "Mozilla/5.0 (Windows NT 10.0; Win64; x64) AppleWebKit/537.36 (KHTML, like Gecko) Chrome/87.0.4280.66 Safari/537.36"
[2020-12-01T00:40:17.765] [INFO] req - ::1 - - "OPTIONS /sessions/current HTTP/1.1" 204 - "http://localhost/" "Mozilla/5.0 (Windows NT 10.0; Win64; x64) AppleWebKit/537.36 (KHTML, like Gecko) Chrome/87.0.4280.66 Safari/537.36"
[2020-12-01T00:40:17.766] [INFO] req - ::1 - - "OPTIONS /sessions/current HTTP/1.1" 204 - "http://localhost/" "Mozilla/5.0 (Windows NT 10.0; Win64; x64) AppleWebKit/537.36 (KHTML, like Gecko) Chrome/87.0.4280.66 Safari/537.36"
[2020-12-01T00:40:17.767] [INFO] req - ::1 - - "GET /settings/login HTTP/1.1" 200 88 "http://localhost/" "Mozilla/5.0 (Windows NT 10.0; Win64; x64) AppleWebKit/537.36 (KHTML, like Gecko) Chrome/87.0.4280.66 Safari/537.36"
[2020-12-01T00:40:18.301] [INFO] req - ::1 - - "GET /sessions/current HTTP/1.1" 200 12303 "http://localhost/" "Mozilla/5.0 (Windows NT 10.0; Win64; x64) AppleWebKit/537.36 (KHTML, like Gecko) Chrome/87.0.4280.66 Safari/537.36"
[2020-12-01T00:40:18.313] [INFO] req - ::1 - - "GET /sessions/current HTTP/1.1" 200 12303 "http://localhost/" "Mozilla/5.0 (Windows NT 10.0; Win64; x64) AppleWebKit/537.36 (KHTML, like Gecko) Chrome/87.0.4280.66 Safari/537.36"
[2020-12-01T00:40:18.493] [INFO] req - ::1 - - "OPTIONS /rss HTTP/1.1" 204 - "http://localhost/" "Mozilla/5.0 (Windows NT 10.0; Win64; x64) AppleWebKit/537.36 (KHTML, like Gecko) Chrome/87.0.4280.66 Safari/537.36"
[2020-12-01T00:40:18.494] [INFO] req - ::1 - - "OPTIONS /accounts HTTP/1.1" 204 - "http://localhost/" "Mozilla/5.0 (Windows NT 10.0; Win64; x64) AppleWebKit/537.36 (KHTML, like Gecko) Chrome/87.0.4280.66 Safari/537.36"
[2020-12-01T00:40:18.495] [INFO] req - ::1 - - "OPTIONS /enterprises HTTP/1.1" 204 - "http://localhost/" "Mozilla/5.0 (Windows NT 10.0; Win64; x64) AppleWebKit/537.36 (KHTML, like Gecko) Chrome/87.0.4280.66 Safari/537.36"
[2020-12-01T00:40:18.496] [INFO] req - ::1 - - "OPTIONS /modules HTTP/1.1" 204 - "http://localhost/" "Mozilla/5.0 (Windows NT 10.0; Win64; x64) AppleWebKit/537.36 (KHTML, like Gecko) Chrome/87.0.4280.66 Safari/537.36"
[2020-12-01T00:40:18.501] [INFO] req - ::1 - - "OPTIONS /rss HTTP/1.1" 204 - "http://localhost/" "Mozilla/5.0 (Windows NT 10.0; Win64; x64) AppleWebKit/537.36 (KHTML, like Gecko) Chrome/87.0.4280.66 Safari/537.36"
[2020-12-01T00:40:18.502] [INFO] req - ::1 - - "OPTIONS /logs HTTP/1.1" 204 - "http://localhost/" "Mozilla/5.0 (Windows NT 10.0; Win64; x64) AppleWebKit/537.36 (KHTML, like Gecko) Chrome/87.0.4280.66 Safari/537.36"
[2020-12-01T00:40:18.511] [INFO] req - ::1 - - "GET /logs HTTP/1.1" 200 4047 "http://localhost/" "Mozilla/5.0 (Windows NT 10.0; Win64; x64) AppleWebKit/537.36 (KHTML, like Gecko) Chrome/87.0.4280.66 Safari/537.36"
[2020-12-01T00:40:18.532] [INFO] req - ::1 - - "GET /rss HTTP/1.1" 200 495 "http://localhost/" "Mozilla/5.0 (Windows NT 10.0; Win64; x64) AppleWebKit/537.36 (KHTML, like Gecko) Chrome/87.0.4280.66 Safari/537.36"
[2020-12-01T00:40:18.595] [INFO] req - ::1 - - "GET /rss HTTP/1.1" 200 495 "http://localhost/" "Mozilla/5.0 (Windows NT 10.0; Win64; x64) AppleWebKit/537.36 (KHTML, like Gecko) Chrome/87.0.4280.66 Safari/537.36"
[2020-12-01T00:40:18.604] [INFO] req - ::1 - - "GET /accounts HTTP/1.1" 200 852 "http://localhost/" "Mozilla/5.0 (Windows NT 10.0; Win64; x64) AppleWebKit/537.36 (KHTML, like Gecko) Chrome/87.0.4280.66 Safari/537.36"
[2020-12-01T00:40:18.627] [INFO] req - ::1 - - "GET /enterprises HTTP/1.1" 200 839 "http://localhost/" "Mozilla/5.0 (Windows NT 10.0; Win64; x64) AppleWebKit/537.36 (KHTML, like Gecko) Chrome/87.0.4280.66 Safari/537.36"
[2020-12-01T00:40:18.633] [INFO] req - ::1 - - "GET /modules HTTP/1.1" 200 1250 "http://localhost/" "Mozilla/5.0 (Windows NT 10.0; Win64; x64) AppleWebKit/537.36 (KHTML, like Gecko) Chrome/87.0.4280.66 Safari/537.36"
[2020-12-01T00:40:20.537] [INFO] req - ::1 - - "OPTIONS /settings/login HTTP/1.1" 204 - "http://localhost/" "Mozilla/5.0 (Windows NT 10.0; Win64; x64) AppleWebKit/537.36 (KHTML, like Gecko) Chrome/87.0.4280.66 Safari/537.36"
[2020-12-01T00:40:20.539] [INFO] req - ::1 - - "GET /settings/login HTTP/1.1" 200 88 "http://localhost/" "Mozilla/5.0 (Windows NT 10.0; Win64; x64) AppleWebKit/537.36 (KHTML, like Gecko) Chrome/87.0.4280.66 Safari/537.36"
[2020-12-01T00:40:34.490] [INFO] req - ::1 - - "OPTIONS /rss HTTP/1.1" 204 - "http://localhost/" "Mozilla/5.0 (Windows NT 10.0; Win64; x64) AppleWebKit/537.36 (KHTML, like Gecko) Chrome/87.0.4280.66 Safari/537.36"
[2020-12-01T00:40:34.523] [INFO] req - ::1 - - "GET /rss HTTP/1.1" 200 495 "http://localhost/" "Mozilla/5.0 (Windows NT 10.0; Win64; x64) AppleWebKit/537.36 (KHTML, like Gecko) Chrome/87.0.4280.66 Safari/537.36"
[2020-12-01T00:41:04.039] [INFO] req - ::1 - - "OPTIONS /rss HTTP/1.1" 204 - "http://localhost/" "Mozilla/5.0 (Windows NT 10.0; Win64; x64) AppleWebKit/537.36 (KHTML, like Gecko) Chrome/87.0.4280.66 Safari/537.36"
[2020-12-01T00:41:04.074] [INFO] req - ::1 - - "GET /rss HTTP/1.1" 200 495 "http://localhost/" "Mozilla/5.0 (Windows NT 10.0; Win64; x64) AppleWebKit/537.36 (KHTML, like Gecko) Chrome/87.0.4280.66 Safari/537.36"
[2020-12-01T00:43:22.667] [INFO] req - ::1 - - "OPTIONS /rss HTTP/1.1" 204 - "http://localhost/" "Mozilla/5.0 (Windows NT 10.0; Win64; x64) AppleWebKit/537.36 (KHTML, like Gecko) Chrome/87.0.4280.66 Safari/537.36"
[2020-12-01T00:43:22.824] [INFO] req - ::1 - - "GET /rss HTTP/1.1" 200 495 "http://localhost/" "Mozilla/5.0 (Windows NT 10.0; Win64; x64) AppleWebKit/537.36 (KHTML, like Gecko) Chrome/87.0.4280.66 Safari/537.36"
[2020-12-01T00:43:46.888] [INFO] req - ::1 - - "OPTIONS /rss HTTP/1.1" 204 - "http://localhost/" "Mozilla/5.0 (Windows NT 10.0; Win64; x64) AppleWebKit/537.36 (KHTML, like Gecko) Chrome/87.0.4280.66 Safari/537.36"
[2020-12-01T00:43:46.926] [INFO] req - ::1 - - "GET /rss HTTP/1.1" 200 495 "http://localhost/" "Mozilla/5.0 (Windows NT 10.0; Win64; x64) AppleWebKit/537.36 (KHTML, like Gecko) Chrome/87.0.4280.66 Safari/537.36"
[2020-12-01T00:44:41.089] [INFO] req - ::1 - - "OPTIONS /rss HTTP/1.1" 204 - "http://localhost/" "Mozilla/5.0 (Windows NT 10.0; Win64; x64) AppleWebKit/537.36 (KHTML, like Gecko) Chrome/87.0.4280.66 Safari/537.36"
[2020-12-01T00:44:41.216] [INFO] req - ::1 - - "GET /rss HTTP/1.1" 200 495 "http://localhost/" "Mozilla/5.0 (Windows NT 10.0; Win64; x64) AppleWebKit/537.36 (KHTML, like Gecko) Chrome/87.0.4280.66 Safari/537.36"
[2020-12-01T00:44:54.114] [INFO] req - ::1 - - "OPTIONS /rss HTTP/1.1" 204 - "http://localhost/" "Mozilla/5.0 (Windows NT 10.0; Win64; x64) AppleWebKit/537.36 (KHTML, like Gecko) Chrome/87.0.4280.66 Safari/537.36"
[2020-12-01T00:44:54.148] [INFO] req - ::1 - - "GET /rss HTTP/1.1" 200 495 "http://localhost/" "Mozilla/5.0 (Windows NT 10.0; Win64; x64) AppleWebKit/537.36 (KHTML, like Gecko) Chrome/87.0.4280.66 Safari/537.36"
[2020-12-01T01:19:06.446] [INFO] req - ::1 - - "OPTIONS /modules HTTP/1.1" 204 - "http://localhost/" "Mozilla/5.0 (Windows NT 10.0; Win64; x64) AppleWebKit/537.36 (KHTML, like Gecko) Chrome/87.0.4280.66 Safari/537.36"
[2020-12-01T01:19:06.943] [INFO] req - ::1 - - "GET /modules HTTP/1.1" 200 1250 "http://localhost/" "Mozilla/5.0 (Windows NT 10.0; Win64; x64) AppleWebKit/537.36 (KHTML, like Gecko) Chrome/87.0.4280.66 Safari/537.36"
[2020-12-01T01:19:30.602] [INFO] req - ::1 - - "OPTIONS /modules HTTP/1.1" 204 - "http://localhost/" "Mozilla/5.0 (Windows NT 10.0; Win64; x64) AppleWebKit/537.36 (KHTML, like Gecko) Chrome/87.0.4280.66 Safari/537.36"
[2020-12-01T01:19:30.690] [INFO] req - ::1 - - "POST /modules HTTP/1.1" 200 135 "http://localhost/" "Mozilla/5.0 (Windows NT 10.0; Win64; x64) AppleWebKit/537.36 (KHTML, like Gecko) Chrome/87.0.4280.66 Safari/537.36"
[2020-12-01T01:19:38.569] [INFO] req - ::1 - - "OPTIONS /projects HTTP/1.1" 204 - "http://localhost/" "Mozilla/5.0 (Windows NT 10.0; Win64; x64) AppleWebKit/537.36 (KHTML, like Gecko) Chrome/87.0.4280.66 Safari/537.36"
[2020-12-01T01:19:38.572] [INFO] req - ::1 - - "GET /projects HTTP/1.1" 200 42 "http://localhost/" "Mozilla/5.0 (Windows NT 10.0; Win64; x64) AppleWebKit/537.36 (KHTML, like Gecko) Chrome/87.0.4280.66 Safari/537.36"
[2020-12-01T01:19:39.642] [INFO] req - ::1 - - "OPTIONS /rss HTTP/1.1" 204 - "http://localhost/" "Mozilla/5.0 (Windows NT 10.0; Win64; x64) AppleWebKit/537.36 (KHTML, like Gecko) Chrome/87.0.4280.66 Safari/537.36"
[2020-12-01T01:19:39.681] [INFO] req - ::1 - - "GET /rss HTTP/1.1" 200 495 "http://localhost/" "Mozilla/5.0 (Windows NT 10.0; Win64; x64) AppleWebKit/537.36 (KHTML, like Gecko) Chrome/87.0.4280.66 Safari/537.36"
