[2020-09-10T09:22:43.635] [INFO] user -  超级管理员 登录成功
[2020-09-10T09:24:48.535] [INFO] user -  超级管理员 登录成功
[2020-09-10T10:14:28.652] [INFO] user -  超级管理员 登录成功
[2020-09-10T10:17:14.090] [INFO] user -  超级管理员 登录成功
[2020-09-10T10:17:51.768] [INFO] user -  超级管理员 登录成功
[2020-09-10T10:18:00.916] [INFO] user -  超级管理员 登录成功
[2020-09-10T10:20:27.598] [INFO] user -  超级管理员 登录成功
[2020-09-10T10:20:40.437] [INFO] user -  超级管理员 登录成功
[2020-09-10T10:20:50.007] [INFO] user -  超级管理员 登录成功
[2020-09-10T10:21:36.553] [INFO] user -  超级管理员 登录成功
[2020-09-10T10:28:38.377] [INFO] user -  超级管理员 登录成功
[2020-09-10T10:30:22.552] [INFO] user -  超级管理员 登录成功
[2020-09-10T10:30:39.048] [INFO] user -  超级管理员 登录成功
[2020-09-10T10:37:52.997] [INFO] user -  超级管理员 登录成功
[2020-09-10T10:38:16.998] [INFO] user -  超级管理员 登录成功
[2020-09-10T10:39:36.845] [INFO] user -  超级管理员 登录成功
[2020-09-10T10:43:11.108] [INFO] user -  超级管理员 登录成功
[2020-09-10T10:43:23.395] [INFO] user -  超级管理员 登录成功
[2020-09-10T10:43:37.398] [INFO] user -  超级管理员 登录成功
[2020-09-10T10:44:45.274] [INFO] user -  超级管理员 登录成功
[2020-09-10T10:45:11.620] [INFO] user -  超级管理员 登录成功
[2020-09-10T14:03:09.598] [INFO] user -  超级管理员 登录成功
[2020-09-10T14:18:10.452] [INFO] user -  超级管理员 登录成功
[2020-09-11T08:35:08.064] [INFO] user -  超级管理员 登录成功
[2020-09-11T09:37:33.871] [WARN] user - 超级管理员 undefined
[2020-09-11T09:40:11.417] [WARN] user - 超级管理员 用户注册失败:用户名已存在
[2020-09-11T09:41:02.451] [WARN] user - 超级管理员 添加用户失败:用户名已存在
[2020-09-11T10:04:12.585] [INFO] user -  1231 登录成功
[2020-09-11T10:07:15.602] [INFO] user -  1231 登录成功
[2020-09-11T10:14:17.781] [INFO] user -  超级管理员 登录成功
[2020-09-11T10:20:14.308] [WARN] user - 超级管理员 添加用户失败:用户名已存在
[2020-09-11T10:20:21.129] [WARN] user - 超级管理员 添加用户失败:用户名已存在
[2020-09-11T10:25:01.243] [INFO] user -  1231 登录成功
[2020-09-12T06:46:08.244] [INFO] user -  超级管理员 登录成功
[2020-09-12T06:48:57.675] [WARN] user - 超级管理员 添加用户失败:用户名已存在
[2020-09-12T06:51:19.745] [WARN] user - 超级管理员 添加用户失败:用户名已存在
[2020-09-12T06:52:47.558] [WARN] user - 超级管理员 添加用户失败:用户名已存在
